running develop
running egg_info
creating village_li.egg-info
writing village_li.egg-info/PKG-INFO
writing dependency_links to village_li.egg-info/dependency_links.txt
writing entry points to village_li.egg-info/entry_points.txt
writing requirements to village_li.egg-info/requires.txt
writing top-level names to village_li.egg-info/top_level.txt
writing manifest file 'village_li.egg-info/SOURCES.txt'
reading manifest file 'village_li.egg-info/SOURCES.txt'
writing manifest file 'village_li.egg-info/SOURCES.txt'
running build_ext
Creating /home/sto-technology/pro/ros2_pro/town_ws/install/lib/python3.8/site-packages/site.py
Creating /home/sto-technology/pro/ros2_pro/town_ws/install/lib/python3.8/site-packages/village-li.egg-link (link to .)
Installing li4_node script to /home/sto-technology/pro/ros2_pro/town_ws/install/lib/village_li

Installed /home/sto-technology/pro/ros2_pro/town_ws/build/village_li
running install_data
creating /home/sto-technology/pro/ros2_pro/town_ws/install/share/ament_index
creating /home/sto-technology/pro/ros2_pro/town_ws/install/share/ament_index/resource_index
creating /home/sto-technology/pro/ros2_pro/town_ws/install/share/ament_index/resource_index/packages
copying resource/village_li -> /home/sto-technology/pro/ros2_pro/town_ws/install/share/ament_index/resource_index/packages
copying package.xml -> /home/sto-technology/pro/ros2_pro/town_ws/install/share/village_li
