[0.442s] Invoking command in '/home/sto-technology/pro/ros2_pro/town_ws/build/village_interface': CMAKE_PREFIX_PATH=/opt/ros/foxy /usr/bin/cmake --build /home/sto-technology/pro/ros2_pro/town_ws/build/village_interface -- -j8 -l8
[0.704s] [ 10%] Built target village_interface__rosidl_generator_c
[0.704s] [ 12%] Built target village_interface__cpp
[0.705s] [ 23%] Built target village_interface__rosidl_typesupport_c
[0.707s] [ 34%] Built target village_interface__rosidl_typesupport_cpp
[0.708s] [ 44%] Built target village_interface__rosidl_typesupport_introspection_c
[0.709s] [ 55%] Built target village_interface__rosidl_typesupport_introspection_cpp
[0.709s] [ 65%] Built target village_interface__rosidl_typesupport_fastrtps_cpp
[0.709s] [ 76%] Built target village_interface__rosidl_typesupport_fastrtps_c
[0.709s] [ 76%] Built target village_interface
[0.709s] [ 78%] Built target village_interface__py
[0.709s] [ 87%] Built target village_interface__python
[0.710s] [ 91%] Built target village_interface__rosidl_typesupport_introspection_c__pyext
[0.710s] [ 95%] Built target village_interface__rosidl_typesupport_fastrtps_c__pyext
[0.710s] [100%] Built target village_interface__rosidl_typesupport_c__pyext
[0.713s] Invoked command in '/home/sto-technology/pro/ros2_pro/town_ws/build/village_interface' returned '0': CMAKE_PREFIX_PATH=/opt/ros/foxy /usr/bin/cmake --build /home/sto-technology/pro/ros2_pro/town_ws/build/village_interface -- -j8 -l8
[0.948s] Invoking command in '/home/sto-technology/pro/ros2_pro/town_ws/build/village_interface': CMAKE_PREFIX_PATH=/opt/ros/foxy /usr/bin/cmake --install /home/sto-technology/pro/ros2_pro/town_ws/build/village_interface
[0.960s] -- Install configuration: "RelWithDebInfo"
[0.961s] -- Execute custom install script
[0.961s] -- Up-to-date symlink: /home/sto-technology/pro/ros2_pro/town_ws/install/share/ament_index/resource_index/rosidl_interfaces/village_interface
[0.962s] -- Up-to-date symlink: /home/sto-technology/pro/ros2_pro/town_ws/install/include/village_interface/msg/detail/novel__functions.h
[0.962s] -- Up-to-date symlink: /home/sto-technology/pro/ros2_pro/town_ws/install/include/village_interface/msg/detail/novel__struct.h
[0.962s] -- Up-to-date symlink: /home/sto-technology/pro/ros2_pro/town_ws/install/include/village_interface/msg/detail/novel__type_support.h
[0.962s] -- Up-to-date symlink: /home/sto-technology/pro/ros2_pro/town_ws/install/include/village_interface/msg/novel.h
[0.963s] -- Up-to-date symlink: /home/sto-technology/pro/ros2_pro/town_ws/install/include/village_interface/msg/rosidl_generator_c__visibility_control.h
[0.963s] -- Up-to-date symlink: /home/sto-technology/pro/ros2_pro/town_ws/install/include/village_interface/srv/buybooks.h
[0.963s] -- Up-to-date symlink: /home/sto-technology/pro/ros2_pro/town_ws/install/include/village_interface/srv/detail/buybooks__functions.h
[0.963s] -- Up-to-date symlink: /home/sto-technology/pro/ros2_pro/town_ws/install/include/village_interface/srv/detail/buybooks__struct.h
[0.963s] -- Up-to-date symlink: /home/sto-technology/pro/ros2_pro/town_ws/install/include/village_interface/srv/detail/buybooks__type_support.h
[0.963s] -- Up-to-date symlink: /home/sto-technology/pro/ros2_pro/town_ws/install/include/village_interface/srv/detail/money__functions.h
[0.963s] -- Up-to-date symlink: /home/sto-technology/pro/ros2_pro/town_ws/install/include/village_interface/srv/detail/money__struct.h
[0.964s] -- Up-to-date symlink: /home/sto-technology/pro/ros2_pro/town_ws/install/include/village_interface/srv/detail/money__type_support.h
[0.964s] -- Up-to-date symlink: /home/sto-technology/pro/ros2_pro/town_ws/install/include/village_interface/srv/money.h
[0.964s] -- Up-to-date symlink: /home/sto-technology/pro/ros2_pro/town_ws/install/share/village_interface/environment/library_path.sh
[0.964s] -- Up-to-date symlink: /home/sto-technology/pro/ros2_pro/town_ws/install/share/village_interface/environment/library_path.dsv
[0.965s] -- Up-to-date symlink: /home/sto-technology/pro/ros2_pro/town_ws/install/include/village_interface/msg/detail/novel__rosidl_typesupport_fastrtps_c.h
[0.965s] -- Up-to-date symlink: /home/sto-technology/pro/ros2_pro/town_ws/install/include/village_interface/msg/rosidl_typesupport_fastrtps_c__visibility_control.h
[0.965s] -- Up-to-date symlink: /home/sto-technology/pro/ros2_pro/town_ws/install/include/village_interface/srv/detail/buybooks__rosidl_typesupport_fastrtps_c.h
[0.965s] -- Up-to-date symlink: /home/sto-technology/pro/ros2_pro/town_ws/install/include/village_interface/srv/detail/money__rosidl_typesupport_fastrtps_c.h
[0.966s] -- Up-to-date symlink: /home/sto-technology/pro/ros2_pro/town_ws/install/lib/libvillage_interface__rosidl_typesupport_fastrtps_c.so
[0.966s] -- Up-to-date symlink: /home/sto-technology/pro/ros2_pro/town_ws/install/include/village_interface/msg/detail/novel__rosidl_typesupport_fastrtps_cpp.hpp
[0.966s] -- Up-to-date symlink: /home/sto-technology/pro/ros2_pro/town_ws/install/include/village_interface/msg/rosidl_typesupport_fastrtps_cpp__visibility_control.h
[0.967s] -- Up-to-date symlink: /home/sto-technology/pro/ros2_pro/town_ws/install/include/village_interface/srv/detail/buybooks__rosidl_typesupport_fastrtps_cpp.hpp
[0.967s] -- Up-to-date symlink: /home/sto-technology/pro/ros2_pro/town_ws/install/include/village_interface/srv/detail/money__rosidl_typesupport_fastrtps_cpp.hpp
[0.967s] -- Up-to-date symlink: /home/sto-technology/pro/ros2_pro/town_ws/install/lib/libvillage_interface__rosidl_typesupport_fastrtps_cpp.so
[0.968s] -- Up-to-date symlink: /home/sto-technology/pro/ros2_pro/town_ws/install/include/village_interface/msg/detail/novel__rosidl_typesupport_introspection_c.h
[0.970s] -- Up-to-date symlink: /home/sto-technology/pro/ros2_pro/town_ws/install/include/village_interface/msg/rosidl_typesupport_introspection_c__visibility_control.h
[0.970s] -- Up-to-date symlink: /home/sto-technology/pro/ros2_pro/town_ws/install/include/village_interface/srv/detail/buybooks__rosidl_typesupport_introspection_c.h
[0.971s] -- Up-to-date symlink: /home/sto-technology/pro/ros2_pro/town_ws/install/include/village_interface/srv/detail/money__rosidl_typesupport_introspection_c.h
[0.971s] -- Up-to-date symlink: /home/sto-technology/pro/ros2_pro/town_ws/install/include/village_interface/msg/detail/novel__builder.hpp
[0.971s] -- Up-to-date symlink: /home/sto-technology/pro/ros2_pro/town_ws/install/include/village_interface/msg/detail/novel__struct.hpp
[0.971s] -- Up-to-date symlink: /home/sto-technology/pro/ros2_pro/town_ws/install/include/village_interface/msg/detail/novel__traits.hpp
[0.971s] -- Up-to-date symlink: /home/sto-technology/pro/ros2_pro/town_ws/install/include/village_interface/msg/novel.hpp
[0.971s] -- Up-to-date symlink: /home/sto-technology/pro/ros2_pro/town_ws/install/include/village_interface/srv/buybooks.hpp
[0.971s] -- Up-to-date symlink: /home/sto-technology/pro/ros2_pro/town_ws/install/include/village_interface/srv/detail/buybooks__builder.hpp
[0.972s] -- Up-to-date symlink: /home/sto-technology/pro/ros2_pro/town_ws/install/include/village_interface/srv/detail/buybooks__struct.hpp
[0.972s] -- Up-to-date symlink: /home/sto-technology/pro/ros2_pro/town_ws/install/include/village_interface/srv/detail/buybooks__traits.hpp
[0.972s] -- Up-to-date symlink: /home/sto-technology/pro/ros2_pro/town_ws/install/include/village_interface/srv/detail/money__builder.hpp
[0.972s] -- Up-to-date symlink: /home/sto-technology/pro/ros2_pro/town_ws/install/include/village_interface/srv/detail/money__struct.hpp
[0.972s] -- Up-to-date symlink: /home/sto-technology/pro/ros2_pro/town_ws/install/include/village_interface/srv/detail/money__traits.hpp
[0.972s] -- Up-to-date symlink: /home/sto-technology/pro/ros2_pro/town_ws/install/include/village_interface/srv/money.hpp
[0.973s] -- Up-to-date symlink: /home/sto-technology/pro/ros2_pro/town_ws/install/include/village_interface/msg/detail/novel__rosidl_typesupport_introspection_cpp.hpp
[0.973s] -- Up-to-date symlink: /home/sto-technology/pro/ros2_pro/town_ws/install/include/village_interface/srv/detail/buybooks__rosidl_typesupport_introspection_cpp.hpp
[0.973s] -- Up-to-date symlink: /home/sto-technology/pro/ros2_pro/town_ws/install/include/village_interface/srv/detail/money__rosidl_typesupport_introspection_cpp.hpp
[0.974s] -- Up-to-date symlink: /home/sto-technology/pro/ros2_pro/town_ws/install/share/village_interface/environment/pythonpath.sh
[0.974s] -- Up-to-date symlink: /home/sto-technology/pro/ros2_pro/town_ws/install/share/village_interface/environment/pythonpath.dsv
[0.974s] -- Up-to-date symlink: /home/sto-technology/pro/ros2_pro/town_ws/install/lib/python3.8/site-packages/village_interface/__init__.py
[0.975s] -- Up-to-date symlink: /home/sto-technology/pro/ros2_pro/town_ws/install/lib/python3.8/site-packages/village_interface/msg/__init__.py
[0.976s] -- Up-to-date symlink: /home/sto-technology/pro/ros2_pro/town_ws/install/lib/python3.8/site-packages/village_interface/msg/_novel.py
[0.976s] -- Up-to-date symlink: /home/sto-technology/pro/ros2_pro/town_ws/install/lib/python3.8/site-packages/village_interface/srv/__init__.py
[0.976s] -- Up-to-date symlink: /home/sto-technology/pro/ros2_pro/town_ws/install/lib/python3.8/site-packages/village_interface/srv/_buybooks.py
[0.977s] -- Up-to-date symlink: /home/sto-technology/pro/ros2_pro/town_ws/install/lib/python3.8/site-packages/village_interface/srv/_money.py
[0.977s] -- Up-to-date symlink: /home/sto-technology/pro/ros2_pro/town_ws/install/lib/python3.8/site-packages/village_interface/village_interface_s__rosidl_typesupport_fastrtps_c.cpython-38-x86_64-linux-gnu.so
[0.978s] -- Up-to-date symlink: /home/sto-technology/pro/ros2_pro/town_ws/install/lib/python3.8/site-packages/village_interface/village_interface_s__rosidl_typesupport_introspection_c.cpython-38-x86_64-linux-gnu.so
[0.989s] -- Up-to-date symlink: /home/sto-technology/pro/ros2_pro/town_ws/install/lib/python3.8/site-packages/village_interface/village_interface_s__rosidl_typesupport_c.cpython-38-x86_64-linux-gnu.so
[0.989s] -- Up-to-date symlink: /home/sto-technology/pro/ros2_pro/town_ws/install/lib/libvillage_interface__python.so
[0.990s] -- Up-to-date symlink: /home/sto-technology/pro/ros2_pro/town_ws/install/share/village_interface/msg/Novel.idl
[0.990s] -- Up-to-date symlink: /home/sto-technology/pro/ros2_pro/town_ws/install/share/village_interface/srv/Money.idl
[0.990s] -- Up-to-date symlink: /home/sto-technology/pro/ros2_pro/town_ws/install/share/village_interface/srv/Buybooks.idl
[0.990s] -- Up-to-date symlink: /home/sto-technology/pro/ros2_pro/town_ws/install/share/village_interface/msg/Novel.msg
[0.990s] -- Up-to-date symlink: /home/sto-technology/pro/ros2_pro/town_ws/install/share/village_interface/srv/Money.srv
[0.990s] -- Up-to-date symlink: /home/sto-technology/pro/ros2_pro/town_ws/install/share/village_interface/srv/Money_Request.msg
[0.990s] -- Up-to-date symlink: /home/sto-technology/pro/ros2_pro/town_ws/install/share/village_interface/srv/Money_Response.msg
[0.991s] -- Up-to-date symlink: /home/sto-technology/pro/ros2_pro/town_ws/install/share/village_interface/srv/Buybooks.srv
[0.991s] -- Up-to-date symlink: /home/sto-technology/pro/ros2_pro/town_ws/install/share/village_interface/srv/Buybooks_Request.msg
[0.991s] -- Up-to-date symlink: /home/sto-technology/pro/ros2_pro/town_ws/install/share/village_interface/srv/Buybooks_Response.msg
[0.991s] -- Up-to-date symlink: /home/sto-technology/pro/ros2_pro/town_ws/install/share/ament_index/resource_index/package_run_dependencies/village_interface
[0.991s] -- Up-to-date symlink: /home/sto-technology/pro/ros2_pro/town_ws/install/share/ament_index/resource_index/parent_prefix_path/village_interface
[0.991s] -- Up-to-date symlink: /home/sto-technology/pro/ros2_pro/town_ws/install/share/village_interface/environment/ament_prefix_path.sh
[0.991s] -- Up-to-date symlink: /home/sto-technology/pro/ros2_pro/town_ws/install/share/village_interface/environment/ament_prefix_path.dsv
[0.991s] -- Up-to-date symlink: /home/sto-technology/pro/ros2_pro/town_ws/install/share/village_interface/environment/path.sh
[0.991s] -- Up-to-date symlink: /home/sto-technology/pro/ros2_pro/town_ws/install/share/village_interface/environment/path.dsv
[0.991s] -- Up-to-date symlink: /home/sto-technology/pro/ros2_pro/town_ws/install/share/village_interface/local_setup.bash
[0.992s] -- Up-to-date symlink: /home/sto-technology/pro/ros2_pro/town_ws/install/share/village_interface/local_setup.sh
[0.992s] -- Up-to-date symlink: /home/sto-technology/pro/ros2_pro/town_ws/install/share/village_interface/local_setup.zsh
[0.992s] -- Up-to-date symlink: /home/sto-technology/pro/ros2_pro/town_ws/install/share/village_interface/local_setup.dsv
[0.992s] -- Symlinking: /home/sto-technology/pro/ros2_pro/town_ws/install/share/village_interface/package.dsv
[0.999s] -- Up-to-date symlink: /home/sto-technology/pro/ros2_pro/town_ws/install/share/ament_index/resource_index/packages/village_interface
[0.999s] -- Up-to-date symlink: /home/sto-technology/pro/ros2_pro/town_ws/install/share/village_interface/cmake/rosidl_cmake-extras.cmake
[0.999s] -- Up-to-date symlink: /home/sto-technology/pro/ros2_pro/town_ws/install/share/village_interface/cmake/ament_cmake_export_dependencies-extras.cmake
[1.000s] -- Up-to-date symlink: /home/sto-technology/pro/ros2_pro/town_ws/install/share/village_interface/cmake/ament_cmake_export_libraries-extras.cmake
[1.000s] -- Up-to-date symlink: /home/sto-technology/pro/ros2_pro/town_ws/install/share/village_interface/cmake/ament_cmake_export_targets-extras.cmake
[1.003s] -- Up-to-date symlink: /home/sto-technology/pro/ros2_pro/town_ws/install/share/village_interface/cmake/ament_cmake_export_include_directories-extras.cmake
[1.006s] -- Up-to-date symlink: /home/sto-technology/pro/ros2_pro/town_ws/install/share/village_interface/cmake/rosidl_cmake_export_typesupport_libraries-extras.cmake
[1.006s] -- Up-to-date symlink: /home/sto-technology/pro/ros2_pro/town_ws/install/share/village_interface/cmake/rosidl_cmake_export_typesupport_targets-extras.cmake
[1.006s] -- Up-to-date symlink: /home/sto-technology/pro/ros2_pro/town_ws/install/share/village_interface/cmake/village_interfaceConfig.cmake
[1.007s] -- Up-to-date symlink: /home/sto-technology/pro/ros2_pro/town_ws/install/share/village_interface/cmake/village_interfaceConfig-version.cmake
[1.007s] -- Up-to-date symlink: /home/sto-technology/pro/ros2_pro/town_ws/install/share/village_interface/package.xml
[1.007s] -- Up-to-date: /home/sto-technology/pro/ros2_pro/town_ws/install/lib/libvillage_interface__rosidl_generator_c.so
[1.007s] -- Up-to-date: /home/sto-technology/pro/ros2_pro/town_ws/install/lib/libvillage_interface__rosidl_typesupport_introspection_c.so
[1.009s] -- Up-to-date: /home/sto-technology/pro/ros2_pro/town_ws/install/lib/libvillage_interface__rosidl_typesupport_c.so
[1.009s] -- Up-to-date: /home/sto-technology/pro/ros2_pro/town_ws/install/lib/libvillage_interface__rosidl_typesupport_introspection_cpp.so
[1.009s] -- Up-to-date: /home/sto-technology/pro/ros2_pro/town_ws/install/lib/libvillage_interface__rosidl_typesupport_cpp.so
[1.041s] -- Up-to-date: /home/sto-technology/pro/ros2_pro/town_ws/install/share/village_interface/cmake/village_interface__rosidl_generator_cExport.cmake
[1.041s] -- Up-to-date: /home/sto-technology/pro/ros2_pro/town_ws/install/share/village_interface/cmake/village_interface__rosidl_generator_cExport-relwithdebinfo.cmake
[1.041s] -- Up-to-date: /home/sto-technology/pro/ros2_pro/town_ws/install/share/village_interface/cmake/village_interface__rosidl_typesupport_introspection_cExport.cmake
[1.041s] -- Up-to-date: /home/sto-technology/pro/ros2_pro/town_ws/install/share/village_interface/cmake/village_interface__rosidl_typesupport_introspection_cExport-relwithdebinfo.cmake
[1.041s] -- Up-to-date: /home/sto-technology/pro/ros2_pro/town_ws/install/share/village_interface/cmake/village_interface__rosidl_typesupport_cExport.cmake
[1.042s] -- Up-to-date: /home/sto-technology/pro/ros2_pro/town_ws/install/share/village_interface/cmake/village_interface__rosidl_typesupport_cExport-relwithdebinfo.cmake
[1.042s] -- Up-to-date: /home/sto-technology/pro/ros2_pro/town_ws/install/share/village_interface/cmake/village_interface__rosidl_generator_cppExport.cmake
[1.042s] -- Up-to-date: /home/sto-technology/pro/ros2_pro/town_ws/install/share/village_interface/cmake/village_interface__rosidl_typesupport_introspection_cppExport.cmake
[1.042s] -- Up-to-date: /home/sto-technology/pro/ros2_pro/town_ws/install/share/village_interface/cmake/village_interface__rosidl_typesupport_introspection_cppExport-relwithdebinfo.cmake
[1.042s] -- Up-to-date: /home/sto-technology/pro/ros2_pro/town_ws/install/share/village_interface/cmake/village_interface__rosidl_typesupport_cppExport.cmake
[1.042s] -- Up-to-date: /home/sto-technology/pro/ros2_pro/town_ws/install/share/village_interface/cmake/village_interface__rosidl_typesupport_cppExport-relwithdebinfo.cmake
[1.045s] Invoked command in '/home/sto-technology/pro/ros2_pro/town_ws/build/village_interface' returned '0': CMAKE_PREFIX_PATH=/opt/ros/foxy /usr/bin/cmake --install /home/sto-technology/pro/ros2_pro/town_ws/build/village_interface
