[0.388s] Invoking command in '/home/sto-technology/pro/ros2_pro/town_ws/build/village_wang': CMAKE_PREFIX_PATH=${CMAKE_PREFIX_PATH}:/home/sto-technology/pro/ros2_pro/town_ws/install/village_li:/opt/ros/foxy /usr/bin/cmake --build /home/sto-technology/pro/ros2_pro/town_ws/build/village_wang -- -j8 -l8
[0.444s] [100%] Built target wang2_node
[0.454s] Invoked command in '/home/sto-technology/pro/ros2_pro/town_ws/build/village_wang' returned '0': CMAKE_PREFIX_PATH=${CMAKE_PREFIX_PATH}:/home/sto-technology/pro/ros2_pro/town_ws/install/village_li:/opt/ros/foxy /usr/bin/cmake --build /home/sto-technology/pro/ros2_pro/town_ws/build/village_wang -- -j8 -l8
[0.487s] Invoking command in '/home/sto-technology/pro/ros2_pro/town_ws/build/village_wang': CMAKE_PREFIX_PATH=${CMAKE_PREFIX_PATH}:/home/sto-technology/pro/ros2_pro/town_ws/install/village_li:/opt/ros/foxy /usr/bin/cmake --install /home/sto-technology/pro/ros2_pro/town_ws/build/village_wang
[0.494s] -- Install configuration: "RelWithDebInfo"
[0.495s] -- Execute custom install script
[0.495s] -- Up-to-date symlink: /home/sto-technology/pro/ros2_pro/town_ws/install/share/ament_index/resource_index/package_run_dependencies/village_wang
[0.496s] -- Up-to-date symlink: /home/sto-technology/pro/ros2_pro/town_ws/install/share/ament_index/resource_index/parent_prefix_path/village_wang
[0.496s] -- Up-to-date symlink: /home/sto-technology/pro/ros2_pro/town_ws/install/share/village_wang/environment/ament_prefix_path.sh
[0.496s] -- Up-to-date symlink: /home/sto-technology/pro/ros2_pro/town_ws/install/share/village_wang/environment/ament_prefix_path.dsv
[0.497s] -- Up-to-date symlink: /home/sto-technology/pro/ros2_pro/town_ws/install/share/village_wang/environment/path.sh
[0.497s] -- Up-to-date symlink: /home/sto-technology/pro/ros2_pro/town_ws/install/share/village_wang/environment/path.dsv
[0.498s] -- Up-to-date symlink: /home/sto-technology/pro/ros2_pro/town_ws/install/share/village_wang/local_setup.bash
[0.498s] -- Up-to-date symlink: /home/sto-technology/pro/ros2_pro/town_ws/install/share/village_wang/local_setup.sh
[0.498s] -- Up-to-date symlink: /home/sto-technology/pro/ros2_pro/town_ws/install/share/village_wang/local_setup.zsh
[0.498s] -- Up-to-date symlink: /home/sto-technology/pro/ros2_pro/town_ws/install/share/village_wang/local_setup.dsv
[0.498s] -- Symlinking: /home/sto-technology/pro/ros2_pro/town_ws/install/share/village_wang/package.dsv
[0.507s] -- Up-to-date symlink: /home/sto-technology/pro/ros2_pro/town_ws/install/share/ament_index/resource_index/packages/village_wang
[0.508s] -- Up-to-date symlink: /home/sto-technology/pro/ros2_pro/town_ws/install/share/village_wang/cmake/village_wangConfig.cmake
[0.508s] -- Up-to-date symlink: /home/sto-technology/pro/ros2_pro/town_ws/install/share/village_wang/cmake/village_wangConfig-version.cmake
[0.508s] -- Up-to-date symlink: /home/sto-technology/pro/ros2_pro/town_ws/install/share/village_wang/package.xml
[0.509s] -- Up-to-date symlink: /home/sto-technology/pro/ros2_pro/town_ws/install/lib/village_wang/wang2_node
[0.512s] Invoked command in '/home/sto-technology/pro/ros2_pro/town_ws/build/village_wang' returned '0': CMAKE_PREFIX_PATH=${CMAKE_PREFIX_PATH}:/home/sto-technology/pro/ros2_pro/town_ws/install/village_li:/opt/ros/foxy /usr/bin/cmake --install /home/sto-technology/pro/ros2_pro/town_ws/build/village_wang
