running develop
running egg_info
creating mycar.egg-info
writing mycar.egg-info/PKG-INFO
writing dependency_links to mycar.egg-info/dependency_links.txt
writing entry points to mycar.egg-info/entry_points.txt
writing requirements to mycar.egg-info/requires.txt
writing top-level names to mycar.egg-info/top_level.txt
writing manifest file 'mycar.egg-info/SOURCES.txt'
reading manifest file 'mycar.egg-info/SOURCES.txt'
writing manifest file 'mycar.egg-info/SOURCES.txt'
running build_ext
Creating /home/sto-technology/pro/ros2_pro/town_ws/install/lib/python3.8/site-packages/mycar.egg-link (link to .)

Installed /home/sto-technology/pro/ros2_pro/town_ws/build/mycar
running install_data
copying resource/mycar -> /home/sto-technology/pro/ros2_pro/town_ws/install/share/ament_index/resource_index/packages
copying package.xml -> /home/sto-technology/pro/ros2_pro/town_ws/install/share/mycar
creating /home/sto-technology/pro/ros2_pro/town_ws/install/share/mycar/launch
copying launch/start_mycar.launch.py -> /home/sto-technology/pro/ros2_pro/town_ws/install/share/mycar/launch
creating /home/sto-technology/pro/ros2_pro/town_ws/install/share/mycar/urdf
copying urdf/mycar.urdf -> /home/sto-technology/pro/ros2_pro/town_ws/install/share/mycar/urdf
