[1.174s] Invoking command in '/home/sto-technology/pro/ros2_pro/town_ws/build/mycar': PYTHONPATH=/home/sto-technology/pro/ros2_pro/town_ws/install/lib/python3.8/site-packages:${PYTHONPATH} /usr/bin/python3 setup.py develop --prefix /home/sto-technology/pro/ros2_pro/town_ws/install --editable --build-directory /home/sto-technology/pro/ros2_pro/town_ws/build/mycar/build --no-deps install_data --install-dir /home/sto-technology/pro/ros2_pro/town_ws/install
[1.378s] running develop
[1.494s] running egg_info
[1.494s] creating mycar.egg-info
[1.495s] writing mycar.egg-info/PKG-INFO
[1.495s] writing dependency_links to mycar.egg-info/dependency_links.txt
[1.495s] writing entry points to mycar.egg-info/entry_points.txt
[1.495s] writing requirements to mycar.egg-info/requires.txt
[1.495s] writing top-level names to mycar.egg-info/top_level.txt
[1.496s] writing manifest file 'mycar.egg-info/SOURCES.txt'
[1.522s] reading manifest file 'mycar.egg-info/SOURCES.txt'
[1.522s] writing manifest file 'mycar.egg-info/SOURCES.txt'
[1.553s] running build_ext
[1.554s] Creating /home/sto-technology/pro/ros2_pro/town_ws/install/lib/python3.8/site-packages/mycar.egg-link (link to .)
[1.554s] 
[1.554s] Installed /home/sto-technology/pro/ros2_pro/town_ws/build/mycar
[1.554s] running install_data
[1.555s] copying resource/mycar -> /home/sto-technology/pro/ros2_pro/town_ws/install/share/ament_index/resource_index/packages
[1.555s] copying package.xml -> /home/sto-technology/pro/ros2_pro/town_ws/install/share/mycar
[1.555s] creating /home/sto-technology/pro/ros2_pro/town_ws/install/share/mycar/launch
[1.555s] copying launch/start_mycar.launch.py -> /home/sto-technology/pro/ros2_pro/town_ws/install/share/mycar/launch
[1.555s] creating /home/sto-technology/pro/ros2_pro/town_ws/install/share/mycar/urdf
[1.555s] copying urdf/mycar.urdf -> /home/sto-technology/pro/ros2_pro/town_ws/install/share/mycar/urdf
[1.582s] Invoked command in '/home/sto-technology/pro/ros2_pro/town_ws/build/mycar' returned '0': PYTHONPATH=/home/sto-technology/pro/ros2_pro/town_ws/install/lib/python3.8/site-packages:${PYTHONPATH} /usr/bin/python3 setup.py develop --prefix /home/sto-technology/pro/ros2_pro/town_ws/install --editable --build-directory /home/sto-technology/pro/ros2_pro/town_ws/build/mycar/build --no-deps install_data --install-dir /home/sto-technology/pro/ros2_pro/town_ws/install
