[0.237s] Invoking command in '/home/sto-technology/pro/ros2_pro/town_ws/build/village_interface': CMAKE_PREFIX_PATH=/opt/ros/foxy /usr/bin/cmake --build /home/sto-technology/pro/ros2_pro/town_ws/build/village_interface -- -j8 -l8
[0.482s] [  2%] Built target village_interface__cpp
[0.483s] [ 12%] Built target village_interface__rosidl_generator_c
[0.484s] [ 23%] Built target village_interface__rosidl_typesupport_cpp
[0.484s] [ 34%] Built target village_interface__rosidl_typesupport_introspection_c
[0.485s] [ 44%] Built target village_interface__rosidl_typesupport_c
[0.485s] [ 55%] Built target village_interface__rosidl_typesupport_fastrtps_cpp
[0.485s] [ 65%] Built target village_interface__rosidl_typesupport_introspection_cpp
[0.485s] [ 76%] Built target village_interface__rosidl_typesupport_fastrtps_c
[0.485s] [ 76%] Built target village_interface
[0.485s] [ 78%] Built target village_interface__py
[0.485s] [ 87%] Built target village_interface__python
[0.485s] [ 91%] Built target village_interface__rosidl_typesupport_c__pyext
[0.485s] [ 95%] Built target village_interface__rosidl_typesupport_introspection_c__pyext
[0.485s] [100%] Built target village_interface__rosidl_typesupport_fastrtps_c__pyext
[0.486s] Invoked command in '/home/sto-technology/pro/ros2_pro/town_ws/build/village_interface' returned '0': CMAKE_PREFIX_PATH=/opt/ros/foxy /usr/bin/cmake --build /home/sto-technology/pro/ros2_pro/town_ws/build/village_interface -- -j8 -l8
[0.585s] Invoking command in '/home/sto-technology/pro/ros2_pro/town_ws/build/village_interface': CMAKE_PREFIX_PATH=/opt/ros/foxy /usr/bin/cmake --install /home/sto-technology/pro/ros2_pro/town_ws/build/village_interface
[0.594s] -- Install configuration: "RelWithDebInfo"
[0.594s] -- Execute custom install script
[0.594s] -- Up-to-date symlink: /home/sto-technology/pro/ros2_pro/town_ws/install/share/ament_index/resource_index/rosidl_interfaces/village_interface
[0.595s] -- Up-to-date symlink: /home/sto-technology/pro/ros2_pro/town_ws/install/include/village_interface/msg/detail/novel__functions.h
[0.595s] -- Up-to-date symlink: /home/sto-technology/pro/ros2_pro/town_ws/install/include/village_interface/msg/detail/novel__struct.h
[0.595s] -- Up-to-date symlink: /home/sto-technology/pro/ros2_pro/town_ws/install/include/village_interface/msg/detail/novel__type_support.h
[0.596s] -- Up-to-date symlink: /home/sto-technology/pro/ros2_pro/town_ws/install/include/village_interface/msg/novel.h
[0.596s] -- Up-to-date symlink: /home/sto-technology/pro/ros2_pro/town_ws/install/include/village_interface/msg/rosidl_generator_c__visibility_control.h
[0.596s] -- Up-to-date symlink: /home/sto-technology/pro/ros2_pro/town_ws/install/include/village_interface/srv/buybooks.h
[0.596s] -- Up-to-date symlink: /home/sto-technology/pro/ros2_pro/town_ws/install/include/village_interface/srv/detail/buybooks__functions.h
[0.596s] -- Up-to-date symlink: /home/sto-technology/pro/ros2_pro/town_ws/install/include/village_interface/srv/detail/buybooks__struct.h
[0.597s] -- Up-to-date symlink: /home/sto-technology/pro/ros2_pro/town_ws/install/include/village_interface/srv/detail/buybooks__type_support.h
[0.597s] -- Up-to-date symlink: /home/sto-technology/pro/ros2_pro/town_ws/install/include/village_interface/srv/detail/money__functions.h
[0.597s] -- Up-to-date symlink: /home/sto-technology/pro/ros2_pro/town_ws/install/include/village_interface/srv/detail/money__struct.h
[0.597s] -- Up-to-date symlink: /home/sto-technology/pro/ros2_pro/town_ws/install/include/village_interface/srv/detail/money__type_support.h
[0.597s] -- Up-to-date symlink: /home/sto-technology/pro/ros2_pro/town_ws/install/include/village_interface/srv/money.h
[0.598s] -- Up-to-date symlink: /home/sto-technology/pro/ros2_pro/town_ws/install/share/village_interface/environment/library_path.sh
[0.598s] -- Up-to-date symlink: /home/sto-technology/pro/ros2_pro/town_ws/install/share/village_interface/environment/library_path.dsv
[0.599s] -- Up-to-date symlink: /home/sto-technology/pro/ros2_pro/town_ws/install/include/village_interface/msg/detail/novel__rosidl_typesupport_fastrtps_c.h
[0.599s] -- Up-to-date symlink: /home/sto-technology/pro/ros2_pro/town_ws/install/include/village_interface/msg/rosidl_typesupport_fastrtps_c__visibility_control.h
[0.599s] -- Up-to-date symlink: /home/sto-technology/pro/ros2_pro/town_ws/install/include/village_interface/srv/detail/buybooks__rosidl_typesupport_fastrtps_c.h
[0.600s] -- Up-to-date symlink: /home/sto-technology/pro/ros2_pro/town_ws/install/include/village_interface/srv/detail/money__rosidl_typesupport_fastrtps_c.h
[0.600s] -- Up-to-date symlink: /home/sto-technology/pro/ros2_pro/town_ws/install/lib/libvillage_interface__rosidl_typesupport_fastrtps_c.so
[0.602s] -- Up-to-date symlink: /home/sto-technology/pro/ros2_pro/town_ws/install/include/village_interface/msg/detail/novel__rosidl_typesupport_fastrtps_cpp.hpp
[0.602s] -- Up-to-date symlink: /home/sto-technology/pro/ros2_pro/town_ws/install/include/village_interface/msg/rosidl_typesupport_fastrtps_cpp__visibility_control.h
[0.602s] -- Up-to-date symlink: /home/sto-technology/pro/ros2_pro/town_ws/install/include/village_interface/srv/detail/buybooks__rosidl_typesupport_fastrtps_cpp.hpp
[0.602s] -- Up-to-date symlink: /home/sto-technology/pro/ros2_pro/town_ws/install/include/village_interface/srv/detail/money__rosidl_typesupport_fastrtps_cpp.hpp
[0.604s] -- Up-to-date symlink: /home/sto-technology/pro/ros2_pro/town_ws/install/lib/libvillage_interface__rosidl_typesupport_fastrtps_cpp.so
[0.610s] -- Up-to-date symlink: /home/sto-technology/pro/ros2_pro/town_ws/install/include/village_interface/msg/detail/novel__rosidl_typesupport_introspection_c.h
[0.611s] -- Up-to-date symlink: /home/sto-technology/pro/ros2_pro/town_ws/install/include/village_interface/msg/rosidl_typesupport_introspection_c__visibility_control.h
[0.611s] -- Up-to-date symlink: /home/sto-technology/pro/ros2_pro/town_ws/install/include/village_interface/srv/detail/buybooks__rosidl_typesupport_introspection_c.h
[0.611s] -- Up-to-date symlink: /home/sto-technology/pro/ros2_pro/town_ws/install/include/village_interface/srv/detail/money__rosidl_typesupport_introspection_c.h
[0.612s] -- Up-to-date symlink: /home/sto-technology/pro/ros2_pro/town_ws/install/include/village_interface/msg/detail/novel__builder.hpp
[0.612s] -- Up-to-date symlink: /home/sto-technology/pro/ros2_pro/town_ws/install/include/village_interface/msg/detail/novel__struct.hpp
[0.613s] -- Up-to-date symlink: /home/sto-technology/pro/ros2_pro/town_ws/install/include/village_interface/msg/detail/novel__traits.hpp
[0.613s] -- Up-to-date symlink: /home/sto-technology/pro/ros2_pro/town_ws/install/include/village_interface/msg/novel.hpp
[0.613s] -- Up-to-date symlink: /home/sto-technology/pro/ros2_pro/town_ws/install/include/village_interface/srv/buybooks.hpp
[0.614s] -- Up-to-date symlink: /home/sto-technology/pro/ros2_pro/town_ws/install/include/village_interface/srv/detail/buybooks__builder.hpp
[0.614s] -- Up-to-date symlink: /home/sto-technology/pro/ros2_pro/town_ws/install/include/village_interface/srv/detail/buybooks__struct.hpp
[0.614s] -- Up-to-date symlink: /home/sto-technology/pro/ros2_pro/town_ws/install/include/village_interface/srv/detail/buybooks__traits.hpp
[0.614s] -- Up-to-date symlink: /home/sto-technology/pro/ros2_pro/town_ws/install/include/village_interface/srv/detail/money__builder.hpp
[0.615s] -- Up-to-date symlink: /home/sto-technology/pro/ros2_pro/town_ws/install/include/village_interface/srv/detail/money__struct.hpp
[0.615s] -- Up-to-date symlink: /home/sto-technology/pro/ros2_pro/town_ws/install/include/village_interface/srv/detail/money__traits.hpp
[0.615s] -- Up-to-date symlink: /home/sto-technology/pro/ros2_pro/town_ws/install/include/village_interface/srv/money.hpp
[0.616s] -- Up-to-date symlink: /home/sto-technology/pro/ros2_pro/town_ws/install/include/village_interface/msg/detail/novel__rosidl_typesupport_introspection_cpp.hpp
[0.616s] -- Up-to-date symlink: /home/sto-technology/pro/ros2_pro/town_ws/install/include/village_interface/srv/detail/buybooks__rosidl_typesupport_introspection_cpp.hpp
[0.616s] -- Up-to-date symlink: /home/sto-technology/pro/ros2_pro/town_ws/install/include/village_interface/srv/detail/money__rosidl_typesupport_introspection_cpp.hpp
[0.616s] -- Up-to-date symlink: /home/sto-technology/pro/ros2_pro/town_ws/install/share/village_interface/environment/pythonpath.sh
[0.617s] -- Up-to-date symlink: /home/sto-technology/pro/ros2_pro/town_ws/install/share/village_interface/environment/pythonpath.dsv
[0.617s] -- Up-to-date symlink: /home/sto-technology/pro/ros2_pro/town_ws/install/lib/python3.8/site-packages/village_interface/__init__.py
[0.617s] -- Up-to-date symlink: /home/sto-technology/pro/ros2_pro/town_ws/install/lib/python3.8/site-packages/village_interface/msg/__init__.py
[0.617s] -- Up-to-date symlink: /home/sto-technology/pro/ros2_pro/town_ws/install/lib/python3.8/site-packages/village_interface/msg/_novel.py
[0.617s] -- Up-to-date symlink: /home/sto-technology/pro/ros2_pro/town_ws/install/lib/python3.8/site-packages/village_interface/srv/__init__.py
[0.618s] -- Up-to-date symlink: /home/sto-technology/pro/ros2_pro/town_ws/install/lib/python3.8/site-packages/village_interface/srv/_buybooks.py
[0.618s] -- Up-to-date symlink: /home/sto-technology/pro/ros2_pro/town_ws/install/lib/python3.8/site-packages/village_interface/srv/_money.py
[0.619s] -- Up-to-date symlink: /home/sto-technology/pro/ros2_pro/town_ws/install/lib/python3.8/site-packages/village_interface/village_interface_s__rosidl_typesupport_fastrtps_c.cpython-38-x86_64-linux-gnu.so
[0.619s] -- Up-to-date symlink: /home/sto-technology/pro/ros2_pro/town_ws/install/lib/python3.8/site-packages/village_interface/village_interface_s__rosidl_typesupport_introspection_c.cpython-38-x86_64-linux-gnu.so
[0.619s] -- Up-to-date symlink: /home/sto-technology/pro/ros2_pro/town_ws/install/lib/python3.8/site-packages/village_interface/village_interface_s__rosidl_typesupport_c.cpython-38-x86_64-linux-gnu.so
[0.619s] -- Up-to-date symlink: /home/sto-technology/pro/ros2_pro/town_ws/install/lib/libvillage_interface__python.so
[0.620s] -- Up-to-date symlink: /home/sto-technology/pro/ros2_pro/town_ws/install/share/village_interface/msg/Novel.idl
[0.620s] -- Up-to-date symlink: /home/sto-technology/pro/ros2_pro/town_ws/install/share/village_interface/srv/Money.idl
[0.620s] -- Up-to-date symlink: /home/sto-technology/pro/ros2_pro/town_ws/install/share/village_interface/srv/Buybooks.idl
[0.620s] -- Up-to-date symlink: /home/sto-technology/pro/ros2_pro/town_ws/install/share/village_interface/msg/Novel.msg
[0.621s] -- Up-to-date symlink: /home/sto-technology/pro/ros2_pro/town_ws/install/share/village_interface/srv/Money.srv
[0.621s] -- Up-to-date symlink: /home/sto-technology/pro/ros2_pro/town_ws/install/share/village_interface/srv/Money_Request.msg
[0.622s] -- Up-to-date symlink: /home/sto-technology/pro/ros2_pro/town_ws/install/share/village_interface/srv/Money_Response.msg
[0.622s] -- Up-to-date symlink: /home/sto-technology/pro/ros2_pro/town_ws/install/share/village_interface/srv/Buybooks.srv
[0.623s] -- Up-to-date symlink: /home/sto-technology/pro/ros2_pro/town_ws/install/share/village_interface/srv/Buybooks_Request.msg
[0.623s] -- Up-to-date symlink: /home/sto-technology/pro/ros2_pro/town_ws/install/share/village_interface/srv/Buybooks_Response.msg
[0.624s] -- Up-to-date symlink: /home/sto-technology/pro/ros2_pro/town_ws/install/share/ament_index/resource_index/package_run_dependencies/village_interface
[0.624s] -- Up-to-date symlink: /home/sto-technology/pro/ros2_pro/town_ws/install/share/ament_index/resource_index/parent_prefix_path/village_interface
[0.624s] -- Up-to-date symlink: /home/sto-technology/pro/ros2_pro/town_ws/install/share/village_interface/environment/ament_prefix_path.sh
[0.625s] -- Up-to-date symlink: /home/sto-technology/pro/ros2_pro/town_ws/install/share/village_interface/environment/ament_prefix_path.dsv
[0.625s] -- Up-to-date symlink: /home/sto-technology/pro/ros2_pro/town_ws/install/share/village_interface/environment/path.sh
[0.625s] -- Up-to-date symlink: /home/sto-technology/pro/ros2_pro/town_ws/install/share/village_interface/environment/path.dsv
[0.625s] -- Up-to-date symlink: /home/sto-technology/pro/ros2_pro/town_ws/install/share/village_interface/local_setup.bash
[0.626s] -- Up-to-date symlink: /home/sto-technology/pro/ros2_pro/town_ws/install/share/village_interface/local_setup.sh
[0.626s] -- Up-to-date symlink: /home/sto-technology/pro/ros2_pro/town_ws/install/share/village_interface/local_setup.zsh
[0.628s] -- Up-to-date symlink: /home/sto-technology/pro/ros2_pro/town_ws/install/share/village_interface/local_setup.dsv
[0.628s] -- Symlinking: /home/sto-technology/pro/ros2_pro/town_ws/install/share/village_interface/package.dsv
[0.630s] -- Up-to-date symlink: /home/sto-technology/pro/ros2_pro/town_ws/install/share/ament_index/resource_index/packages/village_interface
[0.630s] -- Up-to-date symlink: /home/sto-technology/pro/ros2_pro/town_ws/install/share/village_interface/cmake/rosidl_cmake-extras.cmake
[0.631s] -- Up-to-date symlink: /home/sto-technology/pro/ros2_pro/town_ws/install/share/village_interface/cmake/ament_cmake_export_dependencies-extras.cmake
[0.631s] -- Up-to-date symlink: /home/sto-technology/pro/ros2_pro/town_ws/install/share/village_interface/cmake/ament_cmake_export_libraries-extras.cmake
[0.631s] -- Up-to-date symlink: /home/sto-technology/pro/ros2_pro/town_ws/install/share/village_interface/cmake/ament_cmake_export_targets-extras.cmake
[0.631s] -- Up-to-date symlink: /home/sto-technology/pro/ros2_pro/town_ws/install/share/village_interface/cmake/ament_cmake_export_include_directories-extras.cmake
[0.631s] -- Up-to-date symlink: /home/sto-technology/pro/ros2_pro/town_ws/install/share/village_interface/cmake/rosidl_cmake_export_typesupport_libraries-extras.cmake
[0.631s] -- Up-to-date symlink: /home/sto-technology/pro/ros2_pro/town_ws/install/share/village_interface/cmake/rosidl_cmake_export_typesupport_targets-extras.cmake
[0.631s] -- Up-to-date symlink: /home/sto-technology/pro/ros2_pro/town_ws/install/share/village_interface/cmake/village_interfaceConfig.cmake
[0.631s] -- Up-to-date symlink: /home/sto-technology/pro/ros2_pro/town_ws/install/share/village_interface/cmake/village_interfaceConfig-version.cmake
[0.631s] -- Up-to-date symlink: /home/sto-technology/pro/ros2_pro/town_ws/install/share/village_interface/package.xml
[0.632s] -- Up-to-date: /home/sto-technology/pro/ros2_pro/town_ws/install/lib/libvillage_interface__rosidl_generator_c.so
[0.632s] -- Up-to-date: /home/sto-technology/pro/ros2_pro/town_ws/install/lib/libvillage_interface__rosidl_typesupport_introspection_c.so
[0.632s] -- Up-to-date: /home/sto-technology/pro/ros2_pro/town_ws/install/lib/libvillage_interface__rosidl_typesupport_c.so
[0.632s] -- Up-to-date: /home/sto-technology/pro/ros2_pro/town_ws/install/lib/libvillage_interface__rosidl_typesupport_introspection_cpp.so
[0.632s] -- Up-to-date: /home/sto-technology/pro/ros2_pro/town_ws/install/lib/libvillage_interface__rosidl_typesupport_cpp.so
[0.673s] -- Up-to-date: /home/sto-technology/pro/ros2_pro/town_ws/install/share/village_interface/cmake/village_interface__rosidl_generator_cExport.cmake
[0.673s] -- Up-to-date: /home/sto-technology/pro/ros2_pro/town_ws/install/share/village_interface/cmake/village_interface__rosidl_generator_cExport-relwithdebinfo.cmake
[0.673s] -- Up-to-date: /home/sto-technology/pro/ros2_pro/town_ws/install/share/village_interface/cmake/village_interface__rosidl_typesupport_introspection_cExport.cmake
[0.673s] -- Up-to-date: /home/sto-technology/pro/ros2_pro/town_ws/install/share/village_interface/cmake/village_interface__rosidl_typesupport_introspection_cExport-relwithdebinfo.cmake
[0.673s] -- Up-to-date: /home/sto-technology/pro/ros2_pro/town_ws/install/share/village_interface/cmake/village_interface__rosidl_typesupport_cExport.cmake
[0.673s] -- Up-to-date: /home/sto-technology/pro/ros2_pro/town_ws/install/share/village_interface/cmake/village_interface__rosidl_typesupport_cExport-relwithdebinfo.cmake
[0.673s] -- Up-to-date: /home/sto-technology/pro/ros2_pro/town_ws/install/share/village_interface/cmake/village_interface__rosidl_generator_cppExport.cmake
[0.673s] -- Up-to-date: /home/sto-technology/pro/ros2_pro/town_ws/install/share/village_interface/cmake/village_interface__rosidl_typesupport_introspection_cppExport.cmake
[0.674s] -- Up-to-date: /home/sto-technology/pro/ros2_pro/town_ws/install/share/village_interface/cmake/village_interface__rosidl_typesupport_introspection_cppExport-relwithdebinfo.cmake
[0.674s] -- Up-to-date: /home/sto-technology/pro/ros2_pro/town_ws/install/share/village_interface/cmake/village_interface__rosidl_typesupport_cppExport.cmake
[0.674s] -- Up-to-date: /home/sto-technology/pro/ros2_pro/town_ws/install/share/village_interface/cmake/village_interface__rosidl_typesupport_cppExport-relwithdebinfo.cmake
[0.678s] Invoked command in '/home/sto-technology/pro/ros2_pro/town_ws/build/village_interface' returned '0': CMAKE_PREFIX_PATH=/opt/ros/foxy /usr/bin/cmake --install /home/sto-technology/pro/ros2_pro/town_ws/build/village_interface
