[0.118s] DEBUG:colcon:Command line arguments: ['/usr/bin/colcon', 'build', '--merge-install', '--symlink-install', '--cmake-args', '-DCMAKE_BUILD_TYPE=RelWithDebInfo', '-DCMAKE_EXPORT_COMPILE_COMMANDS=On', '-Wall', '-Wextra', '-Wpedantic']
[0.119s] DEBUG:colcon:Parsed command line arguments: Namespace(allow_overriding=[], ament_cmake_args=None, base_paths=['.'], build_base='build', catkin_cmake_args=None, catkin_skip_building_tests=False, cmake_args=['-DCMAKE_BUILD_TYPE=RelWithDebInfo', '-DCMAKE_EXPORT_COMPILE_COMMANDS=On', '-Wall', '-Wextra', '-Wpedantic'], cmake_clean_cache=False, cmake_clean_first=False, cmake_force_configure=False, cmake_target=None, cmake_target_skip_unavailable=False, continue_on_error=False, event_handlers=None, executor='parallel', ignore_user_meta=False, install_base='install', log_base=None, log_level=None, main=<bound method BuildVerb.main of <colcon_core.verb.build.BuildVerb object at 0x7fe041c3be20>>, merge_install=True, metas=['./colcon.meta'], packages_above=None, packages_above_and_dependencies=None, packages_above_depth=None, packages_end=None, packages_ignore=None, packages_ignore_regex=None, packages_select=None, packages_select_build_failed=False, packages_select_by_dep=None, packages_select_regex=None, packages_select_test_failures=False, packages_skip=None, packages_skip_build_finished=False, packages_skip_by_dep=None, packages_skip_regex=None, packages_skip_test_passed=False, packages_skip_up_to=None, packages_start=None, packages_up_to=None, packages_up_to_regex=None, parallel_workers=8, paths=None, symlink_install=True, test_result_base=None, verb_extension=<colcon_core.verb.build.BuildVerb object at 0x7fe041c3be20>, verb_name='build', verb_parser=<colcon_defaults.argument_parser.defaults.DefaultArgumentsDecorator object at 0x7fe041c463d0>)
[0.123s] Level 1:colcon.colcon_core.package_discovery:discover_packages(colcon_meta) check parameters
[0.123s] Level 1:colcon.colcon_core.package_discovery:discover_packages(recursive) check parameters
[0.123s] Level 1:colcon.colcon_core.package_discovery:discover_packages(ignore) check parameters
[0.123s] Level 1:colcon.colcon_core.package_discovery:discover_packages(path) check parameters
[0.123s] Level 1:colcon.colcon_core.package_discovery:discover_packages(colcon_meta) discover
[0.123s] Level 1:colcon.colcon_core.package_discovery:discover_packages(recursive) discover
[0.123s] INFO:colcon.colcon_core.package_discovery:Crawling recursively for packages in '/home/sto-technology/pro/ros2_pro/town_ws'
[0.123s] Level 1:colcon.colcon_core.package_identification:_identify(.) by extensions ['ignore', 'ignore_ament_install']
[0.123s] Level 1:colcon.colcon_core.package_identification:_identify(.) by extension 'ignore'
[0.123s] Level 1:colcon.colcon_core.package_identification:_identify(.) by extension 'ignore_ament_install'
[0.123s] Level 1:colcon.colcon_core.package_identification:_identify(.) by extensions ['colcon_pkg']
[0.123s] Level 1:colcon.colcon_core.package_identification:_identify(.) by extension 'colcon_pkg'
[0.123s] Level 1:colcon.colcon_core.package_identification:_identify(.) by extensions ['colcon_meta']
[0.123s] Level 1:colcon.colcon_core.package_identification:_identify(.) by extension 'colcon_meta'
[0.123s] Level 1:colcon.colcon_core.package_identification:_identify(.) by extensions ['ros']
[0.123s] Level 1:colcon.colcon_core.package_identification:_identify(.) by extension 'ros'
[0.134s] Level 1:colcon.colcon_core.package_identification:_identify(.) by extensions ['cmake', 'python']
[0.134s] Level 1:colcon.colcon_core.package_identification:_identify(.) by extension 'cmake'
[0.134s] Level 1:colcon.colcon_core.package_identification:_identify(.) by extension 'python'
[0.134s] Level 1:colcon.colcon_core.package_identification:_identify(.) by extensions ['python_setup_py']
[0.134s] Level 1:colcon.colcon_core.package_identification:_identify(.) by extension 'python_setup_py'
[0.134s] Level 1:colcon.colcon_core.package_identification:_identify(build) by extensions ['ignore', 'ignore_ament_install']
[0.134s] Level 1:colcon.colcon_core.package_identification:_identify(build) by extension 'ignore'
[0.134s] Level 1:colcon.colcon_core.package_identification:_identify(build) ignored
[0.134s] Level 1:colcon.colcon_core.package_identification:_identify(install) by extensions ['ignore', 'ignore_ament_install']
[0.134s] Level 1:colcon.colcon_core.package_identification:_identify(install) by extension 'ignore'
[0.134s] Level 1:colcon.colcon_core.package_identification:_identify(install) ignored
[0.135s] Level 1:colcon.colcon_core.package_identification:_identify(log) by extensions ['ignore', 'ignore_ament_install']
[0.135s] Level 1:colcon.colcon_core.package_identification:_identify(log) by extension 'ignore'
[0.135s] Level 1:colcon.colcon_core.package_identification:_identify(log) ignored
[0.135s] Level 1:colcon.colcon_core.package_identification:_identify(src) by extensions ['ignore', 'ignore_ament_install']
[0.135s] Level 1:colcon.colcon_core.package_identification:_identify(src) by extension 'ignore'
[0.135s] Level 1:colcon.colcon_core.package_identification:_identify(src) by extension 'ignore_ament_install'
[0.135s] Level 1:colcon.colcon_core.package_identification:_identify(src) by extensions ['colcon_pkg']
[0.135s] Level 1:colcon.colcon_core.package_identification:_identify(src) by extension 'colcon_pkg'
[0.135s] Level 1:colcon.colcon_core.package_identification:_identify(src) by extensions ['colcon_meta']
[0.135s] Level 1:colcon.colcon_core.package_identification:_identify(src) by extension 'colcon_meta'
[0.135s] Level 1:colcon.colcon_core.package_identification:_identify(src) by extensions ['ros']
[0.135s] Level 1:colcon.colcon_core.package_identification:_identify(src) by extension 'ros'
[0.135s] Level 1:colcon.colcon_core.package_identification:_identify(src) by extensions ['cmake', 'python']
[0.135s] Level 1:colcon.colcon_core.package_identification:_identify(src) by extension 'cmake'
[0.135s] Level 1:colcon.colcon_core.package_identification:_identify(src) by extension 'python'
[0.135s] Level 1:colcon.colcon_core.package_identification:_identify(src) by extensions ['python_setup_py']
[0.135s] Level 1:colcon.colcon_core.package_identification:_identify(src) by extension 'python_setup_py'
[0.135s] Level 1:colcon.colcon_core.package_identification:_identify(src/mycar) by extensions ['ignore', 'ignore_ament_install']
[0.136s] Level 1:colcon.colcon_core.package_identification:_identify(src/mycar) by extension 'ignore'
[0.136s] Level 1:colcon.colcon_core.package_identification:_identify(src/mycar) by extension 'ignore_ament_install'
[0.136s] Level 1:colcon.colcon_core.package_identification:_identify(src/mycar) by extensions ['colcon_pkg']
[0.136s] Level 1:colcon.colcon_core.package_identification:_identify(src/mycar) by extension 'colcon_pkg'
[0.136s] Level 1:colcon.colcon_core.package_identification:_identify(src/mycar) by extensions ['colcon_meta']
[0.136s] Level 1:colcon.colcon_core.package_identification:_identify(src/mycar) by extension 'colcon_meta'
[0.136s] Level 1:colcon.colcon_core.package_identification:_identify(src/mycar) by extensions ['ros']
[0.136s] Level 1:colcon.colcon_core.package_identification:_identify(src/mycar) by extension 'ros'
[0.138s] DEBUG:colcon.colcon_core.package_identification:Package 'src/mycar' with type 'ros.ament_python' and name 'mycar'
[0.138s] Level 1:colcon.colcon_core.package_identification:_identify(src/urdf01) by extensions ['ignore', 'ignore_ament_install']
[0.138s] Level 1:colcon.colcon_core.package_identification:_identify(src/urdf01) by extension 'ignore'
[0.138s] Level 1:colcon.colcon_core.package_identification:_identify(src/urdf01) by extension 'ignore_ament_install'
[0.138s] Level 1:colcon.colcon_core.package_identification:_identify(src/urdf01) by extensions ['colcon_pkg']
[0.138s] Level 1:colcon.colcon_core.package_identification:_identify(src/urdf01) by extension 'colcon_pkg'
[0.138s] Level 1:colcon.colcon_core.package_identification:_identify(src/urdf01) by extensions ['colcon_meta']
[0.138s] Level 1:colcon.colcon_core.package_identification:_identify(src/urdf01) by extension 'colcon_meta'
[0.138s] Level 1:colcon.colcon_core.package_identification:_identify(src/urdf01) by extensions ['ros']
[0.138s] Level 1:colcon.colcon_core.package_identification:_identify(src/urdf01) by extension 'ros'
[0.139s] DEBUG:colcon.colcon_core.package_identification:Package 'src/urdf01' with type 'ros.ament_cmake' and name 'urdf01'
[0.139s] Level 1:colcon.colcon_core.package_identification:_identify(src/vilige_zhang) by extensions ['ignore', 'ignore_ament_install']
[0.139s] Level 1:colcon.colcon_core.package_identification:_identify(src/vilige_zhang) by extension 'ignore'
[0.139s] Level 1:colcon.colcon_core.package_identification:_identify(src/vilige_zhang) by extension 'ignore_ament_install'
[0.139s] Level 1:colcon.colcon_core.package_identification:_identify(src/vilige_zhang) by extensions ['colcon_pkg']
[0.139s] Level 1:colcon.colcon_core.package_identification:_identify(src/vilige_zhang) by extension 'colcon_pkg'
[0.139s] Level 1:colcon.colcon_core.package_identification:_identify(src/vilige_zhang) by extensions ['colcon_meta']
[0.139s] Level 1:colcon.colcon_core.package_identification:_identify(src/vilige_zhang) by extension 'colcon_meta'
[0.139s] Level 1:colcon.colcon_core.package_identification:_identify(src/vilige_zhang) by extensions ['ros']
[0.139s] Level 1:colcon.colcon_core.package_identification:_identify(src/vilige_zhang) by extension 'ros'
[0.140s] DEBUG:colcon.colcon_core.package_identification:Package 'src/vilige_zhang' with type 'ros.ament_python' and name 'vilige_zhang'
[0.140s] Level 1:colcon.colcon_core.package_identification:_identify(src/village_li) by extensions ['ignore', 'ignore_ament_install']
[0.140s] Level 1:colcon.colcon_core.package_identification:_identify(src/village_li) by extension 'ignore'
[0.140s] Level 1:colcon.colcon_core.package_identification:_identify(src/village_li) by extension 'ignore_ament_install'
[0.140s] Level 1:colcon.colcon_core.package_identification:_identify(src/village_li) by extensions ['colcon_pkg']
[0.140s] Level 1:colcon.colcon_core.package_identification:_identify(src/village_li) by extension 'colcon_pkg'
[0.140s] Level 1:colcon.colcon_core.package_identification:_identify(src/village_li) by extensions ['colcon_meta']
[0.140s] Level 1:colcon.colcon_core.package_identification:_identify(src/village_li) by extension 'colcon_meta'
[0.140s] Level 1:colcon.colcon_core.package_identification:_identify(src/village_li) by extensions ['ros']
[0.140s] Level 1:colcon.colcon_core.package_identification:_identify(src/village_li) by extension 'ros'
[0.141s] DEBUG:colcon.colcon_core.package_identification:Package 'src/village_li' with type 'ros.ament_python' and name 'village_li'
[0.141s] Level 1:colcon.colcon_core.package_identification:_identify(src/village_wang) by extensions ['ignore', 'ignore_ament_install']
[0.141s] Level 1:colcon.colcon_core.package_identification:_identify(src/village_wang) by extension 'ignore'
[0.141s] Level 1:colcon.colcon_core.package_identification:_identify(src/village_wang) by extension 'ignore_ament_install'
[0.141s] Level 1:colcon.colcon_core.package_identification:_identify(src/village_wang) by extensions ['colcon_pkg']
[0.141s] Level 1:colcon.colcon_core.package_identification:_identify(src/village_wang) by extension 'colcon_pkg'
[0.141s] Level 1:colcon.colcon_core.package_identification:_identify(src/village_wang) by extensions ['colcon_meta']
[0.141s] Level 1:colcon.colcon_core.package_identification:_identify(src/village_wang) by extension 'colcon_meta'
[0.141s] Level 1:colcon.colcon_core.package_identification:_identify(src/village_wang) by extensions ['ros']
[0.141s] Level 1:colcon.colcon_core.package_identification:_identify(src/village_wang) by extension 'ros'
[0.141s] DEBUG:colcon.colcon_core.package_identification:Package 'src/village_wang' with type 'ros.ament_cmake' and name 'village_wang'
[0.141s] Level 1:colcon.colcon_core.package_identification:_identify(village_interface) by extensions ['ignore', 'ignore_ament_install']
[0.142s] Level 1:colcon.colcon_core.package_identification:_identify(village_interface) by extension 'ignore'
[0.142s] Level 1:colcon.colcon_core.package_identification:_identify(village_interface) by extension 'ignore_ament_install'
[0.142s] Level 1:colcon.colcon_core.package_identification:_identify(village_interface) by extensions ['colcon_pkg']
[0.142s] Level 1:colcon.colcon_core.package_identification:_identify(village_interface) by extension 'colcon_pkg'
[0.142s] Level 1:colcon.colcon_core.package_identification:_identify(village_interface) by extensions ['colcon_meta']
[0.142s] Level 1:colcon.colcon_core.package_identification:_identify(village_interface) by extension 'colcon_meta'
[0.142s] Level 1:colcon.colcon_core.package_identification:_identify(village_interface) by extensions ['ros']
[0.142s] Level 1:colcon.colcon_core.package_identification:_identify(village_interface) by extension 'ros'
[0.142s] DEBUG:colcon.colcon_core.package_identification:Package 'village_interface' with type 'ros.ament_cmake' and name 'village_interface'
[0.142s] Level 1:colcon.colcon_core.package_discovery:discover_packages(recursive) using defaults
[0.142s] Level 1:colcon.colcon_core.package_discovery:discover_packages(ignore) discover
[0.142s] Level 1:colcon.colcon_core.package_discovery:discover_packages(ignore) using defaults
[0.142s] Level 1:colcon.colcon_core.package_discovery:discover_packages(path) discover
[0.142s] Level 1:colcon.colcon_core.package_discovery:discover_packages(path) using defaults
[0.158s] Level 5:colcon.colcon_core.verb:set package 'mycar' build argument 'cmake_args' from command line to '['-DCMAKE_BUILD_TYPE=RelWithDebInfo', '-DCMAKE_EXPORT_COMPILE_COMMANDS=On', '-Wall', '-Wextra', '-Wpedantic']'
[0.158s] Level 5:colcon.colcon_core.verb:set package 'mycar' build argument 'cmake_target' from command line to 'None'
[0.158s] Level 5:colcon.colcon_core.verb:set package 'mycar' build argument 'cmake_target_skip_unavailable' from command line to 'False'
[0.158s] Level 5:colcon.colcon_core.verb:set package 'mycar' build argument 'cmake_clean_cache' from command line to 'False'
[0.158s] Level 5:colcon.colcon_core.verb:set package 'mycar' build argument 'cmake_clean_first' from command line to 'False'
[0.158s] Level 5:colcon.colcon_core.verb:set package 'mycar' build argument 'cmake_force_configure' from command line to 'False'
[0.158s] Level 5:colcon.colcon_core.verb:set package 'mycar' build argument 'ament_cmake_args' from command line to 'None'
[0.158s] Level 5:colcon.colcon_core.verb:set package 'mycar' build argument 'catkin_cmake_args' from command line to 'None'
[0.158s] Level 5:colcon.colcon_core.verb:set package 'mycar' build argument 'catkin_skip_building_tests' from command line to 'False'
[0.158s] DEBUG:colcon.colcon_core.verb:Building package 'mycar' with the following arguments: {'ament_cmake_args': None, 'build_base': '/home/sto-technology/pro/ros2_pro/town_ws/build/mycar', 'catkin_cmake_args': None, 'catkin_skip_building_tests': False, 'cmake_args': ['-DCMAKE_BUILD_TYPE=RelWithDebInfo', '-DCMAKE_EXPORT_COMPILE_COMMANDS=On', '-Wall', '-Wextra', '-Wpedantic'], 'cmake_clean_cache': False, 'cmake_clean_first': False, 'cmake_force_configure': False, 'cmake_target': None, 'cmake_target_skip_unavailable': False, 'install_base': '/home/sto-technology/pro/ros2_pro/town_ws/install', 'merge_install': True, 'path': '/home/sto-technology/pro/ros2_pro/town_ws/src/mycar', 'symlink_install': True, 'test_result_base': None}
[0.159s] Level 5:colcon.colcon_core.verb:set package 'urdf01' build argument 'cmake_args' from command line to '['-DCMAKE_BUILD_TYPE=RelWithDebInfo', '-DCMAKE_EXPORT_COMPILE_COMMANDS=On', '-Wall', '-Wextra', '-Wpedantic']'
[0.159s] Level 5:colcon.colcon_core.verb:set package 'urdf01' build argument 'cmake_target' from command line to 'None'
[0.159s] Level 5:colcon.colcon_core.verb:set package 'urdf01' build argument 'cmake_target_skip_unavailable' from command line to 'False'
[0.159s] Level 5:colcon.colcon_core.verb:set package 'urdf01' build argument 'cmake_clean_cache' from command line to 'False'
[0.159s] Level 5:colcon.colcon_core.verb:set package 'urdf01' build argument 'cmake_clean_first' from command line to 'False'
[0.159s] Level 5:colcon.colcon_core.verb:set package 'urdf01' build argument 'cmake_force_configure' from command line to 'False'
[0.159s] Level 5:colcon.colcon_core.verb:set package 'urdf01' build argument 'ament_cmake_args' from command line to 'None'
[0.159s] Level 5:colcon.colcon_core.verb:set package 'urdf01' build argument 'catkin_cmake_args' from command line to 'None'
[0.159s] Level 5:colcon.colcon_core.verb:set package 'urdf01' build argument 'catkin_skip_building_tests' from command line to 'False'
[0.159s] DEBUG:colcon.colcon_core.verb:Building package 'urdf01' with the following arguments: {'ament_cmake_args': None, 'build_base': '/home/sto-technology/pro/ros2_pro/town_ws/build/urdf01', 'catkin_cmake_args': None, 'catkin_skip_building_tests': False, 'cmake_args': ['-DCMAKE_BUILD_TYPE=RelWithDebInfo', '-DCMAKE_EXPORT_COMPILE_COMMANDS=On', '-Wall', '-Wextra', '-Wpedantic'], 'cmake_clean_cache': False, 'cmake_clean_first': False, 'cmake_force_configure': False, 'cmake_target': None, 'cmake_target_skip_unavailable': False, 'install_base': '/home/sto-technology/pro/ros2_pro/town_ws/install', 'merge_install': True, 'path': '/home/sto-technology/pro/ros2_pro/town_ws/src/urdf01', 'symlink_install': True, 'test_result_base': None}
[0.159s] Level 5:colcon.colcon_core.verb:set package 'vilige_zhang' build argument 'cmake_args' from command line to '['-DCMAKE_BUILD_TYPE=RelWithDebInfo', '-DCMAKE_EXPORT_COMPILE_COMMANDS=On', '-Wall', '-Wextra', '-Wpedantic']'
[0.160s] Level 5:colcon.colcon_core.verb:set package 'vilige_zhang' build argument 'cmake_target' from command line to 'None'
[0.160s] Level 5:colcon.colcon_core.verb:set package 'vilige_zhang' build argument 'cmake_target_skip_unavailable' from command line to 'False'
[0.160s] Level 5:colcon.colcon_core.verb:set package 'vilige_zhang' build argument 'cmake_clean_cache' from command line to 'False'
[0.160s] Level 5:colcon.colcon_core.verb:set package 'vilige_zhang' build argument 'cmake_clean_first' from command line to 'False'
[0.160s] Level 5:colcon.colcon_core.verb:set package 'vilige_zhang' build argument 'cmake_force_configure' from command line to 'False'
[0.160s] Level 5:colcon.colcon_core.verb:set package 'vilige_zhang' build argument 'ament_cmake_args' from command line to 'None'
[0.160s] Level 5:colcon.colcon_core.verb:set package 'vilige_zhang' build argument 'catkin_cmake_args' from command line to 'None'
[0.160s] Level 5:colcon.colcon_core.verb:set package 'vilige_zhang' build argument 'catkin_skip_building_tests' from command line to 'False'
[0.160s] DEBUG:colcon.colcon_core.verb:Building package 'vilige_zhang' with the following arguments: {'ament_cmake_args': None, 'build_base': '/home/sto-technology/pro/ros2_pro/town_ws/build/vilige_zhang', 'catkin_cmake_args': None, 'catkin_skip_building_tests': False, 'cmake_args': ['-DCMAKE_BUILD_TYPE=RelWithDebInfo', '-DCMAKE_EXPORT_COMPILE_COMMANDS=On', '-Wall', '-Wextra', '-Wpedantic'], 'cmake_clean_cache': False, 'cmake_clean_first': False, 'cmake_force_configure': False, 'cmake_target': None, 'cmake_target_skip_unavailable': False, 'install_base': '/home/sto-technology/pro/ros2_pro/town_ws/install', 'merge_install': True, 'path': '/home/sto-technology/pro/ros2_pro/town_ws/src/vilige_zhang', 'symlink_install': True, 'test_result_base': None}
[0.160s] Level 5:colcon.colcon_core.verb:set package 'village_interface' build argument 'cmake_args' from command line to '['-DCMAKE_BUILD_TYPE=RelWithDebInfo', '-DCMAKE_EXPORT_COMPILE_COMMANDS=On', '-Wall', '-Wextra', '-Wpedantic']'
[0.160s] Level 5:colcon.colcon_core.verb:set package 'village_interface' build argument 'cmake_target' from command line to 'None'
[0.160s] Level 5:colcon.colcon_core.verb:set package 'village_interface' build argument 'cmake_target_skip_unavailable' from command line to 'False'
[0.160s] Level 5:colcon.colcon_core.verb:set package 'village_interface' build argument 'cmake_clean_cache' from command line to 'False'
[0.160s] Level 5:colcon.colcon_core.verb:set package 'village_interface' build argument 'cmake_clean_first' from command line to 'False'
[0.160s] Level 5:colcon.colcon_core.verb:set package 'village_interface' build argument 'cmake_force_configure' from command line to 'False'
[0.160s] Level 5:colcon.colcon_core.verb:set package 'village_interface' build argument 'ament_cmake_args' from command line to 'None'
[0.160s] Level 5:colcon.colcon_core.verb:set package 'village_interface' build argument 'catkin_cmake_args' from command line to 'None'
[0.161s] Level 5:colcon.colcon_core.verb:set package 'village_interface' build argument 'catkin_skip_building_tests' from command line to 'False'
[0.161s] DEBUG:colcon.colcon_core.verb:Building package 'village_interface' with the following arguments: {'ament_cmake_args': None, 'build_base': '/home/sto-technology/pro/ros2_pro/town_ws/build/village_interface', 'catkin_cmake_args': None, 'catkin_skip_building_tests': False, 'cmake_args': ['-DCMAKE_BUILD_TYPE=RelWithDebInfo', '-DCMAKE_EXPORT_COMPILE_COMMANDS=On', '-Wall', '-Wextra', '-Wpedantic'], 'cmake_clean_cache': False, 'cmake_clean_first': False, 'cmake_force_configure': False, 'cmake_target': None, 'cmake_target_skip_unavailable': False, 'install_base': '/home/sto-technology/pro/ros2_pro/town_ws/install', 'merge_install': True, 'path': '/home/sto-technology/pro/ros2_pro/town_ws/village_interface', 'symlink_install': True, 'test_result_base': None}
[0.161s] Level 5:colcon.colcon_core.verb:set package 'village_li' build argument 'cmake_args' from command line to '['-DCMAKE_BUILD_TYPE=RelWithDebInfo', '-DCMAKE_EXPORT_COMPILE_COMMANDS=On', '-Wall', '-Wextra', '-Wpedantic']'
[0.161s] Level 5:colcon.colcon_core.verb:set package 'village_li' build argument 'cmake_target' from command line to 'None'
[0.161s] Level 5:colcon.colcon_core.verb:set package 'village_li' build argument 'cmake_target_skip_unavailable' from command line to 'False'
[0.161s] Level 5:colcon.colcon_core.verb:set package 'village_li' build argument 'cmake_clean_cache' from command line to 'False'
[0.161s] Level 5:colcon.colcon_core.verb:set package 'village_li' build argument 'cmake_clean_first' from command line to 'False'
[0.161s] Level 5:colcon.colcon_core.verb:set package 'village_li' build argument 'cmake_force_configure' from command line to 'False'
[0.161s] Level 5:colcon.colcon_core.verb:set package 'village_li' build argument 'ament_cmake_args' from command line to 'None'
[0.161s] Level 5:colcon.colcon_core.verb:set package 'village_li' build argument 'catkin_cmake_args' from command line to 'None'
[0.161s] Level 5:colcon.colcon_core.verb:set package 'village_li' build argument 'catkin_skip_building_tests' from command line to 'False'
[0.161s] DEBUG:colcon.colcon_core.verb:Building package 'village_li' with the following arguments: {'ament_cmake_args': None, 'build_base': '/home/sto-technology/pro/ros2_pro/town_ws/build/village_li', 'catkin_cmake_args': None, 'catkin_skip_building_tests': False, 'cmake_args': ['-DCMAKE_BUILD_TYPE=RelWithDebInfo', '-DCMAKE_EXPORT_COMPILE_COMMANDS=On', '-Wall', '-Wextra', '-Wpedantic'], 'cmake_clean_cache': False, 'cmake_clean_first': False, 'cmake_force_configure': False, 'cmake_target': None, 'cmake_target_skip_unavailable': False, 'install_base': '/home/sto-technology/pro/ros2_pro/town_ws/install', 'merge_install': True, 'path': '/home/sto-technology/pro/ros2_pro/town_ws/src/village_li', 'symlink_install': True, 'test_result_base': None}
[0.162s] Level 5:colcon.colcon_core.verb:set package 'village_wang' build argument 'cmake_args' from command line to '['-DCMAKE_BUILD_TYPE=RelWithDebInfo', '-DCMAKE_EXPORT_COMPILE_COMMANDS=On', '-Wall', '-Wextra', '-Wpedantic']'
[0.162s] Level 5:colcon.colcon_core.verb:set package 'village_wang' build argument 'cmake_target' from command line to 'None'
[0.162s] Level 5:colcon.colcon_core.verb:set package 'village_wang' build argument 'cmake_target_skip_unavailable' from command line to 'False'
[0.162s] Level 5:colcon.colcon_core.verb:set package 'village_wang' build argument 'cmake_clean_cache' from command line to 'False'
[0.162s] Level 5:colcon.colcon_core.verb:set package 'village_wang' build argument 'cmake_clean_first' from command line to 'False'
[0.162s] Level 5:colcon.colcon_core.verb:set package 'village_wang' build argument 'cmake_force_configure' from command line to 'False'
[0.162s] Level 5:colcon.colcon_core.verb:set package 'village_wang' build argument 'ament_cmake_args' from command line to 'None'
[0.162s] Level 5:colcon.colcon_core.verb:set package 'village_wang' build argument 'catkin_cmake_args' from command line to 'None'
[0.162s] Level 5:colcon.colcon_core.verb:set package 'village_wang' build argument 'catkin_skip_building_tests' from command line to 'False'
[0.162s] DEBUG:colcon.colcon_core.verb:Building package 'village_wang' with the following arguments: {'ament_cmake_args': None, 'build_base': '/home/sto-technology/pro/ros2_pro/town_ws/build/village_wang', 'catkin_cmake_args': None, 'catkin_skip_building_tests': False, 'cmake_args': ['-DCMAKE_BUILD_TYPE=RelWithDebInfo', '-DCMAKE_EXPORT_COMPILE_COMMANDS=On', '-Wall', '-Wextra', '-Wpedantic'], 'cmake_clean_cache': False, 'cmake_clean_first': False, 'cmake_force_configure': False, 'cmake_target': None, 'cmake_target_skip_unavailable': False, 'install_base': '/home/sto-technology/pro/ros2_pro/town_ws/install', 'merge_install': True, 'path': '/home/sto-technology/pro/ros2_pro/town_ws/src/village_wang', 'symlink_install': True, 'test_result_base': None}
[0.165s] INFO:colcon.colcon_core.executor:Executing jobs using 'parallel' executor
[0.167s] DEBUG:colcon.colcon_parallel_executor.executor.parallel:run_until_complete
[0.167s] INFO:colcon.colcon_ros.task.ament_python.build:Building ROS package in '/home/sto-technology/pro/ros2_pro/town_ws/src/mycar' with build type 'ament_python'
[0.168s] Level 1:colcon.colcon_core.shell:create_environment_hook('mycar', 'ament_prefix_path')
[0.171s] INFO:colcon.colcon_core.plugin_system:Skipping extension 'colcon_core.shell.bat': Not used on non-Windows systems
[0.171s] INFO:colcon.colcon_core.shell:Creating environment hook '/home/sto-technology/pro/ros2_pro/town_ws/install/share/mycar/hook/ament_prefix_path.ps1'
[0.171s] INFO:colcon.colcon_core.shell:Creating environment descriptor '/home/sto-technology/pro/ros2_pro/town_ws/install/share/mycar/hook/ament_prefix_path.dsv'
[0.172s] INFO:colcon.colcon_core.shell:Creating environment hook '/home/sto-technology/pro/ros2_pro/town_ws/install/share/mycar/hook/ament_prefix_path.sh'
[0.172s] INFO:colcon.colcon_core.shell:Skip shell extension 'powershell' for command environment: Not usable outside of PowerShell
[0.172s] DEBUG:colcon.colcon_core.shell:Skip shell extension 'dsv' for command environment
[0.176s] INFO:colcon.colcon_ros.task.ament_cmake.build:Building ROS package in '/home/sto-technology/pro/ros2_pro/town_ws/src/urdf01' with build type 'ament_cmake'
[0.176s] INFO:colcon.colcon_cmake.task.cmake.build:Building CMake package in '/home/sto-technology/pro/ros2_pro/town_ws/src/urdf01'
[0.177s] INFO:colcon.colcon_core.shell:Skip shell extension 'powershell' for command environment: Not usable outside of PowerShell
[0.177s] DEBUG:colcon.colcon_core.shell:Skip shell extension 'dsv' for command environment
[0.181s] INFO:colcon.colcon_ros.task.ament_python.build:Building ROS package in '/home/sto-technology/pro/ros2_pro/town_ws/src/vilige_zhang' with build type 'ament_python'
[0.182s] Level 1:colcon.colcon_core.shell:create_environment_hook('vilige_zhang', 'ament_prefix_path')
[0.182s] INFO:colcon.colcon_core.shell:Creating environment hook '/home/sto-technology/pro/ros2_pro/town_ws/install/share/vilige_zhang/hook/ament_prefix_path.ps1'
[0.183s] INFO:colcon.colcon_core.shell:Creating environment descriptor '/home/sto-technology/pro/ros2_pro/town_ws/install/share/vilige_zhang/hook/ament_prefix_path.dsv'
[0.184s] INFO:colcon.colcon_core.shell:Creating environment hook '/home/sto-technology/pro/ros2_pro/town_ws/install/share/vilige_zhang/hook/ament_prefix_path.sh'
[0.185s] INFO:colcon.colcon_core.shell:Skip shell extension 'powershell' for command environment: Not usable outside of PowerShell
[0.185s] DEBUG:colcon.colcon_core.shell:Skip shell extension 'dsv' for command environment
[0.189s] INFO:colcon.colcon_ros.task.ament_cmake.build:Building ROS package in '/home/sto-technology/pro/ros2_pro/town_ws/village_interface' with build type 'ament_cmake'
[0.189s] INFO:colcon.colcon_cmake.task.cmake.build:Building CMake package in '/home/sto-technology/pro/ros2_pro/town_ws/village_interface'
[0.190s] INFO:colcon.colcon_core.shell:Skip shell extension 'powershell' for command environment: Not usable outside of PowerShell
[0.190s] DEBUG:colcon.colcon_core.shell:Skip shell extension 'dsv' for command environment
[0.194s] INFO:colcon.colcon_ros.task.ament_python.build:Building ROS package in '/home/sto-technology/pro/ros2_pro/town_ws/src/village_li' with build type 'ament_python'
[0.194s] Level 1:colcon.colcon_core.shell:create_environment_hook('village_li', 'ament_prefix_path')
[0.195s] INFO:colcon.colcon_core.shell:Creating environment hook '/home/sto-technology/pro/ros2_pro/town_ws/install/share/village_li/hook/ament_prefix_path.ps1'
[0.196s] INFO:colcon.colcon_core.shell:Creating environment descriptor '/home/sto-technology/pro/ros2_pro/town_ws/install/share/village_li/hook/ament_prefix_path.dsv'
[0.196s] INFO:colcon.colcon_core.shell:Creating environment hook '/home/sto-technology/pro/ros2_pro/town_ws/install/share/village_li/hook/ament_prefix_path.sh'
[0.197s] INFO:colcon.colcon_core.shell:Skip shell extension 'powershell' for command environment: Not usable outside of PowerShell
[0.197s] DEBUG:colcon.colcon_core.shell:Skip shell extension 'dsv' for command environment
[0.202s] INFO:colcon.colcon_ros.task.ament_cmake.build:Building ROS package in '/home/sto-technology/pro/ros2_pro/town_ws/src/village_wang' with build type 'ament_cmake'
[0.202s] INFO:colcon.colcon_cmake.task.cmake.build:Building CMake package in '/home/sto-technology/pro/ros2_pro/town_ws/src/village_wang'
[0.204s] INFO:colcon.colcon_core.shell:Skip shell extension 'powershell' for command environment: Not usable outside of PowerShell
[0.204s] DEBUG:colcon.colcon_core.shell:Skip shell extension 'dsv' for command environment
[0.396s] INFO:colcon.colcon_core.task.python.build:Building Python package in '/home/sto-technology/pro/ros2_pro/town_ws/src/mycar'
[0.396s] INFO:colcon.colcon_core.shell:Skip shell extension 'powershell' for command environment: Not usable outside of PowerShell
[0.397s] DEBUG:colcon.colcon_core.shell:Skip shell extension 'dsv' for command environment
[0.407s] DEBUG:colcon.colcon_core.event_handler.log_command:Invoking command in '/home/sto-technology/pro/ros2_pro/town_ws/build/urdf01': CMAKE_PREFIX_PATH=/opt/ros/foxy /usr/bin/cmake --build /home/sto-technology/pro/ros2_pro/town_ws/build/urdf01 -- -j8 -l8
[0.594s] INFO:colcon.colcon_core.task.python.build:Building Python package in '/home/sto-technology/pro/ros2_pro/town_ws/src/vilige_zhang'
[0.595s] INFO:colcon.colcon_core.shell:Skip shell extension 'powershell' for command environment: Not usable outside of PowerShell
[0.595s] DEBUG:colcon.colcon_core.shell:Skip shell extension 'dsv' for command environment
[0.604s] DEBUG:colcon.colcon_core.event_handler.log_command:Invoking command in '/home/sto-technology/pro/ros2_pro/town_ws/build/village_interface': CMAKE_PREFIX_PATH=/opt/ros/foxy /usr/bin/cmake --build /home/sto-technology/pro/ros2_pro/town_ws/build/village_interface -- -j8 -l8
[0.845s] INFO:colcon.colcon_core.task.python.build:Building Python package in '/home/sto-technology/pro/ros2_pro/town_ws/src/village_li'
[0.846s] INFO:colcon.colcon_core.shell:Skip shell extension 'powershell' for command environment: Not usable outside of PowerShell
[0.846s] DEBUG:colcon.colcon_core.shell:Skip shell extension 'dsv' for command environment
[0.856s] DEBUG:colcon.colcon_core.event_handler.log_command:Invoking command in '/home/sto-technology/pro/ros2_pro/town_ws/build/village_wang': CMAKE_PREFIX_PATH=/opt/ros/foxy /usr/bin/cmake --build /home/sto-technology/pro/ros2_pro/town_ws/build/village_wang -- -j8 -l8
[0.866s] DEBUG:colcon.colcon_core.event_handler.log_command:Invoked command in '/home/sto-technology/pro/ros2_pro/town_ws/build/urdf01' returned '0': CMAKE_PREFIX_PATH=/opt/ros/foxy /usr/bin/cmake --build /home/sto-technology/pro/ros2_pro/town_ws/build/urdf01 -- -j8 -l8
[0.867s] DEBUG:colcon.colcon_core.event_handler.log_command:Invoked command in '/home/sto-technology/pro/ros2_pro/town_ws/build/village_interface' returned '0': CMAKE_PREFIX_PATH=/opt/ros/foxy /usr/bin/cmake --build /home/sto-technology/pro/ros2_pro/town_ws/build/village_interface -- -j8 -l8
[0.916s] DEBUG:colcon.colcon_core.event_handler.log_command:Invoking command in '/home/sto-technology/pro/ros2_pro/town_ws/build/urdf01': CMAKE_PREFIX_PATH=/opt/ros/foxy /usr/bin/cmake --install /home/sto-technology/pro/ros2_pro/town_ws/build/urdf01
[0.960s] DEBUG:colcon.colcon_core.event_handler.log_command:Invoked command in '/home/sto-technology/pro/ros2_pro/town_ws/build/village_wang' returned '0': CMAKE_PREFIX_PATH=/opt/ros/foxy /usr/bin/cmake --build /home/sto-technology/pro/ros2_pro/town_ws/build/village_wang -- -j8 -l8
[0.972s] Level 1:colcon.colcon_core.environment:create_environment_scripts_only(urdf01)
[0.974s] DEBUG:colcon.colcon_core.event_handler.log_command:Invoked command in '/home/sto-technology/pro/ros2_pro/town_ws/build/urdf01' returned '0': CMAKE_PREFIX_PATH=/opt/ros/foxy /usr/bin/cmake --install /home/sto-technology/pro/ros2_pro/town_ws/build/urdf01
[0.978s] Level 1:colcon.colcon_core.environment:checking '/home/sto-technology/pro/ros2_pro/town_ws/install' for CMake module files
[0.978s] Level 1:colcon.colcon_core.environment:checking '/home/sto-technology/pro/ros2_pro/town_ws/install' for CMake config files
[0.979s] Level 1:colcon.colcon_core.shell:create_environment_hook('urdf01', 'cmake_prefix_path')
[0.979s] INFO:colcon.colcon_core.shell:Creating environment hook '/home/sto-technology/pro/ros2_pro/town_ws/install/share/urdf01/hook/cmake_prefix_path.ps1'
[0.980s] INFO:colcon.colcon_core.shell:Creating environment descriptor '/home/sto-technology/pro/ros2_pro/town_ws/install/share/urdf01/hook/cmake_prefix_path.dsv'
[0.981s] INFO:colcon.colcon_core.shell:Creating environment hook '/home/sto-technology/pro/ros2_pro/town_ws/install/share/urdf01/hook/cmake_prefix_path.sh'
[0.982s] Level 1:colcon.colcon_core.environment:checking '/home/sto-technology/pro/ros2_pro/town_ws/install/lib'
[0.982s] Level 1:colcon.colcon_core.shell:create_environment_hook('urdf01', 'ld_library_path_lib')
[0.983s] INFO:colcon.colcon_core.shell:Creating environment hook '/home/sto-technology/pro/ros2_pro/town_ws/install/share/urdf01/hook/ld_library_path_lib.ps1'
[0.983s] INFO:colcon.colcon_core.shell:Creating environment descriptor '/home/sto-technology/pro/ros2_pro/town_ws/install/share/urdf01/hook/ld_library_path_lib.dsv'
[0.983s] INFO:colcon.colcon_core.shell:Creating environment hook '/home/sto-technology/pro/ros2_pro/town_ws/install/share/urdf01/hook/ld_library_path_lib.sh'
[0.984s] Level 1:colcon.colcon_core.environment:checking '/home/sto-technology/pro/ros2_pro/town_ws/install/bin'
[0.985s] Level 1:colcon.colcon_core.environment:checking '/home/sto-technology/pro/ros2_pro/town_ws/install/lib/pkgconfig/urdf01.pc'
[0.986s] Level 1:colcon.colcon_core.environment:checking '/home/sto-technology/pro/ros2_pro/town_ws/install/lib/python3.8/site-packages'
[0.986s] Level 1:colcon.colcon_core.shell:create_environment_hook('urdf01', 'pythonpath')
[0.987s] INFO:colcon.colcon_core.shell:Creating environment hook '/home/sto-technology/pro/ros2_pro/town_ws/install/share/urdf01/hook/pythonpath.ps1'
[0.987s] INFO:colcon.colcon_core.shell:Creating environment descriptor '/home/sto-technology/pro/ros2_pro/town_ws/install/share/urdf01/hook/pythonpath.dsv'
[0.988s] INFO:colcon.colcon_core.shell:Creating environment hook '/home/sto-technology/pro/ros2_pro/town_ws/install/share/urdf01/hook/pythonpath.sh'
[0.989s] INFO:colcon.colcon_core.shell:Creating package script '/home/sto-technology/pro/ros2_pro/town_ws/install/share/urdf01/package.ps1'
[0.990s] INFO:colcon.colcon_core.shell:Creating package descriptor '/home/sto-technology/pro/ros2_pro/town_ws/install/share/urdf01/package.dsv'
[0.990s] INFO:colcon.colcon_core.shell:Creating package script '/home/sto-technology/pro/ros2_pro/town_ws/install/share/urdf01/package.sh'
[0.991s] INFO:colcon.colcon_core.shell:Creating package script '/home/sto-technology/pro/ros2_pro/town_ws/install/share/urdf01/package.bash'
[0.992s] INFO:colcon.colcon_core.shell:Creating package script '/home/sto-technology/pro/ros2_pro/town_ws/install/share/urdf01/package.zsh'
[0.993s] Level 1:colcon.colcon_core.environment:create_file_with_runtime_dependencies(/home/sto-technology/pro/ros2_pro/town_ws/install/share/colcon-core/packages/urdf01)
[1.028s] DEBUG:colcon.colcon_core.event_handler.log_command:Invoking command in '/home/sto-technology/pro/ros2_pro/town_ws/build/village_wang': CMAKE_PREFIX_PATH=/opt/ros/foxy /usr/bin/cmake --install /home/sto-technology/pro/ros2_pro/town_ws/build/village_wang
[1.061s] Level 1:colcon.colcon_core.environment:create_environment_scripts_only(urdf01)
[1.062s] Level 1:colcon.colcon_core.environment:checking '/home/sto-technology/pro/ros2_pro/town_ws/install' for CMake module files
[1.062s] Level 1:colcon.colcon_core.environment:checking '/home/sto-technology/pro/ros2_pro/town_ws/install' for CMake config files
[1.063s] Level 1:colcon.colcon_core.shell:create_environment_hook('urdf01', 'cmake_prefix_path')
[1.064s] INFO:colcon.colcon_core.shell:Creating environment hook '/home/sto-technology/pro/ros2_pro/town_ws/install/share/urdf01/hook/cmake_prefix_path.ps1'
[1.065s] INFO:colcon.colcon_core.shell:Creating environment descriptor '/home/sto-technology/pro/ros2_pro/town_ws/install/share/urdf01/hook/cmake_prefix_path.dsv'
[1.066s] INFO:colcon.colcon_core.shell:Creating environment hook '/home/sto-technology/pro/ros2_pro/town_ws/install/share/urdf01/hook/cmake_prefix_path.sh'
[1.066s] Level 1:colcon.colcon_core.environment:checking '/home/sto-technology/pro/ros2_pro/town_ws/install/lib'
[1.066s] Level 1:colcon.colcon_core.shell:create_environment_hook('urdf01', 'ld_library_path_lib')
[1.067s] INFO:colcon.colcon_core.shell:Creating environment hook '/home/sto-technology/pro/ros2_pro/town_ws/install/share/urdf01/hook/ld_library_path_lib.ps1'
[1.068s] INFO:colcon.colcon_core.shell:Creating environment descriptor '/home/sto-technology/pro/ros2_pro/town_ws/install/share/urdf01/hook/ld_library_path_lib.dsv'
[1.068s] INFO:colcon.colcon_core.shell:Creating environment hook '/home/sto-technology/pro/ros2_pro/town_ws/install/share/urdf01/hook/ld_library_path_lib.sh'
[1.069s] Level 1:colcon.colcon_core.environment:checking '/home/sto-technology/pro/ros2_pro/town_ws/install/bin'
[1.069s] Level 1:colcon.colcon_core.environment:checking '/home/sto-technology/pro/ros2_pro/town_ws/install/lib/pkgconfig/urdf01.pc'
[1.069s] Level 1:colcon.colcon_core.environment:checking '/home/sto-technology/pro/ros2_pro/town_ws/install/lib/python3.8/site-packages'
[1.069s] Level 1:colcon.colcon_core.shell:create_environment_hook('urdf01', 'pythonpath')
[1.070s] INFO:colcon.colcon_core.shell:Creating environment hook '/home/sto-technology/pro/ros2_pro/town_ws/install/share/urdf01/hook/pythonpath.ps1'
[1.070s] INFO:colcon.colcon_core.shell:Creating environment descriptor '/home/sto-technology/pro/ros2_pro/town_ws/install/share/urdf01/hook/pythonpath.dsv'
[1.071s] INFO:colcon.colcon_core.shell:Creating environment hook '/home/sto-technology/pro/ros2_pro/town_ws/install/share/urdf01/hook/pythonpath.sh'
[1.073s] INFO:colcon.colcon_core.shell:Creating package script '/home/sto-technology/pro/ros2_pro/town_ws/install/share/urdf01/package.ps1'
[1.074s] INFO:colcon.colcon_core.shell:Creating package descriptor '/home/sto-technology/pro/ros2_pro/town_ws/install/share/urdf01/package.dsv'
[1.075s] INFO:colcon.colcon_core.shell:Creating package script '/home/sto-technology/pro/ros2_pro/town_ws/install/share/urdf01/package.sh'
[1.075s] INFO:colcon.colcon_core.shell:Creating package script '/home/sto-technology/pro/ros2_pro/town_ws/install/share/urdf01/package.bash'
[1.075s] INFO:colcon.colcon_core.shell:Creating package script '/home/sto-technology/pro/ros2_pro/town_ws/install/share/urdf01/package.zsh'
[1.076s] Level 1:colcon.colcon_core.environment:create_file_with_runtime_dependencies(/home/sto-technology/pro/ros2_pro/town_ws/install/share/colcon-core/packages/urdf01)
[1.077s] Level 1:colcon.colcon_core.environment:create_environment_scripts_only(village_wang)
[1.078s] DEBUG:colcon.colcon_core.event_handler.log_command:Invoked command in '/home/sto-technology/pro/ros2_pro/town_ws/build/village_wang' returned '0': CMAKE_PREFIX_PATH=/opt/ros/foxy /usr/bin/cmake --install /home/sto-technology/pro/ros2_pro/town_ws/build/village_wang
[1.078s] Level 1:colcon.colcon_core.environment:checking '/home/sto-technology/pro/ros2_pro/town_ws/install' for CMake module files
[1.079s] Level 1:colcon.colcon_core.environment:checking '/home/sto-technology/pro/ros2_pro/town_ws/install' for CMake config files
[1.080s] Level 1:colcon.colcon_core.shell:create_environment_hook('village_wang', 'cmake_prefix_path')
[1.081s] INFO:colcon.colcon_core.shell:Creating environment hook '/home/sto-technology/pro/ros2_pro/town_ws/install/share/village_wang/hook/cmake_prefix_path.ps1'
[1.082s] INFO:colcon.colcon_core.shell:Creating environment descriptor '/home/sto-technology/pro/ros2_pro/town_ws/install/share/village_wang/hook/cmake_prefix_path.dsv'
[1.082s] INFO:colcon.colcon_core.shell:Creating environment hook '/home/sto-technology/pro/ros2_pro/town_ws/install/share/village_wang/hook/cmake_prefix_path.sh'
[1.083s] Level 1:colcon.colcon_core.environment:checking '/home/sto-technology/pro/ros2_pro/town_ws/install/lib'
[1.083s] Level 1:colcon.colcon_core.shell:create_environment_hook('village_wang', 'ld_library_path_lib')
[1.083s] INFO:colcon.colcon_core.shell:Creating environment hook '/home/sto-technology/pro/ros2_pro/town_ws/install/share/village_wang/hook/ld_library_path_lib.ps1'
[1.084s] INFO:colcon.colcon_core.shell:Creating environment descriptor '/home/sto-technology/pro/ros2_pro/town_ws/install/share/village_wang/hook/ld_library_path_lib.dsv'
[1.085s] INFO:colcon.colcon_core.shell:Creating environment hook '/home/sto-technology/pro/ros2_pro/town_ws/install/share/village_wang/hook/ld_library_path_lib.sh'
[1.086s] Level 1:colcon.colcon_core.environment:checking '/home/sto-technology/pro/ros2_pro/town_ws/install/bin'
[1.086s] Level 1:colcon.colcon_core.environment:checking '/home/sto-technology/pro/ros2_pro/town_ws/install/lib/pkgconfig/village_wang.pc'
[1.086s] Level 1:colcon.colcon_core.environment:checking '/home/sto-technology/pro/ros2_pro/town_ws/install/lib/python3.8/site-packages'
[1.086s] Level 1:colcon.colcon_core.shell:create_environment_hook('village_wang', 'pythonpath')
[1.087s] INFO:colcon.colcon_core.shell:Creating environment hook '/home/sto-technology/pro/ros2_pro/town_ws/install/share/village_wang/hook/pythonpath.ps1'
[1.087s] INFO:colcon.colcon_core.shell:Creating environment descriptor '/home/sto-technology/pro/ros2_pro/town_ws/install/share/village_wang/hook/pythonpath.dsv'
[1.088s] INFO:colcon.colcon_core.shell:Creating environment hook '/home/sto-technology/pro/ros2_pro/town_ws/install/share/village_wang/hook/pythonpath.sh'
[1.089s] INFO:colcon.colcon_core.shell:Creating package script '/home/sto-technology/pro/ros2_pro/town_ws/install/share/village_wang/package.ps1'
[1.090s] INFO:colcon.colcon_core.shell:Creating package descriptor '/home/sto-technology/pro/ros2_pro/town_ws/install/share/village_wang/package.dsv'
[1.090s] INFO:colcon.colcon_core.shell:Creating package script '/home/sto-technology/pro/ros2_pro/town_ws/install/share/village_wang/package.sh'
[1.091s] INFO:colcon.colcon_core.shell:Creating package script '/home/sto-technology/pro/ros2_pro/town_ws/install/share/village_wang/package.bash'
[1.091s] INFO:colcon.colcon_core.shell:Creating package script '/home/sto-technology/pro/ros2_pro/town_ws/install/share/village_wang/package.zsh'
[1.092s] Level 1:colcon.colcon_core.environment:create_file_with_runtime_dependencies(/home/sto-technology/pro/ros2_pro/town_ws/install/share/colcon-core/packages/village_wang)
[1.103s] DEBUG:colcon.colcon_core.event_handler.log_command:Invoking command in '/home/sto-technology/pro/ros2_pro/town_ws/build/village_interface': CMAKE_PREFIX_PATH=/opt/ros/foxy /usr/bin/cmake --install /home/sto-technology/pro/ros2_pro/town_ws/build/village_interface
[1.158s] Level 1:colcon.colcon_core.environment:create_environment_scripts_only(village_wang)
[1.160s] Level 1:colcon.colcon_core.environment:checking '/home/sto-technology/pro/ros2_pro/town_ws/install' for CMake module files
[1.162s] Level 1:colcon.colcon_core.environment:checking '/home/sto-technology/pro/ros2_pro/town_ws/install' for CMake config files
[1.163s] Level 1:colcon.colcon_core.shell:create_environment_hook('village_wang', 'cmake_prefix_path')
[1.168s] INFO:colcon.colcon_core.shell:Creating environment hook '/home/sto-technology/pro/ros2_pro/town_ws/install/share/village_wang/hook/cmake_prefix_path.ps1'
[1.169s] INFO:colcon.colcon_core.shell:Creating environment descriptor '/home/sto-technology/pro/ros2_pro/town_ws/install/share/village_wang/hook/cmake_prefix_path.dsv'
[1.170s] INFO:colcon.colcon_core.shell:Creating environment hook '/home/sto-technology/pro/ros2_pro/town_ws/install/share/village_wang/hook/cmake_prefix_path.sh'
[1.171s] Level 1:colcon.colcon_core.environment:checking '/home/sto-technology/pro/ros2_pro/town_ws/install/lib'
[1.171s] Level 1:colcon.colcon_core.shell:create_environment_hook('village_wang', 'ld_library_path_lib')
[1.172s] INFO:colcon.colcon_core.shell:Creating environment hook '/home/sto-technology/pro/ros2_pro/town_ws/install/share/village_wang/hook/ld_library_path_lib.ps1'
[1.172s] INFO:colcon.colcon_core.shell:Creating environment descriptor '/home/sto-technology/pro/ros2_pro/town_ws/install/share/village_wang/hook/ld_library_path_lib.dsv'
[1.173s] INFO:colcon.colcon_core.shell:Creating environment hook '/home/sto-technology/pro/ros2_pro/town_ws/install/share/village_wang/hook/ld_library_path_lib.sh'
[1.174s] Level 1:colcon.colcon_core.environment:checking '/home/sto-technology/pro/ros2_pro/town_ws/install/bin'
[1.174s] Level 1:colcon.colcon_core.environment:checking '/home/sto-technology/pro/ros2_pro/town_ws/install/lib/pkgconfig/village_wang.pc'
[1.174s] Level 1:colcon.colcon_core.environment:checking '/home/sto-technology/pro/ros2_pro/town_ws/install/lib/python3.8/site-packages'
[1.175s] Level 1:colcon.colcon_core.shell:create_environment_hook('village_wang', 'pythonpath')
[1.175s] INFO:colcon.colcon_core.shell:Creating environment hook '/home/sto-technology/pro/ros2_pro/town_ws/install/share/village_wang/hook/pythonpath.ps1'
[1.176s] INFO:colcon.colcon_core.shell:Creating environment descriptor '/home/sto-technology/pro/ros2_pro/town_ws/install/share/village_wang/hook/pythonpath.dsv'
[1.177s] INFO:colcon.colcon_core.shell:Creating environment hook '/home/sto-technology/pro/ros2_pro/town_ws/install/share/village_wang/hook/pythonpath.sh'
[1.178s] INFO:colcon.colcon_core.shell:Creating package script '/home/sto-technology/pro/ros2_pro/town_ws/install/share/village_wang/package.ps1'
[1.179s] INFO:colcon.colcon_core.shell:Creating package descriptor '/home/sto-technology/pro/ros2_pro/town_ws/install/share/village_wang/package.dsv'
[1.183s] INFO:colcon.colcon_core.shell:Creating package script '/home/sto-technology/pro/ros2_pro/town_ws/install/share/village_wang/package.sh'
[1.183s] INFO:colcon.colcon_core.shell:Creating package script '/home/sto-technology/pro/ros2_pro/town_ws/install/share/village_wang/package.bash'
[1.184s] INFO:colcon.colcon_core.shell:Creating package script '/home/sto-technology/pro/ros2_pro/town_ws/install/share/village_wang/package.zsh'
[1.185s] Level 1:colcon.colcon_core.environment:create_file_with_runtime_dependencies(/home/sto-technology/pro/ros2_pro/town_ws/install/share/colcon-core/packages/village_wang)
[1.204s] Level 1:colcon.colcon_core.environment:create_environment_scripts_only(village_interface)
[1.205s] Level 1:colcon.colcon_core.environment:checking '/home/sto-technology/pro/ros2_pro/town_ws/install' for CMake module files
[1.206s] Level 1:colcon.colcon_core.environment:checking '/home/sto-technology/pro/ros2_pro/town_ws/install' for CMake config files
[1.206s] DEBUG:colcon.colcon_core.event_handler.log_command:Invoked command in '/home/sto-technology/pro/ros2_pro/town_ws/build/village_interface' returned '0': CMAKE_PREFIX_PATH=/opt/ros/foxy /usr/bin/cmake --install /home/sto-technology/pro/ros2_pro/town_ws/build/village_interface
[1.208s] Level 1:colcon.colcon_core.shell:create_environment_hook('village_interface', 'cmake_prefix_path')
[1.209s] INFO:colcon.colcon_core.shell:Creating environment hook '/home/sto-technology/pro/ros2_pro/town_ws/install/share/village_interface/hook/cmake_prefix_path.ps1'
[1.209s] INFO:colcon.colcon_core.shell:Creating environment descriptor '/home/sto-technology/pro/ros2_pro/town_ws/install/share/village_interface/hook/cmake_prefix_path.dsv'
[1.210s] INFO:colcon.colcon_core.shell:Creating environment hook '/home/sto-technology/pro/ros2_pro/town_ws/install/share/village_interface/hook/cmake_prefix_path.sh'
[1.210s] Level 1:colcon.colcon_core.environment:checking '/home/sto-technology/pro/ros2_pro/town_ws/install/lib'
[1.210s] Level 1:colcon.colcon_core.shell:create_environment_hook('village_interface', 'ld_library_path_lib')
[1.211s] INFO:colcon.colcon_core.shell:Creating environment hook '/home/sto-technology/pro/ros2_pro/town_ws/install/share/village_interface/hook/ld_library_path_lib.ps1'
[1.212s] INFO:colcon.colcon_core.shell:Creating environment descriptor '/home/sto-technology/pro/ros2_pro/town_ws/install/share/village_interface/hook/ld_library_path_lib.dsv'
[1.212s] INFO:colcon.colcon_core.shell:Creating environment hook '/home/sto-technology/pro/ros2_pro/town_ws/install/share/village_interface/hook/ld_library_path_lib.sh'
[1.212s] Level 1:colcon.colcon_core.environment:checking '/home/sto-technology/pro/ros2_pro/town_ws/install/bin'
[1.212s] Level 1:colcon.colcon_core.environment:checking '/home/sto-technology/pro/ros2_pro/town_ws/install/lib/pkgconfig/village_interface.pc'
[1.213s] Level 1:colcon.colcon_core.environment:checking '/home/sto-technology/pro/ros2_pro/town_ws/install/lib/python3.8/site-packages'
[1.213s] Level 1:colcon.colcon_core.shell:create_environment_hook('village_interface', 'pythonpath')
[1.214s] INFO:colcon.colcon_core.shell:Creating environment hook '/home/sto-technology/pro/ros2_pro/town_ws/install/share/village_interface/hook/pythonpath.ps1'
[1.215s] INFO:colcon.colcon_core.shell:Creating environment descriptor '/home/sto-technology/pro/ros2_pro/town_ws/install/share/village_interface/hook/pythonpath.dsv'
[1.215s] INFO:colcon.colcon_core.shell:Creating environment hook '/home/sto-technology/pro/ros2_pro/town_ws/install/share/village_interface/hook/pythonpath.sh'
[1.216s] INFO:colcon.colcon_core.shell:Creating package script '/home/sto-technology/pro/ros2_pro/town_ws/install/share/village_interface/package.ps1'
[1.217s] INFO:colcon.colcon_core.shell:Creating package descriptor '/home/sto-technology/pro/ros2_pro/town_ws/install/share/village_interface/package.dsv'
[1.218s] INFO:colcon.colcon_core.shell:Creating package script '/home/sto-technology/pro/ros2_pro/town_ws/install/share/village_interface/package.sh'
[1.219s] INFO:colcon.colcon_core.shell:Creating package script '/home/sto-technology/pro/ros2_pro/town_ws/install/share/village_interface/package.bash'
[1.219s] INFO:colcon.colcon_core.shell:Creating package script '/home/sto-technology/pro/ros2_pro/town_ws/install/share/village_interface/package.zsh'
[1.220s] Level 1:colcon.colcon_core.environment:create_file_with_runtime_dependencies(/home/sto-technology/pro/ros2_pro/town_ws/install/share/colcon-core/packages/village_interface)
[1.311s] Level 1:colcon.colcon_core.environment:create_environment_scripts_only(village_interface)
[1.312s] Level 1:colcon.colcon_core.environment:checking '/home/sto-technology/pro/ros2_pro/town_ws/install' for CMake module files
[1.313s] Level 1:colcon.colcon_core.environment:checking '/home/sto-technology/pro/ros2_pro/town_ws/install' for CMake config files
[1.314s] Level 1:colcon.colcon_core.shell:create_environment_hook('village_interface', 'cmake_prefix_path')
[1.315s] INFO:colcon.colcon_core.shell:Creating environment hook '/home/sto-technology/pro/ros2_pro/town_ws/install/share/village_interface/hook/cmake_prefix_path.ps1'
[1.315s] INFO:colcon.colcon_core.shell:Creating environment descriptor '/home/sto-technology/pro/ros2_pro/town_ws/install/share/village_interface/hook/cmake_prefix_path.dsv'
[1.316s] INFO:colcon.colcon_core.shell:Creating environment hook '/home/sto-technology/pro/ros2_pro/town_ws/install/share/village_interface/hook/cmake_prefix_path.sh'
[1.316s] Level 1:colcon.colcon_core.environment:checking '/home/sto-technology/pro/ros2_pro/town_ws/install/lib'
[1.317s] Level 1:colcon.colcon_core.shell:create_environment_hook('village_interface', 'ld_library_path_lib')
[1.317s] INFO:colcon.colcon_core.shell:Creating environment hook '/home/sto-technology/pro/ros2_pro/town_ws/install/share/village_interface/hook/ld_library_path_lib.ps1'
[1.318s] INFO:colcon.colcon_core.shell:Creating environment descriptor '/home/sto-technology/pro/ros2_pro/town_ws/install/share/village_interface/hook/ld_library_path_lib.dsv'
[1.319s] INFO:colcon.colcon_core.shell:Creating environment hook '/home/sto-technology/pro/ros2_pro/town_ws/install/share/village_interface/hook/ld_library_path_lib.sh'
[1.319s] Level 1:colcon.colcon_core.environment:checking '/home/sto-technology/pro/ros2_pro/town_ws/install/bin'
[1.319s] Level 1:colcon.colcon_core.environment:checking '/home/sto-technology/pro/ros2_pro/town_ws/install/lib/pkgconfig/village_interface.pc'
[1.319s] Level 1:colcon.colcon_core.environment:checking '/home/sto-technology/pro/ros2_pro/town_ws/install/lib/python3.8/site-packages'
[1.319s] Level 1:colcon.colcon_core.shell:create_environment_hook('village_interface', 'pythonpath')
[1.320s] INFO:colcon.colcon_core.shell:Creating environment hook '/home/sto-technology/pro/ros2_pro/town_ws/install/share/village_interface/hook/pythonpath.ps1'
[1.320s] INFO:colcon.colcon_core.shell:Creating environment descriptor '/home/sto-technology/pro/ros2_pro/town_ws/install/share/village_interface/hook/pythonpath.dsv'
[1.321s] INFO:colcon.colcon_core.shell:Creating environment hook '/home/sto-technology/pro/ros2_pro/town_ws/install/share/village_interface/hook/pythonpath.sh'
[1.322s] INFO:colcon.colcon_core.shell:Creating package script '/home/sto-technology/pro/ros2_pro/town_ws/install/share/village_interface/package.ps1'
[1.322s] INFO:colcon.colcon_core.shell:Creating package descriptor '/home/sto-technology/pro/ros2_pro/town_ws/install/share/village_interface/package.dsv'
[1.323s] INFO:colcon.colcon_core.shell:Creating package script '/home/sto-technology/pro/ros2_pro/town_ws/install/share/village_interface/package.sh'
[1.324s] INFO:colcon.colcon_core.shell:Creating package script '/home/sto-technology/pro/ros2_pro/town_ws/install/share/village_interface/package.bash'
[1.324s] INFO:colcon.colcon_core.shell:Creating package script '/home/sto-technology/pro/ros2_pro/town_ws/install/share/village_interface/package.zsh'
[1.324s] Level 1:colcon.colcon_core.environment:create_file_with_runtime_dependencies(/home/sto-technology/pro/ros2_pro/town_ws/install/share/colcon-core/packages/village_interface)
[1.421s] DEBUG:colcon.colcon_core.event_handler.log_command:Invoking command in '/home/sto-technology/pro/ros2_pro/town_ws/build/village_li': PYTHONPATH=/home/sto-technology/pro/ros2_pro/town_ws/install/lib/python3.8/site-packages:${PYTHONPATH} /usr/bin/python3 setup.py develop --prefix /home/sto-technology/pro/ros2_pro/town_ws/install --editable --build-directory /home/sto-technology/pro/ros2_pro/town_ws/build/village_li/build --no-deps install_data --install-dir /home/sto-technology/pro/ros2_pro/town_ws/install
[1.445s] DEBUG:colcon.colcon_core.event_handler.log_command:Invoking command in '/home/sto-technology/pro/ros2_pro/town_ws/build/mycar': PYTHONPATH=/home/sto-technology/pro/ros2_pro/town_ws/install/lib/python3.8/site-packages:${PYTHONPATH} /usr/bin/python3 setup.py develop --prefix /home/sto-technology/pro/ros2_pro/town_ws/install --editable --build-directory /home/sto-technology/pro/ros2_pro/town_ws/build/mycar/build --no-deps install_data --install-dir /home/sto-technology/pro/ros2_pro/town_ws/install
[1.450s] DEBUG:colcon.colcon_core.event_handler.log_command:Invoking command in '/home/sto-technology/pro/ros2_pro/town_ws/build/vilige_zhang': PYTHONPATH=/home/sto-technology/pro/ros2_pro/town_ws/install/lib/python3.8/site-packages:${PYTHONPATH} /usr/bin/python3 setup.py develop --prefix /home/sto-technology/pro/ros2_pro/town_ws/install --editable --build-directory /home/sto-technology/pro/ros2_pro/town_ws/build/vilige_zhang/build --no-deps install_data --install-dir /home/sto-technology/pro/ros2_pro/town_ws/install
[1.857s] Level 1:colcon.colcon_core.shell:create_environment_hook('village_li', 'pythonpath_develop')
[1.858s] INFO:colcon.colcon_core.shell:Creating environment hook '/home/sto-technology/pro/ros2_pro/town_ws/build/village_li/share/village_li/hook/pythonpath_develop.ps1'
[1.859s] DEBUG:colcon.colcon_core.event_handler.log_command:Invoked command in '/home/sto-technology/pro/ros2_pro/town_ws/build/village_li' returned '0': PYTHONPATH=/home/sto-technology/pro/ros2_pro/town_ws/install/lib/python3.8/site-packages:${PYTHONPATH} /usr/bin/python3 setup.py develop --prefix /home/sto-technology/pro/ros2_pro/town_ws/install --editable --build-directory /home/sto-technology/pro/ros2_pro/town_ws/build/village_li/build --no-deps install_data --install-dir /home/sto-technology/pro/ros2_pro/town_ws/install
[1.859s] INFO:colcon.colcon_core.shell:Creating environment descriptor '/home/sto-technology/pro/ros2_pro/town_ws/build/village_li/share/village_li/hook/pythonpath_develop.dsv'
[1.860s] INFO:colcon.colcon_core.shell:Creating environment hook '/home/sto-technology/pro/ros2_pro/town_ws/build/village_li/share/village_li/hook/pythonpath_develop.sh'
[1.861s] Level 1:colcon.colcon_core.environment:checking '/home/sto-technology/pro/ros2_pro/town_ws/install' for CMake module files
[1.877s] Level 1:colcon.colcon_core.environment:checking '/home/sto-technology/pro/ros2_pro/town_ws/install' for CMake config files
[1.878s] Level 1:colcon.colcon_core.shell:create_environment_hook('village_li', 'cmake_prefix_path')
[1.879s] INFO:colcon.colcon_core.shell:Creating environment hook '/home/sto-technology/pro/ros2_pro/town_ws/install/share/village_li/hook/cmake_prefix_path.ps1'
[1.879s] INFO:colcon.colcon_core.shell:Creating environment descriptor '/home/sto-technology/pro/ros2_pro/town_ws/install/share/village_li/hook/cmake_prefix_path.dsv'
[1.879s] INFO:colcon.colcon_core.shell:Creating environment hook '/home/sto-technology/pro/ros2_pro/town_ws/install/share/village_li/hook/cmake_prefix_path.sh'
[1.880s] Level 1:colcon.colcon_core.environment:checking '/home/sto-technology/pro/ros2_pro/town_ws/install/lib'
[1.880s] Level 1:colcon.colcon_core.shell:create_environment_hook('village_li', 'ld_library_path_lib')
[1.880s] INFO:colcon.colcon_core.shell:Creating environment hook '/home/sto-technology/pro/ros2_pro/town_ws/install/share/village_li/hook/ld_library_path_lib.ps1'
[1.881s] INFO:colcon.colcon_core.shell:Creating environment descriptor '/home/sto-technology/pro/ros2_pro/town_ws/install/share/village_li/hook/ld_library_path_lib.dsv'
[1.881s] INFO:colcon.colcon_core.shell:Creating environment hook '/home/sto-technology/pro/ros2_pro/town_ws/install/share/village_li/hook/ld_library_path_lib.sh'
[1.881s] Level 1:colcon.colcon_core.environment:checking '/home/sto-technology/pro/ros2_pro/town_ws/install/bin'
[1.881s] Level 1:colcon.colcon_core.environment:checking '/home/sto-technology/pro/ros2_pro/town_ws/install/lib/pkgconfig/village_li.pc'
[1.881s] Level 1:colcon.colcon_core.environment:checking '/home/sto-technology/pro/ros2_pro/town_ws/install/lib/python3.8/site-packages'
[1.882s] Level 1:colcon.colcon_core.shell:create_environment_hook('village_li', 'pythonpath')
[1.882s] INFO:colcon.colcon_core.shell:Creating environment hook '/home/sto-technology/pro/ros2_pro/town_ws/install/share/village_li/hook/pythonpath.ps1'
[1.883s] INFO:colcon.colcon_core.shell:Creating environment descriptor '/home/sto-technology/pro/ros2_pro/town_ws/install/share/village_li/hook/pythonpath.dsv'
[1.883s] INFO:colcon.colcon_core.shell:Creating environment hook '/home/sto-technology/pro/ros2_pro/town_ws/install/share/village_li/hook/pythonpath.sh'
[1.883s] Level 1:colcon.colcon_core.environment:create_environment_scripts_only(village_li)
[1.884s] INFO:colcon.colcon_core.shell:Creating package script '/home/sto-technology/pro/ros2_pro/town_ws/install/share/village_li/package.ps1'
[1.885s] INFO:colcon.colcon_core.shell:Creating package descriptor '/home/sto-technology/pro/ros2_pro/town_ws/install/share/village_li/package.dsv'
[1.885s] INFO:colcon.colcon_core.shell:Creating package script '/home/sto-technology/pro/ros2_pro/town_ws/install/share/village_li/package.sh'
[1.886s] INFO:colcon.colcon_core.shell:Creating package script '/home/sto-technology/pro/ros2_pro/town_ws/install/share/village_li/package.bash'
[1.886s] INFO:colcon.colcon_core.shell:Creating package script '/home/sto-technology/pro/ros2_pro/town_ws/install/share/village_li/package.zsh'
[1.886s] Level 1:colcon.colcon_core.environment:create_file_with_runtime_dependencies(/home/sto-technology/pro/ros2_pro/town_ws/install/share/colcon-core/packages/village_li)
[1.887s] Level 1:colcon.colcon_core.shell:create_environment_hook('mycar', 'pythonpath_develop')
[1.888s] INFO:colcon.colcon_core.shell:Creating environment hook '/home/sto-technology/pro/ros2_pro/town_ws/build/mycar/share/mycar/hook/pythonpath_develop.ps1'
[1.889s] DEBUG:colcon.colcon_core.event_handler.log_command:Invoked command in '/home/sto-technology/pro/ros2_pro/town_ws/build/mycar' returned '0': PYTHONPATH=/home/sto-technology/pro/ros2_pro/town_ws/install/lib/python3.8/site-packages:${PYTHONPATH} /usr/bin/python3 setup.py develop --prefix /home/sto-technology/pro/ros2_pro/town_ws/install --editable --build-directory /home/sto-technology/pro/ros2_pro/town_ws/build/mycar/build --no-deps install_data --install-dir /home/sto-technology/pro/ros2_pro/town_ws/install
[1.889s] INFO:colcon.colcon_core.shell:Creating environment descriptor '/home/sto-technology/pro/ros2_pro/town_ws/build/mycar/share/mycar/hook/pythonpath_develop.dsv'
[1.889s] INFO:colcon.colcon_core.shell:Creating environment hook '/home/sto-technology/pro/ros2_pro/town_ws/build/mycar/share/mycar/hook/pythonpath_develop.sh'
[1.890s] Level 1:colcon.colcon_core.environment:checking '/home/sto-technology/pro/ros2_pro/town_ws/install' for CMake module files
[1.890s] Level 1:colcon.colcon_core.environment:checking '/home/sto-technology/pro/ros2_pro/town_ws/install' for CMake config files
[1.891s] Level 1:colcon.colcon_core.shell:create_environment_hook('mycar', 'cmake_prefix_path')
[1.891s] INFO:colcon.colcon_core.shell:Creating environment hook '/home/sto-technology/pro/ros2_pro/town_ws/install/share/mycar/hook/cmake_prefix_path.ps1'
[1.892s] INFO:colcon.colcon_core.shell:Creating environment descriptor '/home/sto-technology/pro/ros2_pro/town_ws/install/share/mycar/hook/cmake_prefix_path.dsv'
[1.892s] INFO:colcon.colcon_core.shell:Creating environment hook '/home/sto-technology/pro/ros2_pro/town_ws/install/share/mycar/hook/cmake_prefix_path.sh'
[1.892s] Level 1:colcon.colcon_core.environment:checking '/home/sto-technology/pro/ros2_pro/town_ws/install/lib'
[1.892s] Level 1:colcon.colcon_core.shell:create_environment_hook('mycar', 'ld_library_path_lib')
[1.893s] INFO:colcon.colcon_core.shell:Creating environment hook '/home/sto-technology/pro/ros2_pro/town_ws/install/share/mycar/hook/ld_library_path_lib.ps1'
[1.893s] INFO:colcon.colcon_core.shell:Creating environment descriptor '/home/sto-technology/pro/ros2_pro/town_ws/install/share/mycar/hook/ld_library_path_lib.dsv'
[1.893s] INFO:colcon.colcon_core.shell:Creating environment hook '/home/sto-technology/pro/ros2_pro/town_ws/install/share/mycar/hook/ld_library_path_lib.sh'
[1.894s] Level 1:colcon.colcon_core.environment:checking '/home/sto-technology/pro/ros2_pro/town_ws/install/bin'
[1.894s] Level 1:colcon.colcon_core.environment:checking '/home/sto-technology/pro/ros2_pro/town_ws/install/lib/pkgconfig/mycar.pc'
[1.894s] Level 1:colcon.colcon_core.environment:checking '/home/sto-technology/pro/ros2_pro/town_ws/install/lib/python3.8/site-packages'
[1.894s] Level 1:colcon.colcon_core.shell:create_environment_hook('mycar', 'pythonpath')
[1.894s] INFO:colcon.colcon_core.shell:Creating environment hook '/home/sto-technology/pro/ros2_pro/town_ws/install/share/mycar/hook/pythonpath.ps1'
[1.894s] INFO:colcon.colcon_core.shell:Creating environment descriptor '/home/sto-technology/pro/ros2_pro/town_ws/install/share/mycar/hook/pythonpath.dsv'
[1.895s] INFO:colcon.colcon_core.shell:Creating environment hook '/home/sto-technology/pro/ros2_pro/town_ws/install/share/mycar/hook/pythonpath.sh'
[1.895s] Level 1:colcon.colcon_core.environment:create_environment_scripts_only(mycar)
[1.896s] INFO:colcon.colcon_core.shell:Creating package script '/home/sto-technology/pro/ros2_pro/town_ws/install/share/mycar/package.ps1'
[1.896s] INFO:colcon.colcon_core.shell:Creating package descriptor '/home/sto-technology/pro/ros2_pro/town_ws/install/share/mycar/package.dsv'
[1.897s] INFO:colcon.colcon_core.shell:Creating package script '/home/sto-technology/pro/ros2_pro/town_ws/install/share/mycar/package.sh'
[1.897s] INFO:colcon.colcon_core.shell:Creating package script '/home/sto-technology/pro/ros2_pro/town_ws/install/share/mycar/package.bash'
[1.898s] INFO:colcon.colcon_core.shell:Creating package script '/home/sto-technology/pro/ros2_pro/town_ws/install/share/mycar/package.zsh'
[1.898s] Level 1:colcon.colcon_core.environment:create_file_with_runtime_dependencies(/home/sto-technology/pro/ros2_pro/town_ws/install/share/colcon-core/packages/mycar)
[1.898s] Level 1:colcon.colcon_core.shell:create_environment_hook('vilige_zhang', 'pythonpath_develop')
[1.899s] INFO:colcon.colcon_core.shell:Creating environment hook '/home/sto-technology/pro/ros2_pro/town_ws/build/vilige_zhang/share/vilige_zhang/hook/pythonpath_develop.ps1'
[1.899s] INFO:colcon.colcon_core.shell:Creating environment descriptor '/home/sto-technology/pro/ros2_pro/town_ws/build/vilige_zhang/share/vilige_zhang/hook/pythonpath_develop.dsv'
[1.900s] DEBUG:colcon.colcon_core.event_handler.log_command:Invoked command in '/home/sto-technology/pro/ros2_pro/town_ws/build/vilige_zhang' returned '0': PYTHONPATH=/home/sto-technology/pro/ros2_pro/town_ws/install/lib/python3.8/site-packages:${PYTHONPATH} /usr/bin/python3 setup.py develop --prefix /home/sto-technology/pro/ros2_pro/town_ws/install --editable --build-directory /home/sto-technology/pro/ros2_pro/town_ws/build/vilige_zhang/build --no-deps install_data --install-dir /home/sto-technology/pro/ros2_pro/town_ws/install
[1.900s] INFO:colcon.colcon_core.shell:Creating environment hook '/home/sto-technology/pro/ros2_pro/town_ws/build/vilige_zhang/share/vilige_zhang/hook/pythonpath_develop.sh'
[1.901s] Level 1:colcon.colcon_core.environment:checking '/home/sto-technology/pro/ros2_pro/town_ws/install' for CMake module files
[1.902s] Level 1:colcon.colcon_core.environment:checking '/home/sto-technology/pro/ros2_pro/town_ws/install' for CMake config files
[1.903s] Level 1:colcon.colcon_core.shell:create_environment_hook('vilige_zhang', 'cmake_prefix_path')
[1.903s] INFO:colcon.colcon_core.shell:Creating environment hook '/home/sto-technology/pro/ros2_pro/town_ws/install/share/vilige_zhang/hook/cmake_prefix_path.ps1'
[1.904s] INFO:colcon.colcon_core.shell:Creating environment descriptor '/home/sto-technology/pro/ros2_pro/town_ws/install/share/vilige_zhang/hook/cmake_prefix_path.dsv'
[1.904s] INFO:colcon.colcon_core.shell:Creating environment hook '/home/sto-technology/pro/ros2_pro/town_ws/install/share/vilige_zhang/hook/cmake_prefix_path.sh'
[1.905s] Level 1:colcon.colcon_core.environment:checking '/home/sto-technology/pro/ros2_pro/town_ws/install/lib'
[1.905s] Level 1:colcon.colcon_core.shell:create_environment_hook('vilige_zhang', 'ld_library_path_lib')
[1.905s] INFO:colcon.colcon_core.shell:Creating environment hook '/home/sto-technology/pro/ros2_pro/town_ws/install/share/vilige_zhang/hook/ld_library_path_lib.ps1'
[1.906s] INFO:colcon.colcon_core.shell:Creating environment descriptor '/home/sto-technology/pro/ros2_pro/town_ws/install/share/vilige_zhang/hook/ld_library_path_lib.dsv'
[1.906s] INFO:colcon.colcon_core.shell:Creating environment hook '/home/sto-technology/pro/ros2_pro/town_ws/install/share/vilige_zhang/hook/ld_library_path_lib.sh'
[1.906s] Level 1:colcon.colcon_core.environment:checking '/home/sto-technology/pro/ros2_pro/town_ws/install/bin'
[1.906s] Level 1:colcon.colcon_core.environment:checking '/home/sto-technology/pro/ros2_pro/town_ws/install/lib/pkgconfig/vilige_zhang.pc'
[1.906s] Level 1:colcon.colcon_core.environment:checking '/home/sto-technology/pro/ros2_pro/town_ws/install/lib/python3.8/site-packages'
[1.906s] Level 1:colcon.colcon_core.shell:create_environment_hook('vilige_zhang', 'pythonpath')
[1.907s] INFO:colcon.colcon_core.shell:Creating environment hook '/home/sto-technology/pro/ros2_pro/town_ws/install/share/vilige_zhang/hook/pythonpath.ps1'
[1.907s] INFO:colcon.colcon_core.shell:Creating environment descriptor '/home/sto-technology/pro/ros2_pro/town_ws/install/share/vilige_zhang/hook/pythonpath.dsv'
[1.907s] INFO:colcon.colcon_core.shell:Creating environment hook '/home/sto-technology/pro/ros2_pro/town_ws/install/share/vilige_zhang/hook/pythonpath.sh'
[1.908s] Level 1:colcon.colcon_core.environment:create_environment_scripts_only(vilige_zhang)
[1.908s] INFO:colcon.colcon_core.shell:Creating package script '/home/sto-technology/pro/ros2_pro/town_ws/install/share/vilige_zhang/package.ps1'
[1.909s] INFO:colcon.colcon_core.shell:Creating package descriptor '/home/sto-technology/pro/ros2_pro/town_ws/install/share/vilige_zhang/package.dsv'
[1.909s] INFO:colcon.colcon_core.shell:Creating package script '/home/sto-technology/pro/ros2_pro/town_ws/install/share/vilige_zhang/package.sh'
[1.910s] INFO:colcon.colcon_core.shell:Creating package script '/home/sto-technology/pro/ros2_pro/town_ws/install/share/vilige_zhang/package.bash'
[1.910s] INFO:colcon.colcon_core.shell:Creating package script '/home/sto-technology/pro/ros2_pro/town_ws/install/share/vilige_zhang/package.zsh'
[1.910s] Level 1:colcon.colcon_core.environment:create_file_with_runtime_dependencies(/home/sto-technology/pro/ros2_pro/town_ws/install/share/colcon-core/packages/vilige_zhang)
[1.911s] DEBUG:colcon.colcon_parallel_executor.executor.parallel:closing loop
[1.911s] DEBUG:colcon.colcon_parallel_executor.executor.parallel:loop closed
[1.911s] DEBUG:colcon.colcon_parallel_executor.executor.parallel:run_until_complete finished with '0'
[1.911s] DEBUG:colcon.colcon_core.event_reactor:joining thread
[1.917s] INFO:colcon.colcon_core.plugin_system:Skipping extension 'colcon_notification.desktop_notification.terminal_notifier': Not used on non-Darwin systems
[1.917s] INFO:colcon.colcon_core.plugin_system:Skipping extension 'colcon_notification.desktop_notification.win32': Not used on non-Windows systems
[1.917s] INFO:colcon.colcon_notification.desktop_notification:Sending desktop notification using 'notify2'
[1.929s] DEBUG:colcon.colcon_core.event_reactor:joined thread
[1.929s] INFO:colcon.colcon_core.shell:Creating prefix script '/home/sto-technology/pro/ros2_pro/town_ws/install/local_setup.ps1'
[1.930s] INFO:colcon.colcon_core.shell:Creating prefix util module '/home/sto-technology/pro/ros2_pro/town_ws/install/_local_setup_util_ps1.py'
[1.932s] INFO:colcon.colcon_core.shell:Creating prefix chain script '/home/sto-technology/pro/ros2_pro/town_ws/install/setup.ps1'
[1.933s] INFO:colcon.colcon_core.shell:Creating prefix script '/home/sto-technology/pro/ros2_pro/town_ws/install/local_setup.sh'
[1.933s] INFO:colcon.colcon_core.shell:Creating prefix util module '/home/sto-technology/pro/ros2_pro/town_ws/install/_local_setup_util_sh.py'
[1.934s] INFO:colcon.colcon_core.shell:Creating prefix chain script '/home/sto-technology/pro/ros2_pro/town_ws/install/setup.sh'
[1.935s] INFO:colcon.colcon_core.shell:Creating prefix script '/home/sto-technology/pro/ros2_pro/town_ws/install/local_setup.bash'
[1.935s] INFO:colcon.colcon_core.shell:Creating prefix chain script '/home/sto-technology/pro/ros2_pro/town_ws/install/setup.bash'
[1.936s] INFO:colcon.colcon_core.shell:Creating prefix script '/home/sto-technology/pro/ros2_pro/town_ws/install/local_setup.zsh'
[1.937s] INFO:colcon.colcon_core.shell:Creating prefix chain script '/home/sto-technology/pro/ros2_pro/town_ws/install/setup.zsh'
