[ 10%] Built target village_interface__rosidl_generator_c
[ 12%] Built target village_interface__cpp
[ 23%] Built target village_interface__rosidl_typesupport_c
[ 38%] Built target village_interface__rosidl_typesupport_cpp
[ 44%] Built target village_interface__rosidl_typesupport_introspection_cpp
[ 55%] Built target village_interface__rosidl_typesupport_introspection_c
[ 65%] Built target village_interface__rosidl_typesupport_fastrtps_cpp
[ 76%] Built target village_interface__rosidl_typesupport_fastrtps_c
[ 76%] Built target village_interface
[ 78%] Built target village_interface__py
[ 87%] Built target village_interface__python
[ 91%] Built target village_interface__rosidl_typesupport_introspection_c__pyext
[ 95%] Built target village_interface__rosidl_typesupport_c__pyext
[100%] Built target village_interface__rosidl_typesupport_fastrtps_c__pyext
-- Install configuration: "RelWithDebInfo"
-- Execute custom install script
-- Up-to-date symlink: /home/sto-technology/pro/ros2_pro/town_ws/install/share/ament_index/resource_index/rosidl_interfaces/village_interface
-- Up-to-date symlink: /home/sto-technology/pro/ros2_pro/town_ws/install/include/village_interface/msg/detail/novel__functions.h
-- Up-to-date symlink: /home/sto-technology/pro/ros2_pro/town_ws/install/include/village_interface/msg/detail/novel__struct.h
-- Up-to-date symlink: /home/sto-technology/pro/ros2_pro/town_ws/install/include/village_interface/msg/detail/novel__type_support.h
-- Up-to-date symlink: /home/sto-technology/pro/ros2_pro/town_ws/install/include/village_interface/msg/novel.h
-- Up-to-date symlink: /home/sto-technology/pro/ros2_pro/town_ws/install/include/village_interface/msg/rosidl_generator_c__visibility_control.h
-- Up-to-date symlink: /home/sto-technology/pro/ros2_pro/town_ws/install/include/village_interface/srv/buybooks.h
-- Up-to-date symlink: /home/sto-technology/pro/ros2_pro/town_ws/install/include/village_interface/srv/detail/buybooks__functions.h
-- Up-to-date symlink: /home/sto-technology/pro/ros2_pro/town_ws/install/include/village_interface/srv/detail/buybooks__struct.h
-- Up-to-date symlink: /home/sto-technology/pro/ros2_pro/town_ws/install/include/village_interface/srv/detail/buybooks__type_support.h
-- Up-to-date symlink: /home/sto-technology/pro/ros2_pro/town_ws/install/include/village_interface/srv/detail/money__functions.h
-- Up-to-date symlink: /home/sto-technology/pro/ros2_pro/town_ws/install/include/village_interface/srv/detail/money__struct.h
-- Up-to-date symlink: /home/sto-technology/pro/ros2_pro/town_ws/install/include/village_interface/srv/detail/money__type_support.h
-- Up-to-date symlink: /home/sto-technology/pro/ros2_pro/town_ws/install/include/village_interface/srv/money.h
-- Up-to-date symlink: /home/sto-technology/pro/ros2_pro/town_ws/install/share/village_interface/environment/library_path.sh
-- Up-to-date symlink: /home/sto-technology/pro/ros2_pro/town_ws/install/share/village_interface/environment/library_path.dsv
-- Up-to-date symlink: /home/sto-technology/pro/ros2_pro/town_ws/install/include/village_interface/msg/detail/novel__rosidl_typesupport_fastrtps_c.h
-- Up-to-date symlink: /home/sto-technology/pro/ros2_pro/town_ws/install/include/village_interface/msg/rosidl_typesupport_fastrtps_c__visibility_control.h
-- Up-to-date symlink: /home/sto-technology/pro/ros2_pro/town_ws/install/include/village_interface/srv/detail/buybooks__rosidl_typesupport_fastrtps_c.h
-- Up-to-date symlink: /home/sto-technology/pro/ros2_pro/town_ws/install/include/village_interface/srv/detail/money__rosidl_typesupport_fastrtps_c.h
-- Up-to-date symlink: /home/sto-technology/pro/ros2_pro/town_ws/install/lib/libvillage_interface__rosidl_typesupport_fastrtps_c.so
-- Up-to-date symlink: /home/sto-technology/pro/ros2_pro/town_ws/install/include/village_interface/msg/detail/novel__rosidl_typesupport_fastrtps_cpp.hpp
-- Up-to-date symlink: /home/sto-technology/pro/ros2_pro/town_ws/install/include/village_interface/msg/rosidl_typesupport_fastrtps_cpp__visibility_control.h
-- Up-to-date symlink: /home/sto-technology/pro/ros2_pro/town_ws/install/include/village_interface/srv/detail/buybooks__rosidl_typesupport_fastrtps_cpp.hpp
-- Up-to-date symlink: /home/sto-technology/pro/ros2_pro/town_ws/install/include/village_interface/srv/detail/money__rosidl_typesupport_fastrtps_cpp.hpp
-- Up-to-date symlink: /home/sto-technology/pro/ros2_pro/town_ws/install/lib/libvillage_interface__rosidl_typesupport_fastrtps_cpp.so
-- Up-to-date symlink: /home/sto-technology/pro/ros2_pro/town_ws/install/include/village_interface/msg/detail/novel__rosidl_typesupport_introspection_c.h
-- Up-to-date symlink: /home/sto-technology/pro/ros2_pro/town_ws/install/include/village_interface/msg/rosidl_typesupport_introspection_c__visibility_control.h
-- Up-to-date symlink: /home/sto-technology/pro/ros2_pro/town_ws/install/include/village_interface/srv/detail/buybooks__rosidl_typesupport_introspection_c.h
-- Up-to-date symlink: /home/sto-technology/pro/ros2_pro/town_ws/install/include/village_interface/srv/detail/money__rosidl_typesupport_introspection_c.h
-- Up-to-date symlink: /home/sto-technology/pro/ros2_pro/town_ws/install/include/village_interface/msg/detail/novel__builder.hpp
-- Up-to-date symlink: /home/sto-technology/pro/ros2_pro/town_ws/install/include/village_interface/msg/detail/novel__struct.hpp
-- Up-to-date symlink: /home/sto-technology/pro/ros2_pro/town_ws/install/include/village_interface/msg/detail/novel__traits.hpp
-- Up-to-date symlink: /home/sto-technology/pro/ros2_pro/town_ws/install/include/village_interface/msg/novel.hpp
-- Up-to-date symlink: /home/sto-technology/pro/ros2_pro/town_ws/install/include/village_interface/srv/buybooks.hpp
-- Up-to-date symlink: /home/sto-technology/pro/ros2_pro/town_ws/install/include/village_interface/srv/detail/buybooks__builder.hpp
-- Up-to-date symlink: /home/sto-technology/pro/ros2_pro/town_ws/install/include/village_interface/srv/detail/buybooks__struct.hpp
-- Up-to-date symlink: /home/sto-technology/pro/ros2_pro/town_ws/install/include/village_interface/srv/detail/buybooks__traits.hpp
-- Up-to-date symlink: /home/sto-technology/pro/ros2_pro/town_ws/install/include/village_interface/srv/detail/money__builder.hpp
-- Up-to-date symlink: /home/sto-technology/pro/ros2_pro/town_ws/install/include/village_interface/srv/detail/money__struct.hpp
-- Up-to-date symlink: /home/sto-technology/pro/ros2_pro/town_ws/install/include/village_interface/srv/detail/money__traits.hpp
-- Up-to-date symlink: /home/sto-technology/pro/ros2_pro/town_ws/install/include/village_interface/srv/money.hpp
-- Up-to-date symlink: /home/sto-technology/pro/ros2_pro/town_ws/install/include/village_interface/msg/detail/novel__rosidl_typesupport_introspection_cpp.hpp
-- Up-to-date symlink: /home/sto-technology/pro/ros2_pro/town_ws/install/include/village_interface/srv/detail/buybooks__rosidl_typesupport_introspection_cpp.hpp
-- Up-to-date symlink: /home/sto-technology/pro/ros2_pro/town_ws/install/include/village_interface/srv/detail/money__rosidl_typesupport_introspection_cpp.hpp
-- Up-to-date symlink: /home/sto-technology/pro/ros2_pro/town_ws/install/share/village_interface/environment/pythonpath.sh
-- Up-to-date symlink: /home/sto-technology/pro/ros2_pro/town_ws/install/share/village_interface/environment/pythonpath.dsv
-- Up-to-date symlink: /home/sto-technology/pro/ros2_pro/town_ws/install/lib/python3.8/site-packages/village_interface/__init__.py
-- Up-to-date symlink: /home/sto-technology/pro/ros2_pro/town_ws/install/lib/python3.8/site-packages/village_interface/msg/__init__.py
-- Up-to-date symlink: /home/sto-technology/pro/ros2_pro/town_ws/install/lib/python3.8/site-packages/village_interface/msg/_novel.py
-- Up-to-date symlink: /home/sto-technology/pro/ros2_pro/town_ws/install/lib/python3.8/site-packages/village_interface/srv/__init__.py
-- Up-to-date symlink: /home/sto-technology/pro/ros2_pro/town_ws/install/lib/python3.8/site-packages/village_interface/srv/_buybooks.py
-- Up-to-date symlink: /home/sto-technology/pro/ros2_pro/town_ws/install/lib/python3.8/site-packages/village_interface/srv/_money.py
-- Up-to-date symlink: /home/sto-technology/pro/ros2_pro/town_ws/install/lib/python3.8/site-packages/village_interface/village_interface_s__rosidl_typesupport_fastrtps_c.cpython-38-x86_64-linux-gnu.so
-- Up-to-date symlink: /home/sto-technology/pro/ros2_pro/town_ws/install/lib/python3.8/site-packages/village_interface/village_interface_s__rosidl_typesupport_introspection_c.cpython-38-x86_64-linux-gnu.so
-- Up-to-date symlink: /home/sto-technology/pro/ros2_pro/town_ws/install/lib/python3.8/site-packages/village_interface/village_interface_s__rosidl_typesupport_c.cpython-38-x86_64-linux-gnu.so
-- Up-to-date symlink: /home/sto-technology/pro/ros2_pro/town_ws/install/lib/libvillage_interface__python.so
-- Up-to-date symlink: /home/sto-technology/pro/ros2_pro/town_ws/install/share/village_interface/msg/Novel.idl
-- Up-to-date symlink: /home/sto-technology/pro/ros2_pro/town_ws/install/share/village_interface/srv/Money.idl
-- Up-to-date symlink: /home/sto-technology/pro/ros2_pro/town_ws/install/share/village_interface/srv/Buybooks.idl
-- Up-to-date symlink: /home/sto-technology/pro/ros2_pro/town_ws/install/share/village_interface/msg/Novel.msg
-- Up-to-date symlink: /home/sto-technology/pro/ros2_pro/town_ws/install/share/village_interface/srv/Money.srv
-- Up-to-date symlink: /home/sto-technology/pro/ros2_pro/town_ws/install/share/village_interface/srv/Money_Request.msg
-- Up-to-date symlink: /home/sto-technology/pro/ros2_pro/town_ws/install/share/village_interface/srv/Money_Response.msg
-- Up-to-date symlink: /home/sto-technology/pro/ros2_pro/town_ws/install/share/village_interface/srv/Buybooks.srv
-- Up-to-date symlink: /home/sto-technology/pro/ros2_pro/town_ws/install/share/village_interface/srv/Buybooks_Request.msg
-- Up-to-date symlink: /home/sto-technology/pro/ros2_pro/town_ws/install/share/village_interface/srv/Buybooks_Response.msg
-- Up-to-date symlink: /home/sto-technology/pro/ros2_pro/town_ws/install/share/ament_index/resource_index/package_run_dependencies/village_interface
-- Up-to-date symlink: /home/sto-technology/pro/ros2_pro/town_ws/install/share/ament_index/resource_index/parent_prefix_path/village_interface
-- Up-to-date symlink: /home/sto-technology/pro/ros2_pro/town_ws/install/share/village_interface/environment/ament_prefix_path.sh
-- Up-to-date symlink: /home/sto-technology/pro/ros2_pro/town_ws/install/share/village_interface/environment/ament_prefix_path.dsv
-- Up-to-date symlink: /home/sto-technology/pro/ros2_pro/town_ws/install/share/village_interface/environment/path.sh
-- Up-to-date symlink: /home/sto-technology/pro/ros2_pro/town_ws/install/share/village_interface/environment/path.dsv
-- Up-to-date symlink: /home/sto-technology/pro/ros2_pro/town_ws/install/share/village_interface/local_setup.bash
-- Up-to-date symlink: /home/sto-technology/pro/ros2_pro/town_ws/install/share/village_interface/local_setup.sh
-- Up-to-date symlink: /home/sto-technology/pro/ros2_pro/town_ws/install/share/village_interface/local_setup.zsh
-- Up-to-date symlink: /home/sto-technology/pro/ros2_pro/town_ws/install/share/village_interface/local_setup.dsv
-- Symlinking: /home/sto-technology/pro/ros2_pro/town_ws/install/share/village_interface/package.dsv
-- Up-to-date symlink: /home/sto-technology/pro/ros2_pro/town_ws/install/share/ament_index/resource_index/packages/village_interface
-- Up-to-date symlink: /home/sto-technology/pro/ros2_pro/town_ws/install/share/village_interface/cmake/rosidl_cmake-extras.cmake
-- Up-to-date symlink: /home/sto-technology/pro/ros2_pro/town_ws/install/share/village_interface/cmake/ament_cmake_export_dependencies-extras.cmake
-- Up-to-date symlink: /home/sto-technology/pro/ros2_pro/town_ws/install/share/village_interface/cmake/ament_cmake_export_libraries-extras.cmake
-- Up-to-date symlink: /home/sto-technology/pro/ros2_pro/town_ws/install/share/village_interface/cmake/ament_cmake_export_targets-extras.cmake
-- Up-to-date symlink: /home/sto-technology/pro/ros2_pro/town_ws/install/share/village_interface/cmake/ament_cmake_export_include_directories-extras.cmake
-- Up-to-date symlink: /home/sto-technology/pro/ros2_pro/town_ws/install/share/village_interface/cmake/rosidl_cmake_export_typesupport_libraries-extras.cmake
-- Up-to-date symlink: /home/sto-technology/pro/ros2_pro/town_ws/install/share/village_interface/cmake/rosidl_cmake_export_typesupport_targets-extras.cmake
-- Up-to-date symlink: /home/sto-technology/pro/ros2_pro/town_ws/install/share/village_interface/cmake/village_interfaceConfig.cmake
-- Up-to-date symlink: /home/sto-technology/pro/ros2_pro/town_ws/install/share/village_interface/cmake/village_interfaceConfig-version.cmake
-- Up-to-date symlink: /home/sto-technology/pro/ros2_pro/town_ws/install/share/village_interface/package.xml
-- Up-to-date: /home/sto-technology/pro/ros2_pro/town_ws/install/lib/libvillage_interface__rosidl_generator_c.so
-- Up-to-date: /home/sto-technology/pro/ros2_pro/town_ws/install/lib/libvillage_interface__rosidl_typesupport_introspection_c.so
-- Up-to-date: /home/sto-technology/pro/ros2_pro/town_ws/install/lib/libvillage_interface__rosidl_typesupport_c.so
-- Up-to-date: /home/sto-technology/pro/ros2_pro/town_ws/install/lib/libvillage_interface__rosidl_typesupport_introspection_cpp.so
-- Up-to-date: /home/sto-technology/pro/ros2_pro/town_ws/install/lib/libvillage_interface__rosidl_typesupport_cpp.so
-- Up-to-date: /home/sto-technology/pro/ros2_pro/town_ws/install/share/village_interface/cmake/village_interface__rosidl_generator_cExport.cmake
-- Up-to-date: /home/sto-technology/pro/ros2_pro/town_ws/install/share/village_interface/cmake/village_interface__rosidl_generator_cExport-relwithdebinfo.cmake
-- Up-to-date: /home/sto-technology/pro/ros2_pro/town_ws/install/share/village_interface/cmake/village_interface__rosidl_typesupport_introspection_cExport.cmake
-- Up-to-date: /home/sto-technology/pro/ros2_pro/town_ws/install/share/village_interface/cmake/village_interface__rosidl_typesupport_introspection_cExport-relwithdebinfo.cmake
-- Up-to-date: /home/sto-technology/pro/ros2_pro/town_ws/install/share/village_interface/cmake/village_interface__rosidl_typesupport_cExport.cmake
-- Up-to-date: /home/sto-technology/pro/ros2_pro/town_ws/install/share/village_interface/cmake/village_interface__rosidl_typesupport_cExport-relwithdebinfo.cmake
-- Up-to-date: /home/sto-technology/pro/ros2_pro/town_ws/install/share/village_interface/cmake/village_interface__rosidl_generator_cppExport.cmake
-- Up-to-date: /home/sto-technology/pro/ros2_pro/town_ws/install/share/village_interface/cmake/village_interface__rosidl_typesupport_introspection_cppExport.cmake
-- Up-to-date: /home/sto-technology/pro/ros2_pro/town_ws/install/share/village_interface/cmake/village_interface__rosidl_typesupport_introspection_cppExport-relwithdebinfo.cmake
-- Up-to-date: /home/sto-technology/pro/ros2_pro/town_ws/install/share/village_interface/cmake/village_interface__rosidl_typesupport_cppExport.cmake
-- Up-to-date: /home/sto-technology/pro/ros2_pro/town_ws/install/share/village_interface/cmake/village_interface__rosidl_typesupport_cppExport-relwithdebinfo.cmake
