[0.225s] Invoking command in '/home/sto-technology/pro/ros2_pro/town_ws/build/village_interface': CMAKE_PREFIX_PATH=/opt/ros/foxy /usr/bin/cmake --build /home/sto-technology/pro/ros2_pro/town_ws/build/village_interface -- -j8 -l8
[0.439s] -- Found ament_cmake: 0.9.9 (/opt/ros/foxy/share/ament_cmake/cmake)
[0.439s] -- Using PYTHON_EXECUTABLE: /usr/bin/python3
[0.439s] -- Override CMake install command with custom implementation using symlinks instead of copying resources
[0.440s] -- Found sensor_msgs: 2.0.4 (/opt/ros/foxy/share/sensor_msgs/cmake)
[0.457s] -- Using all available rosidl_typesupport_c: rosidl_typesupport_fastrtps_c;rosidl_typesupport_introspection_c
[0.459s] -- Found rosidl_adapter: 1.2.1 (/opt/ros/foxy/share/rosidl_adapter/cmake)
[0.565s] -- Using all available rosidl_typesupport_cpp: rosidl_typesupport_fastrtps_cpp;rosidl_typesupport_introspection_cpp
[0.741s] -- Found rosidl_default_generators: 1.0.1 (/opt/ros/foxy/share/rosidl_default_generators/cmake)
[0.750s] -- Found ament_lint_auto: 0.9.6 (/opt/ros/foxy/share/ament_lint_auto/cmake)
[0.843s] -- Found PythonInterp: /usr/bin/python3 (found version "3.8.10") 
[0.986s] -- Found ament_cmake_ros: 0.9.2 (/opt/ros/foxy/share/ament_cmake_ros/cmake)
[1.252s] -- Using all available rosidl_typesupport_c: rosidl_typesupport_fastrtps_c;rosidl_typesupport_introspection_c
[1.404s] -- Using all available rosidl_typesupport_cpp: rosidl_typesupport_fastrtps_cpp;rosidl_typesupport_introspection_cpp
[1.427s] -- Found PythonInterp: /usr/bin/python3 (found suitable version "3.8.10", minimum required is "3.5") 
[1.427s] -- Found python_cmake_module: 0.8.1 (/opt/ros/foxy/share/python_cmake_module/cmake)
[1.448s] -- Using PYTHON_EXECUTABLE: /usr/bin/python3
[1.448s] -- Using PYTHON_INCLUDE_DIRS: /usr/include/python3.8
[1.448s] -- Using PYTHON_LIBRARIES: /usr/lib/x86_64-linux-gnu/libpython3.8.so
[1.515s] -- Added test 'copyright' to check source files copyright and LICENSE
[1.516s] -- Added test 'lint_cmake' to check CMake code style
[1.517s] -- Added test 'xmllint' to check XML markup files
[1.524s] -- Configuring done
[1.599s] -- Generating done
[1.603s] -- Build files have been written to: /home/sto-technology/pro/ros2_pro/town_ws/build/village_interface
[1.625s] [35m[1mScanning dependencies of target village_interface__cpp[0m
[1.627s] [  2%] [34m[1mGenerating C code for ROS interfaces[0m
[1.638s] [  5%] [34m[1mGenerating C++ code for ROS interfaces[0m
[1.900s] [35m[1mScanning dependencies of target village_interface__rosidl_generator_c[0m
[1.907s] [  5%] Built target village_interface__cpp
[1.913s] [  7%] [32mBuilding C object CMakeFiles/village_interface__rosidl_generator_c.dir/rosidl_generator_c/village_interface/msg/detail/novel__functions.c.o[0m
[1.913s] [ 10%] [32mBuilding C object CMakeFiles/village_interface__rosidl_generator_c.dir/rosidl_generator_c/village_interface/srv/detail/money__functions.c.o[0m
[1.919s] [ 12%] [34m[1mGenerating C++ introspection for ROS interfaces[0m
[1.921s] [ 15%] [34m[1mGenerating C++ type support for eProsima Fast-RTPS[0m
[1.921s] [ 17%] [34m[1mGenerating C++ type support dispatch for ROS interfaces[0m
[2.025s] [ 20%] [32m[1mLinking C shared library libvillage_interface__rosidl_generator_c.so[0m
[2.069s] [ 20%] Built target village_interface__rosidl_generator_c
[2.081s] [ 23%] [34m[1mGenerating C introspection for ROS interfaces[0m
[2.082s] [ 25%] [34m[1mGenerating C type support dispatch for ROS interfaces[0m
[2.151s] [35m[1mScanning dependencies of target village_interface__rosidl_typesupport_cpp[0m
[2.166s] [ 28%] [32mBuilding CXX object CMakeFiles/village_interface__rosidl_typesupport_cpp.dir/rosidl_typesupport_cpp/village_interface/msg/novel__type_support.cpp.o[0m
[2.169s] [ 30%] [32mBuilding CXX object CMakeFiles/village_interface__rosidl_typesupport_cpp.dir/rosidl_typesupport_cpp/village_interface/srv/money__type_support.cpp.o[0m
[2.236s] [35m[1mScanning dependencies of target village_interface__rosidl_typesupport_fastrtps_cpp[0m
[2.272s] [ 35%] [32mBuilding CXX object CMakeFiles/village_interface__rosidl_typesupport_fastrtps_cpp.dir/rosidl_typesupport_fastrtps_cpp/village_interface/msg/detail/dds_fastrtps/novel__type_support.cpp.o[0m
[2.272s] [ 35%] [32mBuilding CXX object CMakeFiles/village_interface__rosidl_typesupport_fastrtps_cpp.dir/rosidl_typesupport_fastrtps_cpp/village_interface/srv/detail/dds_fastrtps/money__type_support.cpp.o[0m
[2.287s] [35m[1mScanning dependencies of target village_interface__rosidl_typesupport_introspection_cpp[0m
[2.316s] [ 38%] [32mBuilding CXX object CMakeFiles/village_interface__rosidl_typesupport_introspection_cpp.dir/rosidl_typesupport_introspection_cpp/village_interface/srv/detail/money__type_support.cpp.o[0m
[2.319s] [ 41%] [32mBuilding CXX object CMakeFiles/village_interface__rosidl_typesupport_introspection_cpp.dir/rosidl_typesupport_introspection_cpp/village_interface/msg/detail/novel__type_support.cpp.o[0m
[2.457s] [35m[1mScanning dependencies of target village_interface__rosidl_typesupport_c[0m
[2.497s] [35m[1mScanning dependencies of target village_interface__rosidl_typesupport_introspection_c[0m
[2.499s] [ 43%] [32mBuilding CXX object CMakeFiles/village_interface__rosidl_typesupport_c.dir/rosidl_typesupport_c/village_interface/msg/novel__type_support.cpp.o[0m
[2.537s] [ 46%] [32mBuilding C object CMakeFiles/village_interface__rosidl_typesupport_introspection_c.dir/rosidl_typesupport_introspection_c/village_interface/msg/detail/novel__type_support.c.o[0m
[2.579s] [ 48%] [32mBuilding CXX object CMakeFiles/village_interface__rosidl_typesupport_c.dir/rosidl_typesupport_c/village_interface/srv/money__type_support.cpp.o[0m
[2.597s] [ 51%] [32mBuilding C object CMakeFiles/village_interface__rosidl_typesupport_introspection_c.dir/rosidl_typesupport_introspection_c/village_interface/srv/detail/money__type_support.c.o[0m
[2.641s] [ 53%] [32m[1mLinking CXX shared library libvillage_interface__rosidl_typesupport_cpp.so[0m
[2.641s] [ 56%] [32m[1mLinking CXX shared library libvillage_interface__rosidl_typesupport_c.so[0m
[2.664s] [ 58%] [32m[1mLinking C shared library libvillage_interface__rosidl_typesupport_introspection_c.so[0m
[2.713s] [ 58%] Built target village_interface__rosidl_typesupport_cpp
[2.722s] [ 58%] Built target village_interface__rosidl_typesupport_c
[2.727s] [ 58%] Built target village_interface__rosidl_typesupport_introspection_c
[2.828s] [ 61%] [32m[1mLinking CXX shared library libvillage_interface__rosidl_typesupport_introspection_cpp.so[0m
[2.901s] [ 61%] Built target village_interface__rosidl_typesupport_introspection_cpp
[2.953s] [ 64%] [32m[1mLinking CXX shared library libvillage_interface__rosidl_typesupport_fastrtps_cpp.so[0m
[3.044s] [ 64%] Built target village_interface__rosidl_typesupport_fastrtps_cpp
[3.053s] [ 66%] [34m[1mGenerating C type support for eProsima Fast-RTPS[0m
[3.292s] [35m[1mScanning dependencies of target village_interface__rosidl_typesupport_fastrtps_c[0m
[3.310s] [ 69%] [32mBuilding CXX object CMakeFiles/village_interface__rosidl_typesupport_fastrtps_c.dir/rosidl_typesupport_fastrtps_c/village_interface/srv/detail/money__type_support_c.cpp.o[0m
[3.310s] [ 71%] [32mBuilding CXX object CMakeFiles/village_interface__rosidl_typesupport_fastrtps_c.dir/rosidl_typesupport_fastrtps_c/village_interface/msg/detail/novel__type_support_c.cpp.o[0m
[3.752s] [ 74%] [32m[1mLinking CXX shared library libvillage_interface__rosidl_typesupport_fastrtps_c.so[0m
[3.848s] [ 74%] Built target village_interface__rosidl_typesupport_fastrtps_c
[3.865s] [ 74%] Built target village_interface
[3.874s] [35m[1mScanning dependencies of target village_interface__py[0m
[3.884s] [ 76%] [34m[1mGenerating Python code for ROS interfaces[0m
[4.360s] [ 76%] Built target village_interface__py
[4.369s] [35m[1mScanning dependencies of target village_interface__python[0m
[4.384s] [ 79%] [32mBuilding C object CMakeFiles/village_interface__python.dir/rosidl_generator_py/village_interface/msg/_novel_s.c.o[0m
[4.385s] [ 82%] [32mBuilding C object CMakeFiles/village_interface__python.dir/rosidl_generator_py/village_interface/srv/_money_s.c.o[0m
[4.520s] [ 84%] [32m[1mLinking C shared library rosidl_generator_py/village_interface/libvillage_interface__python.so[0m
[4.571s] [ 84%] Built target village_interface__python
[4.581s] [35m[1mScanning dependencies of target village_interface__rosidl_typesupport_c__pyext[0m
[4.581s] [35m[1mScanning dependencies of target village_interface__rosidl_typesupport_introspection_c__pyext[0m
[4.584s] [35m[1mScanning dependencies of target village_interface__rosidl_typesupport_fastrtps_c__pyext[0m
[4.598s] [ 87%] [32mBuilding C object CMakeFiles/village_interface__rosidl_typesupport_c__pyext.dir/rosidl_generator_py/village_interface/_village_interface_s.ep.rosidl_typesupport_c.c.o[0m
[4.599s] [ 89%] [32mBuilding C object CMakeFiles/village_interface__rosidl_typesupport_introspection_c__pyext.dir/rosidl_generator_py/village_interface/_village_interface_s.ep.rosidl_typesupport_introspection_c.c.o[0m
[4.605s] [ 92%] [32mBuilding C object CMakeFiles/village_interface__rosidl_typesupport_fastrtps_c__pyext.dir/rosidl_generator_py/village_interface/_village_interface_s.ep.rosidl_typesupport_fastrtps_c.c.o[0m
[4.735s] [ 94%] [32m[1mLinking C shared library rosidl_generator_py/village_interface/village_interface_s__rosidl_typesupport_c.cpython-38-x86_64-linux-gnu.so[0m
[4.761s] [ 97%] [32m[1mLinking C shared library rosidl_generator_py/village_interface/village_interface_s__rosidl_typesupport_introspection_c.cpython-38-x86_64-linux-gnu.so[0m
[4.775s] [100%] [32m[1mLinking CXX shared library rosidl_generator_py/village_interface/village_interface_s__rosidl_typesupport_fastrtps_c.cpython-38-x86_64-linux-gnu.so[0m
[4.781s] [100%] Built target village_interface__rosidl_typesupport_c__pyext
[4.802s] [100%] Built target village_interface__rosidl_typesupport_introspection_c__pyext
[4.843s] [100%] Built target village_interface__rosidl_typesupport_fastrtps_c__pyext
[4.852s] Invoked command in '/home/sto-technology/pro/ros2_pro/town_ws/build/village_interface' returned '0': CMAKE_PREFIX_PATH=/opt/ros/foxy /usr/bin/cmake --build /home/sto-technology/pro/ros2_pro/town_ws/build/village_interface -- -j8 -l8
[4.909s] Invoking command in '/home/sto-technology/pro/ros2_pro/town_ws/build/village_interface': CMAKE_PREFIX_PATH=/opt/ros/foxy /usr/bin/cmake --install /home/sto-technology/pro/ros2_pro/town_ws/build/village_interface
[4.917s] -- Install configuration: "RelWithDebInfo"
[4.917s] -- Execute custom install script
[4.918s] -- Up-to-date symlink: /home/sto-technology/pro/ros2_pro/town_ws/install/share/ament_index/resource_index/rosidl_interfaces/village_interface
[4.918s] -- Up-to-date symlink: /home/sto-technology/pro/ros2_pro/town_ws/install/include/village_interface/msg/detail/novel__functions.h
[4.918s] -- Up-to-date symlink: /home/sto-technology/pro/ros2_pro/town_ws/install/include/village_interface/msg/detail/novel__struct.h
[4.919s] -- Up-to-date symlink: /home/sto-technology/pro/ros2_pro/town_ws/install/include/village_interface/msg/detail/novel__type_support.h
[4.919s] -- Up-to-date symlink: /home/sto-technology/pro/ros2_pro/town_ws/install/include/village_interface/msg/novel.h
[4.919s] -- Up-to-date symlink: /home/sto-technology/pro/ros2_pro/town_ws/install/include/village_interface/msg/rosidl_generator_c__visibility_control.h
[4.919s] -- Symlinking: /home/sto-technology/pro/ros2_pro/town_ws/install/include/village_interface/srv/detail/money__functions.h
[4.928s] -- Symlinking: /home/sto-technology/pro/ros2_pro/town_ws/install/include/village_interface/srv/detail/money__struct.h
[4.935s] -- Symlinking: /home/sto-technology/pro/ros2_pro/town_ws/install/include/village_interface/srv/detail/money__type_support.h
[4.944s] -- Symlinking: /home/sto-technology/pro/ros2_pro/town_ws/install/include/village_interface/srv/money.h
[4.952s] -- Up-to-date symlink: /home/sto-technology/pro/ros2_pro/town_ws/install/share/village_interface/environment/library_path.sh
[4.952s] -- Up-to-date symlink: /home/sto-technology/pro/ros2_pro/town_ws/install/share/village_interface/environment/library_path.dsv
[4.952s] -- Up-to-date symlink: /home/sto-technology/pro/ros2_pro/town_ws/install/include/village_interface/msg/detail/novel__rosidl_typesupport_fastrtps_c.h
[4.953s] -- Up-to-date symlink: /home/sto-technology/pro/ros2_pro/town_ws/install/include/village_interface/msg/rosidl_typesupport_fastrtps_c__visibility_control.h
[4.953s] -- Symlinking: /home/sto-technology/pro/ros2_pro/town_ws/install/include/village_interface/srv/detail/money__rosidl_typesupport_fastrtps_c.h
[4.961s] -- Up-to-date symlink: /home/sto-technology/pro/ros2_pro/town_ws/install/lib/libvillage_interface__rosidl_typesupport_fastrtps_c.so
[4.961s] -- Up-to-date symlink: /home/sto-technology/pro/ros2_pro/town_ws/install/include/village_interface/msg/detail/novel__rosidl_typesupport_fastrtps_cpp.hpp
[4.961s] -- Up-to-date symlink: /home/sto-technology/pro/ros2_pro/town_ws/install/include/village_interface/msg/rosidl_typesupport_fastrtps_cpp__visibility_control.h
[4.962s] -- Symlinking: /home/sto-technology/pro/ros2_pro/town_ws/install/include/village_interface/srv/detail/money__rosidl_typesupport_fastrtps_cpp.hpp
[4.969s] -- Up-to-date symlink: /home/sto-technology/pro/ros2_pro/town_ws/install/lib/libvillage_interface__rosidl_typesupport_fastrtps_cpp.so
[4.970s] -- Up-to-date symlink: /home/sto-technology/pro/ros2_pro/town_ws/install/include/village_interface/msg/detail/novel__rosidl_typesupport_introspection_c.h
[4.970s] -- Up-to-date symlink: /home/sto-technology/pro/ros2_pro/town_ws/install/include/village_interface/msg/rosidl_typesupport_introspection_c__visibility_control.h
[4.970s] -- Symlinking: /home/sto-technology/pro/ros2_pro/town_ws/install/include/village_interface/srv/detail/money__rosidl_typesupport_introspection_c.h
[4.979s] -- Up-to-date symlink: /home/sto-technology/pro/ros2_pro/town_ws/install/include/village_interface/msg/detail/novel__builder.hpp
[4.979s] -- Up-to-date symlink: /home/sto-technology/pro/ros2_pro/town_ws/install/include/village_interface/msg/detail/novel__struct.hpp
[4.979s] -- Up-to-date symlink: /home/sto-technology/pro/ros2_pro/town_ws/install/include/village_interface/msg/detail/novel__traits.hpp
[4.980s] -- Up-to-date symlink: /home/sto-technology/pro/ros2_pro/town_ws/install/include/village_interface/msg/novel.hpp
[4.980s] -- Symlinking: /home/sto-technology/pro/ros2_pro/town_ws/install/include/village_interface/srv/detail/money__builder.hpp
[4.988s] -- Symlinking: /home/sto-technology/pro/ros2_pro/town_ws/install/include/village_interface/srv/detail/money__struct.hpp
[4.997s] -- Symlinking: /home/sto-technology/pro/ros2_pro/town_ws/install/include/village_interface/srv/detail/money__traits.hpp
[5.005s] -- Symlinking: /home/sto-technology/pro/ros2_pro/town_ws/install/include/village_interface/srv/money.hpp
[5.014s] -- Up-to-date symlink: /home/sto-technology/pro/ros2_pro/town_ws/install/include/village_interface/msg/detail/novel__rosidl_typesupport_introspection_cpp.hpp
[5.014s] -- Symlinking: /home/sto-technology/pro/ros2_pro/town_ws/install/include/village_interface/srv/detail/money__rosidl_typesupport_introspection_cpp.hpp
[5.022s] -- Up-to-date symlink: /home/sto-technology/pro/ros2_pro/town_ws/install/share/village_interface/environment/pythonpath.sh
[5.022s] -- Up-to-date symlink: /home/sto-technology/pro/ros2_pro/town_ws/install/share/village_interface/environment/pythonpath.dsv
[5.023s] -- Up-to-date symlink: /home/sto-technology/pro/ros2_pro/town_ws/install/lib/python3.8/site-packages/village_interface/__init__.py
[5.023s] -- Up-to-date symlink: /home/sto-technology/pro/ros2_pro/town_ws/install/lib/python3.8/site-packages/village_interface/msg/__init__.py
[5.023s] -- Up-to-date symlink: /home/sto-technology/pro/ros2_pro/town_ws/install/lib/python3.8/site-packages/village_interface/msg/_novel.py
[5.024s] -- Symlinking: /home/sto-technology/pro/ros2_pro/town_ws/install/lib/python3.8/site-packages/village_interface/srv/__init__.py
[5.033s] -- Symlinking: /home/sto-technology/pro/ros2_pro/town_ws/install/lib/python3.8/site-packages/village_interface/srv/_money.py
[5.042s] -- Up-to-date symlink: /home/sto-technology/pro/ros2_pro/town_ws/install/lib/python3.8/site-packages/village_interface/village_interface_s__rosidl_typesupport_fastrtps_c.cpython-38-x86_64-linux-gnu.so
[5.043s] -- Up-to-date symlink: /home/sto-technology/pro/ros2_pro/town_ws/install/lib/python3.8/site-packages/village_interface/village_interface_s__rosidl_typesupport_introspection_c.cpython-38-x86_64-linux-gnu.so
[5.043s] -- Up-to-date symlink: /home/sto-technology/pro/ros2_pro/town_ws/install/lib/python3.8/site-packages/village_interface/village_interface_s__rosidl_typesupport_c.cpython-38-x86_64-linux-gnu.so
[5.043s] -- Up-to-date symlink: /home/sto-technology/pro/ros2_pro/town_ws/install/lib/libvillage_interface__python.so
[5.044s] -- Up-to-date symlink: /home/sto-technology/pro/ros2_pro/town_ws/install/share/village_interface/msg/Novel.idl
[5.044s] -- Symlinking: /home/sto-technology/pro/ros2_pro/town_ws/install/share/village_interface/srv/Money.idl
[5.052s] -- Up-to-date symlink: /home/sto-technology/pro/ros2_pro/town_ws/install/share/village_interface/msg/Novel.msg
[5.052s] -- Symlinking: /home/sto-technology/pro/ros2_pro/town_ws/install/share/village_interface/srv/Money.srv
[5.061s] -- Symlinking: /home/sto-technology/pro/ros2_pro/town_ws/install/share/village_interface/srv/Money_Request.msg
[5.068s] -- Symlinking: /home/sto-technology/pro/ros2_pro/town_ws/install/share/village_interface/srv/Money_Response.msg
[5.077s] -- Up-to-date symlink: /home/sto-technology/pro/ros2_pro/town_ws/install/share/ament_index/resource_index/package_run_dependencies/village_interface
[5.077s] -- Up-to-date symlink: /home/sto-technology/pro/ros2_pro/town_ws/install/share/ament_index/resource_index/parent_prefix_path/village_interface
[5.077s] -- Up-to-date symlink: /home/sto-technology/pro/ros2_pro/town_ws/install/share/village_interface/environment/ament_prefix_path.sh
[5.078s] -- Up-to-date symlink: /home/sto-technology/pro/ros2_pro/town_ws/install/share/village_interface/environment/ament_prefix_path.dsv
[5.078s] -- Up-to-date symlink: /home/sto-technology/pro/ros2_pro/town_ws/install/share/village_interface/environment/path.sh
[5.078s] -- Up-to-date symlink: /home/sto-technology/pro/ros2_pro/town_ws/install/share/village_interface/environment/path.dsv
[5.079s] -- Up-to-date symlink: /home/sto-technology/pro/ros2_pro/town_ws/install/share/village_interface/local_setup.bash
[5.079s] -- Up-to-date symlink: /home/sto-technology/pro/ros2_pro/town_ws/install/share/village_interface/local_setup.sh
[5.079s] -- Up-to-date symlink: /home/sto-technology/pro/ros2_pro/town_ws/install/share/village_interface/local_setup.zsh
[5.080s] -- Up-to-date symlink: /home/sto-technology/pro/ros2_pro/town_ws/install/share/village_interface/local_setup.dsv
[5.080s] -- Symlinking: /home/sto-technology/pro/ros2_pro/town_ws/install/share/village_interface/package.dsv
[5.089s] -- Up-to-date symlink: /home/sto-technology/pro/ros2_pro/town_ws/install/share/ament_index/resource_index/packages/village_interface
[5.089s] -- Up-to-date symlink: /home/sto-technology/pro/ros2_pro/town_ws/install/share/village_interface/cmake/rosidl_cmake-extras.cmake
[5.089s] -- Up-to-date symlink: /home/sto-technology/pro/ros2_pro/town_ws/install/share/village_interface/cmake/ament_cmake_export_dependencies-extras.cmake
[5.090s] -- Up-to-date symlink: /home/sto-technology/pro/ros2_pro/town_ws/install/share/village_interface/cmake/ament_cmake_export_libraries-extras.cmake
[5.090s] -- Up-to-date symlink: /home/sto-technology/pro/ros2_pro/town_ws/install/share/village_interface/cmake/ament_cmake_export_targets-extras.cmake
[5.090s] -- Up-to-date symlink: /home/sto-technology/pro/ros2_pro/town_ws/install/share/village_interface/cmake/ament_cmake_export_include_directories-extras.cmake
[5.091s] -- Up-to-date symlink: /home/sto-technology/pro/ros2_pro/town_ws/install/share/village_interface/cmake/rosidl_cmake_export_typesupport_libraries-extras.cmake
[5.091s] -- Up-to-date symlink: /home/sto-technology/pro/ros2_pro/town_ws/install/share/village_interface/cmake/rosidl_cmake_export_typesupport_targets-extras.cmake
[5.091s] -- Up-to-date symlink: /home/sto-technology/pro/ros2_pro/town_ws/install/share/village_interface/cmake/village_interfaceConfig.cmake
[5.092s] -- Up-to-date symlink: /home/sto-technology/pro/ros2_pro/town_ws/install/share/village_interface/cmake/village_interfaceConfig-version.cmake
[5.092s] -- Up-to-date symlink: /home/sto-technology/pro/ros2_pro/town_ws/install/share/village_interface/package.xml
[5.092s] -- Installing: /home/sto-technology/pro/ros2_pro/town_ws/install/lib/libvillage_interface__rosidl_generator_c.so
[5.093s] -- Set runtime path of "/home/sto-technology/pro/ros2_pro/town_ws/install/lib/libvillage_interface__rosidl_generator_c.so" to ""
[5.093s] -- Installing: /home/sto-technology/pro/ros2_pro/town_ws/install/lib/libvillage_interface__rosidl_typesupport_introspection_c.so
[5.094s] -- Set runtime path of "/home/sto-technology/pro/ros2_pro/town_ws/install/lib/libvillage_interface__rosidl_typesupport_introspection_c.so" to ""
[5.094s] -- Installing: /home/sto-technology/pro/ros2_pro/town_ws/install/lib/libvillage_interface__rosidl_typesupport_c.so
[5.094s] -- Set runtime path of "/home/sto-technology/pro/ros2_pro/town_ws/install/lib/libvillage_interface__rosidl_typesupport_c.so" to ""
[5.095s] -- Installing: /home/sto-technology/pro/ros2_pro/town_ws/install/lib/libvillage_interface__rosidl_typesupport_introspection_cpp.so
[5.095s] -- Set runtime path of "/home/sto-technology/pro/ros2_pro/town_ws/install/lib/libvillage_interface__rosidl_typesupport_introspection_cpp.so" to ""
[5.096s] -- Installing: /home/sto-technology/pro/ros2_pro/town_ws/install/lib/libvillage_interface__rosidl_typesupport_cpp.so
[5.096s] -- Set runtime path of "/home/sto-technology/pro/ros2_pro/town_ws/install/lib/libvillage_interface__rosidl_typesupport_cpp.so" to ""
[5.123s] Compiling '/home/sto-technology/pro/ros2_pro/town_ws/install/lib/python3.8/site-packages/village_interface/__init__.py'...
[5.128s] -- Up-to-date: /home/sto-technology/pro/ros2_pro/town_ws/install/share/village_interface/cmake/village_interface__rosidl_generator_cExport.cmake
[5.129s] -- Installing: /home/sto-technology/pro/ros2_pro/town_ws/install/share/village_interface/cmake/village_interface__rosidl_generator_cExport-relwithdebinfo.cmake
[5.129s] -- Up-to-date: /home/sto-technology/pro/ros2_pro/town_ws/install/share/village_interface/cmake/village_interface__rosidl_typesupport_introspection_cExport.cmake
[5.129s] -- Installing: /home/sto-technology/pro/ros2_pro/town_ws/install/share/village_interface/cmake/village_interface__rosidl_typesupport_introspection_cExport-relwithdebinfo.cmake
[5.129s] -- Up-to-date: /home/sto-technology/pro/ros2_pro/town_ws/install/share/village_interface/cmake/village_interface__rosidl_typesupport_cExport.cmake
[5.129s] -- Installing: /home/sto-technology/pro/ros2_pro/town_ws/install/share/village_interface/cmake/village_interface__rosidl_typesupport_cExport-relwithdebinfo.cmake
[5.130s] -- Up-to-date: /home/sto-technology/pro/ros2_pro/town_ws/install/share/village_interface/cmake/village_interface__rosidl_generator_cppExport.cmake
[5.130s] -- Up-to-date: /home/sto-technology/pro/ros2_pro/town_ws/install/share/village_interface/cmake/village_interface__rosidl_typesupport_introspection_cppExport.cmake
[5.130s] -- Installing: /home/sto-technology/pro/ros2_pro/town_ws/install/share/village_interface/cmake/village_interface__rosidl_typesupport_introspection_cppExport-relwithdebinfo.cmake
[5.130s] -- Up-to-date: /home/sto-technology/pro/ros2_pro/town_ws/install/share/village_interface/cmake/village_interface__rosidl_typesupport_cppExport.cmake
[5.130s] -- Installing: /home/sto-technology/pro/ros2_pro/town_ws/install/share/village_interface/cmake/village_interface__rosidl_typesupport_cppExport-relwithdebinfo.cmake
[5.133s] Invoked command in '/home/sto-technology/pro/ros2_pro/town_ws/build/village_interface' returned '0': CMAKE_PREFIX_PATH=/opt/ros/foxy /usr/bin/cmake --install /home/sto-technology/pro/ros2_pro/town_ws/build/village_interface
