[0.045s] Invoking command in '/home/sto-technology/pro/ros2_pro/town_ws/build/urdf01': CMAKE_PREFIX_PATH=/opt/ros/foxy /usr/bin/cmake --build /home/sto-technology/pro/ros2_pro/town_ws/build/urdf01 -- -j8 -l8
[0.502s] -- Found ament_cmake: 0.9.9 (/opt/ros/foxy/share/ament_cmake/cmake)
[0.503s] -- Using PYTHON_EXECUTABLE: /usr/bin/python3
[0.503s] -- Override CMake install command with custom implementation using symlinks instead of copying resources
[0.504s] -- Found ament_lint_auto: 0.9.6 (/opt/ros/foxy/share/ament_lint_auto/cmake)
[0.504s] -- Added test 'copyright' to check source files copyright and LICENSE
[0.504s] -- Added test 'flake8' to check Python code syntax and style conventions
[0.504s] -- Added test 'lint_cmake' to check CMake code style
[0.506s] -- Added test 'pep257' to check Python code against some of the style conventions in PEP 257
[0.506s] -- Added test 'xmllint' to check XML markup files
[0.506s] -- Configuring done
[0.506s] -- Generating done
[0.507s] -- Build files have been written to: /home/sto-technology/pro/ros2_pro/town_ws/build/urdf01
[0.510s] Invoked command in '/home/sto-technology/pro/ros2_pro/town_ws/build/urdf01' returned '0': CMAKE_PREFIX_PATH=/opt/ros/foxy /usr/bin/cmake --build /home/sto-technology/pro/ros2_pro/town_ws/build/urdf01 -- -j8 -l8
[0.555s] Invoking command in '/home/sto-technology/pro/ros2_pro/town_ws/build/urdf01': CMAKE_PREFIX_PATH=/opt/ros/foxy /usr/bin/cmake --install /home/sto-technology/pro/ros2_pro/town_ws/build/urdf01
[0.565s] -- Install configuration: "RelWithDebInfo"
[0.566s] -- Execute custom install script
[0.567s] -- Up-to-date symlink: /home/sto-technology/pro/ros2_pro/town_ws/install/share/urdf01/launch/demo01.launch
[0.567s] -- Up-to-date symlink: /home/sto-technology/pro/ros2_pro/town_ws/install/share/urdf01/launch/demo01.launch.py
[0.567s] CMake Error at ament_cmake_symlink_install/ament_cmake_symlink_install.cmake:100 (message):
[0.567s]   ament_cmake_symlink_install_directory() can't find
[0.567s]   '/home/sto-technology/pro/ros2_pro/town_ws/src/urdf01/maps'
[0.568s] Call Stack (most recent call first):
[0.568s]   ament_cmake_symlink_install/ament_cmake_symlink_install.cmake:317 (ament_cmake_symlink_install_directory)
[0.568s]   cmake_install.cmake:41 (include)
[0.568s] 
[0.568s] 
[0.569s] Invoked command in '/home/sto-technology/pro/ros2_pro/town_ws/build/urdf01' returned '1': CMAKE_PREFIX_PATH=/opt/ros/foxy /usr/bin/cmake --install /home/sto-technology/pro/ros2_pro/town_ws/build/urdf01
