[0.451s] Invoking command in '/home/sto-technology/pro/ros2_pro/town_ws/build/village_interface': CMAKE_PREFIX_PATH=/opt/ros/foxy /usr/bin/cmake --build /home/sto-technology/pro/ros2_pro/town_ws/build/village_interface -- -j8 -l8
[0.728s] [  2%] Built target village_interface__cpp
[0.729s] [ 12%] Built target village_interface__rosidl_generator_c
[0.729s] [ 23%] Built target village_interface__rosidl_typesupport_cpp
[0.729s] [ 34%] Built target village_interface__rosidl_typesupport_introspection_cpp
[0.730s] [ 44%] Built target village_interface__rosidl_typesupport_fastrtps_cpp
[0.730s] [ 55%] Built target village_interface__rosidl_typesupport_c
[0.731s] [ 65%] Built target village_interface__rosidl_typesupport_introspection_c
[0.731s] [ 76%] Built target village_interface__rosidl_typesupport_fastrtps_c
[0.731s] [ 76%] Built target village_interface
[0.733s] [ 78%] Built target village_interface__py
[0.733s] [ 87%] Built target village_interface__python
[0.733s] [ 91%] Built target village_interface__rosidl_typesupport_introspection_c__pyext
[0.733s] [ 95%] Built target village_interface__rosidl_typesupport_fastrtps_c__pyext
[0.734s] [100%] Built target village_interface__rosidl_typesupport_c__pyext
[0.735s] Invoked command in '/home/sto-technology/pro/ros2_pro/town_ws/build/village_interface' returned '0': CMAKE_PREFIX_PATH=/opt/ros/foxy /usr/bin/cmake --build /home/sto-technology/pro/ros2_pro/town_ws/build/village_interface -- -j8 -l8
[0.968s] Invoking command in '/home/sto-technology/pro/ros2_pro/town_ws/build/village_interface': CMAKE_PREFIX_PATH=/opt/ros/foxy /usr/bin/cmake --install /home/sto-technology/pro/ros2_pro/town_ws/build/village_interface
[0.981s] -- Install configuration: "RelWithDebInfo"
[0.982s] -- Execute custom install script
[0.982s] -- Up-to-date symlink: /home/sto-technology/pro/ros2_pro/town_ws/install/share/ament_index/resource_index/rosidl_interfaces/village_interface
[0.985s] -- Up-to-date symlink: /home/sto-technology/pro/ros2_pro/town_ws/install/include/village_interface/msg/detail/novel__functions.h
[0.985s] -- Up-to-date symlink: /home/sto-technology/pro/ros2_pro/town_ws/install/include/village_interface/msg/detail/novel__struct.h
[0.985s] -- Up-to-date symlink: /home/sto-technology/pro/ros2_pro/town_ws/install/include/village_interface/msg/detail/novel__type_support.h
[0.985s] -- Up-to-date symlink: /home/sto-technology/pro/ros2_pro/town_ws/install/include/village_interface/msg/novel.h
[0.985s] -- Up-to-date symlink: /home/sto-technology/pro/ros2_pro/town_ws/install/include/village_interface/msg/rosidl_generator_c__visibility_control.h
[0.985s] -- Up-to-date symlink: /home/sto-technology/pro/ros2_pro/town_ws/install/include/village_interface/srv/buybooks.h
[0.985s] -- Up-to-date symlink: /home/sto-technology/pro/ros2_pro/town_ws/install/include/village_interface/srv/detail/buybooks__functions.h
[0.990s] -- Up-to-date symlink: /home/sto-technology/pro/ros2_pro/town_ws/install/include/village_interface/srv/detail/buybooks__struct.h
[0.990s] -- Up-to-date symlink: /home/sto-technology/pro/ros2_pro/town_ws/install/include/village_interface/srv/detail/buybooks__type_support.h
[0.990s] -- Up-to-date symlink: /home/sto-technology/pro/ros2_pro/town_ws/install/include/village_interface/srv/detail/money__functions.h
[0.990s] -- Up-to-date symlink: /home/sto-technology/pro/ros2_pro/town_ws/install/include/village_interface/srv/detail/money__struct.h
[0.990s] -- Up-to-date symlink: /home/sto-technology/pro/ros2_pro/town_ws/install/include/village_interface/srv/detail/money__type_support.h
[0.990s] -- Up-to-date symlink: /home/sto-technology/pro/ros2_pro/town_ws/install/include/village_interface/srv/money.h
[0.990s] -- Up-to-date symlink: /home/sto-technology/pro/ros2_pro/town_ws/install/share/village_interface/environment/library_path.sh
[0.990s] -- Up-to-date symlink: /home/sto-technology/pro/ros2_pro/town_ws/install/share/village_interface/environment/library_path.dsv
[0.991s] -- Up-to-date symlink: /home/sto-technology/pro/ros2_pro/town_ws/install/include/village_interface/msg/detail/novel__rosidl_typesupport_fastrtps_c.h
[0.991s] -- Up-to-date symlink: /home/sto-technology/pro/ros2_pro/town_ws/install/include/village_interface/msg/rosidl_typesupport_fastrtps_c__visibility_control.h
[0.992s] -- Up-to-date symlink: /home/sto-technology/pro/ros2_pro/town_ws/install/include/village_interface/srv/detail/buybooks__rosidl_typesupport_fastrtps_c.h
[0.993s] -- Up-to-date symlink: /home/sto-technology/pro/ros2_pro/town_ws/install/include/village_interface/srv/detail/money__rosidl_typesupport_fastrtps_c.h
[0.993s] -- Up-to-date symlink: /home/sto-technology/pro/ros2_pro/town_ws/install/lib/libvillage_interface__rosidl_typesupport_fastrtps_c.so
[0.994s] -- Up-to-date symlink: /home/sto-technology/pro/ros2_pro/town_ws/install/include/village_interface/msg/detail/novel__rosidl_typesupport_fastrtps_cpp.hpp
[0.994s] -- Up-to-date symlink: /home/sto-technology/pro/ros2_pro/town_ws/install/include/village_interface/msg/rosidl_typesupport_fastrtps_cpp__visibility_control.h
[0.994s] -- Up-to-date symlink: /home/sto-technology/pro/ros2_pro/town_ws/install/include/village_interface/srv/detail/buybooks__rosidl_typesupport_fastrtps_cpp.hpp
[0.994s] -- Up-to-date symlink: /home/sto-technology/pro/ros2_pro/town_ws/install/include/village_interface/srv/detail/money__rosidl_typesupport_fastrtps_cpp.hpp
[0.995s] -- Up-to-date symlink: /home/sto-technology/pro/ros2_pro/town_ws/install/lib/libvillage_interface__rosidl_typesupport_fastrtps_cpp.so
[0.996s] -- Up-to-date symlink: /home/sto-technology/pro/ros2_pro/town_ws/install/include/village_interface/msg/detail/novel__rosidl_typesupport_introspection_c.h
[0.996s] -- Up-to-date symlink: /home/sto-technology/pro/ros2_pro/town_ws/install/include/village_interface/msg/rosidl_typesupport_introspection_c__visibility_control.h
[0.996s] -- Up-to-date symlink: /home/sto-technology/pro/ros2_pro/town_ws/install/include/village_interface/srv/detail/buybooks__rosidl_typesupport_introspection_c.h
[0.997s] -- Up-to-date symlink: /home/sto-technology/pro/ros2_pro/town_ws/install/include/village_interface/srv/detail/money__rosidl_typesupport_introspection_c.h
[0.997s] -- Up-to-date symlink: /home/sto-technology/pro/ros2_pro/town_ws/install/include/village_interface/msg/detail/novel__builder.hpp
[0.997s] -- Up-to-date symlink: /home/sto-technology/pro/ros2_pro/town_ws/install/include/village_interface/msg/detail/novel__struct.hpp
[0.998s] -- Up-to-date symlink: /home/sto-technology/pro/ros2_pro/town_ws/install/include/village_interface/msg/detail/novel__traits.hpp
[0.998s] -- Up-to-date symlink: /home/sto-technology/pro/ros2_pro/town_ws/install/include/village_interface/msg/novel.hpp
[0.998s] -- Up-to-date symlink: /home/sto-technology/pro/ros2_pro/town_ws/install/include/village_interface/srv/buybooks.hpp
[0.998s] -- Up-to-date symlink: /home/sto-technology/pro/ros2_pro/town_ws/install/include/village_interface/srv/detail/buybooks__builder.hpp
[0.998s] -- Up-to-date symlink: /home/sto-technology/pro/ros2_pro/town_ws/install/include/village_interface/srv/detail/buybooks__struct.hpp
[0.999s] -- Up-to-date symlink: /home/sto-technology/pro/ros2_pro/town_ws/install/include/village_interface/srv/detail/buybooks__traits.hpp
[0.999s] -- Up-to-date symlink: /home/sto-technology/pro/ros2_pro/town_ws/install/include/village_interface/srv/detail/money__builder.hpp
[1.000s] -- Up-to-date symlink: /home/sto-technology/pro/ros2_pro/town_ws/install/include/village_interface/srv/detail/money__struct.hpp
[1.000s] -- Up-to-date symlink: /home/sto-technology/pro/ros2_pro/town_ws/install/include/village_interface/srv/detail/money__traits.hpp
[1.000s] -- Up-to-date symlink: /home/sto-technology/pro/ros2_pro/town_ws/install/include/village_interface/srv/money.hpp
[1.001s] -- Up-to-date symlink: /home/sto-technology/pro/ros2_pro/town_ws/install/include/village_interface/msg/detail/novel__rosidl_typesupport_introspection_cpp.hpp
[1.001s] -- Up-to-date symlink: /home/sto-technology/pro/ros2_pro/town_ws/install/include/village_interface/srv/detail/buybooks__rosidl_typesupport_introspection_cpp.hpp
[1.001s] -- Up-to-date symlink: /home/sto-technology/pro/ros2_pro/town_ws/install/include/village_interface/srv/detail/money__rosidl_typesupport_introspection_cpp.hpp
[1.001s] -- Up-to-date symlink: /home/sto-technology/pro/ros2_pro/town_ws/install/share/village_interface/environment/pythonpath.sh
[1.002s] -- Up-to-date symlink: /home/sto-technology/pro/ros2_pro/town_ws/install/share/village_interface/environment/pythonpath.dsv
[1.002s] -- Up-to-date symlink: /home/sto-technology/pro/ros2_pro/town_ws/install/lib/python3.8/site-packages/village_interface/__init__.py
[1.003s] -- Up-to-date symlink: /home/sto-technology/pro/ros2_pro/town_ws/install/lib/python3.8/site-packages/village_interface/msg/__init__.py
[1.003s] -- Up-to-date symlink: /home/sto-technology/pro/ros2_pro/town_ws/install/lib/python3.8/site-packages/village_interface/msg/_novel.py
[1.003s] -- Up-to-date symlink: /home/sto-technology/pro/ros2_pro/town_ws/install/lib/python3.8/site-packages/village_interface/srv/__init__.py
[1.003s] -- Up-to-date symlink: /home/sto-technology/pro/ros2_pro/town_ws/install/lib/python3.8/site-packages/village_interface/srv/_buybooks.py
[1.004s] -- Up-to-date symlink: /home/sto-technology/pro/ros2_pro/town_ws/install/lib/python3.8/site-packages/village_interface/srv/_money.py
[1.006s] -- Up-to-date symlink: /home/sto-technology/pro/ros2_pro/town_ws/install/lib/python3.8/site-packages/village_interface/village_interface_s__rosidl_typesupport_fastrtps_c.cpython-38-x86_64-linux-gnu.so
[1.007s] -- Up-to-date symlink: /home/sto-technology/pro/ros2_pro/town_ws/install/lib/python3.8/site-packages/village_interface/village_interface_s__rosidl_typesupport_introspection_c.cpython-38-x86_64-linux-gnu.so
[1.007s] -- Up-to-date symlink: /home/sto-technology/pro/ros2_pro/town_ws/install/lib/python3.8/site-packages/village_interface/village_interface_s__rosidl_typesupport_c.cpython-38-x86_64-linux-gnu.so
[1.007s] -- Up-to-date symlink: /home/sto-technology/pro/ros2_pro/town_ws/install/lib/libvillage_interface__python.so
[1.007s] -- Up-to-date symlink: /home/sto-technology/pro/ros2_pro/town_ws/install/share/village_interface/msg/Novel.idl
[1.009s] -- Up-to-date symlink: /home/sto-technology/pro/ros2_pro/town_ws/install/share/village_interface/srv/Money.idl
[1.009s] -- Up-to-date symlink: /home/sto-technology/pro/ros2_pro/town_ws/install/share/village_interface/srv/Buybooks.idl
[1.010s] -- Up-to-date symlink: /home/sto-technology/pro/ros2_pro/town_ws/install/share/village_interface/msg/Novel.msg
[1.010s] -- Up-to-date symlink: /home/sto-technology/pro/ros2_pro/town_ws/install/share/village_interface/srv/Money.srv
[1.011s] -- Up-to-date symlink: /home/sto-technology/pro/ros2_pro/town_ws/install/share/village_interface/srv/Money_Request.msg
[1.011s] -- Up-to-date symlink: /home/sto-technology/pro/ros2_pro/town_ws/install/share/village_interface/srv/Money_Response.msg
[1.011s] -- Up-to-date symlink: /home/sto-technology/pro/ros2_pro/town_ws/install/share/village_interface/srv/Buybooks.srv
[1.012s] -- Up-to-date symlink: /home/sto-technology/pro/ros2_pro/town_ws/install/share/village_interface/srv/Buybooks_Request.msg
[1.012s] -- Up-to-date symlink: /home/sto-technology/pro/ros2_pro/town_ws/install/share/village_interface/srv/Buybooks_Response.msg
[1.012s] -- Up-to-date symlink: /home/sto-technology/pro/ros2_pro/town_ws/install/share/ament_index/resource_index/package_run_dependencies/village_interface
[1.013s] -- Up-to-date symlink: /home/sto-technology/pro/ros2_pro/town_ws/install/share/ament_index/resource_index/parent_prefix_path/village_interface
[1.013s] -- Up-to-date symlink: /home/sto-technology/pro/ros2_pro/town_ws/install/share/village_interface/environment/ament_prefix_path.sh
[1.013s] -- Up-to-date symlink: /home/sto-technology/pro/ros2_pro/town_ws/install/share/village_interface/environment/ament_prefix_path.dsv
[1.013s] -- Up-to-date symlink: /home/sto-technology/pro/ros2_pro/town_ws/install/share/village_interface/environment/path.sh
[1.013s] -- Up-to-date symlink: /home/sto-technology/pro/ros2_pro/town_ws/install/share/village_interface/environment/path.dsv
[1.013s] -- Up-to-date symlink: /home/sto-technology/pro/ros2_pro/town_ws/install/share/village_interface/local_setup.bash
[1.014s] -- Up-to-date symlink: /home/sto-technology/pro/ros2_pro/town_ws/install/share/village_interface/local_setup.sh
[1.015s] -- Up-to-date symlink: /home/sto-technology/pro/ros2_pro/town_ws/install/share/village_interface/local_setup.zsh
[1.015s] -- Up-to-date symlink: /home/sto-technology/pro/ros2_pro/town_ws/install/share/village_interface/local_setup.dsv
[1.015s] -- Symlinking: /home/sto-technology/pro/ros2_pro/town_ws/install/share/village_interface/package.dsv
[1.028s] -- Up-to-date symlink: /home/sto-technology/pro/ros2_pro/town_ws/install/share/ament_index/resource_index/packages/village_interface
[1.028s] -- Up-to-date symlink: /home/sto-technology/pro/ros2_pro/town_ws/install/share/village_interface/cmake/rosidl_cmake-extras.cmake
[1.028s] -- Up-to-date symlink: /home/sto-technology/pro/ros2_pro/town_ws/install/share/village_interface/cmake/ament_cmake_export_dependencies-extras.cmake
[1.028s] -- Up-to-date symlink: /home/sto-technology/pro/ros2_pro/town_ws/install/share/village_interface/cmake/ament_cmake_export_libraries-extras.cmake
[1.029s] -- Up-to-date symlink: /home/sto-technology/pro/ros2_pro/town_ws/install/share/village_interface/cmake/ament_cmake_export_targets-extras.cmake
[1.029s] -- Up-to-date symlink: /home/sto-technology/pro/ros2_pro/town_ws/install/share/village_interface/cmake/ament_cmake_export_include_directories-extras.cmake
[1.030s] -- Up-to-date symlink: /home/sto-technology/pro/ros2_pro/town_ws/install/share/village_interface/cmake/rosidl_cmake_export_typesupport_libraries-extras.cmake
[1.030s] -- Up-to-date symlink: /home/sto-technology/pro/ros2_pro/town_ws/install/share/village_interface/cmake/rosidl_cmake_export_typesupport_targets-extras.cmake
[1.030s] -- Up-to-date symlink: /home/sto-technology/pro/ros2_pro/town_ws/install/share/village_interface/cmake/village_interfaceConfig.cmake
[1.031s] -- Up-to-date symlink: /home/sto-technology/pro/ros2_pro/town_ws/install/share/village_interface/cmake/village_interfaceConfig-version.cmake
[1.031s] -- Up-to-date symlink: /home/sto-technology/pro/ros2_pro/town_ws/install/share/village_interface/package.xml
[1.032s] -- Up-to-date: /home/sto-technology/pro/ros2_pro/town_ws/install/lib/libvillage_interface__rosidl_generator_c.so
[1.032s] -- Up-to-date: /home/sto-technology/pro/ros2_pro/town_ws/install/lib/libvillage_interface__rosidl_typesupport_introspection_c.so
[1.032s] -- Up-to-date: /home/sto-technology/pro/ros2_pro/town_ws/install/lib/libvillage_interface__rosidl_typesupport_c.so
[1.033s] -- Up-to-date: /home/sto-technology/pro/ros2_pro/town_ws/install/lib/libvillage_interface__rosidl_typesupport_introspection_cpp.so
[1.034s] -- Up-to-date: /home/sto-technology/pro/ros2_pro/town_ws/install/lib/libvillage_interface__rosidl_typesupport_cpp.so
[1.066s] -- Up-to-date: /home/sto-technology/pro/ros2_pro/town_ws/install/share/village_interface/cmake/village_interface__rosidl_generator_cExport.cmake
[1.067s] -- Up-to-date: /home/sto-technology/pro/ros2_pro/town_ws/install/share/village_interface/cmake/village_interface__rosidl_generator_cExport-relwithdebinfo.cmake
[1.067s] -- Up-to-date: /home/sto-technology/pro/ros2_pro/town_ws/install/share/village_interface/cmake/village_interface__rosidl_typesupport_introspection_cExport.cmake
[1.067s] -- Up-to-date: /home/sto-technology/pro/ros2_pro/town_ws/install/share/village_interface/cmake/village_interface__rosidl_typesupport_introspection_cExport-relwithdebinfo.cmake
[1.067s] -- Up-to-date: /home/sto-technology/pro/ros2_pro/town_ws/install/share/village_interface/cmake/village_interface__rosidl_typesupport_cExport.cmake
[1.067s] -- Up-to-date: /home/sto-technology/pro/ros2_pro/town_ws/install/share/village_interface/cmake/village_interface__rosidl_typesupport_cExport-relwithdebinfo.cmake
[1.067s] -- Up-to-date: /home/sto-technology/pro/ros2_pro/town_ws/install/share/village_interface/cmake/village_interface__rosidl_generator_cppExport.cmake
[1.068s] -- Up-to-date: /home/sto-technology/pro/ros2_pro/town_ws/install/share/village_interface/cmake/village_interface__rosidl_typesupport_introspection_cppExport.cmake
[1.068s] -- Up-to-date: /home/sto-technology/pro/ros2_pro/town_ws/install/share/village_interface/cmake/village_interface__rosidl_typesupport_introspection_cppExport-relwithdebinfo.cmake
[1.068s] -- Up-to-date: /home/sto-technology/pro/ros2_pro/town_ws/install/share/village_interface/cmake/village_interface__rosidl_typesupport_cppExport.cmake
[1.068s] -- Up-to-date: /home/sto-technology/pro/ros2_pro/town_ws/install/share/village_interface/cmake/village_interface__rosidl_typesupport_cppExport-relwithdebinfo.cmake
[1.072s] Invoked command in '/home/sto-technology/pro/ros2_pro/town_ws/build/village_interface' returned '0': CMAKE_PREFIX_PATH=/opt/ros/foxy /usr/bin/cmake --install /home/sto-technology/pro/ros2_pro/town_ws/build/village_interface
