[0.209s] Invoking command in '/home/sto-technology/pro/ros2_pro/town_ws/build/village_interface': CMAKE_PREFIX_PATH=/opt/ros/foxy /usr/bin/cmake /home/sto-technology/pro/ros2_pro/town_ws/village_interface -DCMAKE_BUILD_TYPE=RelWithDebInfo -DCMAKE_EXPORT_COMPILE_COMMANDS=On -Wall -Wextra -Wpedantic -DAMENT_CMAKE_SYMLINK_INSTALL=1 -DCMAKE_INSTALL_PREFIX=/home/sto-technology/pro/ros2_pro/town_ws/install
[0.419s] -- Found ament_cmake: 0.9.9 (/opt/ros/foxy/share/ament_cmake/cmake)
[0.420s] -- Found PythonInterp: /usr/bin/python3 (found suitable version "3.8.10", minimum required is "3") 
[0.421s] -- Using PYTHON_EXECUTABLE: /usr/bin/python3
[0.422s] -- Override CMake install command with custom implementation using symlinks instead of copying resources
[0.423s] -- Found sensor_msgs: 2.0.4 (/opt/ros/foxy/share/sensor_msgs/cmake)
[0.429s] -- Using all available rosidl_typesupport_c: rosidl_typesupport_fastrtps_c;rosidl_typesupport_introspection_c
[0.432s] -- Found rosidl_adapter: 1.2.1 (/opt/ros/foxy/share/rosidl_adapter/cmake)
[0.532s] -- Using all available rosidl_typesupport_cpp: rosidl_typesupport_fastrtps_cpp;rosidl_typesupport_introspection_cpp
[0.687s] -- Found rosidl_default_generators: 1.0.1 (/opt/ros/foxy/share/rosidl_default_generators/cmake)
[0.696s] -- Found ament_lint_auto: 0.9.6 (/opt/ros/foxy/share/ament_lint_auto/cmake)
[0.767s] -- Found PythonInterp: /usr/bin/python3 (found version "3.8.10") 
[0.895s] -- Found ament_cmake_ros: 0.9.2 (/opt/ros/foxy/share/ament_cmake_ros/cmake)
[1.173s] -- Using all available rosidl_typesupport_c: rosidl_typesupport_fastrtps_c;rosidl_typesupport_introspection_c
[1.351s] -- Using all available rosidl_typesupport_cpp: rosidl_typesupport_fastrtps_cpp;rosidl_typesupport_introspection_cpp
[1.382s] -- Found PythonInterp: /usr/bin/python3 (found suitable version "3.8.10", minimum required is "3.5") 
[1.385s] -- Found python_cmake_module: 0.8.1 (/opt/ros/foxy/share/python_cmake_module/cmake)
[1.410s] -- Found PythonLibs: /usr/lib/x86_64-linux-gnu/libpython3.8.so (found suitable version "3.8.10", minimum required is "3.5") 
[1.410s] -- Using PYTHON_EXECUTABLE: /usr/bin/python3
[1.410s] -- Using PYTHON_INCLUDE_DIRS: /usr/include/python3.8
[1.411s] -- Using PYTHON_LIBRARIES: /usr/lib/x86_64-linux-gnu/libpython3.8.so
[1.429s] -- Found PythonExtra: .so  
[1.518s] -- Added test 'copyright' to check source files copyright and LICENSE
[1.520s] -- Added test 'lint_cmake' to check CMake code style
[1.521s] -- Added test 'xmllint' to check XML markup files
[1.532s] -- Configuring done
[1.600s] -- Generating done
[1.602s] -- Build files have been written to: /home/sto-technology/pro/ros2_pro/town_ws/build/village_interface
[1.608s] Invoked command in '/home/sto-technology/pro/ros2_pro/town_ws/build/village_interface' returned '0': CMAKE_PREFIX_PATH=/opt/ros/foxy /usr/bin/cmake /home/sto-technology/pro/ros2_pro/town_ws/village_interface -DCMAKE_BUILD_TYPE=RelWithDebInfo -DCMAKE_EXPORT_COMPILE_COMMANDS=On -Wall -Wextra -Wpedantic -DAMENT_CMAKE_SYMLINK_INSTALL=1 -DCMAKE_INSTALL_PREFIX=/home/sto-technology/pro/ros2_pro/town_ws/install
[1.610s] Invoking command in '/home/sto-technology/pro/ros2_pro/town_ws/build/village_interface': CMAKE_PREFIX_PATH=/opt/ros/foxy /usr/bin/cmake --build /home/sto-technology/pro/ros2_pro/town_ws/build/village_interface -- -j8 -l8
[1.649s] [35m[1mScanning dependencies of target village_interface__cpp[0m
[1.650s] [  3%] [34m[1mGenerating C code for ROS interfaces[0m
[1.661s] [  6%] [34m[1mGenerating C++ code for ROS interfaces[0m
[1.863s] [35m[1mScanning dependencies of target village_interface__rosidl_generator_c[0m
[1.877s] [  9%] [32mBuilding C object CMakeFiles/village_interface__rosidl_generator_c.dir/rosidl_generator_c/village_interface/msg/detail/novel__functions.c.o[0m
[1.878s] [  9%] Built target village_interface__cpp
[1.887s] [ 12%] [34m[1mGenerating C++ type support dispatch for ROS interfaces[0m
[1.888s] [ 16%] [34m[1mGenerating C++ introspection for ROS interfaces[0m
[1.889s] [ 19%] [34m[1mGenerating C++ type support for eProsima Fast-RTPS[0m
[1.957s] [ 22%] [32m[1mLinking C shared library libvillage_interface__rosidl_generator_c.so[0m
[2.013s] [ 22%] Built target village_interface__rosidl_generator_c
[2.027s] [ 29%] [34m[1mGenerating C introspection for ROS interfaces[0m
[2.027s] [ 29%] [34m[1mGenerating C type support dispatch for ROS interfaces[0m
[2.117s] [35m[1mScanning dependencies of target village_interface__rosidl_typesupport_fastrtps_cpp[0m
[2.147s] [ 32%] [32mBuilding CXX object CMakeFiles/village_interface__rosidl_typesupport_fastrtps_cpp.dir/rosidl_typesupport_fastrtps_cpp/village_interface/msg/detail/dds_fastrtps/novel__type_support.cpp.o[0m
[2.151s] [35m[1mScanning dependencies of target village_interface__rosidl_typesupport_cpp[0m
[2.166s] [35m[1mScanning dependencies of target village_interface__rosidl_typesupport_introspection_cpp[0m
[2.167s] [ 35%] [32mBuilding CXX object CMakeFiles/village_interface__rosidl_typesupport_cpp.dir/rosidl_typesupport_cpp/village_interface/msg/novel__type_support.cpp.o[0m
[2.184s] [ 38%] [32mBuilding CXX object CMakeFiles/village_interface__rosidl_typesupport_introspection_cpp.dir/rosidl_typesupport_introspection_cpp/village_interface/msg/detail/novel__type_support.cpp.o[0m
[2.313s] [35m[1mScanning dependencies of target village_interface__rosidl_typesupport_c[0m
[2.336s] [ 41%] [32mBuilding CXX object CMakeFiles/village_interface__rosidl_typesupport_c.dir/rosidl_typesupport_c/village_interface/msg/novel__type_support.cpp.o[0m
[2.346s] [35m[1mScanning dependencies of target village_interface__rosidl_typesupport_introspection_c[0m
[2.368s] [ 45%] [32mBuilding C object CMakeFiles/village_interface__rosidl_typesupport_introspection_c.dir/rosidl_typesupport_introspection_c/village_interface/msg/detail/novel__type_support.c.o[0m
[2.388s] [ 48%] [32m[1mLinking CXX shared library libvillage_interface__rosidl_typesupport_c.so[0m
[2.419s] [ 51%] [32m[1mLinking C shared library libvillage_interface__rosidl_typesupport_introspection_c.so[0m
[2.453s] [ 51%] Built target village_interface__rosidl_typesupport_c
[2.465s] [ 51%] Built target village_interface__rosidl_typesupport_introspection_c
[2.527s] [ 54%] [32m[1mLinking CXX shared library libvillage_interface__rosidl_typesupport_cpp.so[0m
[2.580s] [ 54%] Built target village_interface__rosidl_typesupport_cpp
[2.586s] [ 58%] [32m[1mLinking CXX shared library libvillage_interface__rosidl_typesupport_introspection_cpp.so[0m
[2.649s] [ 58%] Built target village_interface__rosidl_typesupport_introspection_cpp
[2.707s] [ 61%] [32m[1mLinking CXX shared library libvillage_interface__rosidl_typesupport_fastrtps_cpp.so[0m
[2.789s] [ 61%] Built target village_interface__rosidl_typesupport_fastrtps_cpp
[2.799s] [ 64%] [34m[1mGenerating C type support for eProsima Fast-RTPS[0m
[2.987s] [35m[1mScanning dependencies of target village_interface__rosidl_typesupport_fastrtps_c[0m
[3.001s] [ 67%] [32mBuilding CXX object CMakeFiles/village_interface__rosidl_typesupport_fastrtps_c.dir/rosidl_typesupport_fastrtps_c/village_interface/msg/detail/novel__type_support_c.cpp.o[0m
[3.377s] [ 70%] [32m[1mLinking CXX shared library libvillage_interface__rosidl_typesupport_fastrtps_c.so[0m
[3.460s] [ 70%] Built target village_interface__rosidl_typesupport_fastrtps_c
[3.471s] [35m[1mScanning dependencies of target village_interface[0m
[3.480s] [ 70%] Built target village_interface
[3.489s] [35m[1mScanning dependencies of target village_interface__py[0m
[3.499s] [ 74%] [34m[1mGenerating Python code for ROS interfaces[0m
[3.832s] [ 74%] Built target village_interface__py
[3.841s] [35m[1mScanning dependencies of target village_interface__python[0m
[3.874s] [ 77%] [32mBuilding C object CMakeFiles/village_interface__python.dir/rosidl_generator_py/village_interface/msg/_novel_s.c.o[0m
[3.986s] [ 80%] [32m[1mLinking C shared library rosidl_generator_py/village_interface/libvillage_interface__python.so[0m
[4.029s] [ 80%] Built target village_interface__python
[4.038s] [35m[1mScanning dependencies of target village_interface__rosidl_typesupport_introspection_c__pyext[0m
[4.038s] [35m[1mScanning dependencies of target village_interface__rosidl_typesupport_c__pyext[0m
[4.038s] [35m[1mScanning dependencies of target village_interface__rosidl_typesupport_fastrtps_c__pyext[0m
[4.058s] [ 87%] [32mBuilding C object CMakeFiles/village_interface__rosidl_typesupport_fastrtps_c__pyext.dir/rosidl_generator_py/village_interface/_village_interface_s.ep.rosidl_typesupport_fastrtps_c.c.o[0m
[4.058s] [ 87%] [32mBuilding C object CMakeFiles/village_interface__rosidl_typesupport_c__pyext.dir/rosidl_generator_py/village_interface/_village_interface_s.ep.rosidl_typesupport_c.c.o[0m
[4.058s] [ 90%] [32mBuilding C object CMakeFiles/village_interface__rosidl_typesupport_introspection_c__pyext.dir/rosidl_generator_py/village_interface/_village_interface_s.ep.rosidl_typesupport_introspection_c.c.o[0m
[4.152s] [ 93%] [32m[1mLinking C shared library rosidl_generator_py/village_interface/village_interface_s__rosidl_typesupport_c.cpython-38-x86_64-linux-gnu.so[0m
[4.158s] [ 96%] [32m[1mLinking CXX shared library rosidl_generator_py/village_interface/village_interface_s__rosidl_typesupport_fastrtps_c.cpython-38-x86_64-linux-gnu.so[0m
[4.172s] [100%] [32m[1mLinking C shared library rosidl_generator_py/village_interface/village_interface_s__rosidl_typesupport_introspection_c.cpython-38-x86_64-linux-gnu.so[0m
[4.202s] [100%] Built target village_interface__rosidl_typesupport_c__pyext
[4.214s] [100%] Built target village_interface__rosidl_typesupport_introspection_c__pyext
[4.234s] [100%] Built target village_interface__rosidl_typesupport_fastrtps_c__pyext
[4.244s] Invoked command in '/home/sto-technology/pro/ros2_pro/town_ws/build/village_interface' returned '0': CMAKE_PREFIX_PATH=/opt/ros/foxy /usr/bin/cmake --build /home/sto-technology/pro/ros2_pro/town_ws/build/village_interface -- -j8 -l8
[4.284s] Invoking command in '/home/sto-technology/pro/ros2_pro/town_ws/build/village_interface': CMAKE_PREFIX_PATH=/opt/ros/foxy /usr/bin/cmake --install /home/sto-technology/pro/ros2_pro/town_ws/build/village_interface
[4.291s] -- Install configuration: "RelWithDebInfo"
[4.291s] -- Execute custom install script
[4.291s] -- Symlinking: /home/sto-technology/pro/ros2_pro/town_ws/install/share/ament_index/resource_index/rosidl_interfaces/village_interface
[4.302s] -- Symlinking: /home/sto-technology/pro/ros2_pro/town_ws/install/include/village_interface/msg/detail/novel__functions.h
[4.311s] -- Symlinking: /home/sto-technology/pro/ros2_pro/town_ws/install/include/village_interface/msg/detail/novel__struct.h
[4.318s] -- Symlinking: /home/sto-technology/pro/ros2_pro/town_ws/install/include/village_interface/msg/detail/novel__type_support.h
[4.326s] -- Symlinking: /home/sto-technology/pro/ros2_pro/town_ws/install/include/village_interface/msg/novel.h
[4.335s] -- Symlinking: /home/sto-technology/pro/ros2_pro/town_ws/install/include/village_interface/msg/rosidl_generator_c__visibility_control.h
[4.343s] -- Symlinking: /home/sto-technology/pro/ros2_pro/town_ws/install/share/village_interface/environment/library_path.sh
[4.353s] -- Symlinking: /home/sto-technology/pro/ros2_pro/town_ws/install/share/village_interface/environment/library_path.dsv
[4.361s] -- Symlinking: /home/sto-technology/pro/ros2_pro/town_ws/install/include/village_interface/msg/detail/novel__rosidl_typesupport_fastrtps_c.h
[4.368s] -- Symlinking: /home/sto-technology/pro/ros2_pro/town_ws/install/include/village_interface/msg/rosidl_typesupport_fastrtps_c__visibility_control.h
[4.376s] -- Symlinking: /home/sto-technology/pro/ros2_pro/town_ws/install/lib/libvillage_interface__rosidl_typesupport_fastrtps_c.so
[4.384s] -- Symlinking: /home/sto-technology/pro/ros2_pro/town_ws/install/include/village_interface/msg/detail/novel__rosidl_typesupport_fastrtps_cpp.hpp
[4.392s] -- Symlinking: /home/sto-technology/pro/ros2_pro/town_ws/install/include/village_interface/msg/rosidl_typesupport_fastrtps_cpp__visibility_control.h
[4.400s] -- Symlinking: /home/sto-technology/pro/ros2_pro/town_ws/install/lib/libvillage_interface__rosidl_typesupport_fastrtps_cpp.so
[4.408s] -- Symlinking: /home/sto-technology/pro/ros2_pro/town_ws/install/include/village_interface/msg/detail/novel__rosidl_typesupport_introspection_c.h
[4.415s] -- Symlinking: /home/sto-technology/pro/ros2_pro/town_ws/install/include/village_interface/msg/rosidl_typesupport_introspection_c__visibility_control.h
[4.423s] -- Symlinking: /home/sto-technology/pro/ros2_pro/town_ws/install/include/village_interface/msg/detail/novel__builder.hpp
[4.432s] -- Symlinking: /home/sto-technology/pro/ros2_pro/town_ws/install/include/village_interface/msg/detail/novel__struct.hpp
[4.439s] -- Symlinking: /home/sto-technology/pro/ros2_pro/town_ws/install/include/village_interface/msg/detail/novel__traits.hpp
[4.447s] -- Symlinking: /home/sto-technology/pro/ros2_pro/town_ws/install/include/village_interface/msg/novel.hpp
[4.455s] -- Symlinking: /home/sto-technology/pro/ros2_pro/town_ws/install/include/village_interface/msg/detail/novel__rosidl_typesupport_introspection_cpp.hpp
[4.463s] -- Symlinking: /home/sto-technology/pro/ros2_pro/town_ws/install/share/village_interface/environment/pythonpath.sh
[4.471s] -- Symlinking: /home/sto-technology/pro/ros2_pro/town_ws/install/share/village_interface/environment/pythonpath.dsv
[4.479s] -- Symlinking: /home/sto-technology/pro/ros2_pro/town_ws/install/lib/python3.8/site-packages/village_interface/__init__.py
[4.487s] -- Symlinking: /home/sto-technology/pro/ros2_pro/town_ws/install/lib/python3.8/site-packages/village_interface/msg/__init__.py
[4.495s] -- Symlinking: /home/sto-technology/pro/ros2_pro/town_ws/install/lib/python3.8/site-packages/village_interface/msg/_novel.py
[4.503s] -- Symlinking: /home/sto-technology/pro/ros2_pro/town_ws/install/lib/python3.8/site-packages/village_interface/village_interface_s__rosidl_typesupport_fastrtps_c.cpython-38-x86_64-linux-gnu.so
[4.511s] -- Symlinking: /home/sto-technology/pro/ros2_pro/town_ws/install/lib/python3.8/site-packages/village_interface/village_interface_s__rosidl_typesupport_introspection_c.cpython-38-x86_64-linux-gnu.so
[4.521s] -- Symlinking: /home/sto-technology/pro/ros2_pro/town_ws/install/lib/python3.8/site-packages/village_interface/village_interface_s__rosidl_typesupport_c.cpython-38-x86_64-linux-gnu.so
[4.530s] -- Symlinking: /home/sto-technology/pro/ros2_pro/town_ws/install/lib/libvillage_interface__python.so
[4.537s] -- Symlinking: /home/sto-technology/pro/ros2_pro/town_ws/install/share/village_interface/msg/Novel.idl
[4.546s] -- Symlinking: /home/sto-technology/pro/ros2_pro/town_ws/install/share/village_interface/msg/Novel.msg
[4.553s] -- Symlinking: /home/sto-technology/pro/ros2_pro/town_ws/install/share/ament_index/resource_index/package_run_dependencies/village_interface
[4.561s] -- Symlinking: /home/sto-technology/pro/ros2_pro/town_ws/install/share/ament_index/resource_index/parent_prefix_path/village_interface
[4.568s] -- Symlinking: /home/sto-technology/pro/ros2_pro/town_ws/install/share/village_interface/environment/ament_prefix_path.sh
[4.576s] -- Symlinking: /home/sto-technology/pro/ros2_pro/town_ws/install/share/village_interface/environment/ament_prefix_path.dsv
[4.584s] -- Symlinking: /home/sto-technology/pro/ros2_pro/town_ws/install/share/village_interface/environment/path.sh
[4.592s] -- Symlinking: /home/sto-technology/pro/ros2_pro/town_ws/install/share/village_interface/environment/path.dsv
[4.600s] -- Symlinking: /home/sto-technology/pro/ros2_pro/town_ws/install/share/village_interface/local_setup.bash
[4.607s] -- Symlinking: /home/sto-technology/pro/ros2_pro/town_ws/install/share/village_interface/local_setup.sh
[4.615s] -- Symlinking: /home/sto-technology/pro/ros2_pro/town_ws/install/share/village_interface/local_setup.zsh
[4.623s] -- Symlinking: /home/sto-technology/pro/ros2_pro/town_ws/install/share/village_interface/local_setup.dsv
[4.631s] -- Symlinking: /home/sto-technology/pro/ros2_pro/town_ws/install/share/village_interface/package.dsv
[4.638s] -- Symlinking: /home/sto-technology/pro/ros2_pro/town_ws/install/share/ament_index/resource_index/packages/village_interface
[4.647s] -- Symlinking: /home/sto-technology/pro/ros2_pro/town_ws/install/share/village_interface/cmake/rosidl_cmake-extras.cmake
[4.654s] -- Symlinking: /home/sto-technology/pro/ros2_pro/town_ws/install/share/village_interface/cmake/ament_cmake_export_dependencies-extras.cmake
[4.662s] -- Symlinking: /home/sto-technology/pro/ros2_pro/town_ws/install/share/village_interface/cmake/ament_cmake_export_libraries-extras.cmake
[4.669s] -- Symlinking: /home/sto-technology/pro/ros2_pro/town_ws/install/share/village_interface/cmake/ament_cmake_export_targets-extras.cmake
[4.677s] -- Symlinking: /home/sto-technology/pro/ros2_pro/town_ws/install/share/village_interface/cmake/ament_cmake_export_include_directories-extras.cmake
[4.685s] -- Symlinking: /home/sto-technology/pro/ros2_pro/town_ws/install/share/village_interface/cmake/rosidl_cmake_export_typesupport_libraries-extras.cmake
[4.692s] -- Symlinking: /home/sto-technology/pro/ros2_pro/town_ws/install/share/village_interface/cmake/rosidl_cmake_export_typesupport_targets-extras.cmake
[4.700s] -- Symlinking: /home/sto-technology/pro/ros2_pro/town_ws/install/share/village_interface/cmake/village_interfaceConfig.cmake
[4.708s] -- Symlinking: /home/sto-technology/pro/ros2_pro/town_ws/install/share/village_interface/cmake/village_interfaceConfig-version.cmake
[4.716s] -- Symlinking: /home/sto-technology/pro/ros2_pro/town_ws/install/share/village_interface/package.xml
[4.724s] -- Installing: /home/sto-technology/pro/ros2_pro/town_ws/install/lib/libvillage_interface__rosidl_generator_c.so
[4.724s] -- Set runtime path of "/home/sto-technology/pro/ros2_pro/town_ws/install/lib/libvillage_interface__rosidl_generator_c.so" to ""
[4.724s] -- Installing: /home/sto-technology/pro/ros2_pro/town_ws/install/lib/libvillage_interface__rosidl_typesupport_introspection_c.so
[4.724s] -- Set runtime path of "/home/sto-technology/pro/ros2_pro/town_ws/install/lib/libvillage_interface__rosidl_typesupport_introspection_c.so" to ""
[4.725s] -- Installing: /home/sto-technology/pro/ros2_pro/town_ws/install/lib/libvillage_interface__rosidl_typesupport_c.so
[4.725s] -- Set runtime path of "/home/sto-technology/pro/ros2_pro/town_ws/install/lib/libvillage_interface__rosidl_typesupport_c.so" to ""
[4.725s] -- Installing: /home/sto-technology/pro/ros2_pro/town_ws/install/lib/libvillage_interface__rosidl_typesupport_introspection_cpp.so
[4.726s] -- Set runtime path of "/home/sto-technology/pro/ros2_pro/town_ws/install/lib/libvillage_interface__rosidl_typesupport_introspection_cpp.so" to ""
[4.726s] -- Installing: /home/sto-technology/pro/ros2_pro/town_ws/install/lib/libvillage_interface__rosidl_typesupport_cpp.so
[4.726s] -- Set runtime path of "/home/sto-technology/pro/ros2_pro/town_ws/install/lib/libvillage_interface__rosidl_typesupport_cpp.so" to ""
[4.751s] Compiling '/home/sto-technology/pro/ros2_pro/town_ws/install/lib/python3.8/site-packages/village_interface/__init__.py'...
[4.754s] -- Installing: /home/sto-technology/pro/ros2_pro/town_ws/install/share/village_interface/cmake/village_interface__rosidl_generator_cExport.cmake
[4.754s] -- Installing: /home/sto-technology/pro/ros2_pro/town_ws/install/share/village_interface/cmake/village_interface__rosidl_generator_cExport-relwithdebinfo.cmake
[4.755s] -- Installing: /home/sto-technology/pro/ros2_pro/town_ws/install/share/village_interface/cmake/village_interface__rosidl_typesupport_introspection_cExport.cmake
[4.755s] -- Installing: /home/sto-technology/pro/ros2_pro/town_ws/install/share/village_interface/cmake/village_interface__rosidl_typesupport_introspection_cExport-relwithdebinfo.cmake
[4.755s] -- Installing: /home/sto-technology/pro/ros2_pro/town_ws/install/share/village_interface/cmake/village_interface__rosidl_typesupport_cExport.cmake
[4.755s] -- Installing: /home/sto-technology/pro/ros2_pro/town_ws/install/share/village_interface/cmake/village_interface__rosidl_typesupport_cExport-relwithdebinfo.cmake
[4.755s] -- Installing: /home/sto-technology/pro/ros2_pro/town_ws/install/share/village_interface/cmake/village_interface__rosidl_generator_cppExport.cmake
[4.755s] -- Installing: /home/sto-technology/pro/ros2_pro/town_ws/install/share/village_interface/cmake/village_interface__rosidl_typesupport_introspection_cppExport.cmake
[4.755s] -- Installing: /home/sto-technology/pro/ros2_pro/town_ws/install/share/village_interface/cmake/village_interface__rosidl_typesupport_introspection_cppExport-relwithdebinfo.cmake
[4.756s] -- Installing: /home/sto-technology/pro/ros2_pro/town_ws/install/share/village_interface/cmake/village_interface__rosidl_typesupport_cppExport.cmake
[4.756s] -- Installing: /home/sto-technology/pro/ros2_pro/town_ws/install/share/village_interface/cmake/village_interface__rosidl_typesupport_cppExport-relwithdebinfo.cmake
[4.759s] Invoked command in '/home/sto-technology/pro/ros2_pro/town_ws/build/village_interface' returned '0': CMAKE_PREFIX_PATH=/opt/ros/foxy /usr/bin/cmake --install /home/sto-technology/pro/ros2_pro/town_ws/build/village_interface
