[0.490s] Invoking command in '/home/sto-technology/pro/ros2_pro/town_ws/build/village_interface': CMAKE_PREFIX_PATH=/opt/ros/foxy /usr/bin/cmake --build /home/sto-technology/pro/ros2_pro/town_ws/build/village_interface -- -j8 -l8
[0.814s] [  2%] Built target village_interface__cpp
[0.815s] [ 12%] Built target village_interface__rosidl_generator_c
[0.816s] [ 23%] Built target village_interface__rosidl_typesupport_cpp
[0.817s] [ 34%] Built target village_interface__rosidl_typesupport_introspection_cpp
[0.817s] [ 44%] Built target village_interface__rosidl_typesupport_c
[0.817s] [ 55%] Built target village_interface__rosidl_typesupport_fastrtps_cpp
[0.819s] [ 65%] Built target village_interface__rosidl_typesupport_introspection_c
[0.819s] [ 76%] Built target village_interface__rosidl_typesupport_fastrtps_c
[0.819s] [ 76%] Built target village_interface
[0.819s] [ 78%] Built target village_interface__py
[0.820s] [ 87%] Built target village_interface__python
[0.820s] [ 91%] Built target village_interface__rosidl_typesupport_fastrtps_c__pyext
[0.820s] [100%] Built target village_interface__rosidl_typesupport_c__pyext
[0.820s] [100%] Built target village_interface__rosidl_typesupport_introspection_c__pyext
[0.821s] Invoked command in '/home/sto-technology/pro/ros2_pro/town_ws/build/village_interface' returned '0': CMAKE_PREFIX_PATH=/opt/ros/foxy /usr/bin/cmake --build /home/sto-technology/pro/ros2_pro/town_ws/build/village_interface -- -j8 -l8
[1.197s] Invoking command in '/home/sto-technology/pro/ros2_pro/town_ws/build/village_interface': CMAKE_PREFIX_PATH=/opt/ros/foxy /usr/bin/cmake --install /home/sto-technology/pro/ros2_pro/town_ws/build/village_interface
[1.212s] -- Install configuration: "RelWithDebInfo"
[1.212s] -- Execute custom install script
[1.213s] -- Up-to-date symlink: /home/sto-technology/pro/ros2_pro/town_ws/install/share/ament_index/resource_index/rosidl_interfaces/village_interface
[1.214s] -- Up-to-date symlink: /home/sto-technology/pro/ros2_pro/town_ws/install/include/village_interface/msg/detail/novel__functions.h
[1.214s] -- Up-to-date symlink: /home/sto-technology/pro/ros2_pro/town_ws/install/include/village_interface/msg/detail/novel__struct.h
[1.214s] -- Up-to-date symlink: /home/sto-technology/pro/ros2_pro/town_ws/install/include/village_interface/msg/detail/novel__type_support.h
[1.214s] -- Up-to-date symlink: /home/sto-technology/pro/ros2_pro/town_ws/install/include/village_interface/msg/novel.h
[1.215s] -- Up-to-date symlink: /home/sto-technology/pro/ros2_pro/town_ws/install/include/village_interface/msg/rosidl_generator_c__visibility_control.h
[1.215s] -- Up-to-date symlink: /home/sto-technology/pro/ros2_pro/town_ws/install/include/village_interface/srv/buybooks.h
[1.215s] -- Up-to-date symlink: /home/sto-technology/pro/ros2_pro/town_ws/install/include/village_interface/srv/detail/buybooks__functions.h
[1.215s] -- Up-to-date symlink: /home/sto-technology/pro/ros2_pro/town_ws/install/include/village_interface/srv/detail/buybooks__struct.h
[1.216s] -- Up-to-date symlink: /home/sto-technology/pro/ros2_pro/town_ws/install/include/village_interface/srv/detail/buybooks__type_support.h
[1.216s] -- Up-to-date symlink: /home/sto-technology/pro/ros2_pro/town_ws/install/include/village_interface/srv/detail/money__functions.h
[1.216s] -- Up-to-date symlink: /home/sto-technology/pro/ros2_pro/town_ws/install/include/village_interface/srv/detail/money__struct.h
[1.216s] -- Up-to-date symlink: /home/sto-technology/pro/ros2_pro/town_ws/install/include/village_interface/srv/detail/money__type_support.h
[1.216s] -- Up-to-date symlink: /home/sto-technology/pro/ros2_pro/town_ws/install/include/village_interface/srv/money.h
[1.217s] -- Up-to-date symlink: /home/sto-technology/pro/ros2_pro/town_ws/install/share/village_interface/environment/library_path.sh
[1.217s] -- Up-to-date symlink: /home/sto-technology/pro/ros2_pro/town_ws/install/share/village_interface/environment/library_path.dsv
[1.218s] -- Up-to-date symlink: /home/sto-technology/pro/ros2_pro/town_ws/install/include/village_interface/msg/detail/novel__rosidl_typesupport_fastrtps_c.h
[1.218s] -- Up-to-date symlink: /home/sto-technology/pro/ros2_pro/town_ws/install/include/village_interface/msg/rosidl_typesupport_fastrtps_c__visibility_control.h
[1.218s] -- Up-to-date symlink: /home/sto-technology/pro/ros2_pro/town_ws/install/include/village_interface/srv/detail/buybooks__rosidl_typesupport_fastrtps_c.h
[1.219s] -- Up-to-date symlink: /home/sto-technology/pro/ros2_pro/town_ws/install/include/village_interface/srv/detail/money__rosidl_typesupport_fastrtps_c.h
[1.219s] -- Up-to-date symlink: /home/sto-technology/pro/ros2_pro/town_ws/install/lib/libvillage_interface__rosidl_typesupport_fastrtps_c.so
[1.220s] -- Up-to-date symlink: /home/sto-technology/pro/ros2_pro/town_ws/install/include/village_interface/msg/detail/novel__rosidl_typesupport_fastrtps_cpp.hpp
[1.220s] -- Up-to-date symlink: /home/sto-technology/pro/ros2_pro/town_ws/install/include/village_interface/msg/rosidl_typesupport_fastrtps_cpp__visibility_control.h
[1.220s] -- Up-to-date symlink: /home/sto-technology/pro/ros2_pro/town_ws/install/include/village_interface/srv/detail/buybooks__rosidl_typesupport_fastrtps_cpp.hpp
[1.220s] -- Up-to-date symlink: /home/sto-technology/pro/ros2_pro/town_ws/install/include/village_interface/srv/detail/money__rosidl_typesupport_fastrtps_cpp.hpp
[1.221s] -- Up-to-date symlink: /home/sto-technology/pro/ros2_pro/town_ws/install/lib/libvillage_interface__rosidl_typesupport_fastrtps_cpp.so
[1.222s] -- Up-to-date symlink: /home/sto-technology/pro/ros2_pro/town_ws/install/include/village_interface/msg/detail/novel__rosidl_typesupport_introspection_c.h
[1.222s] -- Up-to-date symlink: /home/sto-technology/pro/ros2_pro/town_ws/install/include/village_interface/msg/rosidl_typesupport_introspection_c__visibility_control.h
[1.222s] -- Up-to-date symlink: /home/sto-technology/pro/ros2_pro/town_ws/install/include/village_interface/srv/detail/buybooks__rosidl_typesupport_introspection_c.h
[1.222s] -- Up-to-date symlink: /home/sto-technology/pro/ros2_pro/town_ws/install/include/village_interface/srv/detail/money__rosidl_typesupport_introspection_c.h
[1.223s] -- Up-to-date symlink: /home/sto-technology/pro/ros2_pro/town_ws/install/include/village_interface/msg/detail/novel__builder.hpp
[1.223s] -- Up-to-date symlink: /home/sto-technology/pro/ros2_pro/town_ws/install/include/village_interface/msg/detail/novel__struct.hpp
[1.227s] -- Up-to-date symlink: /home/sto-technology/pro/ros2_pro/town_ws/install/include/village_interface/msg/detail/novel__traits.hpp
[1.227s] -- Up-to-date symlink: /home/sto-technology/pro/ros2_pro/town_ws/install/include/village_interface/msg/novel.hpp
[1.227s] -- Up-to-date symlink: /home/sto-technology/pro/ros2_pro/town_ws/install/include/village_interface/srv/buybooks.hpp
[1.227s] -- Up-to-date symlink: /home/sto-technology/pro/ros2_pro/town_ws/install/include/village_interface/srv/detail/buybooks__builder.hpp
[1.227s] -- Up-to-date symlink: /home/sto-technology/pro/ros2_pro/town_ws/install/include/village_interface/srv/detail/buybooks__struct.hpp
[1.228s] -- Up-to-date symlink: /home/sto-technology/pro/ros2_pro/town_ws/install/include/village_interface/srv/detail/buybooks__traits.hpp
[1.228s] -- Up-to-date symlink: /home/sto-technology/pro/ros2_pro/town_ws/install/include/village_interface/srv/detail/money__builder.hpp
[1.228s] -- Up-to-date symlink: /home/sto-technology/pro/ros2_pro/town_ws/install/include/village_interface/srv/detail/money__struct.hpp
[1.228s] -- Up-to-date symlink: /home/sto-technology/pro/ros2_pro/town_ws/install/include/village_interface/srv/detail/money__traits.hpp
[1.228s] -- Up-to-date symlink: /home/sto-technology/pro/ros2_pro/town_ws/install/include/village_interface/srv/money.hpp
[1.228s] -- Up-to-date symlink: /home/sto-technology/pro/ros2_pro/town_ws/install/include/village_interface/msg/detail/novel__rosidl_typesupport_introspection_cpp.hpp
[1.229s] -- Up-to-date symlink: /home/sto-technology/pro/ros2_pro/town_ws/install/include/village_interface/srv/detail/buybooks__rosidl_typesupport_introspection_cpp.hpp
[1.229s] -- Up-to-date symlink: /home/sto-technology/pro/ros2_pro/town_ws/install/include/village_interface/srv/detail/money__rosidl_typesupport_introspection_cpp.hpp
[1.229s] -- Up-to-date symlink: /home/sto-technology/pro/ros2_pro/town_ws/install/share/village_interface/environment/pythonpath.sh
[1.229s] -- Up-to-date symlink: /home/sto-technology/pro/ros2_pro/town_ws/install/share/village_interface/environment/pythonpath.dsv
[1.229s] -- Up-to-date symlink: /home/sto-technology/pro/ros2_pro/town_ws/install/lib/python3.8/site-packages/village_interface/__init__.py
[1.230s] -- Up-to-date symlink: /home/sto-technology/pro/ros2_pro/town_ws/install/lib/python3.8/site-packages/village_interface/msg/__init__.py
[1.230s] -- Up-to-date symlink: /home/sto-technology/pro/ros2_pro/town_ws/install/lib/python3.8/site-packages/village_interface/msg/_novel.py
[1.231s] -- Up-to-date symlink: /home/sto-technology/pro/ros2_pro/town_ws/install/lib/python3.8/site-packages/village_interface/srv/__init__.py
[1.231s] -- Up-to-date symlink: /home/sto-technology/pro/ros2_pro/town_ws/install/lib/python3.8/site-packages/village_interface/srv/_buybooks.py
[1.231s] -- Up-to-date symlink: /home/sto-technology/pro/ros2_pro/town_ws/install/lib/python3.8/site-packages/village_interface/srv/_money.py
[1.232s] -- Up-to-date symlink: /home/sto-technology/pro/ros2_pro/town_ws/install/lib/python3.8/site-packages/village_interface/village_interface_s__rosidl_typesupport_fastrtps_c.cpython-38-x86_64-linux-gnu.so
[1.232s] -- Up-to-date symlink: /home/sto-technology/pro/ros2_pro/town_ws/install/lib/python3.8/site-packages/village_interface/village_interface_s__rosidl_typesupport_introspection_c.cpython-38-x86_64-linux-gnu.so
[1.233s] -- Up-to-date symlink: /home/sto-technology/pro/ros2_pro/town_ws/install/lib/python3.8/site-packages/village_interface/village_interface_s__rosidl_typesupport_c.cpython-38-x86_64-linux-gnu.so
[1.233s] -- Up-to-date symlink: /home/sto-technology/pro/ros2_pro/town_ws/install/lib/libvillage_interface__python.so
[1.233s] -- Up-to-date symlink: /home/sto-technology/pro/ros2_pro/town_ws/install/share/village_interface/msg/Novel.idl
[1.234s] -- Up-to-date symlink: /home/sto-technology/pro/ros2_pro/town_ws/install/share/village_interface/srv/Money.idl
[1.234s] -- Up-to-date symlink: /home/sto-technology/pro/ros2_pro/town_ws/install/share/village_interface/srv/Buybooks.idl
[1.234s] -- Up-to-date symlink: /home/sto-technology/pro/ros2_pro/town_ws/install/share/village_interface/msg/Novel.msg
[1.235s] -- Up-to-date symlink: /home/sto-technology/pro/ros2_pro/town_ws/install/share/village_interface/srv/Money.srv
[1.235s] -- Up-to-date symlink: /home/sto-technology/pro/ros2_pro/town_ws/install/share/village_interface/srv/Money_Request.msg
[1.235s] -- Up-to-date symlink: /home/sto-technology/pro/ros2_pro/town_ws/install/share/village_interface/srv/Money_Response.msg
[1.236s] -- Up-to-date symlink: /home/sto-technology/pro/ros2_pro/town_ws/install/share/village_interface/srv/Buybooks.srv
[1.236s] -- Up-to-date symlink: /home/sto-technology/pro/ros2_pro/town_ws/install/share/village_interface/srv/Buybooks_Request.msg
[1.236s] -- Up-to-date symlink: /home/sto-technology/pro/ros2_pro/town_ws/install/share/village_interface/srv/Buybooks_Response.msg
[1.237s] -- Up-to-date symlink: /home/sto-technology/pro/ros2_pro/town_ws/install/share/ament_index/resource_index/package_run_dependencies/village_interface
[1.237s] -- Up-to-date symlink: /home/sto-technology/pro/ros2_pro/town_ws/install/share/ament_index/resource_index/parent_prefix_path/village_interface
[1.237s] -- Up-to-date symlink: /home/sto-technology/pro/ros2_pro/town_ws/install/share/village_interface/environment/ament_prefix_path.sh
[1.238s] -- Up-to-date symlink: /home/sto-technology/pro/ros2_pro/town_ws/install/share/village_interface/environment/ament_prefix_path.dsv
[1.238s] -- Up-to-date symlink: /home/sto-technology/pro/ros2_pro/town_ws/install/share/village_interface/environment/path.sh
[1.238s] -- Up-to-date symlink: /home/sto-technology/pro/ros2_pro/town_ws/install/share/village_interface/environment/path.dsv
[1.239s] -- Up-to-date symlink: /home/sto-technology/pro/ros2_pro/town_ws/install/share/village_interface/local_setup.bash
[1.239s] -- Up-to-date symlink: /home/sto-technology/pro/ros2_pro/town_ws/install/share/village_interface/local_setup.sh
[1.239s] -- Up-to-date symlink: /home/sto-technology/pro/ros2_pro/town_ws/install/share/village_interface/local_setup.zsh
[1.240s] -- Up-to-date symlink: /home/sto-technology/pro/ros2_pro/town_ws/install/share/village_interface/local_setup.dsv
[1.242s] -- Symlinking: /home/sto-technology/pro/ros2_pro/town_ws/install/share/village_interface/package.dsv
[1.256s] -- Up-to-date symlink: /home/sto-technology/pro/ros2_pro/town_ws/install/share/ament_index/resource_index/packages/village_interface
[1.257s] -- Up-to-date symlink: /home/sto-technology/pro/ros2_pro/town_ws/install/share/village_interface/cmake/rosidl_cmake-extras.cmake
[1.257s] -- Up-to-date symlink: /home/sto-technology/pro/ros2_pro/town_ws/install/share/village_interface/cmake/ament_cmake_export_dependencies-extras.cmake
[1.257s] -- Up-to-date symlink: /home/sto-technology/pro/ros2_pro/town_ws/install/share/village_interface/cmake/ament_cmake_export_libraries-extras.cmake
[1.258s] -- Up-to-date symlink: /home/sto-technology/pro/ros2_pro/town_ws/install/share/village_interface/cmake/ament_cmake_export_targets-extras.cmake
[1.263s] -- Up-to-date symlink: /home/sto-technology/pro/ros2_pro/town_ws/install/share/village_interface/cmake/ament_cmake_export_include_directories-extras.cmake
[1.263s] -- Up-to-date symlink: /home/sto-technology/pro/ros2_pro/town_ws/install/share/village_interface/cmake/rosidl_cmake_export_typesupport_libraries-extras.cmake
[1.263s] -- Up-to-date symlink: /home/sto-technology/pro/ros2_pro/town_ws/install/share/village_interface/cmake/rosidl_cmake_export_typesupport_targets-extras.cmake
[1.263s] -- Up-to-date symlink: /home/sto-technology/pro/ros2_pro/town_ws/install/share/village_interface/cmake/village_interfaceConfig.cmake
[1.263s] -- Up-to-date symlink: /home/sto-technology/pro/ros2_pro/town_ws/install/share/village_interface/cmake/village_interfaceConfig-version.cmake
[1.263s] -- Up-to-date symlink: /home/sto-technology/pro/ros2_pro/town_ws/install/share/village_interface/package.xml
[1.264s] -- Up-to-date: /home/sto-technology/pro/ros2_pro/town_ws/install/lib/libvillage_interface__rosidl_generator_c.so
[1.264s] -- Up-to-date: /home/sto-technology/pro/ros2_pro/town_ws/install/lib/libvillage_interface__rosidl_typesupport_introspection_c.so
[1.264s] -- Up-to-date: /home/sto-technology/pro/ros2_pro/town_ws/install/lib/libvillage_interface__rosidl_typesupport_c.so
[1.265s] -- Up-to-date: /home/sto-technology/pro/ros2_pro/town_ws/install/lib/libvillage_interface__rosidl_typesupport_introspection_cpp.so
[1.266s] -- Up-to-date: /home/sto-technology/pro/ros2_pro/town_ws/install/lib/libvillage_interface__rosidl_typesupport_cpp.so
[1.318s] -- Up-to-date: /home/sto-technology/pro/ros2_pro/town_ws/install/share/village_interface/cmake/village_interface__rosidl_generator_cExport.cmake
[1.318s] -- Up-to-date: /home/sto-technology/pro/ros2_pro/town_ws/install/share/village_interface/cmake/village_interface__rosidl_generator_cExport-relwithdebinfo.cmake
[1.318s] -- Up-to-date: /home/sto-technology/pro/ros2_pro/town_ws/install/share/village_interface/cmake/village_interface__rosidl_typesupport_introspection_cExport.cmake
[1.318s] -- Up-to-date: /home/sto-technology/pro/ros2_pro/town_ws/install/share/village_interface/cmake/village_interface__rosidl_typesupport_introspection_cExport-relwithdebinfo.cmake
[1.318s] -- Up-to-date: /home/sto-technology/pro/ros2_pro/town_ws/install/share/village_interface/cmake/village_interface__rosidl_typesupport_cExport.cmake
[1.319s] -- Up-to-date: /home/sto-technology/pro/ros2_pro/town_ws/install/share/village_interface/cmake/village_interface__rosidl_typesupport_cExport-relwithdebinfo.cmake
[1.319s] -- Up-to-date: /home/sto-technology/pro/ros2_pro/town_ws/install/share/village_interface/cmake/village_interface__rosidl_generator_cppExport.cmake
[1.319s] -- Up-to-date: /home/sto-technology/pro/ros2_pro/town_ws/install/share/village_interface/cmake/village_interface__rosidl_typesupport_introspection_cppExport.cmake
[1.319s] -- Up-to-date: /home/sto-technology/pro/ros2_pro/town_ws/install/share/village_interface/cmake/village_interface__rosidl_typesupport_introspection_cppExport-relwithdebinfo.cmake
[1.319s] -- Up-to-date: /home/sto-technology/pro/ros2_pro/town_ws/install/share/village_interface/cmake/village_interface__rosidl_typesupport_cppExport.cmake
[1.319s] -- Up-to-date: /home/sto-technology/pro/ros2_pro/town_ws/install/share/village_interface/cmake/village_interface__rosidl_typesupport_cppExport-relwithdebinfo.cmake
[1.331s] Invoked command in '/home/sto-technology/pro/ros2_pro/town_ws/build/village_interface' returned '0': CMAKE_PREFIX_PATH=/opt/ros/foxy /usr/bin/cmake --install /home/sto-technology/pro/ros2_pro/town_ws/build/village_interface
