[0.134s] DEBUG:colcon:Command line arguments: ['/usr/bin/colcon', 'build', '--merge-install', '--symlink-install', '--cmake-args', '-DCMAKE_BUILD_TYPE=RelWithDebInfo', '-DCMAKE_EXPORT_COMPILE_COMMANDS=On', '-Wall', '-Wextra', '-Wpedantic']
[0.134s] DEBUG:colcon:Parsed command line arguments: Namespace(allow_overriding=[], ament_cmake_args=None, base_paths=['.'], build_base='build', catkin_cmake_args=None, catkin_skip_building_tests=False, cmake_args=['-DCMAKE_BUILD_TYPE=RelWithDebInfo', '-DCMAKE_EXPORT_COMPILE_COMMANDS=On', '-Wall', '-Wextra', '-Wpedantic'], cmake_clean_cache=False, cmake_clean_first=False, cmake_force_configure=False, cmake_target=None, cmake_target_skip_unavailable=False, continue_on_error=False, event_handlers=None, executor='parallel', ignore_user_meta=False, install_base='install', log_base=None, log_level=None, main=<bound method BuildVerb.main of <colcon_core.verb.build.BuildVerb object at 0x7ff516f3bdc0>>, merge_install=True, metas=['./colcon.meta'], packages_above=None, packages_above_and_dependencies=None, packages_above_depth=None, packages_end=None, packages_ignore=None, packages_ignore_regex=None, packages_select=None, packages_select_build_failed=False, packages_select_by_dep=None, packages_select_regex=None, packages_select_test_failures=False, packages_skip=None, packages_skip_build_finished=False, packages_skip_by_dep=None, packages_skip_regex=None, packages_skip_test_passed=False, packages_skip_up_to=None, packages_start=None, packages_up_to=None, packages_up_to_regex=None, parallel_workers=8, paths=None, symlink_install=True, test_result_base=None, verb_extension=<colcon_core.verb.build.BuildVerb object at 0x7ff516f3bdc0>, verb_name='build', verb_parser=<colcon_defaults.argument_parser.defaults.DefaultArgumentsDecorator object at 0x7ff516f44370>)
[0.139s] Level 1:colcon.colcon_core.package_discovery:discover_packages(colcon_meta) check parameters
[0.139s] Level 1:colcon.colcon_core.package_discovery:discover_packages(recursive) check parameters
[0.139s] Level 1:colcon.colcon_core.package_discovery:discover_packages(ignore) check parameters
[0.139s] Level 1:colcon.colcon_core.package_discovery:discover_packages(path) check parameters
[0.139s] Level 1:colcon.colcon_core.package_discovery:discover_packages(colcon_meta) discover
[0.139s] Level 1:colcon.colcon_core.package_discovery:discover_packages(recursive) discover
[0.139s] INFO:colcon.colcon_core.package_discovery:Crawling recursively for packages in '/home/sto-technology/pro/ros2_pro/town_ws'
[0.139s] Level 1:colcon.colcon_core.package_identification:_identify(.) by extensions ['ignore', 'ignore_ament_install']
[0.140s] Level 1:colcon.colcon_core.package_identification:_identify(.) by extension 'ignore'
[0.140s] Level 1:colcon.colcon_core.package_identification:_identify(.) by extension 'ignore_ament_install'
[0.140s] Level 1:colcon.colcon_core.package_identification:_identify(.) by extensions ['colcon_pkg']
[0.140s] Level 1:colcon.colcon_core.package_identification:_identify(.) by extension 'colcon_pkg'
[0.140s] Level 1:colcon.colcon_core.package_identification:_identify(.) by extensions ['colcon_meta']
[0.140s] Level 1:colcon.colcon_core.package_identification:_identify(.) by extension 'colcon_meta'
[0.140s] Level 1:colcon.colcon_core.package_identification:_identify(.) by extensions ['ros']
[0.140s] Level 1:colcon.colcon_core.package_identification:_identify(.) by extension 'ros'
[0.151s] Level 1:colcon.colcon_core.package_identification:_identify(.) by extensions ['cmake', 'python']
[0.151s] Level 1:colcon.colcon_core.package_identification:_identify(.) by extension 'cmake'
[0.151s] Level 1:colcon.colcon_core.package_identification:_identify(.) by extension 'python'
[0.151s] Level 1:colcon.colcon_core.package_identification:_identify(.) by extensions ['python_setup_py']
[0.151s] Level 1:colcon.colcon_core.package_identification:_identify(.) by extension 'python_setup_py'
[0.151s] Level 1:colcon.colcon_core.package_identification:_identify(build) by extensions ['ignore', 'ignore_ament_install']
[0.151s] Level 1:colcon.colcon_core.package_identification:_identify(build) by extension 'ignore'
[0.151s] Level 1:colcon.colcon_core.package_identification:_identify(build) ignored
[0.151s] Level 1:colcon.colcon_core.package_identification:_identify(install) by extensions ['ignore', 'ignore_ament_install']
[0.151s] Level 1:colcon.colcon_core.package_identification:_identify(install) by extension 'ignore'
[0.151s] Level 1:colcon.colcon_core.package_identification:_identify(install) ignored
[0.151s] Level 1:colcon.colcon_core.package_identification:_identify(log) by extensions ['ignore', 'ignore_ament_install']
[0.152s] Level 1:colcon.colcon_core.package_identification:_identify(log) by extension 'ignore'
[0.152s] Level 1:colcon.colcon_core.package_identification:_identify(log) ignored
[0.152s] Level 1:colcon.colcon_core.package_identification:_identify(src) by extensions ['ignore', 'ignore_ament_install']
[0.152s] Level 1:colcon.colcon_core.package_identification:_identify(src) by extension 'ignore'
[0.152s] Level 1:colcon.colcon_core.package_identification:_identify(src) by extension 'ignore_ament_install'
[0.152s] Level 1:colcon.colcon_core.package_identification:_identify(src) by extensions ['colcon_pkg']
[0.152s] Level 1:colcon.colcon_core.package_identification:_identify(src) by extension 'colcon_pkg'
[0.152s] Level 1:colcon.colcon_core.package_identification:_identify(src) by extensions ['colcon_meta']
[0.152s] Level 1:colcon.colcon_core.package_identification:_identify(src) by extension 'colcon_meta'
[0.152s] Level 1:colcon.colcon_core.package_identification:_identify(src) by extensions ['ros']
[0.152s] Level 1:colcon.colcon_core.package_identification:_identify(src) by extension 'ros'
[0.152s] Level 1:colcon.colcon_core.package_identification:_identify(src) by extensions ['cmake', 'python']
[0.152s] Level 1:colcon.colcon_core.package_identification:_identify(src) by extension 'cmake'
[0.152s] Level 1:colcon.colcon_core.package_identification:_identify(src) by extension 'python'
[0.152s] Level 1:colcon.colcon_core.package_identification:_identify(src) by extensions ['python_setup_py']
[0.152s] Level 1:colcon.colcon_core.package_identification:_identify(src) by extension 'python_setup_py'
[0.152s] Level 1:colcon.colcon_core.package_identification:_identify(src/mycar) by extensions ['ignore', 'ignore_ament_install']
[0.152s] Level 1:colcon.colcon_core.package_identification:_identify(src/mycar) by extension 'ignore'
[0.152s] Level 1:colcon.colcon_core.package_identification:_identify(src/mycar) by extension 'ignore_ament_install'
[0.152s] Level 1:colcon.colcon_core.package_identification:_identify(src/mycar) by extensions ['colcon_pkg']
[0.152s] Level 1:colcon.colcon_core.package_identification:_identify(src/mycar) by extension 'colcon_pkg'
[0.153s] Level 1:colcon.colcon_core.package_identification:_identify(src/mycar) by extensions ['colcon_meta']
[0.153s] Level 1:colcon.colcon_core.package_identification:_identify(src/mycar) by extension 'colcon_meta'
[0.153s] Level 1:colcon.colcon_core.package_identification:_identify(src/mycar) by extensions ['ros']
[0.153s] Level 1:colcon.colcon_core.package_identification:_identify(src/mycar) by extension 'ros'
[0.154s] DEBUG:colcon.colcon_core.package_identification:Package 'src/mycar' with type 'ros.ament_python' and name 'mycar'
[0.155s] Level 1:colcon.colcon_core.package_identification:_identify(src/urdf01) by extensions ['ignore', 'ignore_ament_install']
[0.155s] Level 1:colcon.colcon_core.package_identification:_identify(src/urdf01) by extension 'ignore'
[0.155s] Level 1:colcon.colcon_core.package_identification:_identify(src/urdf01) by extension 'ignore_ament_install'
[0.155s] Level 1:colcon.colcon_core.package_identification:_identify(src/urdf01) by extensions ['colcon_pkg']
[0.155s] Level 1:colcon.colcon_core.package_identification:_identify(src/urdf01) by extension 'colcon_pkg'
[0.155s] Level 1:colcon.colcon_core.package_identification:_identify(src/urdf01) by extensions ['colcon_meta']
[0.155s] Level 1:colcon.colcon_core.package_identification:_identify(src/urdf01) by extension 'colcon_meta'
[0.155s] Level 1:colcon.colcon_core.package_identification:_identify(src/urdf01) by extensions ['ros']
[0.155s] Level 1:colcon.colcon_core.package_identification:_identify(src/urdf01) by extension 'ros'
[0.155s] DEBUG:colcon.colcon_core.package_identification:Package 'src/urdf01' with type 'ros.ament_cmake' and name 'urdf01'
[0.155s] Level 1:colcon.colcon_core.package_identification:_identify(src/vilige_zhang) by extensions ['ignore', 'ignore_ament_install']
[0.156s] Level 1:colcon.colcon_core.package_identification:_identify(src/vilige_zhang) by extension 'ignore'
[0.156s] Level 1:colcon.colcon_core.package_identification:_identify(src/vilige_zhang) by extension 'ignore_ament_install'
[0.156s] Level 1:colcon.colcon_core.package_identification:_identify(src/vilige_zhang) by extensions ['colcon_pkg']
[0.156s] Level 1:colcon.colcon_core.package_identification:_identify(src/vilige_zhang) by extension 'colcon_pkg'
[0.156s] Level 1:colcon.colcon_core.package_identification:_identify(src/vilige_zhang) by extensions ['colcon_meta']
[0.156s] Level 1:colcon.colcon_core.package_identification:_identify(src/vilige_zhang) by extension 'colcon_meta'
[0.156s] Level 1:colcon.colcon_core.package_identification:_identify(src/vilige_zhang) by extensions ['ros']
[0.156s] Level 1:colcon.colcon_core.package_identification:_identify(src/vilige_zhang) by extension 'ros'
[0.156s] DEBUG:colcon.colcon_core.package_identification:Package 'src/vilige_zhang' with type 'ros.ament_python' and name 'vilige_zhang'
[0.156s] Level 1:colcon.colcon_core.package_identification:_identify(src/village_li) by extensions ['ignore', 'ignore_ament_install']
[0.156s] Level 1:colcon.colcon_core.package_identification:_identify(src/village_li) by extension 'ignore'
[0.157s] Level 1:colcon.colcon_core.package_identification:_identify(src/village_li) by extension 'ignore_ament_install'
[0.157s] Level 1:colcon.colcon_core.package_identification:_identify(src/village_li) by extensions ['colcon_pkg']
[0.157s] Level 1:colcon.colcon_core.package_identification:_identify(src/village_li) by extension 'colcon_pkg'
[0.157s] Level 1:colcon.colcon_core.package_identification:_identify(src/village_li) by extensions ['colcon_meta']
[0.157s] Level 1:colcon.colcon_core.package_identification:_identify(src/village_li) by extension 'colcon_meta'
[0.157s] Level 1:colcon.colcon_core.package_identification:_identify(src/village_li) by extensions ['ros']
[0.157s] Level 1:colcon.colcon_core.package_identification:_identify(src/village_li) by extension 'ros'
[0.157s] DEBUG:colcon.colcon_core.package_identification:Package 'src/village_li' with type 'ros.ament_python' and name 'village_li'
[0.157s] Level 1:colcon.colcon_core.package_identification:_identify(src/village_wang) by extensions ['ignore', 'ignore_ament_install']
[0.157s] Level 1:colcon.colcon_core.package_identification:_identify(src/village_wang) by extension 'ignore'
[0.158s] Level 1:colcon.colcon_core.package_identification:_identify(src/village_wang) by extension 'ignore_ament_install'
[0.158s] Level 1:colcon.colcon_core.package_identification:_identify(src/village_wang) by extensions ['colcon_pkg']
[0.158s] Level 1:colcon.colcon_core.package_identification:_identify(src/village_wang) by extension 'colcon_pkg'
[0.158s] Level 1:colcon.colcon_core.package_identification:_identify(src/village_wang) by extensions ['colcon_meta']
[0.158s] Level 1:colcon.colcon_core.package_identification:_identify(src/village_wang) by extension 'colcon_meta'
[0.158s] Level 1:colcon.colcon_core.package_identification:_identify(src/village_wang) by extensions ['ros']
[0.158s] Level 1:colcon.colcon_core.package_identification:_identify(src/village_wang) by extension 'ros'
[0.158s] DEBUG:colcon.colcon_core.package_identification:Package 'src/village_wang' with type 'ros.ament_cmake' and name 'village_wang'
[0.158s] Level 1:colcon.colcon_core.package_identification:_identify(village_interface) by extensions ['ignore', 'ignore_ament_install']
[0.158s] Level 1:colcon.colcon_core.package_identification:_identify(village_interface) by extension 'ignore'
[0.158s] Level 1:colcon.colcon_core.package_identification:_identify(village_interface) by extension 'ignore_ament_install'
[0.158s] Level 1:colcon.colcon_core.package_identification:_identify(village_interface) by extensions ['colcon_pkg']
[0.159s] Level 1:colcon.colcon_core.package_identification:_identify(village_interface) by extension 'colcon_pkg'
[0.159s] Level 1:colcon.colcon_core.package_identification:_identify(village_interface) by extensions ['colcon_meta']
[0.159s] Level 1:colcon.colcon_core.package_identification:_identify(village_interface) by extension 'colcon_meta'
[0.159s] Level 1:colcon.colcon_core.package_identification:_identify(village_interface) by extensions ['ros']
[0.159s] Level 1:colcon.colcon_core.package_identification:_identify(village_interface) by extension 'ros'
[0.159s] DEBUG:colcon.colcon_core.package_identification:Package 'village_interface' with type 'ros.ament_cmake' and name 'village_interface'
[0.159s] Level 1:colcon.colcon_core.package_discovery:discover_packages(recursive) using defaults
[0.159s] Level 1:colcon.colcon_core.package_discovery:discover_packages(ignore) discover
[0.159s] Level 1:colcon.colcon_core.package_discovery:discover_packages(ignore) using defaults
[0.159s] Level 1:colcon.colcon_core.package_discovery:discover_packages(path) discover
[0.159s] Level 1:colcon.colcon_core.package_discovery:discover_packages(path) using defaults
[0.175s] Level 5:colcon.colcon_core.verb:set package 'mycar' build argument 'cmake_args' from command line to '['-DCMAKE_BUILD_TYPE=RelWithDebInfo', '-DCMAKE_EXPORT_COMPILE_COMMANDS=On', '-Wall', '-Wextra', '-Wpedantic']'
[0.176s] Level 5:colcon.colcon_core.verb:set package 'mycar' build argument 'cmake_target' from command line to 'None'
[0.176s] Level 5:colcon.colcon_core.verb:set package 'mycar' build argument 'cmake_target_skip_unavailable' from command line to 'False'
[0.176s] Level 5:colcon.colcon_core.verb:set package 'mycar' build argument 'cmake_clean_cache' from command line to 'False'
[0.176s] Level 5:colcon.colcon_core.verb:set package 'mycar' build argument 'cmake_clean_first' from command line to 'False'
[0.176s] Level 5:colcon.colcon_core.verb:set package 'mycar' build argument 'cmake_force_configure' from command line to 'False'
[0.176s] Level 5:colcon.colcon_core.verb:set package 'mycar' build argument 'ament_cmake_args' from command line to 'None'
[0.176s] Level 5:colcon.colcon_core.verb:set package 'mycar' build argument 'catkin_cmake_args' from command line to 'None'
[0.176s] Level 5:colcon.colcon_core.verb:set package 'mycar' build argument 'catkin_skip_building_tests' from command line to 'False'
[0.176s] DEBUG:colcon.colcon_core.verb:Building package 'mycar' with the following arguments: {'ament_cmake_args': None, 'build_base': '/home/sto-technology/pro/ros2_pro/town_ws/build/mycar', 'catkin_cmake_args': None, 'catkin_skip_building_tests': False, 'cmake_args': ['-DCMAKE_BUILD_TYPE=RelWithDebInfo', '-DCMAKE_EXPORT_COMPILE_COMMANDS=On', '-Wall', '-Wextra', '-Wpedantic'], 'cmake_clean_cache': False, 'cmake_clean_first': False, 'cmake_force_configure': False, 'cmake_target': None, 'cmake_target_skip_unavailable': False, 'install_base': '/home/sto-technology/pro/ros2_pro/town_ws/install', 'merge_install': True, 'path': '/home/sto-technology/pro/ros2_pro/town_ws/src/mycar', 'symlink_install': True, 'test_result_base': None}
[0.176s] Level 5:colcon.colcon_core.verb:set package 'urdf01' build argument 'cmake_args' from command line to '['-DCMAKE_BUILD_TYPE=RelWithDebInfo', '-DCMAKE_EXPORT_COMPILE_COMMANDS=On', '-Wall', '-Wextra', '-Wpedantic']'
[0.176s] Level 5:colcon.colcon_core.verb:set package 'urdf01' build argument 'cmake_target' from command line to 'None'
[0.176s] Level 5:colcon.colcon_core.verb:set package 'urdf01' build argument 'cmake_target_skip_unavailable' from command line to 'False'
[0.176s] Level 5:colcon.colcon_core.verb:set package 'urdf01' build argument 'cmake_clean_cache' from command line to 'False'
[0.176s] Level 5:colcon.colcon_core.verb:set package 'urdf01' build argument 'cmake_clean_first' from command line to 'False'
[0.176s] Level 5:colcon.colcon_core.verb:set package 'urdf01' build argument 'cmake_force_configure' from command line to 'False'
[0.177s] Level 5:colcon.colcon_core.verb:set package 'urdf01' build argument 'ament_cmake_args' from command line to 'None'
[0.177s] Level 5:colcon.colcon_core.verb:set package 'urdf01' build argument 'catkin_cmake_args' from command line to 'None'
[0.177s] Level 5:colcon.colcon_core.verb:set package 'urdf01' build argument 'catkin_skip_building_tests' from command line to 'False'
[0.177s] DEBUG:colcon.colcon_core.verb:Building package 'urdf01' with the following arguments: {'ament_cmake_args': None, 'build_base': '/home/sto-technology/pro/ros2_pro/town_ws/build/urdf01', 'catkin_cmake_args': None, 'catkin_skip_building_tests': False, 'cmake_args': ['-DCMAKE_BUILD_TYPE=RelWithDebInfo', '-DCMAKE_EXPORT_COMPILE_COMMANDS=On', '-Wall', '-Wextra', '-Wpedantic'], 'cmake_clean_cache': False, 'cmake_clean_first': False, 'cmake_force_configure': False, 'cmake_target': None, 'cmake_target_skip_unavailable': False, 'install_base': '/home/sto-technology/pro/ros2_pro/town_ws/install', 'merge_install': True, 'path': '/home/sto-technology/pro/ros2_pro/town_ws/src/urdf01', 'symlink_install': True, 'test_result_base': None}
[0.177s] Level 5:colcon.colcon_core.verb:set package 'vilige_zhang' build argument 'cmake_args' from command line to '['-DCMAKE_BUILD_TYPE=RelWithDebInfo', '-DCMAKE_EXPORT_COMPILE_COMMANDS=On', '-Wall', '-Wextra', '-Wpedantic']'
[0.177s] Level 5:colcon.colcon_core.verb:set package 'vilige_zhang' build argument 'cmake_target' from command line to 'None'
[0.177s] Level 5:colcon.colcon_core.verb:set package 'vilige_zhang' build argument 'cmake_target_skip_unavailable' from command line to 'False'
[0.177s] Level 5:colcon.colcon_core.verb:set package 'vilige_zhang' build argument 'cmake_clean_cache' from command line to 'False'
[0.177s] Level 5:colcon.colcon_core.verb:set package 'vilige_zhang' build argument 'cmake_clean_first' from command line to 'False'
[0.177s] Level 5:colcon.colcon_core.verb:set package 'vilige_zhang' build argument 'cmake_force_configure' from command line to 'False'
[0.177s] Level 5:colcon.colcon_core.verb:set package 'vilige_zhang' build argument 'ament_cmake_args' from command line to 'None'
[0.177s] Level 5:colcon.colcon_core.verb:set package 'vilige_zhang' build argument 'catkin_cmake_args' from command line to 'None'
[0.177s] Level 5:colcon.colcon_core.verb:set package 'vilige_zhang' build argument 'catkin_skip_building_tests' from command line to 'False'
[0.178s] DEBUG:colcon.colcon_core.verb:Building package 'vilige_zhang' with the following arguments: {'ament_cmake_args': None, 'build_base': '/home/sto-technology/pro/ros2_pro/town_ws/build/vilige_zhang', 'catkin_cmake_args': None, 'catkin_skip_building_tests': False, 'cmake_args': ['-DCMAKE_BUILD_TYPE=RelWithDebInfo', '-DCMAKE_EXPORT_COMPILE_COMMANDS=On', '-Wall', '-Wextra', '-Wpedantic'], 'cmake_clean_cache': False, 'cmake_clean_first': False, 'cmake_force_configure': False, 'cmake_target': None, 'cmake_target_skip_unavailable': False, 'install_base': '/home/sto-technology/pro/ros2_pro/town_ws/install', 'merge_install': True, 'path': '/home/sto-technology/pro/ros2_pro/town_ws/src/vilige_zhang', 'symlink_install': True, 'test_result_base': None}
[0.178s] Level 5:colcon.colcon_core.verb:set package 'village_interface' build argument 'cmake_args' from command line to '['-DCMAKE_BUILD_TYPE=RelWithDebInfo', '-DCMAKE_EXPORT_COMPILE_COMMANDS=On', '-Wall', '-Wextra', '-Wpedantic']'
[0.178s] Level 5:colcon.colcon_core.verb:set package 'village_interface' build argument 'cmake_target' from command line to 'None'
[0.178s] Level 5:colcon.colcon_core.verb:set package 'village_interface' build argument 'cmake_target_skip_unavailable' from command line to 'False'
[0.178s] Level 5:colcon.colcon_core.verb:set package 'village_interface' build argument 'cmake_clean_cache' from command line to 'False'
[0.178s] Level 5:colcon.colcon_core.verb:set package 'village_interface' build argument 'cmake_clean_first' from command line to 'False'
[0.178s] Level 5:colcon.colcon_core.verb:set package 'village_interface' build argument 'cmake_force_configure' from command line to 'False'
[0.178s] Level 5:colcon.colcon_core.verb:set package 'village_interface' build argument 'ament_cmake_args' from command line to 'None'
[0.178s] Level 5:colcon.colcon_core.verb:set package 'village_interface' build argument 'catkin_cmake_args' from command line to 'None'
[0.178s] Level 5:colcon.colcon_core.verb:set package 'village_interface' build argument 'catkin_skip_building_tests' from command line to 'False'
[0.178s] DEBUG:colcon.colcon_core.verb:Building package 'village_interface' with the following arguments: {'ament_cmake_args': None, 'build_base': '/home/sto-technology/pro/ros2_pro/town_ws/build/village_interface', 'catkin_cmake_args': None, 'catkin_skip_building_tests': False, 'cmake_args': ['-DCMAKE_BUILD_TYPE=RelWithDebInfo', '-DCMAKE_EXPORT_COMPILE_COMMANDS=On', '-Wall', '-Wextra', '-Wpedantic'], 'cmake_clean_cache': False, 'cmake_clean_first': False, 'cmake_force_configure': False, 'cmake_target': None, 'cmake_target_skip_unavailable': False, 'install_base': '/home/sto-technology/pro/ros2_pro/town_ws/install', 'merge_install': True, 'path': '/home/sto-technology/pro/ros2_pro/town_ws/village_interface', 'symlink_install': True, 'test_result_base': None}
[0.180s] Level 5:colcon.colcon_core.verb:set package 'village_li' build argument 'cmake_args' from command line to '['-DCMAKE_BUILD_TYPE=RelWithDebInfo', '-DCMAKE_EXPORT_COMPILE_COMMANDS=On', '-Wall', '-Wextra', '-Wpedantic']'
[0.180s] Level 5:colcon.colcon_core.verb:set package 'village_li' build argument 'cmake_target' from command line to 'None'
[0.180s] Level 5:colcon.colcon_core.verb:set package 'village_li' build argument 'cmake_target_skip_unavailable' from command line to 'False'
[0.180s] Level 5:colcon.colcon_core.verb:set package 'village_li' build argument 'cmake_clean_cache' from command line to 'False'
[0.180s] Level 5:colcon.colcon_core.verb:set package 'village_li' build argument 'cmake_clean_first' from command line to 'False'
[0.180s] Level 5:colcon.colcon_core.verb:set package 'village_li' build argument 'cmake_force_configure' from command line to 'False'
[0.180s] Level 5:colcon.colcon_core.verb:set package 'village_li' build argument 'ament_cmake_args' from command line to 'None'
[0.180s] Level 5:colcon.colcon_core.verb:set package 'village_li' build argument 'catkin_cmake_args' from command line to 'None'
[0.180s] Level 5:colcon.colcon_core.verb:set package 'village_li' build argument 'catkin_skip_building_tests' from command line to 'False'
[0.180s] DEBUG:colcon.colcon_core.verb:Building package 'village_li' with the following arguments: {'ament_cmake_args': None, 'build_base': '/home/sto-technology/pro/ros2_pro/town_ws/build/village_li', 'catkin_cmake_args': None, 'catkin_skip_building_tests': False, 'cmake_args': ['-DCMAKE_BUILD_TYPE=RelWithDebInfo', '-DCMAKE_EXPORT_COMPILE_COMMANDS=On', '-Wall', '-Wextra', '-Wpedantic'], 'cmake_clean_cache': False, 'cmake_clean_first': False, 'cmake_force_configure': False, 'cmake_target': None, 'cmake_target_skip_unavailable': False, 'install_base': '/home/sto-technology/pro/ros2_pro/town_ws/install', 'merge_install': True, 'path': '/home/sto-technology/pro/ros2_pro/town_ws/src/village_li', 'symlink_install': True, 'test_result_base': None}
[0.181s] Level 5:colcon.colcon_core.verb:set package 'village_wang' build argument 'cmake_args' from command line to '['-DCMAKE_BUILD_TYPE=RelWithDebInfo', '-DCMAKE_EXPORT_COMPILE_COMMANDS=On', '-Wall', '-Wextra', '-Wpedantic']'
[0.181s] Level 5:colcon.colcon_core.verb:set package 'village_wang' build argument 'cmake_target' from command line to 'None'
[0.181s] Level 5:colcon.colcon_core.verb:set package 'village_wang' build argument 'cmake_target_skip_unavailable' from command line to 'False'
[0.181s] Level 5:colcon.colcon_core.verb:set package 'village_wang' build argument 'cmake_clean_cache' from command line to 'False'
[0.181s] Level 5:colcon.colcon_core.verb:set package 'village_wang' build argument 'cmake_clean_first' from command line to 'False'
[0.181s] Level 5:colcon.colcon_core.verb:set package 'village_wang' build argument 'cmake_force_configure' from command line to 'False'
[0.181s] Level 5:colcon.colcon_core.verb:set package 'village_wang' build argument 'ament_cmake_args' from command line to 'None'
[0.181s] Level 5:colcon.colcon_core.verb:set package 'village_wang' build argument 'catkin_cmake_args' from command line to 'None'
[0.181s] Level 5:colcon.colcon_core.verb:set package 'village_wang' build argument 'catkin_skip_building_tests' from command line to 'False'
[0.181s] DEBUG:colcon.colcon_core.verb:Building package 'village_wang' with the following arguments: {'ament_cmake_args': None, 'build_base': '/home/sto-technology/pro/ros2_pro/town_ws/build/village_wang', 'catkin_cmake_args': None, 'catkin_skip_building_tests': False, 'cmake_args': ['-DCMAKE_BUILD_TYPE=RelWithDebInfo', '-DCMAKE_EXPORT_COMPILE_COMMANDS=On', '-Wall', '-Wextra', '-Wpedantic'], 'cmake_clean_cache': False, 'cmake_clean_first': False, 'cmake_force_configure': False, 'cmake_target': None, 'cmake_target_skip_unavailable': False, 'install_base': '/home/sto-technology/pro/ros2_pro/town_ws/install', 'merge_install': True, 'path': '/home/sto-technology/pro/ros2_pro/town_ws/src/village_wang', 'symlink_install': True, 'test_result_base': None}
[0.185s] INFO:colcon.colcon_core.executor:Executing jobs using 'parallel' executor
[0.188s] DEBUG:colcon.colcon_parallel_executor.executor.parallel:run_until_complete
[0.188s] INFO:colcon.colcon_ros.task.ament_python.build:Building ROS package in '/home/sto-technology/pro/ros2_pro/town_ws/src/mycar' with build type 'ament_python'
[0.188s] Level 1:colcon.colcon_core.shell:create_environment_hook('mycar', 'ament_prefix_path')
[0.191s] INFO:colcon.colcon_core.plugin_system:Skipping extension 'colcon_core.shell.bat': Not used on non-Windows systems
[0.191s] INFO:colcon.colcon_core.shell:Creating environment hook '/home/sto-technology/pro/ros2_pro/town_ws/install/share/mycar/hook/ament_prefix_path.ps1'
[0.192s] INFO:colcon.colcon_core.shell:Creating environment descriptor '/home/sto-technology/pro/ros2_pro/town_ws/install/share/mycar/hook/ament_prefix_path.dsv'
[0.192s] INFO:colcon.colcon_core.shell:Creating environment hook '/home/sto-technology/pro/ros2_pro/town_ws/install/share/mycar/hook/ament_prefix_path.sh'
[0.193s] INFO:colcon.colcon_core.shell:Skip shell extension 'powershell' for command environment: Not usable outside of PowerShell
[0.193s] DEBUG:colcon.colcon_core.shell:Skip shell extension 'dsv' for command environment
[0.198s] INFO:colcon.colcon_ros.task.ament_cmake.build:Building ROS package in '/home/sto-technology/pro/ros2_pro/town_ws/src/urdf01' with build type 'ament_cmake'
[0.199s] INFO:colcon.colcon_cmake.task.cmake.build:Building CMake package in '/home/sto-technology/pro/ros2_pro/town_ws/src/urdf01'
[0.200s] INFO:colcon.colcon_core.shell:Skip shell extension 'powershell' for command environment: Not usable outside of PowerShell
[0.200s] DEBUG:colcon.colcon_core.shell:Skip shell extension 'dsv' for command environment
[0.205s] INFO:colcon.colcon_ros.task.ament_python.build:Building ROS package in '/home/sto-technology/pro/ros2_pro/town_ws/src/vilige_zhang' with build type 'ament_python'
[0.205s] Level 1:colcon.colcon_core.shell:create_environment_hook('vilige_zhang', 'ament_prefix_path')
[0.206s] INFO:colcon.colcon_core.shell:Creating environment hook '/home/sto-technology/pro/ros2_pro/town_ws/install/share/vilige_zhang/hook/ament_prefix_path.ps1'
[0.207s] INFO:colcon.colcon_core.shell:Creating environment descriptor '/home/sto-technology/pro/ros2_pro/town_ws/install/share/vilige_zhang/hook/ament_prefix_path.dsv'
[0.208s] INFO:colcon.colcon_core.shell:Creating environment hook '/home/sto-technology/pro/ros2_pro/town_ws/install/share/vilige_zhang/hook/ament_prefix_path.sh'
[0.209s] INFO:colcon.colcon_core.shell:Skip shell extension 'powershell' for command environment: Not usable outside of PowerShell
[0.209s] DEBUG:colcon.colcon_core.shell:Skip shell extension 'dsv' for command environment
[0.215s] INFO:colcon.colcon_ros.task.ament_cmake.build:Building ROS package in '/home/sto-technology/pro/ros2_pro/town_ws/village_interface' with build type 'ament_cmake'
[0.215s] INFO:colcon.colcon_cmake.task.cmake.build:Building CMake package in '/home/sto-technology/pro/ros2_pro/town_ws/village_interface'
[0.216s] INFO:colcon.colcon_core.shell:Skip shell extension 'powershell' for command environment: Not usable outside of PowerShell
[0.216s] DEBUG:colcon.colcon_core.shell:Skip shell extension 'dsv' for command environment
[0.221s] INFO:colcon.colcon_ros.task.ament_python.build:Building ROS package in '/home/sto-technology/pro/ros2_pro/town_ws/src/village_li' with build type 'ament_python'
[0.222s] Level 1:colcon.colcon_core.shell:create_environment_hook('village_li', 'ament_prefix_path')
[0.222s] INFO:colcon.colcon_core.shell:Creating environment hook '/home/sto-technology/pro/ros2_pro/town_ws/install/share/village_li/hook/ament_prefix_path.ps1'
[0.223s] INFO:colcon.colcon_core.shell:Creating environment descriptor '/home/sto-technology/pro/ros2_pro/town_ws/install/share/village_li/hook/ament_prefix_path.dsv'
[0.224s] INFO:colcon.colcon_core.shell:Creating environment hook '/home/sto-technology/pro/ros2_pro/town_ws/install/share/village_li/hook/ament_prefix_path.sh'
[0.225s] INFO:colcon.colcon_core.shell:Skip shell extension 'powershell' for command environment: Not usable outside of PowerShell
[0.225s] DEBUG:colcon.colcon_core.shell:Skip shell extension 'dsv' for command environment
[0.230s] INFO:colcon.colcon_ros.task.ament_cmake.build:Building ROS package in '/home/sto-technology/pro/ros2_pro/town_ws/src/village_wang' with build type 'ament_cmake'
[0.231s] INFO:colcon.colcon_cmake.task.cmake.build:Building CMake package in '/home/sto-technology/pro/ros2_pro/town_ws/src/village_wang'
[0.232s] INFO:colcon.colcon_core.shell:Skip shell extension 'powershell' for command environment: Not usable outside of PowerShell
[0.232s] DEBUG:colcon.colcon_core.shell:Skip shell extension 'dsv' for command environment
[0.436s] INFO:colcon.colcon_core.task.python.build:Building Python package in '/home/sto-technology/pro/ros2_pro/town_ws/src/mycar'
[0.437s] INFO:colcon.colcon_core.shell:Skip shell extension 'powershell' for command environment: Not usable outside of PowerShell
[0.437s] DEBUG:colcon.colcon_core.shell:Skip shell extension 'dsv' for command environment
[0.444s] DEBUG:colcon.colcon_core.event_handler.log_command:Invoking command in '/home/sto-technology/pro/ros2_pro/town_ws/build/urdf01': CMAKE_PREFIX_PATH=/opt/ros/foxy /usr/bin/cmake --build /home/sto-technology/pro/ros2_pro/town_ws/build/urdf01 -- -j8 -l8
[0.648s] INFO:colcon.colcon_core.task.python.build:Building Python package in '/home/sto-technology/pro/ros2_pro/town_ws/src/vilige_zhang'
[0.648s] INFO:colcon.colcon_core.shell:Skip shell extension 'powershell' for command environment: Not usable outside of PowerShell
[0.648s] DEBUG:colcon.colcon_core.shell:Skip shell extension 'dsv' for command environment
[0.656s] DEBUG:colcon.colcon_core.event_handler.log_command:Invoking command in '/home/sto-technology/pro/ros2_pro/town_ws/build/village_interface': CMAKE_PREFIX_PATH=/opt/ros/foxy /usr/bin/cmake --build /home/sto-technology/pro/ros2_pro/town_ws/build/village_interface -- -j8 -l8
[0.905s] INFO:colcon.colcon_core.task.python.build:Building Python package in '/home/sto-technology/pro/ros2_pro/town_ws/src/village_li'
[0.906s] INFO:colcon.colcon_core.shell:Skip shell extension 'powershell' for command environment: Not usable outside of PowerShell
[0.906s] DEBUG:colcon.colcon_core.shell:Skip shell extension 'dsv' for command environment
[0.917s] DEBUG:colcon.colcon_core.event_handler.log_command:Invoking command in '/home/sto-technology/pro/ros2_pro/town_ws/build/village_wang': CMAKE_PREFIX_PATH=/opt/ros/foxy /usr/bin/cmake --build /home/sto-technology/pro/ros2_pro/town_ws/build/village_wang -- -j8 -l8
[0.927s] DEBUG:colcon.colcon_core.event_handler.log_command:Invoked command in '/home/sto-technology/pro/ros2_pro/town_ws/build/urdf01' returned '0': CMAKE_PREFIX_PATH=/opt/ros/foxy /usr/bin/cmake --build /home/sto-technology/pro/ros2_pro/town_ws/build/urdf01 -- -j8 -l8
[0.927s] DEBUG:colcon.colcon_core.event_handler.log_command:Invoked command in '/home/sto-technology/pro/ros2_pro/town_ws/build/village_interface' returned '0': CMAKE_PREFIX_PATH=/opt/ros/foxy /usr/bin/cmake --build /home/sto-technology/pro/ros2_pro/town_ws/build/village_interface -- -j8 -l8
[0.987s] DEBUG:colcon.colcon_core.event_handler.log_command:Invoking command in '/home/sto-technology/pro/ros2_pro/town_ws/build/urdf01': CMAKE_PREFIX_PATH=/opt/ros/foxy /usr/bin/cmake --install /home/sto-technology/pro/ros2_pro/town_ws/build/urdf01
[1.018s] DEBUG:colcon.colcon_core.event_handler.log_command:Invoked command in '/home/sto-technology/pro/ros2_pro/town_ws/build/village_wang' returned '0': CMAKE_PREFIX_PATH=/opt/ros/foxy /usr/bin/cmake --build /home/sto-technology/pro/ros2_pro/town_ws/build/village_wang -- -j8 -l8
[1.035s] Level 1:colcon.colcon_core.environment:create_environment_scripts_only(urdf01)
[1.037s] DEBUG:colcon.colcon_core.event_handler.log_command:Invoked command in '/home/sto-technology/pro/ros2_pro/town_ws/build/urdf01' returned '0': CMAKE_PREFIX_PATH=/opt/ros/foxy /usr/bin/cmake --install /home/sto-technology/pro/ros2_pro/town_ws/build/urdf01
[1.043s] Level 1:colcon.colcon_core.environment:checking '/home/sto-technology/pro/ros2_pro/town_ws/install' for CMake module files
[1.043s] Level 1:colcon.colcon_core.environment:checking '/home/sto-technology/pro/ros2_pro/town_ws/install' for CMake config files
[1.045s] Level 1:colcon.colcon_core.shell:create_environment_hook('urdf01', 'cmake_prefix_path')
[1.046s] INFO:colcon.colcon_core.shell:Creating environment hook '/home/sto-technology/pro/ros2_pro/town_ws/install/share/urdf01/hook/cmake_prefix_path.ps1'
[1.047s] INFO:colcon.colcon_core.shell:Creating environment descriptor '/home/sto-technology/pro/ros2_pro/town_ws/install/share/urdf01/hook/cmake_prefix_path.dsv'
[1.047s] INFO:colcon.colcon_core.shell:Creating environment hook '/home/sto-technology/pro/ros2_pro/town_ws/install/share/urdf01/hook/cmake_prefix_path.sh'
[1.048s] Level 1:colcon.colcon_core.environment:checking '/home/sto-technology/pro/ros2_pro/town_ws/install/lib'
[1.049s] Level 1:colcon.colcon_core.shell:create_environment_hook('urdf01', 'ld_library_path_lib')
[1.049s] INFO:colcon.colcon_core.shell:Creating environment hook '/home/sto-technology/pro/ros2_pro/town_ws/install/share/urdf01/hook/ld_library_path_lib.ps1'
[1.050s] INFO:colcon.colcon_core.shell:Creating environment descriptor '/home/sto-technology/pro/ros2_pro/town_ws/install/share/urdf01/hook/ld_library_path_lib.dsv'
[1.050s] INFO:colcon.colcon_core.shell:Creating environment hook '/home/sto-technology/pro/ros2_pro/town_ws/install/share/urdf01/hook/ld_library_path_lib.sh'
[1.051s] Level 1:colcon.colcon_core.environment:checking '/home/sto-technology/pro/ros2_pro/town_ws/install/bin'
[1.051s] Level 1:colcon.colcon_core.environment:checking '/home/sto-technology/pro/ros2_pro/town_ws/install/lib/pkgconfig/urdf01.pc'
[1.051s] Level 1:colcon.colcon_core.environment:checking '/home/sto-technology/pro/ros2_pro/town_ws/install/lib/python3.8/site-packages'
[1.051s] Level 1:colcon.colcon_core.shell:create_environment_hook('urdf01', 'pythonpath')
[1.052s] INFO:colcon.colcon_core.shell:Creating environment hook '/home/sto-technology/pro/ros2_pro/town_ws/install/share/urdf01/hook/pythonpath.ps1'
[1.052s] INFO:colcon.colcon_core.shell:Creating environment descriptor '/home/sto-technology/pro/ros2_pro/town_ws/install/share/urdf01/hook/pythonpath.dsv'
[1.052s] INFO:colcon.colcon_core.shell:Creating environment hook '/home/sto-technology/pro/ros2_pro/town_ws/install/share/urdf01/hook/pythonpath.sh'
[1.054s] INFO:colcon.colcon_core.shell:Creating package script '/home/sto-technology/pro/ros2_pro/town_ws/install/share/urdf01/package.ps1'
[1.055s] INFO:colcon.colcon_core.shell:Creating package descriptor '/home/sto-technology/pro/ros2_pro/town_ws/install/share/urdf01/package.dsv'
[1.056s] INFO:colcon.colcon_core.shell:Creating package script '/home/sto-technology/pro/ros2_pro/town_ws/install/share/urdf01/package.sh'
[1.057s] INFO:colcon.colcon_core.shell:Creating package script '/home/sto-technology/pro/ros2_pro/town_ws/install/share/urdf01/package.bash'
[1.058s] INFO:colcon.colcon_core.shell:Creating package script '/home/sto-technology/pro/ros2_pro/town_ws/install/share/urdf01/package.zsh'
[1.058s] Level 1:colcon.colcon_core.environment:create_file_with_runtime_dependencies(/home/sto-technology/pro/ros2_pro/town_ws/install/share/colcon-core/packages/urdf01)
[1.072s] DEBUG:colcon.colcon_core.event_handler.log_command:Invoking command in '/home/sto-technology/pro/ros2_pro/town_ws/build/village_wang': CMAKE_PREFIX_PATH=/opt/ros/foxy /usr/bin/cmake --install /home/sto-technology/pro/ros2_pro/town_ws/build/village_wang
[1.096s] Level 1:colcon.colcon_core.environment:create_environment_scripts_only(urdf01)
[1.098s] Level 1:colcon.colcon_core.environment:checking '/home/sto-technology/pro/ros2_pro/town_ws/install' for CMake module files
[1.099s] Level 1:colcon.colcon_core.environment:checking '/home/sto-technology/pro/ros2_pro/town_ws/install' for CMake config files
[1.100s] Level 1:colcon.colcon_core.shell:create_environment_hook('urdf01', 'cmake_prefix_path')
[1.101s] INFO:colcon.colcon_core.shell:Creating environment hook '/home/sto-technology/pro/ros2_pro/town_ws/install/share/urdf01/hook/cmake_prefix_path.ps1'
[1.101s] INFO:colcon.colcon_core.shell:Creating environment descriptor '/home/sto-technology/pro/ros2_pro/town_ws/install/share/urdf01/hook/cmake_prefix_path.dsv'
[1.102s] INFO:colcon.colcon_core.shell:Creating environment hook '/home/sto-technology/pro/ros2_pro/town_ws/install/share/urdf01/hook/cmake_prefix_path.sh'
[1.102s] Level 1:colcon.colcon_core.environment:checking '/home/sto-technology/pro/ros2_pro/town_ws/install/lib'
[1.103s] Level 1:colcon.colcon_core.shell:create_environment_hook('urdf01', 'ld_library_path_lib')
[1.103s] INFO:colcon.colcon_core.shell:Creating environment hook '/home/sto-technology/pro/ros2_pro/town_ws/install/share/urdf01/hook/ld_library_path_lib.ps1'
[1.104s] INFO:colcon.colcon_core.shell:Creating environment descriptor '/home/sto-technology/pro/ros2_pro/town_ws/install/share/urdf01/hook/ld_library_path_lib.dsv'
[1.104s] INFO:colcon.colcon_core.shell:Creating environment hook '/home/sto-technology/pro/ros2_pro/town_ws/install/share/urdf01/hook/ld_library_path_lib.sh'
[1.104s] Level 1:colcon.colcon_core.environment:checking '/home/sto-technology/pro/ros2_pro/town_ws/install/bin'
[1.104s] Level 1:colcon.colcon_core.environment:checking '/home/sto-technology/pro/ros2_pro/town_ws/install/lib/pkgconfig/urdf01.pc'
[1.105s] Level 1:colcon.colcon_core.environment:checking '/home/sto-technology/pro/ros2_pro/town_ws/install/lib/python3.8/site-packages'
[1.105s] Level 1:colcon.colcon_core.shell:create_environment_hook('urdf01', 'pythonpath')
[1.105s] INFO:colcon.colcon_core.shell:Creating environment hook '/home/sto-technology/pro/ros2_pro/town_ws/install/share/urdf01/hook/pythonpath.ps1'
[1.106s] INFO:colcon.colcon_core.shell:Creating environment descriptor '/home/sto-technology/pro/ros2_pro/town_ws/install/share/urdf01/hook/pythonpath.dsv'
[1.107s] INFO:colcon.colcon_core.shell:Creating environment hook '/home/sto-technology/pro/ros2_pro/town_ws/install/share/urdf01/hook/pythonpath.sh'
[1.108s] INFO:colcon.colcon_core.shell:Creating package script '/home/sto-technology/pro/ros2_pro/town_ws/install/share/urdf01/package.ps1'
[1.109s] INFO:colcon.colcon_core.shell:Creating package descriptor '/home/sto-technology/pro/ros2_pro/town_ws/install/share/urdf01/package.dsv'
[1.111s] INFO:colcon.colcon_core.shell:Creating package script '/home/sto-technology/pro/ros2_pro/town_ws/install/share/urdf01/package.sh'
[1.116s] INFO:colcon.colcon_core.shell:Creating package script '/home/sto-technology/pro/ros2_pro/town_ws/install/share/urdf01/package.bash'
[1.116s] INFO:colcon.colcon_core.shell:Creating package script '/home/sto-technology/pro/ros2_pro/town_ws/install/share/urdf01/package.zsh'
[1.117s] Level 1:colcon.colcon_core.environment:create_file_with_runtime_dependencies(/home/sto-technology/pro/ros2_pro/town_ws/install/share/colcon-core/packages/urdf01)
[1.119s] Level 1:colcon.colcon_core.environment:create_environment_scripts_only(village_wang)
[1.119s] DEBUG:colcon.colcon_core.event_handler.log_command:Invoked command in '/home/sto-technology/pro/ros2_pro/town_ws/build/village_wang' returned '0': CMAKE_PREFIX_PATH=/opt/ros/foxy /usr/bin/cmake --install /home/sto-technology/pro/ros2_pro/town_ws/build/village_wang
[1.120s] Level 1:colcon.colcon_core.environment:checking '/home/sto-technology/pro/ros2_pro/town_ws/install' for CMake module files
[1.121s] Level 1:colcon.colcon_core.environment:checking '/home/sto-technology/pro/ros2_pro/town_ws/install' for CMake config files
[1.122s] Level 1:colcon.colcon_core.shell:create_environment_hook('village_wang', 'cmake_prefix_path')
[1.123s] INFO:colcon.colcon_core.shell:Creating environment hook '/home/sto-technology/pro/ros2_pro/town_ws/install/share/village_wang/hook/cmake_prefix_path.ps1'
[1.123s] INFO:colcon.colcon_core.shell:Creating environment descriptor '/home/sto-technology/pro/ros2_pro/town_ws/install/share/village_wang/hook/cmake_prefix_path.dsv'
[1.124s] INFO:colcon.colcon_core.shell:Creating environment hook '/home/sto-technology/pro/ros2_pro/town_ws/install/share/village_wang/hook/cmake_prefix_path.sh'
[1.124s] Level 1:colcon.colcon_core.environment:checking '/home/sto-technology/pro/ros2_pro/town_ws/install/lib'
[1.124s] Level 1:colcon.colcon_core.shell:create_environment_hook('village_wang', 'ld_library_path_lib')
[1.125s] INFO:colcon.colcon_core.shell:Creating environment hook '/home/sto-technology/pro/ros2_pro/town_ws/install/share/village_wang/hook/ld_library_path_lib.ps1'
[1.125s] INFO:colcon.colcon_core.shell:Creating environment descriptor '/home/sto-technology/pro/ros2_pro/town_ws/install/share/village_wang/hook/ld_library_path_lib.dsv'
[1.126s] INFO:colcon.colcon_core.shell:Creating environment hook '/home/sto-technology/pro/ros2_pro/town_ws/install/share/village_wang/hook/ld_library_path_lib.sh'
[1.126s] Level 1:colcon.colcon_core.environment:checking '/home/sto-technology/pro/ros2_pro/town_ws/install/bin'
[1.126s] Level 1:colcon.colcon_core.environment:checking '/home/sto-technology/pro/ros2_pro/town_ws/install/lib/pkgconfig/village_wang.pc'
[1.126s] Level 1:colcon.colcon_core.environment:checking '/home/sto-technology/pro/ros2_pro/town_ws/install/lib/python3.8/site-packages'
[1.126s] Level 1:colcon.colcon_core.shell:create_environment_hook('village_wang', 'pythonpath')
[1.127s] INFO:colcon.colcon_core.shell:Creating environment hook '/home/sto-technology/pro/ros2_pro/town_ws/install/share/village_wang/hook/pythonpath.ps1'
[1.128s] INFO:colcon.colcon_core.shell:Creating environment descriptor '/home/sto-technology/pro/ros2_pro/town_ws/install/share/village_wang/hook/pythonpath.dsv'
[1.128s] INFO:colcon.colcon_core.shell:Creating environment hook '/home/sto-technology/pro/ros2_pro/town_ws/install/share/village_wang/hook/pythonpath.sh'
[1.130s] INFO:colcon.colcon_core.shell:Creating package script '/home/sto-technology/pro/ros2_pro/town_ws/install/share/village_wang/package.ps1'
[1.131s] INFO:colcon.colcon_core.shell:Creating package descriptor '/home/sto-technology/pro/ros2_pro/town_ws/install/share/village_wang/package.dsv'
[1.132s] INFO:colcon.colcon_core.shell:Creating package script '/home/sto-technology/pro/ros2_pro/town_ws/install/share/village_wang/package.sh'
[1.132s] INFO:colcon.colcon_core.shell:Creating package script '/home/sto-technology/pro/ros2_pro/town_ws/install/share/village_wang/package.bash'
[1.133s] INFO:colcon.colcon_core.shell:Creating package script '/home/sto-technology/pro/ros2_pro/town_ws/install/share/village_wang/package.zsh'
[1.133s] Level 1:colcon.colcon_core.environment:create_file_with_runtime_dependencies(/home/sto-technology/pro/ros2_pro/town_ws/install/share/colcon-core/packages/village_wang)
[1.164s] DEBUG:colcon.colcon_core.event_handler.log_command:Invoking command in '/home/sto-technology/pro/ros2_pro/town_ws/build/village_interface': CMAKE_PREFIX_PATH=/opt/ros/foxy /usr/bin/cmake --install /home/sto-technology/pro/ros2_pro/town_ws/build/village_interface
[1.170s] Level 1:colcon.colcon_core.environment:create_environment_scripts_only(village_wang)
[1.171s] Level 1:colcon.colcon_core.environment:checking '/home/sto-technology/pro/ros2_pro/town_ws/install' for CMake module files
[1.172s] Level 1:colcon.colcon_core.environment:checking '/home/sto-technology/pro/ros2_pro/town_ws/install' for CMake config files
[1.173s] Level 1:colcon.colcon_core.shell:create_environment_hook('village_wang', 'cmake_prefix_path')
[1.174s] INFO:colcon.colcon_core.shell:Creating environment hook '/home/sto-technology/pro/ros2_pro/town_ws/install/share/village_wang/hook/cmake_prefix_path.ps1'
[1.174s] INFO:colcon.colcon_core.shell:Creating environment descriptor '/home/sto-technology/pro/ros2_pro/town_ws/install/share/village_wang/hook/cmake_prefix_path.dsv'
[1.175s] INFO:colcon.colcon_core.shell:Creating environment hook '/home/sto-technology/pro/ros2_pro/town_ws/install/share/village_wang/hook/cmake_prefix_path.sh'
[1.175s] Level 1:colcon.colcon_core.environment:checking '/home/sto-technology/pro/ros2_pro/town_ws/install/lib'
[1.176s] Level 1:colcon.colcon_core.shell:create_environment_hook('village_wang', 'ld_library_path_lib')
[1.176s] INFO:colcon.colcon_core.shell:Creating environment hook '/home/sto-technology/pro/ros2_pro/town_ws/install/share/village_wang/hook/ld_library_path_lib.ps1'
[1.177s] INFO:colcon.colcon_core.shell:Creating environment descriptor '/home/sto-technology/pro/ros2_pro/town_ws/install/share/village_wang/hook/ld_library_path_lib.dsv'
[1.178s] INFO:colcon.colcon_core.shell:Creating environment hook '/home/sto-technology/pro/ros2_pro/town_ws/install/share/village_wang/hook/ld_library_path_lib.sh'
[1.183s] Level 1:colcon.colcon_core.environment:checking '/home/sto-technology/pro/ros2_pro/town_ws/install/bin'
[1.183s] Level 1:colcon.colcon_core.environment:checking '/home/sto-technology/pro/ros2_pro/town_ws/install/lib/pkgconfig/village_wang.pc'
[1.184s] Level 1:colcon.colcon_core.environment:checking '/home/sto-technology/pro/ros2_pro/town_ws/install/lib/python3.8/site-packages'
[1.184s] Level 1:colcon.colcon_core.shell:create_environment_hook('village_wang', 'pythonpath')
[1.185s] INFO:colcon.colcon_core.shell:Creating environment hook '/home/sto-technology/pro/ros2_pro/town_ws/install/share/village_wang/hook/pythonpath.ps1'
[1.188s] INFO:colcon.colcon_core.shell:Creating environment descriptor '/home/sto-technology/pro/ros2_pro/town_ws/install/share/village_wang/hook/pythonpath.dsv'
[1.189s] INFO:colcon.colcon_core.shell:Creating environment hook '/home/sto-technology/pro/ros2_pro/town_ws/install/share/village_wang/hook/pythonpath.sh'
[1.191s] INFO:colcon.colcon_core.shell:Creating package script '/home/sto-technology/pro/ros2_pro/town_ws/install/share/village_wang/package.ps1'
[1.197s] INFO:colcon.colcon_core.shell:Creating package descriptor '/home/sto-technology/pro/ros2_pro/town_ws/install/share/village_wang/package.dsv'
[1.198s] INFO:colcon.colcon_core.shell:Creating package script '/home/sto-technology/pro/ros2_pro/town_ws/install/share/village_wang/package.sh'
[1.199s] INFO:colcon.colcon_core.shell:Creating package script '/home/sto-technology/pro/ros2_pro/town_ws/install/share/village_wang/package.bash'
[1.200s] INFO:colcon.colcon_core.shell:Creating package script '/home/sto-technology/pro/ros2_pro/town_ws/install/share/village_wang/package.zsh'
[1.201s] Level 1:colcon.colcon_core.environment:create_file_with_runtime_dependencies(/home/sto-technology/pro/ros2_pro/town_ws/install/share/colcon-core/packages/village_wang)
[1.280s] Level 1:colcon.colcon_core.environment:create_environment_scripts_only(village_interface)
[1.281s] Level 1:colcon.colcon_core.environment:checking '/home/sto-technology/pro/ros2_pro/town_ws/install' for CMake module files
[1.281s] Level 1:colcon.colcon_core.environment:checking '/home/sto-technology/pro/ros2_pro/town_ws/install' for CMake config files
[1.282s] Level 1:colcon.colcon_core.shell:create_environment_hook('village_interface', 'cmake_prefix_path')
[1.283s] INFO:colcon.colcon_core.shell:Creating environment hook '/home/sto-technology/pro/ros2_pro/town_ws/install/share/village_interface/hook/cmake_prefix_path.ps1'
[1.283s] INFO:colcon.colcon_core.shell:Creating environment descriptor '/home/sto-technology/pro/ros2_pro/town_ws/install/share/village_interface/hook/cmake_prefix_path.dsv'
[1.284s] INFO:colcon.colcon_core.shell:Creating environment hook '/home/sto-technology/pro/ros2_pro/town_ws/install/share/village_interface/hook/cmake_prefix_path.sh'
[1.284s] Level 1:colcon.colcon_core.environment:checking '/home/sto-technology/pro/ros2_pro/town_ws/install/lib'
[1.285s] Level 1:colcon.colcon_core.shell:create_environment_hook('village_interface', 'ld_library_path_lib')
[1.285s] INFO:colcon.colcon_core.shell:Creating environment hook '/home/sto-technology/pro/ros2_pro/town_ws/install/share/village_interface/hook/ld_library_path_lib.ps1'
[1.286s] INFO:colcon.colcon_core.shell:Creating environment descriptor '/home/sto-technology/pro/ros2_pro/town_ws/install/share/village_interface/hook/ld_library_path_lib.dsv'
[1.287s] INFO:colcon.colcon_core.shell:Creating environment hook '/home/sto-technology/pro/ros2_pro/town_ws/install/share/village_interface/hook/ld_library_path_lib.sh'
[1.288s] Level 1:colcon.colcon_core.environment:checking '/home/sto-technology/pro/ros2_pro/town_ws/install/bin'
[1.288s] Level 1:colcon.colcon_core.environment:checking '/home/sto-technology/pro/ros2_pro/town_ws/install/lib/pkgconfig/village_interface.pc'
[1.288s] Level 1:colcon.colcon_core.environment:checking '/home/sto-technology/pro/ros2_pro/town_ws/install/lib/python3.8/site-packages'
[1.288s] Level 1:colcon.colcon_core.shell:create_environment_hook('village_interface', 'pythonpath')
[1.288s] INFO:colcon.colcon_core.shell:Creating environment hook '/home/sto-technology/pro/ros2_pro/town_ws/install/share/village_interface/hook/pythonpath.ps1'
[1.289s] INFO:colcon.colcon_core.shell:Creating environment descriptor '/home/sto-technology/pro/ros2_pro/town_ws/install/share/village_interface/hook/pythonpath.dsv'
[1.289s] INFO:colcon.colcon_core.shell:Creating environment hook '/home/sto-technology/pro/ros2_pro/town_ws/install/share/village_interface/hook/pythonpath.sh'
[1.290s] INFO:colcon.colcon_core.shell:Creating package script '/home/sto-technology/pro/ros2_pro/town_ws/install/share/village_interface/package.ps1'
[1.291s] DEBUG:colcon.colcon_core.event_handler.log_command:Invoked command in '/home/sto-technology/pro/ros2_pro/town_ws/build/village_interface' returned '0': CMAKE_PREFIX_PATH=/opt/ros/foxy /usr/bin/cmake --install /home/sto-technology/pro/ros2_pro/town_ws/build/village_interface
[1.291s] INFO:colcon.colcon_core.shell:Creating package descriptor '/home/sto-technology/pro/ros2_pro/town_ws/install/share/village_interface/package.dsv'
[1.292s] INFO:colcon.colcon_core.shell:Creating package script '/home/sto-technology/pro/ros2_pro/town_ws/install/share/village_interface/package.sh'
[1.292s] INFO:colcon.colcon_core.shell:Creating package script '/home/sto-technology/pro/ros2_pro/town_ws/install/share/village_interface/package.bash'
[1.292s] INFO:colcon.colcon_core.shell:Creating package script '/home/sto-technology/pro/ros2_pro/town_ws/install/share/village_interface/package.zsh'
[1.293s] Level 1:colcon.colcon_core.environment:create_file_with_runtime_dependencies(/home/sto-technology/pro/ros2_pro/town_ws/install/share/colcon-core/packages/village_interface)
[1.389s] Level 1:colcon.colcon_core.environment:create_environment_scripts_only(village_interface)
[1.391s] Level 1:colcon.colcon_core.environment:checking '/home/sto-technology/pro/ros2_pro/town_ws/install' for CMake module files
[1.392s] Level 1:colcon.colcon_core.environment:checking '/home/sto-technology/pro/ros2_pro/town_ws/install' for CMake config files
[1.393s] Level 1:colcon.colcon_core.shell:create_environment_hook('village_interface', 'cmake_prefix_path')
[1.394s] INFO:colcon.colcon_core.shell:Creating environment hook '/home/sto-technology/pro/ros2_pro/town_ws/install/share/village_interface/hook/cmake_prefix_path.ps1'
[1.395s] INFO:colcon.colcon_core.shell:Creating environment descriptor '/home/sto-technology/pro/ros2_pro/town_ws/install/share/village_interface/hook/cmake_prefix_path.dsv'
[1.397s] INFO:colcon.colcon_core.shell:Creating environment hook '/home/sto-technology/pro/ros2_pro/town_ws/install/share/village_interface/hook/cmake_prefix_path.sh'
[1.398s] Level 1:colcon.colcon_core.environment:checking '/home/sto-technology/pro/ros2_pro/town_ws/install/lib'
[1.398s] Level 1:colcon.colcon_core.shell:create_environment_hook('village_interface', 'ld_library_path_lib')
[1.399s] INFO:colcon.colcon_core.shell:Creating environment hook '/home/sto-technology/pro/ros2_pro/town_ws/install/share/village_interface/hook/ld_library_path_lib.ps1'
[1.399s] INFO:colcon.colcon_core.shell:Creating environment descriptor '/home/sto-technology/pro/ros2_pro/town_ws/install/share/village_interface/hook/ld_library_path_lib.dsv'
[1.400s] INFO:colcon.colcon_core.shell:Creating environment hook '/home/sto-technology/pro/ros2_pro/town_ws/install/share/village_interface/hook/ld_library_path_lib.sh'
[1.400s] Level 1:colcon.colcon_core.environment:checking '/home/sto-technology/pro/ros2_pro/town_ws/install/bin'
[1.401s] Level 1:colcon.colcon_core.environment:checking '/home/sto-technology/pro/ros2_pro/town_ws/install/lib/pkgconfig/village_interface.pc'
[1.401s] Level 1:colcon.colcon_core.environment:checking '/home/sto-technology/pro/ros2_pro/town_ws/install/lib/python3.8/site-packages'
[1.401s] Level 1:colcon.colcon_core.shell:create_environment_hook('village_interface', 'pythonpath')
[1.401s] INFO:colcon.colcon_core.shell:Creating environment hook '/home/sto-technology/pro/ros2_pro/town_ws/install/share/village_interface/hook/pythonpath.ps1'
[1.402s] INFO:colcon.colcon_core.shell:Creating environment descriptor '/home/sto-technology/pro/ros2_pro/town_ws/install/share/village_interface/hook/pythonpath.dsv'
[1.402s] INFO:colcon.colcon_core.shell:Creating environment hook '/home/sto-technology/pro/ros2_pro/town_ws/install/share/village_interface/hook/pythonpath.sh'
[1.404s] INFO:colcon.colcon_core.shell:Creating package script '/home/sto-technology/pro/ros2_pro/town_ws/install/share/village_interface/package.ps1'
[1.405s] INFO:colcon.colcon_core.shell:Creating package descriptor '/home/sto-technology/pro/ros2_pro/town_ws/install/share/village_interface/package.dsv'
[1.406s] INFO:colcon.colcon_core.shell:Creating package script '/home/sto-technology/pro/ros2_pro/town_ws/install/share/village_interface/package.sh'
[1.407s] INFO:colcon.colcon_core.shell:Creating package script '/home/sto-technology/pro/ros2_pro/town_ws/install/share/village_interface/package.bash'
[1.407s] INFO:colcon.colcon_core.shell:Creating package script '/home/sto-technology/pro/ros2_pro/town_ws/install/share/village_interface/package.zsh'
[1.408s] Level 1:colcon.colcon_core.environment:create_file_with_runtime_dependencies(/home/sto-technology/pro/ros2_pro/town_ws/install/share/colcon-core/packages/village_interface)
[1.484s] DEBUG:colcon.colcon_core.event_handler.log_command:Invoking command in '/home/sto-technology/pro/ros2_pro/town_ws/build/mycar': PYTHONPATH=/home/sto-technology/pro/ros2_pro/town_ws/install/lib/python3.8/site-packages:${PYTHONPATH} /usr/bin/python3 setup.py develop --prefix /home/sto-technology/pro/ros2_pro/town_ws/install --editable --build-directory /home/sto-technology/pro/ros2_pro/town_ws/build/mycar/build --no-deps install_data --install-dir /home/sto-technology/pro/ros2_pro/town_ws/install
[1.489s] DEBUG:colcon.colcon_core.event_handler.log_command:Invoking command in '/home/sto-technology/pro/ros2_pro/town_ws/build/vilige_zhang': PYTHONPATH=/home/sto-technology/pro/ros2_pro/town_ws/install/lib/python3.8/site-packages:${PYTHONPATH} /usr/bin/python3 setup.py develop --prefix /home/sto-technology/pro/ros2_pro/town_ws/install --editable --build-directory /home/sto-technology/pro/ros2_pro/town_ws/build/vilige_zhang/build --no-deps install_data --install-dir /home/sto-technology/pro/ros2_pro/town_ws/install
[1.520s] DEBUG:colcon.colcon_core.event_handler.log_command:Invoking command in '/home/sto-technology/pro/ros2_pro/town_ws/build/village_li': PYTHONPATH=/home/sto-technology/pro/ros2_pro/town_ws/install/lib/python3.8/site-packages:${PYTHONPATH} /usr/bin/python3 setup.py develop --prefix /home/sto-technology/pro/ros2_pro/town_ws/install --editable --build-directory /home/sto-technology/pro/ros2_pro/town_ws/build/village_li/build --no-deps install_data --install-dir /home/sto-technology/pro/ros2_pro/town_ws/install
[1.928s] Level 1:colcon.colcon_core.shell:create_environment_hook('mycar', 'pythonpath_develop')
[1.930s] INFO:colcon.colcon_core.shell:Creating environment hook '/home/sto-technology/pro/ros2_pro/town_ws/build/mycar/share/mycar/hook/pythonpath_develop.ps1'
[1.931s] DEBUG:colcon.colcon_core.event_handler.log_command:Invoked command in '/home/sto-technology/pro/ros2_pro/town_ws/build/mycar' returned '0': PYTHONPATH=/home/sto-technology/pro/ros2_pro/town_ws/install/lib/python3.8/site-packages:${PYTHONPATH} /usr/bin/python3 setup.py develop --prefix /home/sto-technology/pro/ros2_pro/town_ws/install --editable --build-directory /home/sto-technology/pro/ros2_pro/town_ws/build/mycar/build --no-deps install_data --install-dir /home/sto-technology/pro/ros2_pro/town_ws/install
[1.932s] INFO:colcon.colcon_core.shell:Creating environment descriptor '/home/sto-technology/pro/ros2_pro/town_ws/build/mycar/share/mycar/hook/pythonpath_develop.dsv'
[1.932s] INFO:colcon.colcon_core.shell:Creating environment hook '/home/sto-technology/pro/ros2_pro/town_ws/build/mycar/share/mycar/hook/pythonpath_develop.sh'
[1.934s] Level 1:colcon.colcon_core.environment:checking '/home/sto-technology/pro/ros2_pro/town_ws/install' for CMake module files
[1.957s] Level 1:colcon.colcon_core.environment:checking '/home/sto-technology/pro/ros2_pro/town_ws/install' for CMake config files
[1.958s] Level 1:colcon.colcon_core.shell:create_environment_hook('mycar', 'cmake_prefix_path')
[1.958s] INFO:colcon.colcon_core.shell:Creating environment hook '/home/sto-technology/pro/ros2_pro/town_ws/install/share/mycar/hook/cmake_prefix_path.ps1'
[1.959s] INFO:colcon.colcon_core.shell:Creating environment descriptor '/home/sto-technology/pro/ros2_pro/town_ws/install/share/mycar/hook/cmake_prefix_path.dsv'
[1.959s] INFO:colcon.colcon_core.shell:Creating environment hook '/home/sto-technology/pro/ros2_pro/town_ws/install/share/mycar/hook/cmake_prefix_path.sh'
[1.960s] Level 1:colcon.colcon_core.environment:checking '/home/sto-technology/pro/ros2_pro/town_ws/install/lib'
[1.960s] Level 1:colcon.colcon_core.shell:create_environment_hook('mycar', 'ld_library_path_lib')
[1.961s] INFO:colcon.colcon_core.shell:Creating environment hook '/home/sto-technology/pro/ros2_pro/town_ws/install/share/mycar/hook/ld_library_path_lib.ps1'
[1.962s] INFO:colcon.colcon_core.shell:Creating environment descriptor '/home/sto-technology/pro/ros2_pro/town_ws/install/share/mycar/hook/ld_library_path_lib.dsv'
[1.963s] INFO:colcon.colcon_core.shell:Creating environment hook '/home/sto-technology/pro/ros2_pro/town_ws/install/share/mycar/hook/ld_library_path_lib.sh'
[1.963s] Level 1:colcon.colcon_core.environment:checking '/home/sto-technology/pro/ros2_pro/town_ws/install/bin'
[1.963s] Level 1:colcon.colcon_core.environment:checking '/home/sto-technology/pro/ros2_pro/town_ws/install/lib/pkgconfig/mycar.pc'
[1.964s] Level 1:colcon.colcon_core.environment:checking '/home/sto-technology/pro/ros2_pro/town_ws/install/lib/python3.8/site-packages'
[1.964s] Level 1:colcon.colcon_core.shell:create_environment_hook('mycar', 'pythonpath')
[1.964s] INFO:colcon.colcon_core.shell:Creating environment hook '/home/sto-technology/pro/ros2_pro/town_ws/install/share/mycar/hook/pythonpath.ps1'
[1.965s] INFO:colcon.colcon_core.shell:Creating environment descriptor '/home/sto-technology/pro/ros2_pro/town_ws/install/share/mycar/hook/pythonpath.dsv'
[1.965s] INFO:colcon.colcon_core.shell:Creating environment hook '/home/sto-technology/pro/ros2_pro/town_ws/install/share/mycar/hook/pythonpath.sh'
[1.966s] Level 1:colcon.colcon_core.environment:create_environment_scripts_only(mycar)
[1.967s] INFO:colcon.colcon_core.shell:Creating package script '/home/sto-technology/pro/ros2_pro/town_ws/install/share/mycar/package.ps1'
[1.968s] INFO:colcon.colcon_core.shell:Creating package descriptor '/home/sto-technology/pro/ros2_pro/town_ws/install/share/mycar/package.dsv'
[1.968s] INFO:colcon.colcon_core.shell:Creating package script '/home/sto-technology/pro/ros2_pro/town_ws/install/share/mycar/package.sh'
[1.969s] INFO:colcon.colcon_core.shell:Creating package script '/home/sto-technology/pro/ros2_pro/town_ws/install/share/mycar/package.bash'
[1.969s] INFO:colcon.colcon_core.shell:Creating package script '/home/sto-technology/pro/ros2_pro/town_ws/install/share/mycar/package.zsh'
[1.970s] Level 1:colcon.colcon_core.environment:create_file_with_runtime_dependencies(/home/sto-technology/pro/ros2_pro/town_ws/install/share/colcon-core/packages/mycar)
[1.971s] Level 1:colcon.colcon_core.shell:create_environment_hook('vilige_zhang', 'pythonpath_develop')
[1.971s] INFO:colcon.colcon_core.shell:Creating environment hook '/home/sto-technology/pro/ros2_pro/town_ws/build/vilige_zhang/share/vilige_zhang/hook/pythonpath_develop.ps1'
[1.972s] DEBUG:colcon.colcon_core.event_handler.log_command:Invoked command in '/home/sto-technology/pro/ros2_pro/town_ws/build/vilige_zhang' returned '0': PYTHONPATH=/home/sto-technology/pro/ros2_pro/town_ws/install/lib/python3.8/site-packages:${PYTHONPATH} /usr/bin/python3 setup.py develop --prefix /home/sto-technology/pro/ros2_pro/town_ws/install --editable --build-directory /home/sto-technology/pro/ros2_pro/town_ws/build/vilige_zhang/build --no-deps install_data --install-dir /home/sto-technology/pro/ros2_pro/town_ws/install
[1.972s] INFO:colcon.colcon_core.shell:Creating environment descriptor '/home/sto-technology/pro/ros2_pro/town_ws/build/vilige_zhang/share/vilige_zhang/hook/pythonpath_develop.dsv'
[1.973s] INFO:colcon.colcon_core.shell:Creating environment hook '/home/sto-technology/pro/ros2_pro/town_ws/build/vilige_zhang/share/vilige_zhang/hook/pythonpath_develop.sh'
[1.974s] Level 1:colcon.colcon_core.environment:checking '/home/sto-technology/pro/ros2_pro/town_ws/install' for CMake module files
[1.975s] Level 1:colcon.colcon_core.environment:checking '/home/sto-technology/pro/ros2_pro/town_ws/install' for CMake config files
[1.976s] Level 1:colcon.colcon_core.shell:create_environment_hook('vilige_zhang', 'cmake_prefix_path')
[1.976s] INFO:colcon.colcon_core.shell:Creating environment hook '/home/sto-technology/pro/ros2_pro/town_ws/install/share/vilige_zhang/hook/cmake_prefix_path.ps1'
[1.977s] INFO:colcon.colcon_core.shell:Creating environment descriptor '/home/sto-technology/pro/ros2_pro/town_ws/install/share/vilige_zhang/hook/cmake_prefix_path.dsv'
[1.977s] INFO:colcon.colcon_core.shell:Creating environment hook '/home/sto-technology/pro/ros2_pro/town_ws/install/share/vilige_zhang/hook/cmake_prefix_path.sh'
[1.979s] Level 1:colcon.colcon_core.environment:checking '/home/sto-technology/pro/ros2_pro/town_ws/install/lib'
[1.979s] Level 1:colcon.colcon_core.shell:create_environment_hook('vilige_zhang', 'ld_library_path_lib')
[1.980s] INFO:colcon.colcon_core.shell:Creating environment hook '/home/sto-technology/pro/ros2_pro/town_ws/install/share/vilige_zhang/hook/ld_library_path_lib.ps1'
[1.981s] INFO:colcon.colcon_core.shell:Creating environment descriptor '/home/sto-technology/pro/ros2_pro/town_ws/install/share/vilige_zhang/hook/ld_library_path_lib.dsv'
[1.981s] INFO:colcon.colcon_core.shell:Creating environment hook '/home/sto-technology/pro/ros2_pro/town_ws/install/share/vilige_zhang/hook/ld_library_path_lib.sh'
[1.981s] Level 1:colcon.colcon_core.environment:checking '/home/sto-technology/pro/ros2_pro/town_ws/install/bin'
[1.982s] Level 1:colcon.colcon_core.environment:checking '/home/sto-technology/pro/ros2_pro/town_ws/install/lib/pkgconfig/vilige_zhang.pc'
[1.982s] Level 1:colcon.colcon_core.environment:checking '/home/sto-technology/pro/ros2_pro/town_ws/install/lib/python3.8/site-packages'
[1.982s] Level 1:colcon.colcon_core.shell:create_environment_hook('vilige_zhang', 'pythonpath')
[1.982s] INFO:colcon.colcon_core.shell:Creating environment hook '/home/sto-technology/pro/ros2_pro/town_ws/install/share/vilige_zhang/hook/pythonpath.ps1'
[1.983s] INFO:colcon.colcon_core.shell:Creating environment descriptor '/home/sto-technology/pro/ros2_pro/town_ws/install/share/vilige_zhang/hook/pythonpath.dsv'
[1.983s] INFO:colcon.colcon_core.shell:Creating environment hook '/home/sto-technology/pro/ros2_pro/town_ws/install/share/vilige_zhang/hook/pythonpath.sh'
[1.983s] Level 1:colcon.colcon_core.environment:create_environment_scripts_only(vilige_zhang)
[1.984s] INFO:colcon.colcon_core.shell:Creating package script '/home/sto-technology/pro/ros2_pro/town_ws/install/share/vilige_zhang/package.ps1'
[1.985s] INFO:colcon.colcon_core.shell:Creating package descriptor '/home/sto-technology/pro/ros2_pro/town_ws/install/share/vilige_zhang/package.dsv'
[1.985s] INFO:colcon.colcon_core.shell:Creating package script '/home/sto-technology/pro/ros2_pro/town_ws/install/share/vilige_zhang/package.sh'
[1.986s] INFO:colcon.colcon_core.shell:Creating package script '/home/sto-technology/pro/ros2_pro/town_ws/install/share/vilige_zhang/package.bash'
[1.986s] INFO:colcon.colcon_core.shell:Creating package script '/home/sto-technology/pro/ros2_pro/town_ws/install/share/vilige_zhang/package.zsh'
[1.986s] Level 1:colcon.colcon_core.environment:create_file_with_runtime_dependencies(/home/sto-technology/pro/ros2_pro/town_ws/install/share/colcon-core/packages/vilige_zhang)
[1.987s] Level 1:colcon.colcon_core.shell:create_environment_hook('village_li', 'pythonpath_develop')
[1.988s] INFO:colcon.colcon_core.shell:Creating environment hook '/home/sto-technology/pro/ros2_pro/town_ws/build/village_li/share/village_li/hook/pythonpath_develop.ps1'
[1.989s] DEBUG:colcon.colcon_core.event_handler.log_command:Invoked command in '/home/sto-technology/pro/ros2_pro/town_ws/build/village_li' returned '0': PYTHONPATH=/home/sto-technology/pro/ros2_pro/town_ws/install/lib/python3.8/site-packages:${PYTHONPATH} /usr/bin/python3 setup.py develop --prefix /home/sto-technology/pro/ros2_pro/town_ws/install --editable --build-directory /home/sto-technology/pro/ros2_pro/town_ws/build/village_li/build --no-deps install_data --install-dir /home/sto-technology/pro/ros2_pro/town_ws/install
[1.989s] INFO:colcon.colcon_core.shell:Creating environment descriptor '/home/sto-technology/pro/ros2_pro/town_ws/build/village_li/share/village_li/hook/pythonpath_develop.dsv'
[1.989s] INFO:colcon.colcon_core.shell:Creating environment hook '/home/sto-technology/pro/ros2_pro/town_ws/build/village_li/share/village_li/hook/pythonpath_develop.sh'
[1.990s] Level 1:colcon.colcon_core.environment:checking '/home/sto-technology/pro/ros2_pro/town_ws/install' for CMake module files
[1.991s] Level 1:colcon.colcon_core.environment:checking '/home/sto-technology/pro/ros2_pro/town_ws/install' for CMake config files
[1.991s] Level 1:colcon.colcon_core.shell:create_environment_hook('village_li', 'cmake_prefix_path')
[1.992s] INFO:colcon.colcon_core.shell:Creating environment hook '/home/sto-technology/pro/ros2_pro/town_ws/install/share/village_li/hook/cmake_prefix_path.ps1'
[1.992s] INFO:colcon.colcon_core.shell:Creating environment descriptor '/home/sto-technology/pro/ros2_pro/town_ws/install/share/village_li/hook/cmake_prefix_path.dsv'
[1.992s] INFO:colcon.colcon_core.shell:Creating environment hook '/home/sto-technology/pro/ros2_pro/town_ws/install/share/village_li/hook/cmake_prefix_path.sh'
[1.993s] Level 1:colcon.colcon_core.environment:checking '/home/sto-technology/pro/ros2_pro/town_ws/install/lib'
[1.993s] Level 1:colcon.colcon_core.shell:create_environment_hook('village_li', 'ld_library_path_lib')
[1.993s] INFO:colcon.colcon_core.shell:Creating environment hook '/home/sto-technology/pro/ros2_pro/town_ws/install/share/village_li/hook/ld_library_path_lib.ps1'
[1.994s] INFO:colcon.colcon_core.shell:Creating environment descriptor '/home/sto-technology/pro/ros2_pro/town_ws/install/share/village_li/hook/ld_library_path_lib.dsv'
[1.994s] INFO:colcon.colcon_core.shell:Creating environment hook '/home/sto-technology/pro/ros2_pro/town_ws/install/share/village_li/hook/ld_library_path_lib.sh'
[1.995s] Level 1:colcon.colcon_core.environment:checking '/home/sto-technology/pro/ros2_pro/town_ws/install/bin'
[1.995s] Level 1:colcon.colcon_core.environment:checking '/home/sto-technology/pro/ros2_pro/town_ws/install/lib/pkgconfig/village_li.pc'
[1.996s] Level 1:colcon.colcon_core.environment:checking '/home/sto-technology/pro/ros2_pro/town_ws/install/lib/python3.8/site-packages'
[1.996s] Level 1:colcon.colcon_core.shell:create_environment_hook('village_li', 'pythonpath')
[1.996s] INFO:colcon.colcon_core.shell:Creating environment hook '/home/sto-technology/pro/ros2_pro/town_ws/install/share/village_li/hook/pythonpath.ps1'
[1.997s] INFO:colcon.colcon_core.shell:Creating environment descriptor '/home/sto-technology/pro/ros2_pro/town_ws/install/share/village_li/hook/pythonpath.dsv'
[1.997s] INFO:colcon.colcon_core.shell:Creating environment hook '/home/sto-technology/pro/ros2_pro/town_ws/install/share/village_li/hook/pythonpath.sh'
[1.998s] Level 1:colcon.colcon_core.environment:create_environment_scripts_only(village_li)
[1.998s] INFO:colcon.colcon_core.shell:Creating package script '/home/sto-technology/pro/ros2_pro/town_ws/install/share/village_li/package.ps1'
[1.999s] INFO:colcon.colcon_core.shell:Creating package descriptor '/home/sto-technology/pro/ros2_pro/town_ws/install/share/village_li/package.dsv'
[2.000s] INFO:colcon.colcon_core.shell:Creating package script '/home/sto-technology/pro/ros2_pro/town_ws/install/share/village_li/package.sh'
[2.001s] INFO:colcon.colcon_core.shell:Creating package script '/home/sto-technology/pro/ros2_pro/town_ws/install/share/village_li/package.bash'
[2.001s] INFO:colcon.colcon_core.shell:Creating package script '/home/sto-technology/pro/ros2_pro/town_ws/install/share/village_li/package.zsh'
[2.001s] Level 1:colcon.colcon_core.environment:create_file_with_runtime_dependencies(/home/sto-technology/pro/ros2_pro/town_ws/install/share/colcon-core/packages/village_li)
[2.001s] DEBUG:colcon.colcon_parallel_executor.executor.parallel:closing loop
[2.002s] DEBUG:colcon.colcon_parallel_executor.executor.parallel:loop closed
[2.002s] DEBUG:colcon.colcon_parallel_executor.executor.parallel:run_until_complete finished with '0'
[2.002s] DEBUG:colcon.colcon_core.event_reactor:joining thread
[2.007s] INFO:colcon.colcon_core.plugin_system:Skipping extension 'colcon_notification.desktop_notification.terminal_notifier': Not used on non-Darwin systems
[2.007s] INFO:colcon.colcon_core.plugin_system:Skipping extension 'colcon_notification.desktop_notification.win32': Not used on non-Windows systems
[2.007s] INFO:colcon.colcon_notification.desktop_notification:Sending desktop notification using 'notify2'
[2.023s] DEBUG:colcon.colcon_core.event_reactor:joined thread
[2.024s] INFO:colcon.colcon_core.shell:Creating prefix script '/home/sto-technology/pro/ros2_pro/town_ws/install/local_setup.ps1'
[2.024s] INFO:colcon.colcon_core.shell:Creating prefix util module '/home/sto-technology/pro/ros2_pro/town_ws/install/_local_setup_util_ps1.py'
[2.026s] INFO:colcon.colcon_core.shell:Creating prefix chain script '/home/sto-technology/pro/ros2_pro/town_ws/install/setup.ps1'
[2.027s] INFO:colcon.colcon_core.shell:Creating prefix script '/home/sto-technology/pro/ros2_pro/town_ws/install/local_setup.sh'
[2.028s] INFO:colcon.colcon_core.shell:Creating prefix util module '/home/sto-technology/pro/ros2_pro/town_ws/install/_local_setup_util_sh.py'
[2.030s] INFO:colcon.colcon_core.shell:Creating prefix chain script '/home/sto-technology/pro/ros2_pro/town_ws/install/setup.sh'
[2.031s] INFO:colcon.colcon_core.shell:Creating prefix script '/home/sto-technology/pro/ros2_pro/town_ws/install/local_setup.bash'
[2.032s] INFO:colcon.colcon_core.shell:Creating prefix chain script '/home/sto-technology/pro/ros2_pro/town_ws/install/setup.bash'
[2.033s] INFO:colcon.colcon_core.shell:Creating prefix script '/home/sto-technology/pro/ros2_pro/town_ws/install/local_setup.zsh'
[2.033s] INFO:colcon.colcon_core.shell:Creating prefix chain script '/home/sto-technology/pro/ros2_pro/town_ws/install/setup.zsh'
