[0.222s] Invoking command in '/home/sto-technology/pro/ros2_pro/town_ws/build/village_interface': CMAKE_PREFIX_PATH=/opt/ros/foxy /usr/bin/cmake --build /home/sto-technology/pro/ros2_pro/town_ws/build/village_interface -- -j8 -l8
[0.434s] -- Found ament_cmake: 0.9.9 (/opt/ros/foxy/share/ament_cmake/cmake)
[0.435s] -- Found PythonInterp: /usr/bin/python3 (found suitable version "3.8.10", minimum required is "3") 
[0.435s] -- Using PYTHON_EXECUTABLE: /usr/bin/python3
[0.435s] -- Override CMake install command with custom implementation using symlinks instead of copying resources
[0.435s] -- Found sensor_msgs: 2.0.4 (/opt/ros/foxy/share/sensor_msgs/cmake)
[0.460s] -- Using all available rosidl_typesupport_c: rosidl_typesupport_fastrtps_c;rosidl_typesupport_introspection_c
[0.464s] -- Found rosidl_adapter: 1.2.1 (/opt/ros/foxy/share/rosidl_adapter/cmake)
[0.566s] -- Using all available rosidl_typesupport_cpp: rosidl_typesupport_fastrtps_cpp;rosidl_typesupport_introspection_cpp
[0.792s] -- Found rosidl_default_generators: 1.0.1 (/opt/ros/foxy/share/rosidl_default_generators/cmake)
[0.800s] -- Found ament_lint_auto: 0.9.6 (/opt/ros/foxy/share/ament_lint_auto/cmake)
[0.860s] CMake Error at /opt/ros/foxy/share/rosidl_cmake/cmake/rosidl_generate_interfaces.cmake:93 (message):
[0.860s]   rosidl_generate_interfaces() the passed file 'srv/money.srv' doesn't exist
[0.860s]   relative to the CMAKE_CURRENT_SOURCE_DIR
[0.860s]   '/home/sto-technology/pro/ros2_pro/town_ws/village_interface'
[0.860s] Call Stack (most recent call first):
[0.860s]   CMakeLists.txt:50 (rosidl_generate_interfaces)
[0.860s] 
[0.860s] 
[0.861s] -- Configuring incomplete, errors occurred!
[0.861s] See also "/home/sto-technology/pro/ros2_pro/town_ws/build/village_interface/CMakeFiles/CMakeOutput.log".
[0.867s] make: *** [Makefile:748: cmake_check_build_system] Error 1
[0.870s] Invoked command in '/home/sto-technology/pro/ros2_pro/town_ws/build/village_interface' returned '2': CMAKE_PREFIX_PATH=/opt/ros/foxy /usr/bin/cmake --build /home/sto-technology/pro/ros2_pro/town_ws/build/village_interface -- -j8 -l8
