[0.012s] Invoking command in '/home/sto-technology/pro/ros2_pro/town_ws/build/village_interface': CMAKE_PREFIX_PATH=/opt/ros/foxy /usr/bin/cmake /home/sto-technology/pro/ros2_pro/town_ws/village_interface -DCMAKE_INSTALL_PREFIX=/home/sto-technology/pro/ros2_pro/town_ws/install
[0.027s] -- Found ament_cmake: 0.9.9 (/opt/ros/foxy/share/ament_cmake/cmake)
[0.046s] -- Found PythonInterp: /usr/bin/python3 (found suitable version "3.8.10", minimum required is "3") 
[0.046s] -- Using PYTHON_EXECUTABLE: /usr/bin/python3
[0.191s] -- Override CMake install command with custom implementation using symlinks instead of copying resources
[0.197s] -- Found sensor_msgs: 2.0.4 (/opt/ros/foxy/share/sensor_msgs/cmake)
[0.215s] -- Using all available rosidl_typesupport_c: rosidl_typesupport_fastrtps_c;rosidl_typesupport_introspection_c
[0.217s] -- Found rosidl_adapter: 1.2.1 (/opt/ros/foxy/share/rosidl_adapter/cmake)
[0.300s] -- Using all available rosidl_typesupport_cpp: rosidl_typesupport_fastrtps_cpp;rosidl_typesupport_introspection_cpp
[0.445s] -- Found rosidl_default_generators: 1.0.1 (/opt/ros/foxy/share/rosidl_default_generators/cmake)
[0.453s] -- Found ament_lint_auto: 0.9.6 (/opt/ros/foxy/share/ament_lint_auto/cmake)
[0.520s] -- Found PythonInterp: /usr/bin/python3 (found version "3.8.10") 
[0.665s] CMake Error at /opt/ros/foxy/share/rosidl_adapter/cmake/rosidl_adapt_interfaces.cmake:60 (message):
[0.665s]   execute_process(/usr/bin/python3 -m rosidl_adapter --package-name
[0.665s]   village_interface --arguments-file
[0.665s]   /home/sto-technology/pro/ros2_pro/town_ws/build/village_interface/rosidl_adapter__arguments__village_interface.json
[0.665s]   --output-dir
[0.665s]   /home/sto-technology/pro/ros2_pro/town_ws/build/village_interface/rosidl_adapter/village_interface
[0.665s]   --output-file
[0.665s]   /home/sto-technology/pro/ros2_pro/town_ws/build/village_interface/rosidl_adapter/village_interface.idls)
[0.665s]   returned error code 1:
[0.665s] 
[0.665s]   Error processing 'sensor_msgs/msg/Image image' of
[0.665s]   'village_interface/Novel': 'sensor_msgs/msg/Image'
[0.665s] 
[0.666s]   Traceback (most recent call last):
[0.666s] 
[0.666s]     File "/usr/lib/python3.8/runpy.py", line 194, in _run_module_as_main
[0.666s]       return _run_code(code, main_globals, None,
[0.666s]     File "/usr/lib/python3.8/runpy.py", line 87, in _run_code
[0.666s]       exec(code, run_globals)
[0.666s]     File "/opt/ros/foxy/lib/python3.8/site-packages/rosidl_adapter/__main__.py", line 19, in <module>
[0.666s]       sys.exit(main())
[0.666s]     File "/opt/ros/foxy/lib/python3.8/site-packages/rosidl_adapter/main.py", line 53, in main
[0.666s]       abs_idl_file = convert_to_idl(
[0.666s]     File "/opt/ros/foxy/lib/python3.8/site-packages/rosidl_adapter/__init__.py", line 19, in convert_to_idl
[0.666s]       return convert_msg_to_idl(
[0.666s]     File "/opt/ros/foxy/lib/python3.8/site-packages/rosidl_adapter/msg/__init__.py", line 28, in convert_msg_to_idl
[0.666s]       msg = parse_message_string(package_name, input_file.stem, content)
[0.666s]     File "/opt/ros/foxy/lib/python3.8/site-packages/rosidl_adapter/parser.py", line 516, in parse_message_string
[0.666s]       Type(type_string, context_package_name=pkg_name),
[0.666s]     File "/opt/ros/foxy/lib/python3.8/site-packages/rosidl_adapter/parser.py", line 276, in __init__
[0.666s]       super(Type, self).__init__(
[0.667s]     File "/opt/ros/foxy/lib/python3.8/site-packages/rosidl_adapter/parser.py", line 189, in __init__
[0.667s]       raise InvalidResourceName(type_string)
[0.667s] 
[0.667s]   rosidl_adapter.parser.InvalidResourceName: sensor_msgs/msg/Image
[0.667s] 
[0.667s] Call Stack (most recent call first):
[0.667s]   /opt/ros/foxy/share/rosidl_cmake/cmake/rosidl_generate_interfaces.cmake:130 (rosidl_adapt_interfaces)
[0.667s]   CMakeLists.txt:51 (rosidl_generate_interfaces)
[0.667s] 
[0.667s] 
[0.667s] -- Configuring incomplete, errors occurred!
[0.667s] See also "/home/sto-technology/pro/ros2_pro/town_ws/build/village_interface/CMakeFiles/CMakeOutput.log".
[0.671s] Invoked command in '/home/sto-technology/pro/ros2_pro/town_ws/build/village_interface' returned '1': CMAKE_PREFIX_PATH=/opt/ros/foxy /usr/bin/cmake /home/sto-technology/pro/ros2_pro/town_ws/village_interface -DCMAKE_INSTALL_PREFIX=/home/sto-technology/pro/ros2_pro/town_ws/install
