[0.841s] Invoking command in '/home/sto-technology/pro/ros2_pro/town_ws/build/vilige_zhang': PYTHONPATH=/home/sto-technology/pro/ros2_pro/town_ws/install/lib/python3.8/site-packages:${PYTHONPATH} /usr/bin/python3 setup.py develop --prefix /home/sto-technology/pro/ros2_pro/town_ws/install --editable --build-directory /home/sto-technology/pro/ros2_pro/town_ws/build/vilige_zhang/build --no-deps install_data --install-dir /home/sto-technology/pro/ros2_pro/town_ws/install
[1.044s] running develop
[1.170s] running egg_info
[1.170s] creating vilige_zhang.egg-info
[1.171s] writing vilige_zhang.egg-info/PKG-INFO
[1.171s] writing dependency_links to vilige_zhang.egg-info/dependency_links.txt
[1.171s] writing entry points to vilige_zhang.egg-info/entry_points.txt
[1.171s] writing requirements to vilige_zhang.egg-info/requires.txt
[1.171s] writing top-level names to vilige_zhang.egg-info/top_level.txt
[1.172s] writing manifest file 'vilige_zhang.egg-info/SOURCES.txt'
[1.205s] reading manifest file 'vilige_zhang.egg-info/SOURCES.txt'
[1.205s] writing manifest file 'vilige_zhang.egg-info/SOURCES.txt'
[1.244s] running build_ext
[1.244s] Creating /home/sto-technology/pro/ros2_pro/town_ws/install/lib/python3.8/site-packages/vilige-zhang.egg-link (link to .)
[1.245s] Installing zhang3 script to /home/sto-technology/pro/ros2_pro/town_ws/install/lib/vilige_zhang
[1.245s] 
[1.245s] Installed /home/sto-technology/pro/ros2_pro/town_ws/build/vilige_zhang
[1.245s] running install_data
[1.245s] copying resource/vilige_zhang -> /home/sto-technology/pro/ros2_pro/town_ws/install/share/ament_index/resource_index/packages
[1.245s] copying package.xml -> /home/sto-technology/pro/ros2_pro/town_ws/install/share/vilige_zhang
[1.279s] Invoked command in '/home/sto-technology/pro/ros2_pro/town_ws/build/vilige_zhang' returned '0': PYTHONPATH=/home/sto-technology/pro/ros2_pro/town_ws/install/lib/python3.8/site-packages:${PYTHONPATH} /usr/bin/python3 setup.py develop --prefix /home/sto-technology/pro/ros2_pro/town_ws/install --editable --build-directory /home/sto-technology/pro/ros2_pro/town_ws/build/vilige_zhang/build --no-deps install_data --install-dir /home/sto-technology/pro/ros2_pro/town_ws/install
