[0.625s] Invoking command in '/home/sto-technology/pro/ros2_pro/town_ws/build/village_wang': CMAKE_PREFIX_PATH=/opt/ros/foxy /usr/bin/cmake --build /home/sto-technology/pro/ros2_pro/town_ws/build/village_wang -- -j8 -l8
[0.702s] [100%] Built target wang2_node
[0.749s] Invoked command in '/home/sto-technology/pro/ros2_pro/town_ws/build/village_wang' returned '0': CMAKE_PREFIX_PATH=/opt/ros/foxy /usr/bin/cmake --build /home/sto-technology/pro/ros2_pro/town_ws/build/village_wang -- -j8 -l8
[0.799s] Invoking command in '/home/sto-technology/pro/ros2_pro/town_ws/build/village_wang': CMAKE_PREFIX_PATH=/opt/ros/foxy /usr/bin/cmake --install /home/sto-technology/pro/ros2_pro/town_ws/build/village_wang
[0.814s] -- Install configuration: "RelWithDebInfo"
[0.815s] -- Execute custom install script
[0.815s] -- Up-to-date symlink: /home/sto-technology/pro/ros2_pro/town_ws/install/share/ament_index/resource_index/package_run_dependencies/village_wang
[0.816s] -- Up-to-date symlink: /home/sto-technology/pro/ros2_pro/town_ws/install/share/ament_index/resource_index/parent_prefix_path/village_wang
[0.816s] -- Up-to-date symlink: /home/sto-technology/pro/ros2_pro/town_ws/install/share/village_wang/environment/ament_prefix_path.sh
[0.816s] -- Up-to-date symlink: /home/sto-technology/pro/ros2_pro/town_ws/install/share/village_wang/environment/ament_prefix_path.dsv
[0.817s] -- Up-to-date symlink: /home/sto-technology/pro/ros2_pro/town_ws/install/share/village_wang/environment/path.sh
[0.817s] -- Up-to-date symlink: /home/sto-technology/pro/ros2_pro/town_ws/install/share/village_wang/environment/path.dsv
[0.818s] -- Up-to-date symlink: /home/sto-technology/pro/ros2_pro/town_ws/install/share/village_wang/local_setup.bash
[0.818s] -- Up-to-date symlink: /home/sto-technology/pro/ros2_pro/town_ws/install/share/village_wang/local_setup.sh
[0.819s] -- Up-to-date symlink: /home/sto-technology/pro/ros2_pro/town_ws/install/share/village_wang/local_setup.zsh
[0.819s] -- Up-to-date symlink: /home/sto-technology/pro/ros2_pro/town_ws/install/share/village_wang/local_setup.dsv
[0.820s] -- Symlinking: /home/sto-technology/pro/ros2_pro/town_ws/install/share/village_wang/package.dsv
[0.831s] -- Up-to-date symlink: /home/sto-technology/pro/ros2_pro/town_ws/install/share/ament_index/resource_index/packages/village_wang
[0.831s] -- Up-to-date symlink: /home/sto-technology/pro/ros2_pro/town_ws/install/share/village_wang/cmake/village_wangConfig.cmake
[0.831s] -- Up-to-date symlink: /home/sto-technology/pro/ros2_pro/town_ws/install/share/village_wang/cmake/village_wangConfig-version.cmake
[0.832s] -- Up-to-date symlink: /home/sto-technology/pro/ros2_pro/town_ws/install/share/village_wang/package.xml
[0.832s] -- Up-to-date symlink: /home/sto-technology/pro/ros2_pro/town_ws/install/lib/village_wang/wang2_node
[0.835s] Invoked command in '/home/sto-technology/pro/ros2_pro/town_ws/build/village_wang' returned '0': CMAKE_PREFIX_PATH=/opt/ros/foxy /usr/bin/cmake --install /home/sto-technology/pro/ros2_pro/town_ws/build/village_wang
