[0.122s] DEBUG:colcon:Command line arguments: ['/usr/bin/colcon', 'build', '--merge-install', '--symlink-install', '--cmake-args', '-DCMAKE_BUILD_TYPE=RelWithDebInfo', '-DCMAKE_EXPORT_COMPILE_COMMANDS=On', '-Wall', '-Wextra', '-Wpedantic']
[0.122s] DEBUG:colcon:Parsed command line arguments: Namespace(allow_overriding=[], ament_cmake_args=None, base_paths=['.'], build_base='build', catkin_cmake_args=None, catkin_skip_building_tests=False, cmake_args=['-DCMAKE_BUILD_TYPE=RelWithDebInfo', '-DCMAKE_EXPORT_COMPILE_COMMANDS=On', '-Wall', '-Wextra', '-Wpedantic'], cmake_clean_cache=False, cmake_clean_first=False, cmake_force_configure=False, cmake_target=None, cmake_target_skip_unavailable=False, continue_on_error=False, event_handlers=None, executor='parallel', ignore_user_meta=False, install_base='install', log_base=None, log_level=None, main=<bound method BuildVerb.main of <colcon_core.verb.build.BuildVerb object at 0x7f59639ac0a0>>, merge_install=True, metas=['./colcon.meta'], packages_above=None, packages_above_and_dependencies=None, packages_above_depth=None, packages_end=None, packages_ignore=None, packages_ignore_regex=None, packages_select=None, packages_select_build_failed=False, packages_select_by_dep=None, packages_select_regex=None, packages_select_test_failures=False, packages_skip=None, packages_skip_build_finished=False, packages_skip_by_dep=None, packages_skip_regex=None, packages_skip_test_passed=False, packages_skip_up_to=None, packages_start=None, packages_up_to=None, packages_up_to_regex=None, parallel_workers=8, paths=None, symlink_install=True, test_result_base=None, verb_extension=<colcon_core.verb.build.BuildVerb object at 0x7f59639ac0a0>, verb_name='build', verb_parser=<colcon_defaults.argument_parser.defaults.DefaultArgumentsDecorator object at 0x7f59639ac5e0>)
[0.127s] Level 1:colcon.colcon_core.package_discovery:discover_packages(colcon_meta) check parameters
[0.127s] Level 1:colcon.colcon_core.package_discovery:discover_packages(recursive) check parameters
[0.127s] Level 1:colcon.colcon_core.package_discovery:discover_packages(ignore) check parameters
[0.127s] Level 1:colcon.colcon_core.package_discovery:discover_packages(path) check parameters
[0.127s] Level 1:colcon.colcon_core.package_discovery:discover_packages(colcon_meta) discover
[0.127s] Level 1:colcon.colcon_core.package_discovery:discover_packages(recursive) discover
[0.127s] INFO:colcon.colcon_core.package_discovery:Crawling recursively for packages in '/home/sto-technology/pro/ros2_pro/town_ws'
[0.127s] Level 1:colcon.colcon_core.package_identification:_identify(.) by extensions ['ignore', 'ignore_ament_install']
[0.128s] Level 1:colcon.colcon_core.package_identification:_identify(.) by extension 'ignore'
[0.128s] Level 1:colcon.colcon_core.package_identification:_identify(.) by extension 'ignore_ament_install'
[0.128s] Level 1:colcon.colcon_core.package_identification:_identify(.) by extensions ['colcon_pkg']
[0.128s] Level 1:colcon.colcon_core.package_identification:_identify(.) by extension 'colcon_pkg'
[0.128s] Level 1:colcon.colcon_core.package_identification:_identify(.) by extensions ['colcon_meta']
[0.128s] Level 1:colcon.colcon_core.package_identification:_identify(.) by extension 'colcon_meta'
[0.128s] Level 1:colcon.colcon_core.package_identification:_identify(.) by extensions ['ros']
[0.128s] Level 1:colcon.colcon_core.package_identification:_identify(.) by extension 'ros'
[0.138s] Level 1:colcon.colcon_core.package_identification:_identify(.) by extensions ['cmake', 'python']
[0.138s] Level 1:colcon.colcon_core.package_identification:_identify(.) by extension 'cmake'
[0.138s] Level 1:colcon.colcon_core.package_identification:_identify(.) by extension 'python'
[0.138s] Level 1:colcon.colcon_core.package_identification:_identify(.) by extensions ['python_setup_py']
[0.138s] Level 1:colcon.colcon_core.package_identification:_identify(.) by extension 'python_setup_py'
[0.138s] Level 1:colcon.colcon_core.package_identification:_identify(build) by extensions ['ignore', 'ignore_ament_install']
[0.138s] Level 1:colcon.colcon_core.package_identification:_identify(build) by extension 'ignore'
[0.138s] Level 1:colcon.colcon_core.package_identification:_identify(build) ignored
[0.138s] Level 1:colcon.colcon_core.package_identification:_identify(install) by extensions ['ignore', 'ignore_ament_install']
[0.138s] Level 1:colcon.colcon_core.package_identification:_identify(install) by extension 'ignore'
[0.138s] Level 1:colcon.colcon_core.package_identification:_identify(install) ignored
[0.138s] Level 1:colcon.colcon_core.package_identification:_identify(log) by extensions ['ignore', 'ignore_ament_install']
[0.138s] Level 1:colcon.colcon_core.package_identification:_identify(log) by extension 'ignore'
[0.138s] Level 1:colcon.colcon_core.package_identification:_identify(log) ignored
[0.139s] Level 1:colcon.colcon_core.package_identification:_identify(src) by extensions ['ignore', 'ignore_ament_install']
[0.139s] Level 1:colcon.colcon_core.package_identification:_identify(src) by extension 'ignore'
[0.139s] Level 1:colcon.colcon_core.package_identification:_identify(src) by extension 'ignore_ament_install'
[0.139s] Level 1:colcon.colcon_core.package_identification:_identify(src) by extensions ['colcon_pkg']
[0.139s] Level 1:colcon.colcon_core.package_identification:_identify(src) by extension 'colcon_pkg'
[0.139s] Level 1:colcon.colcon_core.package_identification:_identify(src) by extensions ['colcon_meta']
[0.139s] Level 1:colcon.colcon_core.package_identification:_identify(src) by extension 'colcon_meta'
[0.139s] Level 1:colcon.colcon_core.package_identification:_identify(src) by extensions ['ros']
[0.139s] Level 1:colcon.colcon_core.package_identification:_identify(src) by extension 'ros'
[0.139s] Level 1:colcon.colcon_core.package_identification:_identify(src) by extensions ['cmake', 'python']
[0.139s] Level 1:colcon.colcon_core.package_identification:_identify(src) by extension 'cmake'
[0.139s] Level 1:colcon.colcon_core.package_identification:_identify(src) by extension 'python'
[0.139s] Level 1:colcon.colcon_core.package_identification:_identify(src) by extensions ['python_setup_py']
[0.139s] Level 1:colcon.colcon_core.package_identification:_identify(src) by extension 'python_setup_py'
[0.139s] Level 1:colcon.colcon_core.package_identification:_identify(src/vilige_zhang) by extensions ['ignore', 'ignore_ament_install']
[0.139s] Level 1:colcon.colcon_core.package_identification:_identify(src/vilige_zhang) by extension 'ignore'
[0.139s] Level 1:colcon.colcon_core.package_identification:_identify(src/vilige_zhang) by extension 'ignore_ament_install'
[0.139s] Level 1:colcon.colcon_core.package_identification:_identify(src/vilige_zhang) by extensions ['colcon_pkg']
[0.139s] Level 1:colcon.colcon_core.package_identification:_identify(src/vilige_zhang) by extension 'colcon_pkg'
[0.140s] Level 1:colcon.colcon_core.package_identification:_identify(src/vilige_zhang) by extensions ['colcon_meta']
[0.140s] Level 1:colcon.colcon_core.package_identification:_identify(src/vilige_zhang) by extension 'colcon_meta'
[0.140s] Level 1:colcon.colcon_core.package_identification:_identify(src/vilige_zhang) by extensions ['ros']
[0.140s] Level 1:colcon.colcon_core.package_identification:_identify(src/vilige_zhang) by extension 'ros'
[0.142s] DEBUG:colcon.colcon_core.package_identification:Package 'src/vilige_zhang' with type 'ros.ament_python' and name 'vilige_zhang'
[0.142s] Level 1:colcon.colcon_core.package_identification:_identify(src/village_li) by extensions ['ignore', 'ignore_ament_install']
[0.142s] Level 1:colcon.colcon_core.package_identification:_identify(src/village_li) by extension 'ignore'
[0.142s] Level 1:colcon.colcon_core.package_identification:_identify(src/village_li) by extension 'ignore_ament_install'
[0.142s] Level 1:colcon.colcon_core.package_identification:_identify(src/village_li) by extensions ['colcon_pkg']
[0.142s] Level 1:colcon.colcon_core.package_identification:_identify(src/village_li) by extension 'colcon_pkg'
[0.142s] Level 1:colcon.colcon_core.package_identification:_identify(src/village_li) by extensions ['colcon_meta']
[0.142s] Level 1:colcon.colcon_core.package_identification:_identify(src/village_li) by extension 'colcon_meta'
[0.142s] Level 1:colcon.colcon_core.package_identification:_identify(src/village_li) by extensions ['ros']
[0.142s] Level 1:colcon.colcon_core.package_identification:_identify(src/village_li) by extension 'ros'
[0.143s] DEBUG:colcon.colcon_core.package_identification:Package 'src/village_li' with type 'ros.ament_python' and name 'village_li'
[0.143s] Level 1:colcon.colcon_core.package_identification:_identify(src/village_wang) by extensions ['ignore', 'ignore_ament_install']
[0.143s] Level 1:colcon.colcon_core.package_identification:_identify(src/village_wang) by extension 'ignore'
[0.143s] Level 1:colcon.colcon_core.package_identification:_identify(src/village_wang) by extension 'ignore_ament_install'
[0.143s] Level 1:colcon.colcon_core.package_identification:_identify(src/village_wang) by extensions ['colcon_pkg']
[0.143s] Level 1:colcon.colcon_core.package_identification:_identify(src/village_wang) by extension 'colcon_pkg'
[0.143s] Level 1:colcon.colcon_core.package_identification:_identify(src/village_wang) by extensions ['colcon_meta']
[0.143s] Level 1:colcon.colcon_core.package_identification:_identify(src/village_wang) by extension 'colcon_meta'
[0.143s] Level 1:colcon.colcon_core.package_identification:_identify(src/village_wang) by extensions ['ros']
[0.144s] Level 1:colcon.colcon_core.package_identification:_identify(src/village_wang) by extension 'ros'
[0.144s] DEBUG:colcon.colcon_core.package_identification:Package 'src/village_wang' with type 'ros.ament_cmake' and name 'village_wang'
[0.144s] Level 1:colcon.colcon_core.package_identification:_identify(village_interface) by extensions ['ignore', 'ignore_ament_install']
[0.144s] Level 1:colcon.colcon_core.package_identification:_identify(village_interface) by extension 'ignore'
[0.144s] Level 1:colcon.colcon_core.package_identification:_identify(village_interface) by extension 'ignore_ament_install'
[0.144s] Level 1:colcon.colcon_core.package_identification:_identify(village_interface) by extensions ['colcon_pkg']
[0.144s] Level 1:colcon.colcon_core.package_identification:_identify(village_interface) by extension 'colcon_pkg'
[0.144s] Level 1:colcon.colcon_core.package_identification:_identify(village_interface) by extensions ['colcon_meta']
[0.144s] Level 1:colcon.colcon_core.package_identification:_identify(village_interface) by extension 'colcon_meta'
[0.144s] Level 1:colcon.colcon_core.package_identification:_identify(village_interface) by extensions ['ros']
[0.144s] Level 1:colcon.colcon_core.package_identification:_identify(village_interface) by extension 'ros'
[0.145s] DEBUG:colcon.colcon_core.package_identification:Package 'village_interface' with type 'ros.ament_cmake' and name 'village_interface'
[0.145s] Level 1:colcon.colcon_core.package_discovery:discover_packages(recursive) using defaults
[0.145s] Level 1:colcon.colcon_core.package_discovery:discover_packages(ignore) discover
[0.145s] Level 1:colcon.colcon_core.package_discovery:discover_packages(ignore) using defaults
[0.145s] Level 1:colcon.colcon_core.package_discovery:discover_packages(path) discover
[0.145s] Level 1:colcon.colcon_core.package_discovery:discover_packages(path) using defaults
[0.161s] Level 5:colcon.colcon_core.verb:set package 'vilige_zhang' build argument 'cmake_args' from command line to '['-DCMAKE_BUILD_TYPE=RelWithDebInfo', '-DCMAKE_EXPORT_COMPILE_COMMANDS=On', '-Wall', '-Wextra', '-Wpedantic']'
[0.161s] Level 5:colcon.colcon_core.verb:set package 'vilige_zhang' build argument 'cmake_target' from command line to 'None'
[0.161s] Level 5:colcon.colcon_core.verb:set package 'vilige_zhang' build argument 'cmake_target_skip_unavailable' from command line to 'False'
[0.161s] Level 5:colcon.colcon_core.verb:set package 'vilige_zhang' build argument 'cmake_clean_cache' from command line to 'False'
[0.161s] Level 5:colcon.colcon_core.verb:set package 'vilige_zhang' build argument 'cmake_clean_first' from command line to 'False'
[0.161s] Level 5:colcon.colcon_core.verb:set package 'vilige_zhang' build argument 'cmake_force_configure' from command line to 'False'
[0.161s] Level 5:colcon.colcon_core.verb:set package 'vilige_zhang' build argument 'ament_cmake_args' from command line to 'None'
[0.161s] Level 5:colcon.colcon_core.verb:set package 'vilige_zhang' build argument 'catkin_cmake_args' from command line to 'None'
[0.161s] Level 5:colcon.colcon_core.verb:set package 'vilige_zhang' build argument 'catkin_skip_building_tests' from command line to 'False'
[0.161s] DEBUG:colcon.colcon_core.verb:Building package 'vilige_zhang' with the following arguments: {'ament_cmake_args': None, 'build_base': '/home/sto-technology/pro/ros2_pro/town_ws/build/vilige_zhang', 'catkin_cmake_args': None, 'catkin_skip_building_tests': False, 'cmake_args': ['-DCMAKE_BUILD_TYPE=RelWithDebInfo', '-DCMAKE_EXPORT_COMPILE_COMMANDS=On', '-Wall', '-Wextra', '-Wpedantic'], 'cmake_clean_cache': False, 'cmake_clean_first': False, 'cmake_force_configure': False, 'cmake_target': None, 'cmake_target_skip_unavailable': False, 'install_base': '/home/sto-technology/pro/ros2_pro/town_ws/install', 'merge_install': True, 'path': '/home/sto-technology/pro/ros2_pro/town_ws/src/vilige_zhang', 'symlink_install': True, 'test_result_base': None}
[0.162s] Level 5:colcon.colcon_core.verb:set package 'village_interface' build argument 'cmake_args' from command line to '['-DCMAKE_BUILD_TYPE=RelWithDebInfo', '-DCMAKE_EXPORT_COMPILE_COMMANDS=On', '-Wall', '-Wextra', '-Wpedantic']'
[0.162s] Level 5:colcon.colcon_core.verb:set package 'village_interface' build argument 'cmake_target' from command line to 'None'
[0.162s] Level 5:colcon.colcon_core.verb:set package 'village_interface' build argument 'cmake_target_skip_unavailable' from command line to 'False'
[0.162s] Level 5:colcon.colcon_core.verb:set package 'village_interface' build argument 'cmake_clean_cache' from command line to 'False'
[0.162s] Level 5:colcon.colcon_core.verb:set package 'village_interface' build argument 'cmake_clean_first' from command line to 'False'
[0.162s] Level 5:colcon.colcon_core.verb:set package 'village_interface' build argument 'cmake_force_configure' from command line to 'False'
[0.162s] Level 5:colcon.colcon_core.verb:set package 'village_interface' build argument 'ament_cmake_args' from command line to 'None'
[0.162s] Level 5:colcon.colcon_core.verb:set package 'village_interface' build argument 'catkin_cmake_args' from command line to 'None'
[0.162s] Level 5:colcon.colcon_core.verb:set package 'village_interface' build argument 'catkin_skip_building_tests' from command line to 'False'
[0.162s] DEBUG:colcon.colcon_core.verb:Building package 'village_interface' with the following arguments: {'ament_cmake_args': None, 'build_base': '/home/sto-technology/pro/ros2_pro/town_ws/build/village_interface', 'catkin_cmake_args': None, 'catkin_skip_building_tests': False, 'cmake_args': ['-DCMAKE_BUILD_TYPE=RelWithDebInfo', '-DCMAKE_EXPORT_COMPILE_COMMANDS=On', '-Wall', '-Wextra', '-Wpedantic'], 'cmake_clean_cache': False, 'cmake_clean_first': False, 'cmake_force_configure': False, 'cmake_target': None, 'cmake_target_skip_unavailable': False, 'install_base': '/home/sto-technology/pro/ros2_pro/town_ws/install', 'merge_install': True, 'path': '/home/sto-technology/pro/ros2_pro/town_ws/village_interface', 'symlink_install': True, 'test_result_base': None}
[0.163s] Level 5:colcon.colcon_core.verb:set package 'village_li' build argument 'cmake_args' from command line to '['-DCMAKE_BUILD_TYPE=RelWithDebInfo', '-DCMAKE_EXPORT_COMPILE_COMMANDS=On', '-Wall', '-Wextra', '-Wpedantic']'
[0.163s] Level 5:colcon.colcon_core.verb:set package 'village_li' build argument 'cmake_target' from command line to 'None'
[0.163s] Level 5:colcon.colcon_core.verb:set package 'village_li' build argument 'cmake_target_skip_unavailable' from command line to 'False'
[0.163s] Level 5:colcon.colcon_core.verb:set package 'village_li' build argument 'cmake_clean_cache' from command line to 'False'
[0.163s] Level 5:colcon.colcon_core.verb:set package 'village_li' build argument 'cmake_clean_first' from command line to 'False'
[0.163s] Level 5:colcon.colcon_core.verb:set package 'village_li' build argument 'cmake_force_configure' from command line to 'False'
[0.163s] Level 5:colcon.colcon_core.verb:set package 'village_li' build argument 'ament_cmake_args' from command line to 'None'
[0.163s] Level 5:colcon.colcon_core.verb:set package 'village_li' build argument 'catkin_cmake_args' from command line to 'None'
[0.163s] Level 5:colcon.colcon_core.verb:set package 'village_li' build argument 'catkin_skip_building_tests' from command line to 'False'
[0.163s] DEBUG:colcon.colcon_core.verb:Building package 'village_li' with the following arguments: {'ament_cmake_args': None, 'build_base': '/home/sto-technology/pro/ros2_pro/town_ws/build/village_li', 'catkin_cmake_args': None, 'catkin_skip_building_tests': False, 'cmake_args': ['-DCMAKE_BUILD_TYPE=RelWithDebInfo', '-DCMAKE_EXPORT_COMPILE_COMMANDS=On', '-Wall', '-Wextra', '-Wpedantic'], 'cmake_clean_cache': False, 'cmake_clean_first': False, 'cmake_force_configure': False, 'cmake_target': None, 'cmake_target_skip_unavailable': False, 'install_base': '/home/sto-technology/pro/ros2_pro/town_ws/install', 'merge_install': True, 'path': '/home/sto-technology/pro/ros2_pro/town_ws/src/village_li', 'symlink_install': True, 'test_result_base': None}
[0.163s] Level 5:colcon.colcon_core.verb:set package 'village_wang' build argument 'cmake_args' from command line to '['-DCMAKE_BUILD_TYPE=RelWithDebInfo', '-DCMAKE_EXPORT_COMPILE_COMMANDS=On', '-Wall', '-Wextra', '-Wpedantic']'
[0.163s] Level 5:colcon.colcon_core.verb:set package 'village_wang' build argument 'cmake_target' from command line to 'None'
[0.163s] Level 5:colcon.colcon_core.verb:set package 'village_wang' build argument 'cmake_target_skip_unavailable' from command line to 'False'
[0.163s] Level 5:colcon.colcon_core.verb:set package 'village_wang' build argument 'cmake_clean_cache' from command line to 'False'
[0.163s] Level 5:colcon.colcon_core.verb:set package 'village_wang' build argument 'cmake_clean_first' from command line to 'False'
[0.164s] Level 5:colcon.colcon_core.verb:set package 'village_wang' build argument 'cmake_force_configure' from command line to 'False'
[0.164s] Level 5:colcon.colcon_core.verb:set package 'village_wang' build argument 'ament_cmake_args' from command line to 'None'
[0.164s] Level 5:colcon.colcon_core.verb:set package 'village_wang' build argument 'catkin_cmake_args' from command line to 'None'
[0.164s] Level 5:colcon.colcon_core.verb:set package 'village_wang' build argument 'catkin_skip_building_tests' from command line to 'False'
[0.164s] DEBUG:colcon.colcon_core.verb:Building package 'village_wang' with the following arguments: {'ament_cmake_args': None, 'build_base': '/home/sto-technology/pro/ros2_pro/town_ws/build/village_wang', 'catkin_cmake_args': None, 'catkin_skip_building_tests': False, 'cmake_args': ['-DCMAKE_BUILD_TYPE=RelWithDebInfo', '-DCMAKE_EXPORT_COMPILE_COMMANDS=On', '-Wall', '-Wextra', '-Wpedantic'], 'cmake_clean_cache': False, 'cmake_clean_first': False, 'cmake_force_configure': False, 'cmake_target': None, 'cmake_target_skip_unavailable': False, 'install_base': '/home/sto-technology/pro/ros2_pro/town_ws/install', 'merge_install': True, 'path': '/home/sto-technology/pro/ros2_pro/town_ws/src/village_wang', 'symlink_install': True, 'test_result_base': None}
[0.166s] INFO:colcon.colcon_core.executor:Executing jobs using 'parallel' executor
[0.168s] DEBUG:colcon.colcon_parallel_executor.executor.parallel:run_until_complete
[0.168s] INFO:colcon.colcon_ros.task.ament_python.build:Building ROS package in '/home/sto-technology/pro/ros2_pro/town_ws/src/vilige_zhang' with build type 'ament_python'
[0.169s] Level 1:colcon.colcon_core.shell:create_environment_hook('vilige_zhang', 'ament_prefix_path')
[0.171s] INFO:colcon.colcon_core.plugin_system:Skipping extension 'colcon_core.shell.bat': Not used on non-Windows systems
[0.172s] INFO:colcon.colcon_core.shell:Creating environment hook '/home/sto-technology/pro/ros2_pro/town_ws/install/share/vilige_zhang/hook/ament_prefix_path.ps1'
[0.172s] INFO:colcon.colcon_core.shell:Creating environment descriptor '/home/sto-technology/pro/ros2_pro/town_ws/install/share/vilige_zhang/hook/ament_prefix_path.dsv'
[0.172s] INFO:colcon.colcon_core.shell:Creating environment hook '/home/sto-technology/pro/ros2_pro/town_ws/install/share/vilige_zhang/hook/ament_prefix_path.sh'
[0.173s] INFO:colcon.colcon_core.shell:Skip shell extension 'powershell' for command environment: Not usable outside of PowerShell
[0.173s] DEBUG:colcon.colcon_core.shell:Skip shell extension 'dsv' for command environment
[0.179s] INFO:colcon.colcon_ros.task.ament_cmake.build:Building ROS package in '/home/sto-technology/pro/ros2_pro/town_ws/village_interface' with build type 'ament_cmake'
[0.179s] INFO:colcon.colcon_cmake.task.cmake.build:Building CMake package in '/home/sto-technology/pro/ros2_pro/town_ws/village_interface'
[0.180s] INFO:colcon.colcon_core.shell:Skip shell extension 'powershell' for command environment: Not usable outside of PowerShell
[0.181s] DEBUG:colcon.colcon_core.shell:Skip shell extension 'dsv' for command environment
[0.185s] INFO:colcon.colcon_ros.task.ament_python.build:Building ROS package in '/home/sto-technology/pro/ros2_pro/town_ws/src/village_li' with build type 'ament_python'
[0.185s] Level 1:colcon.colcon_core.shell:create_environment_hook('village_li', 'ament_prefix_path')
[0.186s] INFO:colcon.colcon_core.shell:Creating environment hook '/home/sto-technology/pro/ros2_pro/town_ws/install/share/village_li/hook/ament_prefix_path.ps1'
[0.187s] INFO:colcon.colcon_core.shell:Creating environment descriptor '/home/sto-technology/pro/ros2_pro/town_ws/install/share/village_li/hook/ament_prefix_path.dsv'
[0.187s] INFO:colcon.colcon_core.shell:Creating environment hook '/home/sto-technology/pro/ros2_pro/town_ws/install/share/village_li/hook/ament_prefix_path.sh'
[0.187s] INFO:colcon.colcon_core.shell:Skip shell extension 'powershell' for command environment: Not usable outside of PowerShell
[0.187s] DEBUG:colcon.colcon_core.shell:Skip shell extension 'dsv' for command environment
[0.192s] INFO:colcon.colcon_ros.task.ament_cmake.build:Building ROS package in '/home/sto-technology/pro/ros2_pro/town_ws/src/village_wang' with build type 'ament_cmake'
[0.192s] INFO:colcon.colcon_cmake.task.cmake.build:Building CMake package in '/home/sto-technology/pro/ros2_pro/town_ws/src/village_wang'
[0.193s] INFO:colcon.colcon_core.shell:Skip shell extension 'powershell' for command environment: Not usable outside of PowerShell
[0.193s] DEBUG:colcon.colcon_core.shell:Skip shell extension 'dsv' for command environment
[0.390s] INFO:colcon.colcon_core.task.python.build:Building Python package in '/home/sto-technology/pro/ros2_pro/town_ws/src/vilige_zhang'
[0.391s] INFO:colcon.colcon_core.shell:Skip shell extension 'powershell' for command environment: Not usable outside of PowerShell
[0.391s] DEBUG:colcon.colcon_core.shell:Skip shell extension 'dsv' for command environment
[0.400s] DEBUG:colcon.colcon_core.event_handler.log_command:Invoking command in '/home/sto-technology/pro/ros2_pro/town_ws/build/village_interface': CMAKE_PREFIX_PATH=/opt/ros/foxy /usr/bin/cmake --build /home/sto-technology/pro/ros2_pro/town_ws/build/village_interface -- -j8 -l8
[0.611s] INFO:colcon.colcon_core.task.python.build:Building Python package in '/home/sto-technology/pro/ros2_pro/town_ws/src/village_li'
[0.612s] INFO:colcon.colcon_core.shell:Skip shell extension 'powershell' for command environment: Not usable outside of PowerShell
[0.612s] DEBUG:colcon.colcon_core.shell:Skip shell extension 'dsv' for command environment
[0.619s] DEBUG:colcon.colcon_core.event_handler.log_command:Invoking command in '/home/sto-technology/pro/ros2_pro/town_ws/build/village_wang': CMAKE_PREFIX_PATH=/opt/ros/foxy /usr/bin/cmake --build /home/sto-technology/pro/ros2_pro/town_ws/build/village_wang -- -j8 -l8
[0.703s] DEBUG:colcon.colcon_core.event_handler.log_command:Invoked command in '/home/sto-technology/pro/ros2_pro/town_ws/build/village_wang' returned '0': CMAKE_PREFIX_PATH=/opt/ros/foxy /usr/bin/cmake --build /home/sto-technology/pro/ros2_pro/town_ws/build/village_wang -- -j8 -l8
[0.751s] DEBUG:colcon.colcon_core.event_handler.log_command:Invoking command in '/home/sto-technology/pro/ros2_pro/town_ws/build/village_wang': CMAKE_PREFIX_PATH=/opt/ros/foxy /usr/bin/cmake --install /home/sto-technology/pro/ros2_pro/town_ws/build/village_wang
[0.788s] Level 1:colcon.colcon_core.environment:create_environment_scripts_only(village_wang)
[0.789s] DEBUG:colcon.colcon_core.event_handler.log_command:Invoked command in '/home/sto-technology/pro/ros2_pro/town_ws/build/village_wang' returned '0': CMAKE_PREFIX_PATH=/opt/ros/foxy /usr/bin/cmake --install /home/sto-technology/pro/ros2_pro/town_ws/build/village_wang
[0.794s] Level 1:colcon.colcon_core.environment:checking '/home/sto-technology/pro/ros2_pro/town_ws/install' for CMake module files
[0.795s] Level 1:colcon.colcon_core.environment:checking '/home/sto-technology/pro/ros2_pro/town_ws/install' for CMake config files
[0.796s] Level 1:colcon.colcon_core.shell:create_environment_hook('village_wang', 'cmake_prefix_path')
[0.797s] INFO:colcon.colcon_core.shell:Creating environment hook '/home/sto-technology/pro/ros2_pro/town_ws/install/share/village_wang/hook/cmake_prefix_path.ps1'
[0.798s] INFO:colcon.colcon_core.shell:Creating environment descriptor '/home/sto-technology/pro/ros2_pro/town_ws/install/share/village_wang/hook/cmake_prefix_path.dsv'
[0.798s] INFO:colcon.colcon_core.shell:Creating environment hook '/home/sto-technology/pro/ros2_pro/town_ws/install/share/village_wang/hook/cmake_prefix_path.sh'
[0.800s] Level 1:colcon.colcon_core.environment:checking '/home/sto-technology/pro/ros2_pro/town_ws/install/lib'
[0.800s] Level 1:colcon.colcon_core.shell:create_environment_hook('village_wang', 'ld_library_path_lib')
[0.801s] INFO:colcon.colcon_core.shell:Creating environment hook '/home/sto-technology/pro/ros2_pro/town_ws/install/share/village_wang/hook/ld_library_path_lib.ps1'
[0.801s] INFO:colcon.colcon_core.shell:Creating environment descriptor '/home/sto-technology/pro/ros2_pro/town_ws/install/share/village_wang/hook/ld_library_path_lib.dsv'
[0.802s] INFO:colcon.colcon_core.shell:Creating environment hook '/home/sto-technology/pro/ros2_pro/town_ws/install/share/village_wang/hook/ld_library_path_lib.sh'
[0.802s] Level 1:colcon.colcon_core.environment:checking '/home/sto-technology/pro/ros2_pro/town_ws/install/bin'
[0.802s] Level 1:colcon.colcon_core.environment:checking '/home/sto-technology/pro/ros2_pro/town_ws/install/lib/pkgconfig/village_wang.pc'
[0.802s] Level 1:colcon.colcon_core.environment:checking '/home/sto-technology/pro/ros2_pro/town_ws/install/lib/python3.8/site-packages'
[0.802s] Level 1:colcon.colcon_core.shell:create_environment_hook('village_wang', 'pythonpath')
[0.803s] INFO:colcon.colcon_core.shell:Creating environment hook '/home/sto-technology/pro/ros2_pro/town_ws/install/share/village_wang/hook/pythonpath.ps1'
[0.803s] INFO:colcon.colcon_core.shell:Creating environment descriptor '/home/sto-technology/pro/ros2_pro/town_ws/install/share/village_wang/hook/pythonpath.dsv'
[0.804s] INFO:colcon.colcon_core.shell:Creating environment hook '/home/sto-technology/pro/ros2_pro/town_ws/install/share/village_wang/hook/pythonpath.sh'
[0.805s] INFO:colcon.colcon_core.shell:Creating package script '/home/sto-technology/pro/ros2_pro/town_ws/install/share/village_wang/package.ps1'
[0.807s] INFO:colcon.colcon_core.shell:Creating package descriptor '/home/sto-technology/pro/ros2_pro/town_ws/install/share/village_wang/package.dsv'
[0.808s] INFO:colcon.colcon_core.shell:Creating package script '/home/sto-technology/pro/ros2_pro/town_ws/install/share/village_wang/package.sh'
[0.809s] INFO:colcon.colcon_core.shell:Creating package script '/home/sto-technology/pro/ros2_pro/town_ws/install/share/village_wang/package.bash'
[0.811s] INFO:colcon.colcon_core.shell:Creating package script '/home/sto-technology/pro/ros2_pro/town_ws/install/share/village_wang/package.zsh'
[0.812s] Level 1:colcon.colcon_core.environment:create_file_with_runtime_dependencies(/home/sto-technology/pro/ros2_pro/town_ws/install/share/colcon-core/packages/village_wang)
[0.849s] Level 1:colcon.colcon_core.environment:create_environment_scripts_only(village_wang)
[0.849s] Level 1:colcon.colcon_core.environment:checking '/home/sto-technology/pro/ros2_pro/town_ws/install' for CMake module files
[0.850s] Level 1:colcon.colcon_core.environment:checking '/home/sto-technology/pro/ros2_pro/town_ws/install' for CMake config files
[0.851s] Level 1:colcon.colcon_core.shell:create_environment_hook('village_wang', 'cmake_prefix_path')
[0.851s] INFO:colcon.colcon_core.shell:Creating environment hook '/home/sto-technology/pro/ros2_pro/town_ws/install/share/village_wang/hook/cmake_prefix_path.ps1'
[0.852s] INFO:colcon.colcon_core.shell:Creating environment descriptor '/home/sto-technology/pro/ros2_pro/town_ws/install/share/village_wang/hook/cmake_prefix_path.dsv'
[0.852s] INFO:colcon.colcon_core.shell:Creating environment hook '/home/sto-technology/pro/ros2_pro/town_ws/install/share/village_wang/hook/cmake_prefix_path.sh'
[0.853s] Level 1:colcon.colcon_core.environment:checking '/home/sto-technology/pro/ros2_pro/town_ws/install/lib'
[0.853s] Level 1:colcon.colcon_core.shell:create_environment_hook('village_wang', 'ld_library_path_lib')
[0.853s] INFO:colcon.colcon_core.shell:Creating environment hook '/home/sto-technology/pro/ros2_pro/town_ws/install/share/village_wang/hook/ld_library_path_lib.ps1'
[0.853s] INFO:colcon.colcon_core.shell:Creating environment descriptor '/home/sto-technology/pro/ros2_pro/town_ws/install/share/village_wang/hook/ld_library_path_lib.dsv'
[0.854s] INFO:colcon.colcon_core.shell:Creating environment hook '/home/sto-technology/pro/ros2_pro/town_ws/install/share/village_wang/hook/ld_library_path_lib.sh'
[0.854s] Level 1:colcon.colcon_core.environment:checking '/home/sto-technology/pro/ros2_pro/town_ws/install/bin'
[0.854s] Level 1:colcon.colcon_core.environment:checking '/home/sto-technology/pro/ros2_pro/town_ws/install/lib/pkgconfig/village_wang.pc'
[0.854s] Level 1:colcon.colcon_core.environment:checking '/home/sto-technology/pro/ros2_pro/town_ws/install/lib/python3.8/site-packages'
[0.854s] Level 1:colcon.colcon_core.shell:create_environment_hook('village_wang', 'pythonpath')
[0.855s] INFO:colcon.colcon_core.shell:Creating environment hook '/home/sto-technology/pro/ros2_pro/town_ws/install/share/village_wang/hook/pythonpath.ps1'
[0.855s] INFO:colcon.colcon_core.shell:Creating environment descriptor '/home/sto-technology/pro/ros2_pro/town_ws/install/share/village_wang/hook/pythonpath.dsv'
[0.855s] INFO:colcon.colcon_core.shell:Creating environment hook '/home/sto-technology/pro/ros2_pro/town_ws/install/share/village_wang/hook/pythonpath.sh'
[0.856s] INFO:colcon.colcon_core.shell:Creating package script '/home/sto-technology/pro/ros2_pro/town_ws/install/share/village_wang/package.ps1'
[0.858s] INFO:colcon.colcon_core.shell:Creating package descriptor '/home/sto-technology/pro/ros2_pro/town_ws/install/share/village_wang/package.dsv'
[0.859s] INFO:colcon.colcon_core.shell:Creating package script '/home/sto-technology/pro/ros2_pro/town_ws/install/share/village_wang/package.sh'
[0.859s] INFO:colcon.colcon_core.shell:Creating package script '/home/sto-technology/pro/ros2_pro/town_ws/install/share/village_wang/package.bash'
[0.860s] INFO:colcon.colcon_core.shell:Creating package script '/home/sto-technology/pro/ros2_pro/town_ws/install/share/village_wang/package.zsh'
[0.861s] Level 1:colcon.colcon_core.environment:create_file_with_runtime_dependencies(/home/sto-technology/pro/ros2_pro/town_ws/install/share/colcon-core/packages/village_wang)
[1.081s] DEBUG:colcon.colcon_core.event_handler.log_command:Invoking command in '/home/sto-technology/pro/ros2_pro/town_ws/build/vilige_zhang': PYTHONPATH=/home/sto-technology/pro/ros2_pro/town_ws/install/lib/python3.8/site-packages:${PYTHONPATH} /usr/bin/python3 setup.py develop --prefix /home/sto-technology/pro/ros2_pro/town_ws/install --editable --build-directory /home/sto-technology/pro/ros2_pro/town_ws/build/vilige_zhang/build --no-deps install_data --install-dir /home/sto-technology/pro/ros2_pro/town_ws/install
[1.146s] DEBUG:colcon.colcon_core.event_handler.log_command:Invoking command in '/home/sto-technology/pro/ros2_pro/town_ws/build/village_li': PYTHONPATH=/home/sto-technology/pro/ros2_pro/town_ws/install/lib/python3.8/site-packages:${PYTHONPATH} /usr/bin/python3 setup.py develop --prefix /home/sto-technology/pro/ros2_pro/town_ws/install --editable --build-directory /home/sto-technology/pro/ros2_pro/town_ws/build/village_li/build --no-deps install_data --install-dir /home/sto-technology/pro/ros2_pro/town_ws/install
[1.567s] Level 1:colcon.colcon_core.shell:create_environment_hook('village_li', 'pythonpath_develop')
[1.568s] INFO:colcon.colcon_core.shell:Creating environment hook '/home/sto-technology/pro/ros2_pro/town_ws/build/village_li/share/village_li/hook/pythonpath_develop.ps1'
[1.569s] DEBUG:colcon.colcon_core.event_handler.log_command:Invoked command in '/home/sto-technology/pro/ros2_pro/town_ws/build/village_li' returned '0': PYTHONPATH=/home/sto-technology/pro/ros2_pro/town_ws/install/lib/python3.8/site-packages:${PYTHONPATH} /usr/bin/python3 setup.py develop --prefix /home/sto-technology/pro/ros2_pro/town_ws/install --editable --build-directory /home/sto-technology/pro/ros2_pro/town_ws/build/village_li/build --no-deps install_data --install-dir /home/sto-technology/pro/ros2_pro/town_ws/install
[1.569s] INFO:colcon.colcon_core.shell:Creating environment descriptor '/home/sto-technology/pro/ros2_pro/town_ws/build/village_li/share/village_li/hook/pythonpath_develop.dsv'
[1.570s] INFO:colcon.colcon_core.shell:Creating environment hook '/home/sto-technology/pro/ros2_pro/town_ws/build/village_li/share/village_li/hook/pythonpath_develop.sh'
[1.571s] Level 1:colcon.colcon_core.environment:checking '/home/sto-technology/pro/ros2_pro/town_ws/install' for CMake module files
[1.572s] Level 1:colcon.colcon_core.environment:checking '/home/sto-technology/pro/ros2_pro/town_ws/install' for CMake config files
[1.573s] Level 1:colcon.colcon_core.shell:create_environment_hook('village_li', 'cmake_prefix_path')
[1.574s] INFO:colcon.colcon_core.shell:Creating environment hook '/home/sto-technology/pro/ros2_pro/town_ws/install/share/village_li/hook/cmake_prefix_path.ps1'
[1.574s] INFO:colcon.colcon_core.shell:Creating environment descriptor '/home/sto-technology/pro/ros2_pro/town_ws/install/share/village_li/hook/cmake_prefix_path.dsv'
[1.575s] INFO:colcon.colcon_core.shell:Creating environment hook '/home/sto-technology/pro/ros2_pro/town_ws/install/share/village_li/hook/cmake_prefix_path.sh'
[1.576s] Level 1:colcon.colcon_core.environment:checking '/home/sto-technology/pro/ros2_pro/town_ws/install/lib'
[1.576s] Level 1:colcon.colcon_core.shell:create_environment_hook('village_li', 'ld_library_path_lib')
[1.576s] INFO:colcon.colcon_core.shell:Creating environment hook '/home/sto-technology/pro/ros2_pro/town_ws/install/share/village_li/hook/ld_library_path_lib.ps1'
[1.577s] INFO:colcon.colcon_core.shell:Creating environment descriptor '/home/sto-technology/pro/ros2_pro/town_ws/install/share/village_li/hook/ld_library_path_lib.dsv'
[1.578s] INFO:colcon.colcon_core.shell:Creating environment hook '/home/sto-technology/pro/ros2_pro/town_ws/install/share/village_li/hook/ld_library_path_lib.sh'
[1.578s] Level 1:colcon.colcon_core.environment:checking '/home/sto-technology/pro/ros2_pro/town_ws/install/bin'
[1.578s] Level 1:colcon.colcon_core.environment:checking '/home/sto-technology/pro/ros2_pro/town_ws/install/lib/pkgconfig/village_li.pc'
[1.578s] Level 1:colcon.colcon_core.environment:checking '/home/sto-technology/pro/ros2_pro/town_ws/install/lib/python3.8/site-packages'
[1.578s] Level 1:colcon.colcon_core.shell:create_environment_hook('village_li', 'pythonpath')
[1.579s] INFO:colcon.colcon_core.shell:Creating environment hook '/home/sto-technology/pro/ros2_pro/town_ws/install/share/village_li/hook/pythonpath.ps1'
[1.580s] INFO:colcon.colcon_core.shell:Creating environment descriptor '/home/sto-technology/pro/ros2_pro/town_ws/install/share/village_li/hook/pythonpath.dsv'
[1.580s] INFO:colcon.colcon_core.shell:Creating environment hook '/home/sto-technology/pro/ros2_pro/town_ws/install/share/village_li/hook/pythonpath.sh'
[1.580s] Level 1:colcon.colcon_core.environment:create_environment_scripts_only(village_li)
[1.581s] INFO:colcon.colcon_core.shell:Creating package script '/home/sto-technology/pro/ros2_pro/town_ws/install/share/village_li/package.ps1'
[1.582s] INFO:colcon.colcon_core.shell:Creating package descriptor '/home/sto-technology/pro/ros2_pro/town_ws/install/share/village_li/package.dsv'
[1.583s] INFO:colcon.colcon_core.shell:Creating package script '/home/sto-technology/pro/ros2_pro/town_ws/install/share/village_li/package.sh'
[1.583s] INFO:colcon.colcon_core.shell:Creating package script '/home/sto-technology/pro/ros2_pro/town_ws/install/share/village_li/package.bash'
[1.584s] INFO:colcon.colcon_core.shell:Creating package script '/home/sto-technology/pro/ros2_pro/town_ws/install/share/village_li/package.zsh'
[1.584s] Level 1:colcon.colcon_core.environment:create_file_with_runtime_dependencies(/home/sto-technology/pro/ros2_pro/town_ws/install/share/colcon-core/packages/village_li)
[1.607s] Level 1:colcon.colcon_core.shell:create_environment_hook('vilige_zhang', 'pythonpath_develop')
[1.608s] INFO:colcon.colcon_core.shell:Creating environment hook '/home/sto-technology/pro/ros2_pro/town_ws/build/vilige_zhang/share/vilige_zhang/hook/pythonpath_develop.ps1'
[1.608s] DEBUG:colcon.colcon_core.event_handler.log_command:Invoked command in '/home/sto-technology/pro/ros2_pro/town_ws/build/vilige_zhang' returned '0': PYTHONPATH=/home/sto-technology/pro/ros2_pro/town_ws/install/lib/python3.8/site-packages:${PYTHONPATH} /usr/bin/python3 setup.py develop --prefix /home/sto-technology/pro/ros2_pro/town_ws/install --editable --build-directory /home/sto-technology/pro/ros2_pro/town_ws/build/vilige_zhang/build --no-deps install_data --install-dir /home/sto-technology/pro/ros2_pro/town_ws/install
[1.609s] INFO:colcon.colcon_core.shell:Creating environment descriptor '/home/sto-technology/pro/ros2_pro/town_ws/build/vilige_zhang/share/vilige_zhang/hook/pythonpath_develop.dsv'
[1.609s] INFO:colcon.colcon_core.shell:Creating environment hook '/home/sto-technology/pro/ros2_pro/town_ws/build/vilige_zhang/share/vilige_zhang/hook/pythonpath_develop.sh'
[1.611s] Level 1:colcon.colcon_core.environment:checking '/home/sto-technology/pro/ros2_pro/town_ws/install' for CMake module files
[1.612s] Level 1:colcon.colcon_core.environment:checking '/home/sto-technology/pro/ros2_pro/town_ws/install' for CMake config files
[1.612s] Level 1:colcon.colcon_core.shell:create_environment_hook('vilige_zhang', 'cmake_prefix_path')
[1.613s] INFO:colcon.colcon_core.shell:Creating environment hook '/home/sto-technology/pro/ros2_pro/town_ws/install/share/vilige_zhang/hook/cmake_prefix_path.ps1'
[1.613s] INFO:colcon.colcon_core.shell:Creating environment descriptor '/home/sto-technology/pro/ros2_pro/town_ws/install/share/vilige_zhang/hook/cmake_prefix_path.dsv'
[1.614s] INFO:colcon.colcon_core.shell:Creating environment hook '/home/sto-technology/pro/ros2_pro/town_ws/install/share/vilige_zhang/hook/cmake_prefix_path.sh'
[1.614s] Level 1:colcon.colcon_core.environment:checking '/home/sto-technology/pro/ros2_pro/town_ws/install/lib'
[1.614s] Level 1:colcon.colcon_core.shell:create_environment_hook('vilige_zhang', 'ld_library_path_lib')
[1.615s] INFO:colcon.colcon_core.shell:Creating environment hook '/home/sto-technology/pro/ros2_pro/town_ws/install/share/vilige_zhang/hook/ld_library_path_lib.ps1'
[1.615s] INFO:colcon.colcon_core.shell:Creating environment descriptor '/home/sto-technology/pro/ros2_pro/town_ws/install/share/vilige_zhang/hook/ld_library_path_lib.dsv'
[1.615s] INFO:colcon.colcon_core.shell:Creating environment hook '/home/sto-technology/pro/ros2_pro/town_ws/install/share/vilige_zhang/hook/ld_library_path_lib.sh'
[1.616s] Level 1:colcon.colcon_core.environment:checking '/home/sto-technology/pro/ros2_pro/town_ws/install/bin'
[1.616s] Level 1:colcon.colcon_core.environment:checking '/home/sto-technology/pro/ros2_pro/town_ws/install/lib/pkgconfig/vilige_zhang.pc'
[1.616s] Level 1:colcon.colcon_core.environment:checking '/home/sto-technology/pro/ros2_pro/town_ws/install/lib/python3.8/site-packages'
[1.616s] Level 1:colcon.colcon_core.shell:create_environment_hook('vilige_zhang', 'pythonpath')
[1.616s] INFO:colcon.colcon_core.shell:Creating environment hook '/home/sto-technology/pro/ros2_pro/town_ws/install/share/vilige_zhang/hook/pythonpath.ps1'
[1.617s] INFO:colcon.colcon_core.shell:Creating environment descriptor '/home/sto-technology/pro/ros2_pro/town_ws/install/share/vilige_zhang/hook/pythonpath.dsv'
[1.617s] INFO:colcon.colcon_core.shell:Creating environment hook '/home/sto-technology/pro/ros2_pro/town_ws/install/share/vilige_zhang/hook/pythonpath.sh'
[1.617s] Level 1:colcon.colcon_core.environment:create_environment_scripts_only(vilige_zhang)
[1.618s] INFO:colcon.colcon_core.shell:Creating package script '/home/sto-technology/pro/ros2_pro/town_ws/install/share/vilige_zhang/package.ps1'
[1.618s] INFO:colcon.colcon_core.shell:Creating package descriptor '/home/sto-technology/pro/ros2_pro/town_ws/install/share/vilige_zhang/package.dsv'
[1.619s] INFO:colcon.colcon_core.shell:Creating package script '/home/sto-technology/pro/ros2_pro/town_ws/install/share/vilige_zhang/package.sh'
[1.619s] INFO:colcon.colcon_core.shell:Creating package script '/home/sto-technology/pro/ros2_pro/town_ws/install/share/vilige_zhang/package.bash'
[1.619s] INFO:colcon.colcon_core.shell:Creating package script '/home/sto-technology/pro/ros2_pro/town_ws/install/share/vilige_zhang/package.zsh'
[1.620s] Level 1:colcon.colcon_core.environment:create_file_with_runtime_dependencies(/home/sto-technology/pro/ros2_pro/town_ws/install/share/colcon-core/packages/vilige_zhang)
[2.195s] DEBUG:colcon.colcon_core.event_handler.log_command:Invoked command in '/home/sto-technology/pro/ros2_pro/town_ws/build/village_interface' returned '0': CMAKE_PREFIX_PATH=/opt/ros/foxy /usr/bin/cmake --build /home/sto-technology/pro/ros2_pro/town_ws/build/village_interface -- -j8 -l8
[2.277s] DEBUG:colcon.colcon_core.event_handler.log_command:Invoking command in '/home/sto-technology/pro/ros2_pro/town_ws/build/village_interface': CMAKE_PREFIX_PATH=/opt/ros/foxy /usr/bin/cmake --install /home/sto-technology/pro/ros2_pro/town_ws/build/village_interface
[2.354s] Level 1:colcon.colcon_core.environment:create_environment_scripts_only(village_interface)
[2.355s] Level 1:colcon.colcon_core.environment:checking '/home/sto-technology/pro/ros2_pro/town_ws/install' for CMake module files
[2.356s] DEBUG:colcon.colcon_core.event_handler.log_command:Invoked command in '/home/sto-technology/pro/ros2_pro/town_ws/build/village_interface' returned '0': CMAKE_PREFIX_PATH=/opt/ros/foxy /usr/bin/cmake --install /home/sto-technology/pro/ros2_pro/town_ws/build/village_interface
[2.357s] Level 1:colcon.colcon_core.environment:checking '/home/sto-technology/pro/ros2_pro/town_ws/install' for CMake config files
[2.358s] Level 1:colcon.colcon_core.shell:create_environment_hook('village_interface', 'cmake_prefix_path')
[2.358s] INFO:colcon.colcon_core.shell:Creating environment hook '/home/sto-technology/pro/ros2_pro/town_ws/install/share/village_interface/hook/cmake_prefix_path.ps1'
[2.359s] INFO:colcon.colcon_core.shell:Creating environment descriptor '/home/sto-technology/pro/ros2_pro/town_ws/install/share/village_interface/hook/cmake_prefix_path.dsv'
[2.359s] INFO:colcon.colcon_core.shell:Creating environment hook '/home/sto-technology/pro/ros2_pro/town_ws/install/share/village_interface/hook/cmake_prefix_path.sh'
[2.360s] Level 1:colcon.colcon_core.environment:checking '/home/sto-technology/pro/ros2_pro/town_ws/install/lib'
[2.360s] Level 1:colcon.colcon_core.shell:create_environment_hook('village_interface', 'ld_library_path_lib')
[2.360s] INFO:colcon.colcon_core.shell:Creating environment hook '/home/sto-technology/pro/ros2_pro/town_ws/install/share/village_interface/hook/ld_library_path_lib.ps1'
[2.361s] INFO:colcon.colcon_core.shell:Creating environment descriptor '/home/sto-technology/pro/ros2_pro/town_ws/install/share/village_interface/hook/ld_library_path_lib.dsv'
[2.361s] INFO:colcon.colcon_core.shell:Creating environment hook '/home/sto-technology/pro/ros2_pro/town_ws/install/share/village_interface/hook/ld_library_path_lib.sh'
[2.361s] Level 1:colcon.colcon_core.environment:checking '/home/sto-technology/pro/ros2_pro/town_ws/install/bin'
[2.361s] Level 1:colcon.colcon_core.environment:checking '/home/sto-technology/pro/ros2_pro/town_ws/install/lib/pkgconfig/village_interface.pc'
[2.361s] Level 1:colcon.colcon_core.environment:checking '/home/sto-technology/pro/ros2_pro/town_ws/install/lib/python3.8/site-packages'
[2.361s] Level 1:colcon.colcon_core.shell:create_environment_hook('village_interface', 'pythonpath')
[2.362s] INFO:colcon.colcon_core.shell:Creating environment hook '/home/sto-technology/pro/ros2_pro/town_ws/install/share/village_interface/hook/pythonpath.ps1'
[2.362s] INFO:colcon.colcon_core.shell:Creating environment descriptor '/home/sto-technology/pro/ros2_pro/town_ws/install/share/village_interface/hook/pythonpath.dsv'
[2.362s] INFO:colcon.colcon_core.shell:Creating environment hook '/home/sto-technology/pro/ros2_pro/town_ws/install/share/village_interface/hook/pythonpath.sh'
[2.363s] INFO:colcon.colcon_core.shell:Creating package script '/home/sto-technology/pro/ros2_pro/town_ws/install/share/village_interface/package.ps1'
[2.364s] INFO:colcon.colcon_core.shell:Creating package descriptor '/home/sto-technology/pro/ros2_pro/town_ws/install/share/village_interface/package.dsv'
[2.364s] INFO:colcon.colcon_core.shell:Creating package script '/home/sto-technology/pro/ros2_pro/town_ws/install/share/village_interface/package.sh'
[2.365s] INFO:colcon.colcon_core.shell:Creating package script '/home/sto-technology/pro/ros2_pro/town_ws/install/share/village_interface/package.bash'
[2.365s] INFO:colcon.colcon_core.shell:Creating package script '/home/sto-technology/pro/ros2_pro/town_ws/install/share/village_interface/package.zsh'
[2.365s] Level 1:colcon.colcon_core.environment:create_file_with_runtime_dependencies(/home/sto-technology/pro/ros2_pro/town_ws/install/share/colcon-core/packages/village_interface)
[2.429s] Level 1:colcon.colcon_core.environment:create_environment_scripts_only(village_interface)
[2.431s] Level 1:colcon.colcon_core.environment:checking '/home/sto-technology/pro/ros2_pro/town_ws/install' for CMake module files
[2.431s] Level 1:colcon.colcon_core.environment:checking '/home/sto-technology/pro/ros2_pro/town_ws/install' for CMake config files
[2.433s] Level 1:colcon.colcon_core.shell:create_environment_hook('village_interface', 'cmake_prefix_path')
[2.433s] INFO:colcon.colcon_core.shell:Creating environment hook '/home/sto-technology/pro/ros2_pro/town_ws/install/share/village_interface/hook/cmake_prefix_path.ps1'
[2.434s] INFO:colcon.colcon_core.shell:Creating environment descriptor '/home/sto-technology/pro/ros2_pro/town_ws/install/share/village_interface/hook/cmake_prefix_path.dsv'
[2.434s] INFO:colcon.colcon_core.shell:Creating environment hook '/home/sto-technology/pro/ros2_pro/town_ws/install/share/village_interface/hook/cmake_prefix_path.sh'
[2.435s] Level 1:colcon.colcon_core.environment:checking '/home/sto-technology/pro/ros2_pro/town_ws/install/lib'
[2.435s] Level 1:colcon.colcon_core.shell:create_environment_hook('village_interface', 'ld_library_path_lib')
[2.435s] INFO:colcon.colcon_core.shell:Creating environment hook '/home/sto-technology/pro/ros2_pro/town_ws/install/share/village_interface/hook/ld_library_path_lib.ps1'
[2.436s] INFO:colcon.colcon_core.shell:Creating environment descriptor '/home/sto-technology/pro/ros2_pro/town_ws/install/share/village_interface/hook/ld_library_path_lib.dsv'
[2.436s] INFO:colcon.colcon_core.shell:Creating environment hook '/home/sto-technology/pro/ros2_pro/town_ws/install/share/village_interface/hook/ld_library_path_lib.sh'
[2.436s] Level 1:colcon.colcon_core.environment:checking '/home/sto-technology/pro/ros2_pro/town_ws/install/bin'
[2.436s] Level 1:colcon.colcon_core.environment:checking '/home/sto-technology/pro/ros2_pro/town_ws/install/lib/pkgconfig/village_interface.pc'
[2.436s] Level 1:colcon.colcon_core.environment:checking '/home/sto-technology/pro/ros2_pro/town_ws/install/lib/python3.8/site-packages'
[2.436s] Level 1:colcon.colcon_core.shell:create_environment_hook('village_interface', 'pythonpath')
[2.437s] INFO:colcon.colcon_core.shell:Creating environment hook '/home/sto-technology/pro/ros2_pro/town_ws/install/share/village_interface/hook/pythonpath.ps1'
[2.437s] INFO:colcon.colcon_core.shell:Creating environment descriptor '/home/sto-technology/pro/ros2_pro/town_ws/install/share/village_interface/hook/pythonpath.dsv'
[2.437s] INFO:colcon.colcon_core.shell:Creating environment hook '/home/sto-technology/pro/ros2_pro/town_ws/install/share/village_interface/hook/pythonpath.sh'
[2.438s] INFO:colcon.colcon_core.shell:Creating package script '/home/sto-technology/pro/ros2_pro/town_ws/install/share/village_interface/package.ps1'
[2.439s] INFO:colcon.colcon_core.shell:Creating package descriptor '/home/sto-technology/pro/ros2_pro/town_ws/install/share/village_interface/package.dsv'
[2.439s] INFO:colcon.colcon_core.shell:Creating package script '/home/sto-technology/pro/ros2_pro/town_ws/install/share/village_interface/package.sh'
[2.439s] INFO:colcon.colcon_core.shell:Creating package script '/home/sto-technology/pro/ros2_pro/town_ws/install/share/village_interface/package.bash'
[2.440s] INFO:colcon.colcon_core.shell:Creating package script '/home/sto-technology/pro/ros2_pro/town_ws/install/share/village_interface/package.zsh'
[2.440s] Level 1:colcon.colcon_core.environment:create_file_with_runtime_dependencies(/home/sto-technology/pro/ros2_pro/town_ws/install/share/colcon-core/packages/village_interface)
[2.440s] DEBUG:colcon.colcon_parallel_executor.executor.parallel:closing loop
[2.441s] DEBUG:colcon.colcon_parallel_executor.executor.parallel:loop closed
[2.441s] DEBUG:colcon.colcon_parallel_executor.executor.parallel:run_until_complete finished with '0'
[2.441s] DEBUG:colcon.colcon_core.event_reactor:joining thread
[2.448s] INFO:colcon.colcon_core.plugin_system:Skipping extension 'colcon_notification.desktop_notification.terminal_notifier': Not used on non-Darwin systems
[2.448s] INFO:colcon.colcon_core.plugin_system:Skipping extension 'colcon_notification.desktop_notification.win32': Not used on non-Windows systems
[2.448s] INFO:colcon.colcon_notification.desktop_notification:Sending desktop notification using 'notify2'
[2.460s] DEBUG:colcon.colcon_core.event_reactor:joined thread
[2.461s] INFO:colcon.colcon_core.shell:Creating prefix script '/home/sto-technology/pro/ros2_pro/town_ws/install/local_setup.ps1'
[2.462s] INFO:colcon.colcon_core.shell:Creating prefix util module '/home/sto-technology/pro/ros2_pro/town_ws/install/_local_setup_util_ps1.py'
[2.463s] INFO:colcon.colcon_core.shell:Creating prefix chain script '/home/sto-technology/pro/ros2_pro/town_ws/install/setup.ps1'
[2.465s] INFO:colcon.colcon_core.shell:Creating prefix script '/home/sto-technology/pro/ros2_pro/town_ws/install/local_setup.sh'
[2.465s] INFO:colcon.colcon_core.shell:Creating prefix util module '/home/sto-technology/pro/ros2_pro/town_ws/install/_local_setup_util_sh.py'
[2.466s] INFO:colcon.colcon_core.shell:Creating prefix chain script '/home/sto-technology/pro/ros2_pro/town_ws/install/setup.sh'
[2.466s] INFO:colcon.colcon_core.shell:Creating prefix script '/home/sto-technology/pro/ros2_pro/town_ws/install/local_setup.bash'
[2.467s] INFO:colcon.colcon_core.shell:Creating prefix chain script '/home/sto-technology/pro/ros2_pro/town_ws/install/setup.bash'
[2.483s] INFO:colcon.colcon_core.shell:Creating prefix script '/home/sto-technology/pro/ros2_pro/town_ws/install/local_setup.zsh'
[2.483s] INFO:colcon.colcon_core.shell:Creating prefix chain script '/home/sto-technology/pro/ros2_pro/town_ws/install/setup.zsh'
