[0.039s] Invoking command in '/home/sto-technology/pro/ros2_pro/town_ws/build/urdf01': CMAKE_PREFIX_PATH=/opt/ros/foxy /usr/bin/cmake --build /home/sto-technology/pro/ros2_pro/town_ws/build/urdf01 -- -j8 -l8
[0.528s] -- Found ament_cmake: 0.9.9 (/opt/ros/foxy/share/ament_cmake/cmake)
[0.528s] -- Using PYTHON_EXECUTABLE: /usr/bin/python3
[0.528s] -- Override CMake install command with custom implementation using symlinks instead of copying resources
[0.529s] -- Found ament_lint_auto: 0.9.6 (/opt/ros/foxy/share/ament_lint_auto/cmake)
[0.529s] -- Added test 'copyright' to check source files copyright and LICENSE
[0.529s] -- Added test 'flake8' to check Python code syntax and style conventions
[0.529s] -- Added test 'lint_cmake' to check CMake code style
[0.531s] -- Added test 'pep257' to check Python code against some of the style conventions in PEP 257
[0.531s] -- Added test 'xmllint' to check XML markup files
[0.531s] -- Configuring done
[0.532s] -- Generating done
[0.532s] -- Build files have been written to: /home/sto-technology/pro/ros2_pro/town_ws/build/urdf01
[0.535s] Invoked command in '/home/sto-technology/pro/ros2_pro/town_ws/build/urdf01' returned '0': CMAKE_PREFIX_PATH=/opt/ros/foxy /usr/bin/cmake --build /home/sto-technology/pro/ros2_pro/town_ws/build/urdf01 -- -j8 -l8
[0.575s] Invoking command in '/home/sto-technology/pro/ros2_pro/town_ws/build/urdf01': CMAKE_PREFIX_PATH=/opt/ros/foxy /usr/bin/cmake --install /home/sto-technology/pro/ros2_pro/town_ws/build/urdf01
[0.583s] -- Install configuration: "RelWithDebInfo"
[0.584s] -- Execute custom install script
[0.584s] -- Up-to-date symlink: /home/sto-technology/pro/ros2_pro/town_ws/install/share/urdf01/launch/demo01.launch
[0.585s] -- Up-to-date symlink: /home/sto-technology/pro/ros2_pro/town_ws/install/share/urdf01/launch/demo01.launch.py
[0.585s] -- Up-to-date symlink: /home/sto-technology/pro/ros2_pro/town_ws/install/share/ament_index/resource_index/package_run_dependencies/urdf01
[0.586s] -- Up-to-date symlink: /home/sto-technology/pro/ros2_pro/town_ws/install/share/ament_index/resource_index/parent_prefix_path/urdf01
[0.586s] -- Up-to-date symlink: /home/sto-technology/pro/ros2_pro/town_ws/install/share/urdf01/environment/ament_prefix_path.sh
[0.586s] -- Up-to-date symlink: /home/sto-technology/pro/ros2_pro/town_ws/install/share/urdf01/environment/ament_prefix_path.dsv
[0.587s] -- Up-to-date symlink: /home/sto-technology/pro/ros2_pro/town_ws/install/share/urdf01/environment/path.sh
[0.588s] -- Up-to-date symlink: /home/sto-technology/pro/ros2_pro/town_ws/install/share/urdf01/environment/path.dsv
[0.588s] -- Up-to-date symlink: /home/sto-technology/pro/ros2_pro/town_ws/install/share/urdf01/local_setup.bash
[0.588s] -- Up-to-date symlink: /home/sto-technology/pro/ros2_pro/town_ws/install/share/urdf01/local_setup.sh
[0.588s] -- Up-to-date symlink: /home/sto-technology/pro/ros2_pro/town_ws/install/share/urdf01/local_setup.zsh
[0.588s] -- Up-to-date symlink: /home/sto-technology/pro/ros2_pro/town_ws/install/share/urdf01/local_setup.dsv
[0.589s] -- Symlinking: /home/sto-technology/pro/ros2_pro/town_ws/install/share/urdf01/package.dsv
[0.601s] -- Up-to-date symlink: /home/sto-technology/pro/ros2_pro/town_ws/install/share/ament_index/resource_index/packages/urdf01
[0.602s] -- Up-to-date symlink: /home/sto-technology/pro/ros2_pro/town_ws/install/share/urdf01/cmake/urdf01Config.cmake
[0.602s] -- Up-to-date symlink: /home/sto-technology/pro/ros2_pro/town_ws/install/share/urdf01/cmake/urdf01Config-version.cmake
[0.602s] -- Up-to-date symlink: /home/sto-technology/pro/ros2_pro/town_ws/install/share/urdf01/package.xml
[0.605s] Invoked command in '/home/sto-technology/pro/ros2_pro/town_ws/build/urdf01' returned '0': CMAKE_PREFIX_PATH=/opt/ros/foxy /usr/bin/cmake --install /home/sto-technology/pro/ros2_pro/town_ws/build/urdf01
