[0.126s] DEBUG:colcon:Command line arguments: ['/usr/bin/colcon', 'build', '--merge-install', '--symlink-install', '--cmake-args', '-DCMAKE_BUILD_TYPE=RelWithDebInfo', '-DCMAKE_EXPORT_COMPILE_COMMANDS=On', '-Wall', '-Wextra', '-Wpedantic']
[0.126s] DEBUG:colcon:Parsed command line arguments: Namespace(allow_overriding=[], ament_cmake_args=None, base_paths=['.'], build_base='build', catkin_cmake_args=None, catkin_skip_building_tests=False, cmake_args=['-DCMAKE_BUILD_TYPE=RelWithDebInfo', '-DCMAKE_EXPORT_COMPILE_COMMANDS=On', '-Wall', '-Wextra', '-Wpedantic'], cmake_clean_cache=False, cmake_clean_first=False, cmake_force_configure=False, cmake_target=None, cmake_target_skip_unavailable=False, continue_on_error=False, event_handlers=None, executor='parallel', ignore_user_meta=False, install_base='install', log_base=None, log_level=None, main=<bound method BuildVerb.main of <colcon_core.verb.build.BuildVerb object at 0x7f0c46e701f0>>, merge_install=True, metas=['./colcon.meta'], packages_above=None, packages_above_and_dependencies=None, packages_above_depth=None, packages_end=None, packages_ignore=None, packages_ignore_regex=None, packages_select=None, packages_select_build_failed=False, packages_select_by_dep=None, packages_select_regex=None, packages_select_test_failures=False, packages_skip=None, packages_skip_build_finished=False, packages_skip_by_dep=None, packages_skip_regex=None, packages_skip_test_passed=False, packages_skip_up_to=None, packages_start=None, packages_up_to=None, packages_up_to_regex=None, parallel_workers=8, paths=None, symlink_install=True, test_result_base=None, verb_extension=<colcon_core.verb.build.BuildVerb object at 0x7f0c46e701f0>, verb_name='build', verb_parser=<colcon_defaults.argument_parser.defaults.DefaultArgumentsDecorator object at 0x7f0c46e70730>)
[0.130s] Level 1:colcon.colcon_core.package_discovery:discover_packages(colcon_meta) check parameters
[0.130s] Level 1:colcon.colcon_core.package_discovery:discover_packages(recursive) check parameters
[0.130s] Level 1:colcon.colcon_core.package_discovery:discover_packages(ignore) check parameters
[0.130s] Level 1:colcon.colcon_core.package_discovery:discover_packages(path) check parameters
[0.130s] Level 1:colcon.colcon_core.package_discovery:discover_packages(colcon_meta) discover
[0.130s] Level 1:colcon.colcon_core.package_discovery:discover_packages(recursive) discover
[0.130s] INFO:colcon.colcon_core.package_discovery:Crawling recursively for packages in '/home/sto-technology/pro/ros2_pro/town_ws'
[0.130s] Level 1:colcon.colcon_core.package_identification:_identify(.) by extensions ['ignore', 'ignore_ament_install']
[0.130s] Level 1:colcon.colcon_core.package_identification:_identify(.) by extension 'ignore'
[0.131s] Level 1:colcon.colcon_core.package_identification:_identify(.) by extension 'ignore_ament_install'
[0.131s] Level 1:colcon.colcon_core.package_identification:_identify(.) by extensions ['colcon_pkg']
[0.131s] Level 1:colcon.colcon_core.package_identification:_identify(.) by extension 'colcon_pkg'
[0.131s] Level 1:colcon.colcon_core.package_identification:_identify(.) by extensions ['colcon_meta']
[0.131s] Level 1:colcon.colcon_core.package_identification:_identify(.) by extension 'colcon_meta'
[0.131s] Level 1:colcon.colcon_core.package_identification:_identify(.) by extensions ['ros']
[0.131s] Level 1:colcon.colcon_core.package_identification:_identify(.) by extension 'ros'
[0.141s] Level 1:colcon.colcon_core.package_identification:_identify(.) by extensions ['cmake', 'python']
[0.141s] Level 1:colcon.colcon_core.package_identification:_identify(.) by extension 'cmake'
[0.141s] Level 1:colcon.colcon_core.package_identification:_identify(.) by extension 'python'
[0.141s] Level 1:colcon.colcon_core.package_identification:_identify(.) by extensions ['python_setup_py']
[0.142s] Level 1:colcon.colcon_core.package_identification:_identify(.) by extension 'python_setup_py'
[0.142s] Level 1:colcon.colcon_core.package_identification:_identify(build) by extensions ['ignore', 'ignore_ament_install']
[0.142s] Level 1:colcon.colcon_core.package_identification:_identify(build) by extension 'ignore'
[0.142s] Level 1:colcon.colcon_core.package_identification:_identify(build) ignored
[0.142s] Level 1:colcon.colcon_core.package_identification:_identify(install) by extensions ['ignore', 'ignore_ament_install']
[0.142s] Level 1:colcon.colcon_core.package_identification:_identify(install) by extension 'ignore'
[0.142s] Level 1:colcon.colcon_core.package_identification:_identify(install) ignored
[0.142s] Level 1:colcon.colcon_core.package_identification:_identify(log) by extensions ['ignore', 'ignore_ament_install']
[0.142s] Level 1:colcon.colcon_core.package_identification:_identify(log) by extension 'ignore'
[0.142s] Level 1:colcon.colcon_core.package_identification:_identify(log) ignored
[0.142s] Level 1:colcon.colcon_core.package_identification:_identify(src) by extensions ['ignore', 'ignore_ament_install']
[0.142s] Level 1:colcon.colcon_core.package_identification:_identify(src) by extension 'ignore'
[0.142s] Level 1:colcon.colcon_core.package_identification:_identify(src) by extension 'ignore_ament_install'
[0.143s] Level 1:colcon.colcon_core.package_identification:_identify(src) by extensions ['colcon_pkg']
[0.143s] Level 1:colcon.colcon_core.package_identification:_identify(src) by extension 'colcon_pkg'
[0.143s] Level 1:colcon.colcon_core.package_identification:_identify(src) by extensions ['colcon_meta']
[0.143s] Level 1:colcon.colcon_core.package_identification:_identify(src) by extension 'colcon_meta'
[0.143s] Level 1:colcon.colcon_core.package_identification:_identify(src) by extensions ['ros']
[0.143s] Level 1:colcon.colcon_core.package_identification:_identify(src) by extension 'ros'
[0.143s] Level 1:colcon.colcon_core.package_identification:_identify(src) by extensions ['cmake', 'python']
[0.143s] Level 1:colcon.colcon_core.package_identification:_identify(src) by extension 'cmake'
[0.143s] Level 1:colcon.colcon_core.package_identification:_identify(src) by extension 'python'
[0.143s] Level 1:colcon.colcon_core.package_identification:_identify(src) by extensions ['python_setup_py']
[0.143s] Level 1:colcon.colcon_core.package_identification:_identify(src) by extension 'python_setup_py'
[0.143s] Level 1:colcon.colcon_core.package_identification:_identify(src/urdf01) by extensions ['ignore', 'ignore_ament_install']
[0.143s] Level 1:colcon.colcon_core.package_identification:_identify(src/urdf01) by extension 'ignore'
[0.143s] Level 1:colcon.colcon_core.package_identification:_identify(src/urdf01) by extension 'ignore_ament_install'
[0.143s] Level 1:colcon.colcon_core.package_identification:_identify(src/urdf01) by extensions ['colcon_pkg']
[0.143s] Level 1:colcon.colcon_core.package_identification:_identify(src/urdf01) by extension 'colcon_pkg'
[0.143s] Level 1:colcon.colcon_core.package_identification:_identify(src/urdf01) by extensions ['colcon_meta']
[0.143s] Level 1:colcon.colcon_core.package_identification:_identify(src/urdf01) by extension 'colcon_meta'
[0.143s] Level 1:colcon.colcon_core.package_identification:_identify(src/urdf01) by extensions ['ros']
[0.143s] Level 1:colcon.colcon_core.package_identification:_identify(src/urdf01) by extension 'ros'
[0.145s] DEBUG:colcon.colcon_core.package_identification:Package 'src/urdf01' with type 'ros.ament_cmake' and name 'urdf01'
[0.145s] Level 1:colcon.colcon_core.package_identification:_identify(src/vilige_zhang) by extensions ['ignore', 'ignore_ament_install']
[0.145s] Level 1:colcon.colcon_core.package_identification:_identify(src/vilige_zhang) by extension 'ignore'
[0.145s] Level 1:colcon.colcon_core.package_identification:_identify(src/vilige_zhang) by extension 'ignore_ament_install'
[0.145s] Level 1:colcon.colcon_core.package_identification:_identify(src/vilige_zhang) by extensions ['colcon_pkg']
[0.146s] Level 1:colcon.colcon_core.package_identification:_identify(src/vilige_zhang) by extension 'colcon_pkg'
[0.146s] Level 1:colcon.colcon_core.package_identification:_identify(src/vilige_zhang) by extensions ['colcon_meta']
[0.146s] Level 1:colcon.colcon_core.package_identification:_identify(src/vilige_zhang) by extension 'colcon_meta'
[0.146s] Level 1:colcon.colcon_core.package_identification:_identify(src/vilige_zhang) by extensions ['ros']
[0.146s] Level 1:colcon.colcon_core.package_identification:_identify(src/vilige_zhang) by extension 'ros'
[0.146s] DEBUG:colcon.colcon_core.package_identification:Package 'src/vilige_zhang' with type 'ros.ament_python' and name 'vilige_zhang'
[0.146s] Level 1:colcon.colcon_core.package_identification:_identify(src/village_li) by extensions ['ignore', 'ignore_ament_install']
[0.146s] Level 1:colcon.colcon_core.package_identification:_identify(src/village_li) by extension 'ignore'
[0.146s] Level 1:colcon.colcon_core.package_identification:_identify(src/village_li) by extension 'ignore_ament_install'
[0.146s] Level 1:colcon.colcon_core.package_identification:_identify(src/village_li) by extensions ['colcon_pkg']
[0.147s] Level 1:colcon.colcon_core.package_identification:_identify(src/village_li) by extension 'colcon_pkg'
[0.147s] Level 1:colcon.colcon_core.package_identification:_identify(src/village_li) by extensions ['colcon_meta']
[0.147s] Level 1:colcon.colcon_core.package_identification:_identify(src/village_li) by extension 'colcon_meta'
[0.147s] Level 1:colcon.colcon_core.package_identification:_identify(src/village_li) by extensions ['ros']
[0.147s] Level 1:colcon.colcon_core.package_identification:_identify(src/village_li) by extension 'ros'
[0.147s] DEBUG:colcon.colcon_core.package_identification:Package 'src/village_li' with type 'ros.ament_python' and name 'village_li'
[0.147s] Level 1:colcon.colcon_core.package_identification:_identify(src/village_wang) by extensions ['ignore', 'ignore_ament_install']
[0.147s] Level 1:colcon.colcon_core.package_identification:_identify(src/village_wang) by extension 'ignore'
[0.147s] Level 1:colcon.colcon_core.package_identification:_identify(src/village_wang) by extension 'ignore_ament_install'
[0.147s] Level 1:colcon.colcon_core.package_identification:_identify(src/village_wang) by extensions ['colcon_pkg']
[0.147s] Level 1:colcon.colcon_core.package_identification:_identify(src/village_wang) by extension 'colcon_pkg'
[0.148s] Level 1:colcon.colcon_core.package_identification:_identify(src/village_wang) by extensions ['colcon_meta']
[0.148s] Level 1:colcon.colcon_core.package_identification:_identify(src/village_wang) by extension 'colcon_meta'
[0.148s] Level 1:colcon.colcon_core.package_identification:_identify(src/village_wang) by extensions ['ros']
[0.148s] Level 1:colcon.colcon_core.package_identification:_identify(src/village_wang) by extension 'ros'
[0.148s] DEBUG:colcon.colcon_core.package_identification:Package 'src/village_wang' with type 'ros.ament_cmake' and name 'village_wang'
[0.148s] Level 1:colcon.colcon_core.package_identification:_identify(village_interface) by extensions ['ignore', 'ignore_ament_install']
[0.148s] Level 1:colcon.colcon_core.package_identification:_identify(village_interface) by extension 'ignore'
[0.148s] Level 1:colcon.colcon_core.package_identification:_identify(village_interface) by extension 'ignore_ament_install'
[0.148s] Level 1:colcon.colcon_core.package_identification:_identify(village_interface) by extensions ['colcon_pkg']
[0.148s] Level 1:colcon.colcon_core.package_identification:_identify(village_interface) by extension 'colcon_pkg'
[0.148s] Level 1:colcon.colcon_core.package_identification:_identify(village_interface) by extensions ['colcon_meta']
[0.148s] Level 1:colcon.colcon_core.package_identification:_identify(village_interface) by extension 'colcon_meta'
[0.148s] Level 1:colcon.colcon_core.package_identification:_identify(village_interface) by extensions ['ros']
[0.149s] Level 1:colcon.colcon_core.package_identification:_identify(village_interface) by extension 'ros'
[0.149s] DEBUG:colcon.colcon_core.package_identification:Package 'village_interface' with type 'ros.ament_cmake' and name 'village_interface'
[0.149s] Level 1:colcon.colcon_core.package_discovery:discover_packages(recursive) using defaults
[0.149s] Level 1:colcon.colcon_core.package_discovery:discover_packages(ignore) discover
[0.149s] Level 1:colcon.colcon_core.package_discovery:discover_packages(ignore) using defaults
[0.149s] Level 1:colcon.colcon_core.package_discovery:discover_packages(path) discover
[0.149s] Level 1:colcon.colcon_core.package_discovery:discover_packages(path) using defaults
[0.165s] Level 5:colcon.colcon_core.verb:set package 'urdf01' build argument 'cmake_args' from command line to '['-DCMAKE_BUILD_TYPE=RelWithDebInfo', '-DCMAKE_EXPORT_COMPILE_COMMANDS=On', '-Wall', '-Wextra', '-Wpedantic']'
[0.165s] Level 5:colcon.colcon_core.verb:set package 'urdf01' build argument 'cmake_target' from command line to 'None'
[0.165s] Level 5:colcon.colcon_core.verb:set package 'urdf01' build argument 'cmake_target_skip_unavailable' from command line to 'False'
[0.165s] Level 5:colcon.colcon_core.verb:set package 'urdf01' build argument 'cmake_clean_cache' from command line to 'False'
[0.165s] Level 5:colcon.colcon_core.verb:set package 'urdf01' build argument 'cmake_clean_first' from command line to 'False'
[0.165s] Level 5:colcon.colcon_core.verb:set package 'urdf01' build argument 'cmake_force_configure' from command line to 'False'
[0.165s] Level 5:colcon.colcon_core.verb:set package 'urdf01' build argument 'ament_cmake_args' from command line to 'None'
[0.165s] Level 5:colcon.colcon_core.verb:set package 'urdf01' build argument 'catkin_cmake_args' from command line to 'None'
[0.165s] Level 5:colcon.colcon_core.verb:set package 'urdf01' build argument 'catkin_skip_building_tests' from command line to 'False'
[0.165s] DEBUG:colcon.colcon_core.verb:Building package 'urdf01' with the following arguments: {'ament_cmake_args': None, 'build_base': '/home/sto-technology/pro/ros2_pro/town_ws/build/urdf01', 'catkin_cmake_args': None, 'catkin_skip_building_tests': False, 'cmake_args': ['-DCMAKE_BUILD_TYPE=RelWithDebInfo', '-DCMAKE_EXPORT_COMPILE_COMMANDS=On', '-Wall', '-Wextra', '-Wpedantic'], 'cmake_clean_cache': False, 'cmake_clean_first': False, 'cmake_force_configure': False, 'cmake_target': None, 'cmake_target_skip_unavailable': False, 'install_base': '/home/sto-technology/pro/ros2_pro/town_ws/install', 'merge_install': True, 'path': '/home/sto-technology/pro/ros2_pro/town_ws/src/urdf01', 'symlink_install': True, 'test_result_base': None}
[0.166s] Level 5:colcon.colcon_core.verb:set package 'vilige_zhang' build argument 'cmake_args' from command line to '['-DCMAKE_BUILD_TYPE=RelWithDebInfo', '-DCMAKE_EXPORT_COMPILE_COMMANDS=On', '-Wall', '-Wextra', '-Wpedantic']'
[0.166s] Level 5:colcon.colcon_core.verb:set package 'vilige_zhang' build argument 'cmake_target' from command line to 'None'
[0.166s] Level 5:colcon.colcon_core.verb:set package 'vilige_zhang' build argument 'cmake_target_skip_unavailable' from command line to 'False'
[0.166s] Level 5:colcon.colcon_core.verb:set package 'vilige_zhang' build argument 'cmake_clean_cache' from command line to 'False'
[0.166s] Level 5:colcon.colcon_core.verb:set package 'vilige_zhang' build argument 'cmake_clean_first' from command line to 'False'
[0.166s] Level 5:colcon.colcon_core.verb:set package 'vilige_zhang' build argument 'cmake_force_configure' from command line to 'False'
[0.166s] Level 5:colcon.colcon_core.verb:set package 'vilige_zhang' build argument 'ament_cmake_args' from command line to 'None'
[0.166s] Level 5:colcon.colcon_core.verb:set package 'vilige_zhang' build argument 'catkin_cmake_args' from command line to 'None'
[0.166s] Level 5:colcon.colcon_core.verb:set package 'vilige_zhang' build argument 'catkin_skip_building_tests' from command line to 'False'
[0.166s] DEBUG:colcon.colcon_core.verb:Building package 'vilige_zhang' with the following arguments: {'ament_cmake_args': None, 'build_base': '/home/sto-technology/pro/ros2_pro/town_ws/build/vilige_zhang', 'catkin_cmake_args': None, 'catkin_skip_building_tests': False, 'cmake_args': ['-DCMAKE_BUILD_TYPE=RelWithDebInfo', '-DCMAKE_EXPORT_COMPILE_COMMANDS=On', '-Wall', '-Wextra', '-Wpedantic'], 'cmake_clean_cache': False, 'cmake_clean_first': False, 'cmake_force_configure': False, 'cmake_target': None, 'cmake_target_skip_unavailable': False, 'install_base': '/home/sto-technology/pro/ros2_pro/town_ws/install', 'merge_install': True, 'path': '/home/sto-technology/pro/ros2_pro/town_ws/src/vilige_zhang', 'symlink_install': True, 'test_result_base': None}
[0.167s] Level 5:colcon.colcon_core.verb:set package 'village_interface' build argument 'cmake_args' from command line to '['-DCMAKE_BUILD_TYPE=RelWithDebInfo', '-DCMAKE_EXPORT_COMPILE_COMMANDS=On', '-Wall', '-Wextra', '-Wpedantic']'
[0.167s] Level 5:colcon.colcon_core.verb:set package 'village_interface' build argument 'cmake_target' from command line to 'None'
[0.167s] Level 5:colcon.colcon_core.verb:set package 'village_interface' build argument 'cmake_target_skip_unavailable' from command line to 'False'
[0.167s] Level 5:colcon.colcon_core.verb:set package 'village_interface' build argument 'cmake_clean_cache' from command line to 'False'
[0.167s] Level 5:colcon.colcon_core.verb:set package 'village_interface' build argument 'cmake_clean_first' from command line to 'False'
[0.167s] Level 5:colcon.colcon_core.verb:set package 'village_interface' build argument 'cmake_force_configure' from command line to 'False'
[0.167s] Level 5:colcon.colcon_core.verb:set package 'village_interface' build argument 'ament_cmake_args' from command line to 'None'
[0.167s] Level 5:colcon.colcon_core.verb:set package 'village_interface' build argument 'catkin_cmake_args' from command line to 'None'
[0.167s] Level 5:colcon.colcon_core.verb:set package 'village_interface' build argument 'catkin_skip_building_tests' from command line to 'False'
[0.167s] DEBUG:colcon.colcon_core.verb:Building package 'village_interface' with the following arguments: {'ament_cmake_args': None, 'build_base': '/home/sto-technology/pro/ros2_pro/town_ws/build/village_interface', 'catkin_cmake_args': None, 'catkin_skip_building_tests': False, 'cmake_args': ['-DCMAKE_BUILD_TYPE=RelWithDebInfo', '-DCMAKE_EXPORT_COMPILE_COMMANDS=On', '-Wall', '-Wextra', '-Wpedantic'], 'cmake_clean_cache': False, 'cmake_clean_first': False, 'cmake_force_configure': False, 'cmake_target': None, 'cmake_target_skip_unavailable': False, 'install_base': '/home/sto-technology/pro/ros2_pro/town_ws/install', 'merge_install': True, 'path': '/home/sto-technology/pro/ros2_pro/town_ws/village_interface', 'symlink_install': True, 'test_result_base': None}
[0.167s] Level 5:colcon.colcon_core.verb:set package 'village_li' build argument 'cmake_args' from command line to '['-DCMAKE_BUILD_TYPE=RelWithDebInfo', '-DCMAKE_EXPORT_COMPILE_COMMANDS=On', '-Wall', '-Wextra', '-Wpedantic']'
[0.167s] Level 5:colcon.colcon_core.verb:set package 'village_li' build argument 'cmake_target' from command line to 'None'
[0.168s] Level 5:colcon.colcon_core.verb:set package 'village_li' build argument 'cmake_target_skip_unavailable' from command line to 'False'
[0.168s] Level 5:colcon.colcon_core.verb:set package 'village_li' build argument 'cmake_clean_cache' from command line to 'False'
[0.168s] Level 5:colcon.colcon_core.verb:set package 'village_li' build argument 'cmake_clean_first' from command line to 'False'
[0.168s] Level 5:colcon.colcon_core.verb:set package 'village_li' build argument 'cmake_force_configure' from command line to 'False'
[0.168s] Level 5:colcon.colcon_core.verb:set package 'village_li' build argument 'ament_cmake_args' from command line to 'None'
[0.168s] Level 5:colcon.colcon_core.verb:set package 'village_li' build argument 'catkin_cmake_args' from command line to 'None'
[0.168s] Level 5:colcon.colcon_core.verb:set package 'village_li' build argument 'catkin_skip_building_tests' from command line to 'False'
[0.168s] DEBUG:colcon.colcon_core.verb:Building package 'village_li' with the following arguments: {'ament_cmake_args': None, 'build_base': '/home/sto-technology/pro/ros2_pro/town_ws/build/village_li', 'catkin_cmake_args': None, 'catkin_skip_building_tests': False, 'cmake_args': ['-DCMAKE_BUILD_TYPE=RelWithDebInfo', '-DCMAKE_EXPORT_COMPILE_COMMANDS=On', '-Wall', '-Wextra', '-Wpedantic'], 'cmake_clean_cache': False, 'cmake_clean_first': False, 'cmake_force_configure': False, 'cmake_target': None, 'cmake_target_skip_unavailable': False, 'install_base': '/home/sto-technology/pro/ros2_pro/town_ws/install', 'merge_install': True, 'path': '/home/sto-technology/pro/ros2_pro/town_ws/src/village_li', 'symlink_install': True, 'test_result_base': None}
[0.168s] Level 5:colcon.colcon_core.verb:set package 'village_wang' build argument 'cmake_args' from command line to '['-DCMAKE_BUILD_TYPE=RelWithDebInfo', '-DCMAKE_EXPORT_COMPILE_COMMANDS=On', '-Wall', '-Wextra', '-Wpedantic']'
[0.168s] Level 5:colcon.colcon_core.verb:set package 'village_wang' build argument 'cmake_target' from command line to 'None'
[0.168s] Level 5:colcon.colcon_core.verb:set package 'village_wang' build argument 'cmake_target_skip_unavailable' from command line to 'False'
[0.168s] Level 5:colcon.colcon_core.verb:set package 'village_wang' build argument 'cmake_clean_cache' from command line to 'False'
[0.168s] Level 5:colcon.colcon_core.verb:set package 'village_wang' build argument 'cmake_clean_first' from command line to 'False'
[0.168s] Level 5:colcon.colcon_core.verb:set package 'village_wang' build argument 'cmake_force_configure' from command line to 'False'
[0.168s] Level 5:colcon.colcon_core.verb:set package 'village_wang' build argument 'ament_cmake_args' from command line to 'None'
[0.168s] Level 5:colcon.colcon_core.verb:set package 'village_wang' build argument 'catkin_cmake_args' from command line to 'None'
[0.168s] Level 5:colcon.colcon_core.verb:set package 'village_wang' build argument 'catkin_skip_building_tests' from command line to 'False'
[0.169s] DEBUG:colcon.colcon_core.verb:Building package 'village_wang' with the following arguments: {'ament_cmake_args': None, 'build_base': '/home/sto-technology/pro/ros2_pro/town_ws/build/village_wang', 'catkin_cmake_args': None, 'catkin_skip_building_tests': False, 'cmake_args': ['-DCMAKE_BUILD_TYPE=RelWithDebInfo', '-DCMAKE_EXPORT_COMPILE_COMMANDS=On', '-Wall', '-Wextra', '-Wpedantic'], 'cmake_clean_cache': False, 'cmake_clean_first': False, 'cmake_force_configure': False, 'cmake_target': None, 'cmake_target_skip_unavailable': False, 'install_base': '/home/sto-technology/pro/ros2_pro/town_ws/install', 'merge_install': True, 'path': '/home/sto-technology/pro/ros2_pro/town_ws/src/village_wang', 'symlink_install': True, 'test_result_base': None}
[0.171s] INFO:colcon.colcon_core.executor:Executing jobs using 'parallel' executor
[0.174s] DEBUG:colcon.colcon_parallel_executor.executor.parallel:run_until_complete
[0.174s] INFO:colcon.colcon_ros.task.ament_cmake.build:Building ROS package in '/home/sto-technology/pro/ros2_pro/town_ws/src/urdf01' with build type 'ament_cmake'
[0.174s] INFO:colcon.colcon_cmake.task.cmake.build:Building CMake package in '/home/sto-technology/pro/ros2_pro/town_ws/src/urdf01'
[0.177s] INFO:colcon.colcon_core.plugin_system:Skipping extension 'colcon_core.shell.bat': Not used on non-Windows systems
[0.177s] INFO:colcon.colcon_core.shell:Skip shell extension 'powershell' for command environment: Not usable outside of PowerShell
[0.177s] DEBUG:colcon.colcon_core.shell:Skip shell extension 'dsv' for command environment
[0.181s] INFO:colcon.colcon_ros.task.ament_python.build:Building ROS package in '/home/sto-technology/pro/ros2_pro/town_ws/src/vilige_zhang' with build type 'ament_python'
[0.182s] Level 1:colcon.colcon_core.shell:create_environment_hook('vilige_zhang', 'ament_prefix_path')
[0.182s] INFO:colcon.colcon_core.shell:Creating environment hook '/home/sto-technology/pro/ros2_pro/town_ws/install/share/vilige_zhang/hook/ament_prefix_path.ps1'
[0.184s] INFO:colcon.colcon_core.shell:Creating environment descriptor '/home/sto-technology/pro/ros2_pro/town_ws/install/share/vilige_zhang/hook/ament_prefix_path.dsv'
[0.184s] INFO:colcon.colcon_core.shell:Creating environment hook '/home/sto-technology/pro/ros2_pro/town_ws/install/share/vilige_zhang/hook/ament_prefix_path.sh'
[0.186s] INFO:colcon.colcon_core.shell:Skip shell extension 'powershell' for command environment: Not usable outside of PowerShell
[0.186s] DEBUG:colcon.colcon_core.shell:Skip shell extension 'dsv' for command environment
[0.191s] INFO:colcon.colcon_ros.task.ament_cmake.build:Building ROS package in '/home/sto-technology/pro/ros2_pro/town_ws/village_interface' with build type 'ament_cmake'
[0.192s] INFO:colcon.colcon_cmake.task.cmake.build:Building CMake package in '/home/sto-technology/pro/ros2_pro/town_ws/village_interface'
[0.193s] INFO:colcon.colcon_core.shell:Skip shell extension 'powershell' for command environment: Not usable outside of PowerShell
[0.193s] DEBUG:colcon.colcon_core.shell:Skip shell extension 'dsv' for command environment
[0.197s] INFO:colcon.colcon_ros.task.ament_python.build:Building ROS package in '/home/sto-technology/pro/ros2_pro/town_ws/src/village_li' with build type 'ament_python'
[0.198s] Level 1:colcon.colcon_core.shell:create_environment_hook('village_li', 'ament_prefix_path')
[0.199s] INFO:colcon.colcon_core.shell:Creating environment hook '/home/sto-technology/pro/ros2_pro/town_ws/install/share/village_li/hook/ament_prefix_path.ps1'
[0.199s] INFO:colcon.colcon_core.shell:Creating environment descriptor '/home/sto-technology/pro/ros2_pro/town_ws/install/share/village_li/hook/ament_prefix_path.dsv'
[0.200s] INFO:colcon.colcon_core.shell:Creating environment hook '/home/sto-technology/pro/ros2_pro/town_ws/install/share/village_li/hook/ament_prefix_path.sh'
[0.200s] INFO:colcon.colcon_core.shell:Skip shell extension 'powershell' for command environment: Not usable outside of PowerShell
[0.200s] DEBUG:colcon.colcon_core.shell:Skip shell extension 'dsv' for command environment
[0.204s] INFO:colcon.colcon_ros.task.ament_cmake.build:Building ROS package in '/home/sto-technology/pro/ros2_pro/town_ws/src/village_wang' with build type 'ament_cmake'
[0.204s] INFO:colcon.colcon_cmake.task.cmake.build:Building CMake package in '/home/sto-technology/pro/ros2_pro/town_ws/src/village_wang'
[0.206s] INFO:colcon.colcon_core.shell:Skip shell extension 'powershell' for command environment: Not usable outside of PowerShell
[0.206s] DEBUG:colcon.colcon_core.shell:Skip shell extension 'dsv' for command environment
[0.221s] DEBUG:colcon.colcon_core.event_handler.log_command:Invoking command in '/home/sto-technology/pro/ros2_pro/town_ws/build/urdf01': CMAKE_PREFIX_PATH=/opt/ros/foxy /usr/bin/cmake --build /home/sto-technology/pro/ros2_pro/town_ws/build/urdf01 -- -j8 -l8
[0.419s] INFO:colcon.colcon_core.task.python.build:Building Python package in '/home/sto-technology/pro/ros2_pro/town_ws/src/vilige_zhang'
[0.420s] INFO:colcon.colcon_core.shell:Skip shell extension 'powershell' for command environment: Not usable outside of PowerShell
[0.420s] DEBUG:colcon.colcon_core.shell:Skip shell extension 'dsv' for command environment
[0.431s] DEBUG:colcon.colcon_core.event_handler.log_command:Invoking command in '/home/sto-technology/pro/ros2_pro/town_ws/build/village_interface': CMAKE_PREFIX_PATH=/opt/ros/foxy /usr/bin/cmake --build /home/sto-technology/pro/ros2_pro/town_ws/build/village_interface -- -j8 -l8
[0.699s] INFO:colcon.colcon_core.task.python.build:Building Python package in '/home/sto-technology/pro/ros2_pro/town_ws/src/village_li'
[0.700s] INFO:colcon.colcon_core.shell:Skip shell extension 'powershell' for command environment: Not usable outside of PowerShell
[0.700s] DEBUG:colcon.colcon_core.shell:Skip shell extension 'dsv' for command environment
[0.707s] DEBUG:colcon.colcon_core.event_handler.log_command:Invoking command in '/home/sto-technology/pro/ros2_pro/town_ws/build/village_wang': CMAKE_PREFIX_PATH=/opt/ros/foxy /usr/bin/cmake --build /home/sto-technology/pro/ros2_pro/town_ws/build/village_wang -- -j8 -l8
[0.717s] DEBUG:colcon.colcon_core.event_handler.log_command:Invoked command in '/home/sto-technology/pro/ros2_pro/town_ws/build/urdf01' returned '0': CMAKE_PREFIX_PATH=/opt/ros/foxy /usr/bin/cmake --build /home/sto-technology/pro/ros2_pro/town_ws/build/urdf01 -- -j8 -l8
[0.718s] DEBUG:colcon.colcon_core.event_handler.log_command:Invoked command in '/home/sto-technology/pro/ros2_pro/town_ws/build/village_interface' returned '0': CMAKE_PREFIX_PATH=/opt/ros/foxy /usr/bin/cmake --build /home/sto-technology/pro/ros2_pro/town_ws/build/village_interface -- -j8 -l8
[0.754s] DEBUG:colcon.colcon_core.event_handler.log_command:Invoking command in '/home/sto-technology/pro/ros2_pro/town_ws/build/urdf01': CMAKE_PREFIX_PATH=/opt/ros/foxy /usr/bin/cmake --install /home/sto-technology/pro/ros2_pro/town_ws/build/urdf01
[0.805s] DEBUG:colcon.colcon_core.event_handler.log_command:Invoked command in '/home/sto-technology/pro/ros2_pro/town_ws/build/village_wang' returned '0': CMAKE_PREFIX_PATH=/opt/ros/foxy /usr/bin/cmake --build /home/sto-technology/pro/ros2_pro/town_ws/build/village_wang -- -j8 -l8
[0.807s] Level 1:colcon.colcon_core.environment:create_environment_scripts_only(urdf01)
[0.812s] DEBUG:colcon.colcon_core.event_handler.log_command:Invoked command in '/home/sto-technology/pro/ros2_pro/town_ws/build/urdf01' returned '0': CMAKE_PREFIX_PATH=/opt/ros/foxy /usr/bin/cmake --install /home/sto-technology/pro/ros2_pro/town_ws/build/urdf01
[0.813s] Level 1:colcon.colcon_core.environment:checking '/home/sto-technology/pro/ros2_pro/town_ws/install' for CMake module files
[0.814s] Level 1:colcon.colcon_core.environment:checking '/home/sto-technology/pro/ros2_pro/town_ws/install' for CMake config files
[0.815s] Level 1:colcon.colcon_core.shell:create_environment_hook('urdf01', 'cmake_prefix_path')
[0.816s] INFO:colcon.colcon_core.shell:Creating environment hook '/home/sto-technology/pro/ros2_pro/town_ws/install/share/urdf01/hook/cmake_prefix_path.ps1'
[0.817s] INFO:colcon.colcon_core.shell:Creating environment descriptor '/home/sto-technology/pro/ros2_pro/town_ws/install/share/urdf01/hook/cmake_prefix_path.dsv'
[0.818s] INFO:colcon.colcon_core.shell:Creating environment hook '/home/sto-technology/pro/ros2_pro/town_ws/install/share/urdf01/hook/cmake_prefix_path.sh'
[0.819s] Level 1:colcon.colcon_core.environment:checking '/home/sto-technology/pro/ros2_pro/town_ws/install/lib'
[0.819s] Level 1:colcon.colcon_core.shell:create_environment_hook('urdf01', 'ld_library_path_lib')
[0.820s] INFO:colcon.colcon_core.shell:Creating environment hook '/home/sto-technology/pro/ros2_pro/town_ws/install/share/urdf01/hook/ld_library_path_lib.ps1'
[0.820s] INFO:colcon.colcon_core.shell:Creating environment descriptor '/home/sto-technology/pro/ros2_pro/town_ws/install/share/urdf01/hook/ld_library_path_lib.dsv'
[0.821s] INFO:colcon.colcon_core.shell:Creating environment hook '/home/sto-technology/pro/ros2_pro/town_ws/install/share/urdf01/hook/ld_library_path_lib.sh'
[0.821s] Level 1:colcon.colcon_core.environment:checking '/home/sto-technology/pro/ros2_pro/town_ws/install/bin'
[0.821s] Level 1:colcon.colcon_core.environment:checking '/home/sto-technology/pro/ros2_pro/town_ws/install/lib/pkgconfig/urdf01.pc'
[0.821s] Level 1:colcon.colcon_core.environment:checking '/home/sto-technology/pro/ros2_pro/town_ws/install/lib/python3.8/site-packages'
[0.821s] Level 1:colcon.colcon_core.shell:create_environment_hook('urdf01', 'pythonpath')
[0.822s] INFO:colcon.colcon_core.shell:Creating environment hook '/home/sto-technology/pro/ros2_pro/town_ws/install/share/urdf01/hook/pythonpath.ps1'
[0.823s] INFO:colcon.colcon_core.shell:Creating environment descriptor '/home/sto-technology/pro/ros2_pro/town_ws/install/share/urdf01/hook/pythonpath.dsv'
[0.823s] INFO:colcon.colcon_core.shell:Creating environment hook '/home/sto-technology/pro/ros2_pro/town_ws/install/share/urdf01/hook/pythonpath.sh'
[0.824s] INFO:colcon.colcon_core.shell:Creating package script '/home/sto-technology/pro/ros2_pro/town_ws/install/share/urdf01/package.ps1'
[0.826s] INFO:colcon.colcon_core.shell:Creating package descriptor '/home/sto-technology/pro/ros2_pro/town_ws/install/share/urdf01/package.dsv'
[0.827s] INFO:colcon.colcon_core.shell:Creating package script '/home/sto-technology/pro/ros2_pro/town_ws/install/share/urdf01/package.sh'
[0.828s] INFO:colcon.colcon_core.shell:Creating package script '/home/sto-technology/pro/ros2_pro/town_ws/install/share/urdf01/package.bash'
[0.829s] INFO:colcon.colcon_core.shell:Creating package script '/home/sto-technology/pro/ros2_pro/town_ws/install/share/urdf01/package.zsh'
[0.830s] Level 1:colcon.colcon_core.environment:create_file_with_runtime_dependencies(/home/sto-technology/pro/ros2_pro/town_ws/install/share/colcon-core/packages/urdf01)
[0.839s] DEBUG:colcon.colcon_core.event_handler.log_command:Invoking command in '/home/sto-technology/pro/ros2_pro/town_ws/build/village_wang': CMAKE_PREFIX_PATH=/opt/ros/foxy /usr/bin/cmake --install /home/sto-technology/pro/ros2_pro/town_ws/build/village_wang
[0.862s] Level 1:colcon.colcon_core.environment:create_environment_scripts_only(urdf01)
[0.863s] Level 1:colcon.colcon_core.environment:checking '/home/sto-technology/pro/ros2_pro/town_ws/install' for CMake module files
[0.863s] Level 1:colcon.colcon_core.environment:checking '/home/sto-technology/pro/ros2_pro/town_ws/install' for CMake config files
[0.865s] Level 1:colcon.colcon_core.shell:create_environment_hook('urdf01', 'cmake_prefix_path')
[0.865s] INFO:colcon.colcon_core.shell:Creating environment hook '/home/sto-technology/pro/ros2_pro/town_ws/install/share/urdf01/hook/cmake_prefix_path.ps1'
[0.866s] INFO:colcon.colcon_core.shell:Creating environment descriptor '/home/sto-technology/pro/ros2_pro/town_ws/install/share/urdf01/hook/cmake_prefix_path.dsv'
[0.867s] INFO:colcon.colcon_core.shell:Creating environment hook '/home/sto-technology/pro/ros2_pro/town_ws/install/share/urdf01/hook/cmake_prefix_path.sh'
[0.871s] Level 1:colcon.colcon_core.environment:checking '/home/sto-technology/pro/ros2_pro/town_ws/install/lib'
[0.871s] Level 1:colcon.colcon_core.shell:create_environment_hook('urdf01', 'ld_library_path_lib')
[0.872s] INFO:colcon.colcon_core.shell:Creating environment hook '/home/sto-technology/pro/ros2_pro/town_ws/install/share/urdf01/hook/ld_library_path_lib.ps1'
[0.872s] INFO:colcon.colcon_core.shell:Creating environment descriptor '/home/sto-technology/pro/ros2_pro/town_ws/install/share/urdf01/hook/ld_library_path_lib.dsv'
[0.873s] INFO:colcon.colcon_core.shell:Creating environment hook '/home/sto-technology/pro/ros2_pro/town_ws/install/share/urdf01/hook/ld_library_path_lib.sh'
[0.873s] Level 1:colcon.colcon_core.environment:checking '/home/sto-technology/pro/ros2_pro/town_ws/install/bin'
[0.873s] Level 1:colcon.colcon_core.environment:checking '/home/sto-technology/pro/ros2_pro/town_ws/install/lib/pkgconfig/urdf01.pc'
[0.873s] Level 1:colcon.colcon_core.environment:checking '/home/sto-technology/pro/ros2_pro/town_ws/install/lib/python3.8/site-packages'
[0.873s] Level 1:colcon.colcon_core.shell:create_environment_hook('urdf01', 'pythonpath')
[0.874s] INFO:colcon.colcon_core.shell:Creating environment hook '/home/sto-technology/pro/ros2_pro/town_ws/install/share/urdf01/hook/pythonpath.ps1'
[0.875s] INFO:colcon.colcon_core.shell:Creating environment descriptor '/home/sto-technology/pro/ros2_pro/town_ws/install/share/urdf01/hook/pythonpath.dsv'
[0.875s] INFO:colcon.colcon_core.shell:Creating environment hook '/home/sto-technology/pro/ros2_pro/town_ws/install/share/urdf01/hook/pythonpath.sh'
[0.876s] INFO:colcon.colcon_core.shell:Creating package script '/home/sto-technology/pro/ros2_pro/town_ws/install/share/urdf01/package.ps1'
[0.877s] INFO:colcon.colcon_core.shell:Creating package descriptor '/home/sto-technology/pro/ros2_pro/town_ws/install/share/urdf01/package.dsv'
[0.878s] INFO:colcon.colcon_core.shell:Creating package script '/home/sto-technology/pro/ros2_pro/town_ws/install/share/urdf01/package.sh'
[0.879s] INFO:colcon.colcon_core.shell:Creating package script '/home/sto-technology/pro/ros2_pro/town_ws/install/share/urdf01/package.bash'
[0.880s] INFO:colcon.colcon_core.shell:Creating package script '/home/sto-technology/pro/ros2_pro/town_ws/install/share/urdf01/package.zsh'
[0.880s] Level 1:colcon.colcon_core.environment:create_file_with_runtime_dependencies(/home/sto-technology/pro/ros2_pro/town_ws/install/share/colcon-core/packages/urdf01)
[0.882s] Level 1:colcon.colcon_core.environment:create_environment_scripts_only(village_wang)
[0.883s] Level 1:colcon.colcon_core.environment:checking '/home/sto-technology/pro/ros2_pro/town_ws/install' for CMake module files
[0.884s] Level 1:colcon.colcon_core.environment:checking '/home/sto-technology/pro/ros2_pro/town_ws/install' for CMake config files
[0.885s] Level 1:colcon.colcon_core.shell:create_environment_hook('village_wang', 'cmake_prefix_path')
[0.886s] INFO:colcon.colcon_core.shell:Creating environment hook '/home/sto-technology/pro/ros2_pro/town_ws/install/share/village_wang/hook/cmake_prefix_path.ps1'
[0.886s] DEBUG:colcon.colcon_core.event_handler.log_command:Invoked command in '/home/sto-technology/pro/ros2_pro/town_ws/build/village_wang' returned '0': CMAKE_PREFIX_PATH=/opt/ros/foxy /usr/bin/cmake --install /home/sto-technology/pro/ros2_pro/town_ws/build/village_wang
[0.888s] INFO:colcon.colcon_core.shell:Creating environment descriptor '/home/sto-technology/pro/ros2_pro/town_ws/install/share/village_wang/hook/cmake_prefix_path.dsv'
[0.888s] INFO:colcon.colcon_core.shell:Creating environment hook '/home/sto-technology/pro/ros2_pro/town_ws/install/share/village_wang/hook/cmake_prefix_path.sh'
[0.889s] Level 1:colcon.colcon_core.environment:checking '/home/sto-technology/pro/ros2_pro/town_ws/install/lib'
[0.889s] Level 1:colcon.colcon_core.shell:create_environment_hook('village_wang', 'ld_library_path_lib')
[0.889s] INFO:colcon.colcon_core.shell:Creating environment hook '/home/sto-technology/pro/ros2_pro/town_ws/install/share/village_wang/hook/ld_library_path_lib.ps1'
[0.890s] INFO:colcon.colcon_core.shell:Creating environment descriptor '/home/sto-technology/pro/ros2_pro/town_ws/install/share/village_wang/hook/ld_library_path_lib.dsv'
[0.890s] INFO:colcon.colcon_core.shell:Creating environment hook '/home/sto-technology/pro/ros2_pro/town_ws/install/share/village_wang/hook/ld_library_path_lib.sh'
[0.891s] Level 1:colcon.colcon_core.environment:checking '/home/sto-technology/pro/ros2_pro/town_ws/install/bin'
[0.891s] Level 1:colcon.colcon_core.environment:checking '/home/sto-technology/pro/ros2_pro/town_ws/install/lib/pkgconfig/village_wang.pc'
[0.891s] Level 1:colcon.colcon_core.environment:checking '/home/sto-technology/pro/ros2_pro/town_ws/install/lib/python3.8/site-packages'
[0.891s] Level 1:colcon.colcon_core.shell:create_environment_hook('village_wang', 'pythonpath')
[0.891s] INFO:colcon.colcon_core.shell:Creating environment hook '/home/sto-technology/pro/ros2_pro/town_ws/install/share/village_wang/hook/pythonpath.ps1'
[0.892s] INFO:colcon.colcon_core.shell:Creating environment descriptor '/home/sto-technology/pro/ros2_pro/town_ws/install/share/village_wang/hook/pythonpath.dsv'
[0.892s] INFO:colcon.colcon_core.shell:Creating environment hook '/home/sto-technology/pro/ros2_pro/town_ws/install/share/village_wang/hook/pythonpath.sh'
[0.894s] INFO:colcon.colcon_core.shell:Creating package script '/home/sto-technology/pro/ros2_pro/town_ws/install/share/village_wang/package.ps1'
[0.895s] INFO:colcon.colcon_core.shell:Creating package descriptor '/home/sto-technology/pro/ros2_pro/town_ws/install/share/village_wang/package.dsv'
[0.896s] INFO:colcon.colcon_core.shell:Creating package script '/home/sto-technology/pro/ros2_pro/town_ws/install/share/village_wang/package.sh'
[0.896s] INFO:colcon.colcon_core.shell:Creating package script '/home/sto-technology/pro/ros2_pro/town_ws/install/share/village_wang/package.bash'
[0.897s] INFO:colcon.colcon_core.shell:Creating package script '/home/sto-technology/pro/ros2_pro/town_ws/install/share/village_wang/package.zsh'
[0.897s] Level 1:colcon.colcon_core.environment:create_file_with_runtime_dependencies(/home/sto-technology/pro/ros2_pro/town_ws/install/share/colcon-core/packages/village_wang)
[0.905s] DEBUG:colcon.colcon_core.event_handler.log_command:Invoking command in '/home/sto-technology/pro/ros2_pro/town_ws/build/village_interface': CMAKE_PREFIX_PATH=/opt/ros/foxy /usr/bin/cmake --install /home/sto-technology/pro/ros2_pro/town_ws/build/village_interface
[0.954s] Level 1:colcon.colcon_core.environment:create_environment_scripts_only(village_wang)
[0.955s] Level 1:colcon.colcon_core.environment:checking '/home/sto-technology/pro/ros2_pro/town_ws/install' for CMake module files
[0.957s] Level 1:colcon.colcon_core.environment:checking '/home/sto-technology/pro/ros2_pro/town_ws/install' for CMake config files
[0.959s] Level 1:colcon.colcon_core.shell:create_environment_hook('village_wang', 'cmake_prefix_path')
[0.959s] INFO:colcon.colcon_core.shell:Creating environment hook '/home/sto-technology/pro/ros2_pro/town_ws/install/share/village_wang/hook/cmake_prefix_path.ps1'
[0.960s] INFO:colcon.colcon_core.shell:Creating environment descriptor '/home/sto-technology/pro/ros2_pro/town_ws/install/share/village_wang/hook/cmake_prefix_path.dsv'
[0.961s] INFO:colcon.colcon_core.shell:Creating environment hook '/home/sto-technology/pro/ros2_pro/town_ws/install/share/village_wang/hook/cmake_prefix_path.sh'
[0.962s] Level 1:colcon.colcon_core.environment:checking '/home/sto-technology/pro/ros2_pro/town_ws/install/lib'
[0.962s] Level 1:colcon.colcon_core.shell:create_environment_hook('village_wang', 'ld_library_path_lib')
[0.963s] INFO:colcon.colcon_core.shell:Creating environment hook '/home/sto-technology/pro/ros2_pro/town_ws/install/share/village_wang/hook/ld_library_path_lib.ps1'
[0.963s] INFO:colcon.colcon_core.shell:Creating environment descriptor '/home/sto-technology/pro/ros2_pro/town_ws/install/share/village_wang/hook/ld_library_path_lib.dsv'
[0.964s] INFO:colcon.colcon_core.shell:Creating environment hook '/home/sto-technology/pro/ros2_pro/town_ws/install/share/village_wang/hook/ld_library_path_lib.sh'
[0.964s] Level 1:colcon.colcon_core.environment:checking '/home/sto-technology/pro/ros2_pro/town_ws/install/bin'
[0.964s] Level 1:colcon.colcon_core.environment:checking '/home/sto-technology/pro/ros2_pro/town_ws/install/lib/pkgconfig/village_wang.pc'
[0.964s] Level 1:colcon.colcon_core.environment:checking '/home/sto-technology/pro/ros2_pro/town_ws/install/lib/python3.8/site-packages'
[0.964s] Level 1:colcon.colcon_core.shell:create_environment_hook('village_wang', 'pythonpath')
[0.965s] INFO:colcon.colcon_core.shell:Creating environment hook '/home/sto-technology/pro/ros2_pro/town_ws/install/share/village_wang/hook/pythonpath.ps1'
[0.965s] INFO:colcon.colcon_core.shell:Creating environment descriptor '/home/sto-technology/pro/ros2_pro/town_ws/install/share/village_wang/hook/pythonpath.dsv'
[0.965s] INFO:colcon.colcon_core.shell:Creating environment hook '/home/sto-technology/pro/ros2_pro/town_ws/install/share/village_wang/hook/pythonpath.sh'
[0.966s] INFO:colcon.colcon_core.shell:Creating package script '/home/sto-technology/pro/ros2_pro/town_ws/install/share/village_wang/package.ps1'
[0.967s] INFO:colcon.colcon_core.shell:Creating package descriptor '/home/sto-technology/pro/ros2_pro/town_ws/install/share/village_wang/package.dsv'
[0.968s] INFO:colcon.colcon_core.shell:Creating package script '/home/sto-technology/pro/ros2_pro/town_ws/install/share/village_wang/package.sh'
[0.968s] INFO:colcon.colcon_core.shell:Creating package script '/home/sto-technology/pro/ros2_pro/town_ws/install/share/village_wang/package.bash'
[0.969s] INFO:colcon.colcon_core.shell:Creating package script '/home/sto-technology/pro/ros2_pro/town_ws/install/share/village_wang/package.zsh'
[0.969s] Level 1:colcon.colcon_core.environment:create_file_with_runtime_dependencies(/home/sto-technology/pro/ros2_pro/town_ws/install/share/colcon-core/packages/village_wang)
[1.032s] Level 1:colcon.colcon_core.environment:create_environment_scripts_only(village_interface)
[1.033s] Level 1:colcon.colcon_core.environment:checking '/home/sto-technology/pro/ros2_pro/town_ws/install' for CMake module files
[1.034s] DEBUG:colcon.colcon_core.event_handler.log_command:Invoked command in '/home/sto-technology/pro/ros2_pro/town_ws/build/village_interface' returned '0': CMAKE_PREFIX_PATH=/opt/ros/foxy /usr/bin/cmake --install /home/sto-technology/pro/ros2_pro/town_ws/build/village_interface
[1.034s] Level 1:colcon.colcon_core.environment:checking '/home/sto-technology/pro/ros2_pro/town_ws/install' for CMake config files
[1.035s] Level 1:colcon.colcon_core.shell:create_environment_hook('village_interface', 'cmake_prefix_path')
[1.036s] INFO:colcon.colcon_core.shell:Creating environment hook '/home/sto-technology/pro/ros2_pro/town_ws/install/share/village_interface/hook/cmake_prefix_path.ps1'
[1.036s] INFO:colcon.colcon_core.shell:Creating environment descriptor '/home/sto-technology/pro/ros2_pro/town_ws/install/share/village_interface/hook/cmake_prefix_path.dsv'
[1.037s] INFO:colcon.colcon_core.shell:Creating environment hook '/home/sto-technology/pro/ros2_pro/town_ws/install/share/village_interface/hook/cmake_prefix_path.sh'
[1.037s] Level 1:colcon.colcon_core.environment:checking '/home/sto-technology/pro/ros2_pro/town_ws/install/lib'
[1.038s] Level 1:colcon.colcon_core.shell:create_environment_hook('village_interface', 'ld_library_path_lib')
[1.039s] INFO:colcon.colcon_core.shell:Creating environment hook '/home/sto-technology/pro/ros2_pro/town_ws/install/share/village_interface/hook/ld_library_path_lib.ps1'
[1.039s] INFO:colcon.colcon_core.shell:Creating environment descriptor '/home/sto-technology/pro/ros2_pro/town_ws/install/share/village_interface/hook/ld_library_path_lib.dsv'
[1.039s] INFO:colcon.colcon_core.shell:Creating environment hook '/home/sto-technology/pro/ros2_pro/town_ws/install/share/village_interface/hook/ld_library_path_lib.sh'
[1.040s] Level 1:colcon.colcon_core.environment:checking '/home/sto-technology/pro/ros2_pro/town_ws/install/bin'
[1.040s] Level 1:colcon.colcon_core.environment:checking '/home/sto-technology/pro/ros2_pro/town_ws/install/lib/pkgconfig/village_interface.pc'
[1.040s] Level 1:colcon.colcon_core.environment:checking '/home/sto-technology/pro/ros2_pro/town_ws/install/lib/python3.8/site-packages'
[1.040s] Level 1:colcon.colcon_core.shell:create_environment_hook('village_interface', 'pythonpath')
[1.040s] INFO:colcon.colcon_core.shell:Creating environment hook '/home/sto-technology/pro/ros2_pro/town_ws/install/share/village_interface/hook/pythonpath.ps1'
[1.041s] INFO:colcon.colcon_core.shell:Creating environment descriptor '/home/sto-technology/pro/ros2_pro/town_ws/install/share/village_interface/hook/pythonpath.dsv'
[1.041s] INFO:colcon.colcon_core.shell:Creating environment hook '/home/sto-technology/pro/ros2_pro/town_ws/install/share/village_interface/hook/pythonpath.sh'
[1.042s] INFO:colcon.colcon_core.shell:Creating package script '/home/sto-technology/pro/ros2_pro/town_ws/install/share/village_interface/package.ps1'
[1.042s] INFO:colcon.colcon_core.shell:Creating package descriptor '/home/sto-technology/pro/ros2_pro/town_ws/install/share/village_interface/package.dsv'
[1.042s] INFO:colcon.colcon_core.shell:Creating package script '/home/sto-technology/pro/ros2_pro/town_ws/install/share/village_interface/package.sh'
[1.043s] INFO:colcon.colcon_core.shell:Creating package script '/home/sto-technology/pro/ros2_pro/town_ws/install/share/village_interface/package.bash'
[1.043s] INFO:colcon.colcon_core.shell:Creating package script '/home/sto-technology/pro/ros2_pro/town_ws/install/share/village_interface/package.zsh'
[1.043s] Level 1:colcon.colcon_core.environment:create_file_with_runtime_dependencies(/home/sto-technology/pro/ros2_pro/town_ws/install/share/colcon-core/packages/village_interface)
[1.142s] Level 1:colcon.colcon_core.environment:create_environment_scripts_only(village_interface)
[1.143s] Level 1:colcon.colcon_core.environment:checking '/home/sto-technology/pro/ros2_pro/town_ws/install' for CMake module files
[1.144s] Level 1:colcon.colcon_core.environment:checking '/home/sto-technology/pro/ros2_pro/town_ws/install' for CMake config files
[1.146s] Level 1:colcon.colcon_core.shell:create_environment_hook('village_interface', 'cmake_prefix_path')
[1.147s] INFO:colcon.colcon_core.shell:Creating environment hook '/home/sto-technology/pro/ros2_pro/town_ws/install/share/village_interface/hook/cmake_prefix_path.ps1'
[1.147s] INFO:colcon.colcon_core.shell:Creating environment descriptor '/home/sto-technology/pro/ros2_pro/town_ws/install/share/village_interface/hook/cmake_prefix_path.dsv'
[1.148s] INFO:colcon.colcon_core.shell:Creating environment hook '/home/sto-technology/pro/ros2_pro/town_ws/install/share/village_interface/hook/cmake_prefix_path.sh'
[1.149s] Level 1:colcon.colcon_core.environment:checking '/home/sto-technology/pro/ros2_pro/town_ws/install/lib'
[1.149s] Level 1:colcon.colcon_core.shell:create_environment_hook('village_interface', 'ld_library_path_lib')
[1.150s] INFO:colcon.colcon_core.shell:Creating environment hook '/home/sto-technology/pro/ros2_pro/town_ws/install/share/village_interface/hook/ld_library_path_lib.ps1'
[1.150s] INFO:colcon.colcon_core.shell:Creating environment descriptor '/home/sto-technology/pro/ros2_pro/town_ws/install/share/village_interface/hook/ld_library_path_lib.dsv'
[1.150s] INFO:colcon.colcon_core.shell:Creating environment hook '/home/sto-technology/pro/ros2_pro/town_ws/install/share/village_interface/hook/ld_library_path_lib.sh'
[1.151s] Level 1:colcon.colcon_core.environment:checking '/home/sto-technology/pro/ros2_pro/town_ws/install/bin'
[1.151s] Level 1:colcon.colcon_core.environment:checking '/home/sto-technology/pro/ros2_pro/town_ws/install/lib/pkgconfig/village_interface.pc'
[1.151s] Level 1:colcon.colcon_core.environment:checking '/home/sto-technology/pro/ros2_pro/town_ws/install/lib/python3.8/site-packages'
[1.151s] Level 1:colcon.colcon_core.shell:create_environment_hook('village_interface', 'pythonpath')
[1.152s] INFO:colcon.colcon_core.shell:Creating environment hook '/home/sto-technology/pro/ros2_pro/town_ws/install/share/village_interface/hook/pythonpath.ps1'
[1.153s] INFO:colcon.colcon_core.shell:Creating environment descriptor '/home/sto-technology/pro/ros2_pro/town_ws/install/share/village_interface/hook/pythonpath.dsv'
[1.153s] INFO:colcon.colcon_core.shell:Creating environment hook '/home/sto-technology/pro/ros2_pro/town_ws/install/share/village_interface/hook/pythonpath.sh'
[1.155s] INFO:colcon.colcon_core.shell:Creating package script '/home/sto-technology/pro/ros2_pro/town_ws/install/share/village_interface/package.ps1'
[1.156s] INFO:colcon.colcon_core.shell:Creating package descriptor '/home/sto-technology/pro/ros2_pro/town_ws/install/share/village_interface/package.dsv'
[1.156s] INFO:colcon.colcon_core.shell:Creating package script '/home/sto-technology/pro/ros2_pro/town_ws/install/share/village_interface/package.sh'
[1.157s] INFO:colcon.colcon_core.shell:Creating package script '/home/sto-technology/pro/ros2_pro/town_ws/install/share/village_interface/package.bash'
[1.158s] INFO:colcon.colcon_core.shell:Creating package script '/home/sto-technology/pro/ros2_pro/town_ws/install/share/village_interface/package.zsh'
[1.158s] Level 1:colcon.colcon_core.environment:create_file_with_runtime_dependencies(/home/sto-technology/pro/ros2_pro/town_ws/install/share/colcon-core/packages/village_interface)
[1.225s] DEBUG:colcon.colcon_core.event_handler.log_command:Invoking command in '/home/sto-technology/pro/ros2_pro/town_ws/build/vilige_zhang': PYTHONPATH=/home/sto-technology/pro/ros2_pro/town_ws/install/lib/python3.8/site-packages:${PYTHONPATH} /usr/bin/python3 setup.py develop --prefix /home/sto-technology/pro/ros2_pro/town_ws/install --editable --build-directory /home/sto-technology/pro/ros2_pro/town_ws/build/vilige_zhang/build --no-deps install_data --install-dir /home/sto-technology/pro/ros2_pro/town_ws/install
[1.232s] DEBUG:colcon.colcon_core.event_handler.log_command:Invoking command in '/home/sto-technology/pro/ros2_pro/town_ws/build/village_li': PYTHONPATH=/home/sto-technology/pro/ros2_pro/town_ws/install/lib/python3.8/site-packages:${PYTHONPATH} /usr/bin/python3 setup.py develop --prefix /home/sto-technology/pro/ros2_pro/town_ws/install --editable --build-directory /home/sto-technology/pro/ros2_pro/town_ws/build/village_li/build --no-deps install_data --install-dir /home/sto-technology/pro/ros2_pro/town_ws/install
[1.639s] Level 1:colcon.colcon_core.shell:create_environment_hook('village_li', 'pythonpath_develop')
[1.640s] INFO:colcon.colcon_core.shell:Creating environment hook '/home/sto-technology/pro/ros2_pro/town_ws/build/village_li/share/village_li/hook/pythonpath_develop.ps1'
[1.641s] DEBUG:colcon.colcon_core.event_handler.log_command:Invoked command in '/home/sto-technology/pro/ros2_pro/town_ws/build/village_li' returned '0': PYTHONPATH=/home/sto-technology/pro/ros2_pro/town_ws/install/lib/python3.8/site-packages:${PYTHONPATH} /usr/bin/python3 setup.py develop --prefix /home/sto-technology/pro/ros2_pro/town_ws/install --editable --build-directory /home/sto-technology/pro/ros2_pro/town_ws/build/village_li/build --no-deps install_data --install-dir /home/sto-technology/pro/ros2_pro/town_ws/install
[1.641s] INFO:colcon.colcon_core.shell:Creating environment descriptor '/home/sto-technology/pro/ros2_pro/town_ws/build/village_li/share/village_li/hook/pythonpath_develop.dsv'
[1.642s] INFO:colcon.colcon_core.shell:Creating environment hook '/home/sto-technology/pro/ros2_pro/town_ws/build/village_li/share/village_li/hook/pythonpath_develop.sh'
[1.643s] Level 1:colcon.colcon_core.environment:checking '/home/sto-technology/pro/ros2_pro/town_ws/install' for CMake module files
[1.644s] Level 1:colcon.colcon_core.environment:checking '/home/sto-technology/pro/ros2_pro/town_ws/install' for CMake config files
[1.645s] Level 1:colcon.colcon_core.shell:create_environment_hook('village_li', 'cmake_prefix_path')
[1.645s] INFO:colcon.colcon_core.shell:Creating environment hook '/home/sto-technology/pro/ros2_pro/town_ws/install/share/village_li/hook/cmake_prefix_path.ps1'
[1.646s] INFO:colcon.colcon_core.shell:Creating environment descriptor '/home/sto-technology/pro/ros2_pro/town_ws/install/share/village_li/hook/cmake_prefix_path.dsv'
[1.646s] INFO:colcon.colcon_core.shell:Creating environment hook '/home/sto-technology/pro/ros2_pro/town_ws/install/share/village_li/hook/cmake_prefix_path.sh'
[1.647s] Level 1:colcon.colcon_core.environment:checking '/home/sto-technology/pro/ros2_pro/town_ws/install/lib'
[1.647s] Level 1:colcon.colcon_core.shell:create_environment_hook('village_li', 'ld_library_path_lib')
[1.648s] INFO:colcon.colcon_core.shell:Creating environment hook '/home/sto-technology/pro/ros2_pro/town_ws/install/share/village_li/hook/ld_library_path_lib.ps1'
[1.648s] INFO:colcon.colcon_core.shell:Creating environment descriptor '/home/sto-technology/pro/ros2_pro/town_ws/install/share/village_li/hook/ld_library_path_lib.dsv'
[1.650s] INFO:colcon.colcon_core.shell:Creating environment hook '/home/sto-technology/pro/ros2_pro/town_ws/install/share/village_li/hook/ld_library_path_lib.sh'
[1.651s] Level 1:colcon.colcon_core.environment:checking '/home/sto-technology/pro/ros2_pro/town_ws/install/bin'
[1.651s] Level 1:colcon.colcon_core.environment:checking '/home/sto-technology/pro/ros2_pro/town_ws/install/lib/pkgconfig/village_li.pc'
[1.651s] Level 1:colcon.colcon_core.environment:checking '/home/sto-technology/pro/ros2_pro/town_ws/install/lib/python3.8/site-packages'
[1.651s] Level 1:colcon.colcon_core.shell:create_environment_hook('village_li', 'pythonpath')
[1.652s] INFO:colcon.colcon_core.shell:Creating environment hook '/home/sto-technology/pro/ros2_pro/town_ws/install/share/village_li/hook/pythonpath.ps1'
[1.652s] INFO:colcon.colcon_core.shell:Creating environment descriptor '/home/sto-technology/pro/ros2_pro/town_ws/install/share/village_li/hook/pythonpath.dsv'
[1.653s] INFO:colcon.colcon_core.shell:Creating environment hook '/home/sto-technology/pro/ros2_pro/town_ws/install/share/village_li/hook/pythonpath.sh'
[1.653s] Level 1:colcon.colcon_core.environment:create_environment_scripts_only(village_li)
[1.654s] INFO:colcon.colcon_core.shell:Creating package script '/home/sto-technology/pro/ros2_pro/town_ws/install/share/village_li/package.ps1'
[1.654s] INFO:colcon.colcon_core.shell:Creating package descriptor '/home/sto-technology/pro/ros2_pro/town_ws/install/share/village_li/package.dsv'
[1.655s] INFO:colcon.colcon_core.shell:Creating package script '/home/sto-technology/pro/ros2_pro/town_ws/install/share/village_li/package.sh'
[1.655s] INFO:colcon.colcon_core.shell:Creating package script '/home/sto-technology/pro/ros2_pro/town_ws/install/share/village_li/package.bash'
[1.656s] INFO:colcon.colcon_core.shell:Creating package script '/home/sto-technology/pro/ros2_pro/town_ws/install/share/village_li/package.zsh'
[1.656s] Level 1:colcon.colcon_core.environment:create_file_with_runtime_dependencies(/home/sto-technology/pro/ros2_pro/town_ws/install/share/colcon-core/packages/village_li)
[1.657s] Level 1:colcon.colcon_core.shell:create_environment_hook('vilige_zhang', 'pythonpath_develop')
[1.657s] INFO:colcon.colcon_core.shell:Creating environment hook '/home/sto-technology/pro/ros2_pro/town_ws/build/vilige_zhang/share/vilige_zhang/hook/pythonpath_develop.ps1'
[1.658s] DEBUG:colcon.colcon_core.event_handler.log_command:Invoked command in '/home/sto-technology/pro/ros2_pro/town_ws/build/vilige_zhang' returned '0': PYTHONPATH=/home/sto-technology/pro/ros2_pro/town_ws/install/lib/python3.8/site-packages:${PYTHONPATH} /usr/bin/python3 setup.py develop --prefix /home/sto-technology/pro/ros2_pro/town_ws/install --editable --build-directory /home/sto-technology/pro/ros2_pro/town_ws/build/vilige_zhang/build --no-deps install_data --install-dir /home/sto-technology/pro/ros2_pro/town_ws/install
[1.658s] INFO:colcon.colcon_core.shell:Creating environment descriptor '/home/sto-technology/pro/ros2_pro/town_ws/build/vilige_zhang/share/vilige_zhang/hook/pythonpath_develop.dsv'
[1.659s] INFO:colcon.colcon_core.shell:Creating environment hook '/home/sto-technology/pro/ros2_pro/town_ws/build/vilige_zhang/share/vilige_zhang/hook/pythonpath_develop.sh'
[1.660s] Level 1:colcon.colcon_core.environment:checking '/home/sto-technology/pro/ros2_pro/town_ws/install' for CMake module files
[1.660s] Level 1:colcon.colcon_core.environment:checking '/home/sto-technology/pro/ros2_pro/town_ws/install' for CMake config files
[1.661s] Level 1:colcon.colcon_core.shell:create_environment_hook('vilige_zhang', 'cmake_prefix_path')
[1.661s] INFO:colcon.colcon_core.shell:Creating environment hook '/home/sto-technology/pro/ros2_pro/town_ws/install/share/vilige_zhang/hook/cmake_prefix_path.ps1'
[1.661s] INFO:colcon.colcon_core.shell:Creating environment descriptor '/home/sto-technology/pro/ros2_pro/town_ws/install/share/vilige_zhang/hook/cmake_prefix_path.dsv'
[1.662s] INFO:colcon.colcon_core.shell:Creating environment hook '/home/sto-technology/pro/ros2_pro/town_ws/install/share/vilige_zhang/hook/cmake_prefix_path.sh'
[1.662s] Level 1:colcon.colcon_core.environment:checking '/home/sto-technology/pro/ros2_pro/town_ws/install/lib'
[1.662s] Level 1:colcon.colcon_core.shell:create_environment_hook('vilige_zhang', 'ld_library_path_lib')
[1.663s] INFO:colcon.colcon_core.shell:Creating environment hook '/home/sto-technology/pro/ros2_pro/town_ws/install/share/vilige_zhang/hook/ld_library_path_lib.ps1'
[1.663s] INFO:colcon.colcon_core.shell:Creating environment descriptor '/home/sto-technology/pro/ros2_pro/town_ws/install/share/vilige_zhang/hook/ld_library_path_lib.dsv'
[1.663s] INFO:colcon.colcon_core.shell:Creating environment hook '/home/sto-technology/pro/ros2_pro/town_ws/install/share/vilige_zhang/hook/ld_library_path_lib.sh'
[1.664s] Level 1:colcon.colcon_core.environment:checking '/home/sto-technology/pro/ros2_pro/town_ws/install/bin'
[1.664s] Level 1:colcon.colcon_core.environment:checking '/home/sto-technology/pro/ros2_pro/town_ws/install/lib/pkgconfig/vilige_zhang.pc'
[1.664s] Level 1:colcon.colcon_core.environment:checking '/home/sto-technology/pro/ros2_pro/town_ws/install/lib/python3.8/site-packages'
[1.664s] Level 1:colcon.colcon_core.shell:create_environment_hook('vilige_zhang', 'pythonpath')
[1.664s] INFO:colcon.colcon_core.shell:Creating environment hook '/home/sto-technology/pro/ros2_pro/town_ws/install/share/vilige_zhang/hook/pythonpath.ps1'
[1.664s] INFO:colcon.colcon_core.shell:Creating environment descriptor '/home/sto-technology/pro/ros2_pro/town_ws/install/share/vilige_zhang/hook/pythonpath.dsv'
[1.665s] INFO:colcon.colcon_core.shell:Creating environment hook '/home/sto-technology/pro/ros2_pro/town_ws/install/share/vilige_zhang/hook/pythonpath.sh'
[1.665s] Level 1:colcon.colcon_core.environment:create_environment_scripts_only(vilige_zhang)
[1.666s] INFO:colcon.colcon_core.shell:Creating package script '/home/sto-technology/pro/ros2_pro/town_ws/install/share/vilige_zhang/package.ps1'
[1.666s] INFO:colcon.colcon_core.shell:Creating package descriptor '/home/sto-technology/pro/ros2_pro/town_ws/install/share/vilige_zhang/package.dsv'
[1.667s] INFO:colcon.colcon_core.shell:Creating package script '/home/sto-technology/pro/ros2_pro/town_ws/install/share/vilige_zhang/package.sh'
[1.667s] INFO:colcon.colcon_core.shell:Creating package script '/home/sto-technology/pro/ros2_pro/town_ws/install/share/vilige_zhang/package.bash'
[1.667s] INFO:colcon.colcon_core.shell:Creating package script '/home/sto-technology/pro/ros2_pro/town_ws/install/share/vilige_zhang/package.zsh'
[1.668s] Level 1:colcon.colcon_core.environment:create_file_with_runtime_dependencies(/home/sto-technology/pro/ros2_pro/town_ws/install/share/colcon-core/packages/vilige_zhang)
[1.668s] DEBUG:colcon.colcon_parallel_executor.executor.parallel:closing loop
[1.668s] DEBUG:colcon.colcon_parallel_executor.executor.parallel:loop closed
[1.669s] DEBUG:colcon.colcon_parallel_executor.executor.parallel:run_until_complete finished with '0'
[1.669s] DEBUG:colcon.colcon_core.event_reactor:joining thread
[1.688s] INFO:colcon.colcon_core.plugin_system:Skipping extension 'colcon_notification.desktop_notification.terminal_notifier': Not used on non-Darwin systems
[1.688s] INFO:colcon.colcon_core.plugin_system:Skipping extension 'colcon_notification.desktop_notification.win32': Not used on non-Windows systems
[1.689s] INFO:colcon.colcon_notification.desktop_notification:Sending desktop notification using 'notify2'
[1.708s] DEBUG:colcon.colcon_core.event_reactor:joined thread
[1.708s] INFO:colcon.colcon_core.shell:Creating prefix script '/home/sto-technology/pro/ros2_pro/town_ws/install/local_setup.ps1'
[1.709s] INFO:colcon.colcon_core.shell:Creating prefix util module '/home/sto-technology/pro/ros2_pro/town_ws/install/_local_setup_util_ps1.py'
[1.710s] INFO:colcon.colcon_core.shell:Creating prefix chain script '/home/sto-technology/pro/ros2_pro/town_ws/install/setup.ps1'
[1.711s] INFO:colcon.colcon_core.shell:Creating prefix script '/home/sto-technology/pro/ros2_pro/town_ws/install/local_setup.sh'
[1.712s] INFO:colcon.colcon_core.shell:Creating prefix util module '/home/sto-technology/pro/ros2_pro/town_ws/install/_local_setup_util_sh.py'
[1.712s] INFO:colcon.colcon_core.shell:Creating prefix chain script '/home/sto-technology/pro/ros2_pro/town_ws/install/setup.sh'
[1.713s] INFO:colcon.colcon_core.shell:Creating prefix script '/home/sto-technology/pro/ros2_pro/town_ws/install/local_setup.bash'
[1.713s] INFO:colcon.colcon_core.shell:Creating prefix chain script '/home/sto-technology/pro/ros2_pro/town_ws/install/setup.bash'
[1.714s] INFO:colcon.colcon_core.shell:Creating prefix script '/home/sto-technology/pro/ros2_pro/town_ws/install/local_setup.zsh'
[1.715s] INFO:colcon.colcon_core.shell:Creating prefix chain script '/home/sto-technology/pro/ros2_pro/town_ws/install/setup.zsh'
