[0.215s] Invoking command in '/home/sto-technology/pro/ros2_pro/town_ws/build/village_interface': CMAKE_PREFIX_PATH=/opt/ros/foxy /usr/bin/cmake --build /home/sto-technology/pro/ros2_pro/town_ws/build/village_interface -- -j8 -l8
[0.427s] -- Found ament_cmake: 0.9.9 (/opt/ros/foxy/share/ament_cmake/cmake)
[0.428s] -- Found PythonInterp: /usr/bin/python3 (found suitable version "3.8.10", minimum required is "3") 
[0.428s] -- Using PYTHON_EXECUTABLE: /usr/bin/python3
[0.428s] -- Override CMake install command with custom implementation using symlinks instead of copying resources
[0.428s] -- Found sensor_msgs: 2.0.4 (/opt/ros/foxy/share/sensor_msgs/cmake)
[0.445s] -- Using all available rosidl_typesupport_c: rosidl_typesupport_fastrtps_c;rosidl_typesupport_introspection_c
[0.450s] -- Found rosidl_adapter: 1.2.1 (/opt/ros/foxy/share/rosidl_adapter/cmake)
[0.545s] -- Using all available rosidl_typesupport_cpp: rosidl_typesupport_fastrtps_cpp;rosidl_typesupport_introspection_cpp
[0.716s] -- Found rosidl_default_generators: 1.0.1 (/opt/ros/foxy/share/rosidl_default_generators/cmake)
[0.726s] -- Found ament_lint_auto: 0.9.6 (/opt/ros/foxy/share/ament_lint_auto/cmake)
[0.784s] CMake Error at /opt/ros/foxy/share/rosidl_cmake/cmake/rosidl_generate_interfaces.cmake:93 (message):
[0.784s]   rosidl_generate_interfaces() the passed file 'svr/buybooks' doesn't exist
[0.784s]   relative to the CMAKE_CURRENT_SOURCE_DIR
[0.784s]   '/home/sto-technology/pro/ros2_pro/town_ws/village_interface'
[0.785s] Call Stack (most recent call first):
[0.785s]   CMakeLists.txt:51 (rosidl_generate_interfaces)
[0.785s] 
[0.785s] 
[0.786s] -- Configuring incomplete, errors occurred!
[0.786s] See also "/home/sto-technology/pro/ros2_pro/town_ws/build/village_interface/CMakeFiles/CMakeOutput.log".
[0.793s] make: *** [Makefile:988: cmake_check_build_system] Error 1
[0.794s] Invoked command in '/home/sto-technology/pro/ros2_pro/town_ws/build/village_interface' returned '2': CMAKE_PREFIX_PATH=/opt/ros/foxy /usr/bin/cmake --build /home/sto-technology/pro/ros2_pro/town_ws/build/village_interface -- -j8 -l8
