[0.123s] DEBUG:colcon:Command line arguments: ['/usr/bin/colcon', 'build', '--merge-install', '--symlink-install', '--cmake-args', '-DCMAKE_BUILD_TYPE=RelWithDebInfo', '-DCMAKE_EXPORT_COMPILE_COMMANDS=On', '-Wall', '-Wextra', '-Wpedantic']
[0.123s] DEBUG:colcon:Parsed command line arguments: Namespace(allow_overriding=[], ament_cmake_args=None, base_paths=['.'], build_base='build', catkin_cmake_args=None, catkin_skip_building_tests=False, cmake_args=['-DCMAKE_BUILD_TYPE=RelWithDebInfo', '-DCMAKE_EXPORT_COMPILE_COMMANDS=On', '-Wall', '-Wextra', '-Wpedantic'], cmake_clean_cache=False, cmake_clean_first=False, cmake_force_configure=False, cmake_target=None, cmake_target_skip_unavailable=False, continue_on_error=False, event_handlers=None, executor='parallel', ignore_user_meta=False, install_base='install', log_base=None, log_level=None, main=<bound method BuildVerb.main of <colcon_core.verb.build.BuildVerb object at 0x7f5a9fdd81c0>>, merge_install=True, metas=['./colcon.meta'], packages_above=None, packages_above_and_dependencies=None, packages_above_depth=None, packages_end=None, packages_ignore=None, packages_ignore_regex=None, packages_select=None, packages_select_build_failed=False, packages_select_by_dep=None, packages_select_regex=None, packages_select_test_failures=False, packages_skip=None, packages_skip_build_finished=False, packages_skip_by_dep=None, packages_skip_regex=None, packages_skip_test_passed=False, packages_skip_up_to=None, packages_start=None, packages_up_to=None, packages_up_to_regex=None, parallel_workers=8, paths=None, symlink_install=True, test_result_base=None, verb_extension=<colcon_core.verb.build.BuildVerb object at 0x7f5a9fdd81c0>, verb_name='build', verb_parser=<colcon_defaults.argument_parser.defaults.DefaultArgumentsDecorator object at 0x7f5a9fdd8700>)
[0.128s] Level 1:colcon.colcon_core.package_discovery:discover_packages(colcon_meta) check parameters
[0.128s] Level 1:colcon.colcon_core.package_discovery:discover_packages(recursive) check parameters
[0.128s] Level 1:colcon.colcon_core.package_discovery:discover_packages(ignore) check parameters
[0.128s] Level 1:colcon.colcon_core.package_discovery:discover_packages(path) check parameters
[0.128s] Level 1:colcon.colcon_core.package_discovery:discover_packages(colcon_meta) discover
[0.128s] Level 1:colcon.colcon_core.package_discovery:discover_packages(recursive) discover
[0.128s] INFO:colcon.colcon_core.package_discovery:Crawling recursively for packages in '/home/sto-technology/pro/ros2_pro/town_ws'
[0.128s] Level 1:colcon.colcon_core.package_identification:_identify(.) by extensions ['ignore', 'ignore_ament_install']
[0.128s] Level 1:colcon.colcon_core.package_identification:_identify(.) by extension 'ignore'
[0.128s] Level 1:colcon.colcon_core.package_identification:_identify(.) by extension 'ignore_ament_install'
[0.128s] Level 1:colcon.colcon_core.package_identification:_identify(.) by extensions ['colcon_pkg']
[0.129s] Level 1:colcon.colcon_core.package_identification:_identify(.) by extension 'colcon_pkg'
[0.129s] Level 1:colcon.colcon_core.package_identification:_identify(.) by extensions ['colcon_meta']
[0.129s] Level 1:colcon.colcon_core.package_identification:_identify(.) by extension 'colcon_meta'
[0.129s] Level 1:colcon.colcon_core.package_identification:_identify(.) by extensions ['ros']
[0.129s] Level 1:colcon.colcon_core.package_identification:_identify(.) by extension 'ros'
[0.138s] Level 1:colcon.colcon_core.package_identification:_identify(.) by extensions ['cmake', 'python']
[0.138s] Level 1:colcon.colcon_core.package_identification:_identify(.) by extension 'cmake'
[0.138s] Level 1:colcon.colcon_core.package_identification:_identify(.) by extension 'python'
[0.138s] Level 1:colcon.colcon_core.package_identification:_identify(.) by extensions ['python_setup_py']
[0.138s] Level 1:colcon.colcon_core.package_identification:_identify(.) by extension 'python_setup_py'
[0.138s] Level 1:colcon.colcon_core.package_identification:_identify(build) by extensions ['ignore', 'ignore_ament_install']
[0.139s] Level 1:colcon.colcon_core.package_identification:_identify(build) by extension 'ignore'
[0.139s] Level 1:colcon.colcon_core.package_identification:_identify(build) ignored
[0.139s] Level 1:colcon.colcon_core.package_identification:_identify(install) by extensions ['ignore', 'ignore_ament_install']
[0.139s] Level 1:colcon.colcon_core.package_identification:_identify(install) by extension 'ignore'
[0.139s] Level 1:colcon.colcon_core.package_identification:_identify(install) ignored
[0.139s] Level 1:colcon.colcon_core.package_identification:_identify(log) by extensions ['ignore', 'ignore_ament_install']
[0.139s] Level 1:colcon.colcon_core.package_identification:_identify(log) by extension 'ignore'
[0.139s] Level 1:colcon.colcon_core.package_identification:_identify(log) ignored
[0.139s] Level 1:colcon.colcon_core.package_identification:_identify(src) by extensions ['ignore', 'ignore_ament_install']
[0.139s] Level 1:colcon.colcon_core.package_identification:_identify(src) by extension 'ignore'
[0.139s] Level 1:colcon.colcon_core.package_identification:_identify(src) by extension 'ignore_ament_install'
[0.139s] Level 1:colcon.colcon_core.package_identification:_identify(src) by extensions ['colcon_pkg']
[0.139s] Level 1:colcon.colcon_core.package_identification:_identify(src) by extension 'colcon_pkg'
[0.139s] Level 1:colcon.colcon_core.package_identification:_identify(src) by extensions ['colcon_meta']
[0.139s] Level 1:colcon.colcon_core.package_identification:_identify(src) by extension 'colcon_meta'
[0.139s] Level 1:colcon.colcon_core.package_identification:_identify(src) by extensions ['ros']
[0.140s] Level 1:colcon.colcon_core.package_identification:_identify(src) by extension 'ros'
[0.140s] Level 1:colcon.colcon_core.package_identification:_identify(src) by extensions ['cmake', 'python']
[0.140s] Level 1:colcon.colcon_core.package_identification:_identify(src) by extension 'cmake'
[0.140s] Level 1:colcon.colcon_core.package_identification:_identify(src) by extension 'python'
[0.140s] Level 1:colcon.colcon_core.package_identification:_identify(src) by extensions ['python_setup_py']
[0.140s] Level 1:colcon.colcon_core.package_identification:_identify(src) by extension 'python_setup_py'
[0.140s] Level 1:colcon.colcon_core.package_identification:_identify(src/urdf01) by extensions ['ignore', 'ignore_ament_install']
[0.140s] Level 1:colcon.colcon_core.package_identification:_identify(src/urdf01) by extension 'ignore'
[0.140s] Level 1:colcon.colcon_core.package_identification:_identify(src/urdf01) by extension 'ignore_ament_install'
[0.140s] Level 1:colcon.colcon_core.package_identification:_identify(src/urdf01) by extensions ['colcon_pkg']
[0.140s] Level 1:colcon.colcon_core.package_identification:_identify(src/urdf01) by extension 'colcon_pkg'
[0.140s] Level 1:colcon.colcon_core.package_identification:_identify(src/urdf01) by extensions ['colcon_meta']
[0.140s] Level 1:colcon.colcon_core.package_identification:_identify(src/urdf01) by extension 'colcon_meta'
[0.140s] Level 1:colcon.colcon_core.package_identification:_identify(src/urdf01) by extensions ['ros']
[0.140s] Level 1:colcon.colcon_core.package_identification:_identify(src/urdf01) by extension 'ros'
[0.142s] DEBUG:colcon.colcon_core.package_identification:Package 'src/urdf01' with type 'ros.ament_cmake' and name 'urdf01'
[0.142s] Level 1:colcon.colcon_core.package_identification:_identify(src/vilige_zhang) by extensions ['ignore', 'ignore_ament_install']
[0.142s] Level 1:colcon.colcon_core.package_identification:_identify(src/vilige_zhang) by extension 'ignore'
[0.142s] Level 1:colcon.colcon_core.package_identification:_identify(src/vilige_zhang) by extension 'ignore_ament_install'
[0.142s] Level 1:colcon.colcon_core.package_identification:_identify(src/vilige_zhang) by extensions ['colcon_pkg']
[0.143s] Level 1:colcon.colcon_core.package_identification:_identify(src/vilige_zhang) by extension 'colcon_pkg'
[0.143s] Level 1:colcon.colcon_core.package_identification:_identify(src/vilige_zhang) by extensions ['colcon_meta']
[0.143s] Level 1:colcon.colcon_core.package_identification:_identify(src/vilige_zhang) by extension 'colcon_meta'
[0.143s] Level 1:colcon.colcon_core.package_identification:_identify(src/vilige_zhang) by extensions ['ros']
[0.143s] Level 1:colcon.colcon_core.package_identification:_identify(src/vilige_zhang) by extension 'ros'
[0.143s] DEBUG:colcon.colcon_core.package_identification:Package 'src/vilige_zhang' with type 'ros.ament_python' and name 'vilige_zhang'
[0.143s] Level 1:colcon.colcon_core.package_identification:_identify(src/village_li) by extensions ['ignore', 'ignore_ament_install']
[0.144s] Level 1:colcon.colcon_core.package_identification:_identify(src/village_li) by extension 'ignore'
[0.144s] Level 1:colcon.colcon_core.package_identification:_identify(src/village_li) by extension 'ignore_ament_install'
[0.144s] Level 1:colcon.colcon_core.package_identification:_identify(src/village_li) by extensions ['colcon_pkg']
[0.144s] Level 1:colcon.colcon_core.package_identification:_identify(src/village_li) by extension 'colcon_pkg'
[0.144s] Level 1:colcon.colcon_core.package_identification:_identify(src/village_li) by extensions ['colcon_meta']
[0.144s] Level 1:colcon.colcon_core.package_identification:_identify(src/village_li) by extension 'colcon_meta'
[0.144s] Level 1:colcon.colcon_core.package_identification:_identify(src/village_li) by extensions ['ros']
[0.144s] Level 1:colcon.colcon_core.package_identification:_identify(src/village_li) by extension 'ros'
[0.144s] DEBUG:colcon.colcon_core.package_identification:Package 'src/village_li' with type 'ros.ament_python' and name 'village_li'
[0.144s] Level 1:colcon.colcon_core.package_identification:_identify(src/village_wang) by extensions ['ignore', 'ignore_ament_install']
[0.145s] Level 1:colcon.colcon_core.package_identification:_identify(src/village_wang) by extension 'ignore'
[0.145s] Level 1:colcon.colcon_core.package_identification:_identify(src/village_wang) by extension 'ignore_ament_install'
[0.145s] Level 1:colcon.colcon_core.package_identification:_identify(src/village_wang) by extensions ['colcon_pkg']
[0.145s] Level 1:colcon.colcon_core.package_identification:_identify(src/village_wang) by extension 'colcon_pkg'
[0.145s] Level 1:colcon.colcon_core.package_identification:_identify(src/village_wang) by extensions ['colcon_meta']
[0.145s] Level 1:colcon.colcon_core.package_identification:_identify(src/village_wang) by extension 'colcon_meta'
[0.145s] Level 1:colcon.colcon_core.package_identification:_identify(src/village_wang) by extensions ['ros']
[0.145s] Level 1:colcon.colcon_core.package_identification:_identify(src/village_wang) by extension 'ros'
[0.146s] DEBUG:colcon.colcon_core.package_identification:Package 'src/village_wang' with type 'ros.ament_cmake' and name 'village_wang'
[0.146s] Level 1:colcon.colcon_core.package_identification:_identify(village_interface) by extensions ['ignore', 'ignore_ament_install']
[0.146s] Level 1:colcon.colcon_core.package_identification:_identify(village_interface) by extension 'ignore'
[0.146s] Level 1:colcon.colcon_core.package_identification:_identify(village_interface) by extension 'ignore_ament_install'
[0.146s] Level 1:colcon.colcon_core.package_identification:_identify(village_interface) by extensions ['colcon_pkg']
[0.146s] Level 1:colcon.colcon_core.package_identification:_identify(village_interface) by extension 'colcon_pkg'
[0.146s] Level 1:colcon.colcon_core.package_identification:_identify(village_interface) by extensions ['colcon_meta']
[0.146s] Level 1:colcon.colcon_core.package_identification:_identify(village_interface) by extension 'colcon_meta'
[0.146s] Level 1:colcon.colcon_core.package_identification:_identify(village_interface) by extensions ['ros']
[0.146s] Level 1:colcon.colcon_core.package_identification:_identify(village_interface) by extension 'ros'
[0.147s] DEBUG:colcon.colcon_core.package_identification:Package 'village_interface' with type 'ros.ament_cmake' and name 'village_interface'
[0.147s] Level 1:colcon.colcon_core.package_discovery:discover_packages(recursive) using defaults
[0.147s] Level 1:colcon.colcon_core.package_discovery:discover_packages(ignore) discover
[0.147s] Level 1:colcon.colcon_core.package_discovery:discover_packages(ignore) using defaults
[0.147s] Level 1:colcon.colcon_core.package_discovery:discover_packages(path) discover
[0.147s] Level 1:colcon.colcon_core.package_discovery:discover_packages(path) using defaults
[0.162s] Level 5:colcon.colcon_core.verb:set package 'urdf01' build argument 'cmake_args' from command line to '['-DCMAKE_BUILD_TYPE=RelWithDebInfo', '-DCMAKE_EXPORT_COMPILE_COMMANDS=On', '-Wall', '-Wextra', '-Wpedantic']'
[0.162s] Level 5:colcon.colcon_core.verb:set package 'urdf01' build argument 'cmake_target' from command line to 'None'
[0.162s] Level 5:colcon.colcon_core.verb:set package 'urdf01' build argument 'cmake_target_skip_unavailable' from command line to 'False'
[0.162s] Level 5:colcon.colcon_core.verb:set package 'urdf01' build argument 'cmake_clean_cache' from command line to 'False'
[0.162s] Level 5:colcon.colcon_core.verb:set package 'urdf01' build argument 'cmake_clean_first' from command line to 'False'
[0.162s] Level 5:colcon.colcon_core.verb:set package 'urdf01' build argument 'cmake_force_configure' from command line to 'False'
[0.162s] Level 5:colcon.colcon_core.verb:set package 'urdf01' build argument 'ament_cmake_args' from command line to 'None'
[0.162s] Level 5:colcon.colcon_core.verb:set package 'urdf01' build argument 'catkin_cmake_args' from command line to 'None'
[0.162s] Level 5:colcon.colcon_core.verb:set package 'urdf01' build argument 'catkin_skip_building_tests' from command line to 'False'
[0.162s] DEBUG:colcon.colcon_core.verb:Building package 'urdf01' with the following arguments: {'ament_cmake_args': None, 'build_base': '/home/sto-technology/pro/ros2_pro/town_ws/build/urdf01', 'catkin_cmake_args': None, 'catkin_skip_building_tests': False, 'cmake_args': ['-DCMAKE_BUILD_TYPE=RelWithDebInfo', '-DCMAKE_EXPORT_COMPILE_COMMANDS=On', '-Wall', '-Wextra', '-Wpedantic'], 'cmake_clean_cache': False, 'cmake_clean_first': False, 'cmake_force_configure': False, 'cmake_target': None, 'cmake_target_skip_unavailable': False, 'install_base': '/home/sto-technology/pro/ros2_pro/town_ws/install', 'merge_install': True, 'path': '/home/sto-technology/pro/ros2_pro/town_ws/src/urdf01', 'symlink_install': True, 'test_result_base': None}
[0.163s] Level 5:colcon.colcon_core.verb:set package 'vilige_zhang' build argument 'cmake_args' from command line to '['-DCMAKE_BUILD_TYPE=RelWithDebInfo', '-DCMAKE_EXPORT_COMPILE_COMMANDS=On', '-Wall', '-Wextra', '-Wpedantic']'
[0.163s] Level 5:colcon.colcon_core.verb:set package 'vilige_zhang' build argument 'cmake_target' from command line to 'None'
[0.163s] Level 5:colcon.colcon_core.verb:set package 'vilige_zhang' build argument 'cmake_target_skip_unavailable' from command line to 'False'
[0.163s] Level 5:colcon.colcon_core.verb:set package 'vilige_zhang' build argument 'cmake_clean_cache' from command line to 'False'
[0.163s] Level 5:colcon.colcon_core.verb:set package 'vilige_zhang' build argument 'cmake_clean_first' from command line to 'False'
[0.163s] Level 5:colcon.colcon_core.verb:set package 'vilige_zhang' build argument 'cmake_force_configure' from command line to 'False'
[0.163s] Level 5:colcon.colcon_core.verb:set package 'vilige_zhang' build argument 'ament_cmake_args' from command line to 'None'
[0.163s] Level 5:colcon.colcon_core.verb:set package 'vilige_zhang' build argument 'catkin_cmake_args' from command line to 'None'
[0.163s] Level 5:colcon.colcon_core.verb:set package 'vilige_zhang' build argument 'catkin_skip_building_tests' from command line to 'False'
[0.163s] DEBUG:colcon.colcon_core.verb:Building package 'vilige_zhang' with the following arguments: {'ament_cmake_args': None, 'build_base': '/home/sto-technology/pro/ros2_pro/town_ws/build/vilige_zhang', 'catkin_cmake_args': None, 'catkin_skip_building_tests': False, 'cmake_args': ['-DCMAKE_BUILD_TYPE=RelWithDebInfo', '-DCMAKE_EXPORT_COMPILE_COMMANDS=On', '-Wall', '-Wextra', '-Wpedantic'], 'cmake_clean_cache': False, 'cmake_clean_first': False, 'cmake_force_configure': False, 'cmake_target': None, 'cmake_target_skip_unavailable': False, 'install_base': '/home/sto-technology/pro/ros2_pro/town_ws/install', 'merge_install': True, 'path': '/home/sto-technology/pro/ros2_pro/town_ws/src/vilige_zhang', 'symlink_install': True, 'test_result_base': None}
[0.164s] Level 5:colcon.colcon_core.verb:set package 'village_interface' build argument 'cmake_args' from command line to '['-DCMAKE_BUILD_TYPE=RelWithDebInfo', '-DCMAKE_EXPORT_COMPILE_COMMANDS=On', '-Wall', '-Wextra', '-Wpedantic']'
[0.164s] Level 5:colcon.colcon_core.verb:set package 'village_interface' build argument 'cmake_target' from command line to 'None'
[0.164s] Level 5:colcon.colcon_core.verb:set package 'village_interface' build argument 'cmake_target_skip_unavailable' from command line to 'False'
[0.164s] Level 5:colcon.colcon_core.verb:set package 'village_interface' build argument 'cmake_clean_cache' from command line to 'False'
[0.164s] Level 5:colcon.colcon_core.verb:set package 'village_interface' build argument 'cmake_clean_first' from command line to 'False'
[0.164s] Level 5:colcon.colcon_core.verb:set package 'village_interface' build argument 'cmake_force_configure' from command line to 'False'
[0.164s] Level 5:colcon.colcon_core.verb:set package 'village_interface' build argument 'ament_cmake_args' from command line to 'None'
[0.164s] Level 5:colcon.colcon_core.verb:set package 'village_interface' build argument 'catkin_cmake_args' from command line to 'None'
[0.164s] Level 5:colcon.colcon_core.verb:set package 'village_interface' build argument 'catkin_skip_building_tests' from command line to 'False'
[0.164s] DEBUG:colcon.colcon_core.verb:Building package 'village_interface' with the following arguments: {'ament_cmake_args': None, 'build_base': '/home/sto-technology/pro/ros2_pro/town_ws/build/village_interface', 'catkin_cmake_args': None, 'catkin_skip_building_tests': False, 'cmake_args': ['-DCMAKE_BUILD_TYPE=RelWithDebInfo', '-DCMAKE_EXPORT_COMPILE_COMMANDS=On', '-Wall', '-Wextra', '-Wpedantic'], 'cmake_clean_cache': False, 'cmake_clean_first': False, 'cmake_force_configure': False, 'cmake_target': None, 'cmake_target_skip_unavailable': False, 'install_base': '/home/sto-technology/pro/ros2_pro/town_ws/install', 'merge_install': True, 'path': '/home/sto-technology/pro/ros2_pro/town_ws/village_interface', 'symlink_install': True, 'test_result_base': None}
[0.164s] Level 5:colcon.colcon_core.verb:set package 'village_li' build argument 'cmake_args' from command line to '['-DCMAKE_BUILD_TYPE=RelWithDebInfo', '-DCMAKE_EXPORT_COMPILE_COMMANDS=On', '-Wall', '-Wextra', '-Wpedantic']'
[0.164s] Level 5:colcon.colcon_core.verb:set package 'village_li' build argument 'cmake_target' from command line to 'None'
[0.164s] Level 5:colcon.colcon_core.verb:set package 'village_li' build argument 'cmake_target_skip_unavailable' from command line to 'False'
[0.164s] Level 5:colcon.colcon_core.verb:set package 'village_li' build argument 'cmake_clean_cache' from command line to 'False'
[0.164s] Level 5:colcon.colcon_core.verb:set package 'village_li' build argument 'cmake_clean_first' from command line to 'False'
[0.164s] Level 5:colcon.colcon_core.verb:set package 'village_li' build argument 'cmake_force_configure' from command line to 'False'
[0.165s] Level 5:colcon.colcon_core.verb:set package 'village_li' build argument 'ament_cmake_args' from command line to 'None'
[0.165s] Level 5:colcon.colcon_core.verb:set package 'village_li' build argument 'catkin_cmake_args' from command line to 'None'
[0.165s] Level 5:colcon.colcon_core.verb:set package 'village_li' build argument 'catkin_skip_building_tests' from command line to 'False'
[0.165s] DEBUG:colcon.colcon_core.verb:Building package 'village_li' with the following arguments: {'ament_cmake_args': None, 'build_base': '/home/sto-technology/pro/ros2_pro/town_ws/build/village_li', 'catkin_cmake_args': None, 'catkin_skip_building_tests': False, 'cmake_args': ['-DCMAKE_BUILD_TYPE=RelWithDebInfo', '-DCMAKE_EXPORT_COMPILE_COMMANDS=On', '-Wall', '-Wextra', '-Wpedantic'], 'cmake_clean_cache': False, 'cmake_clean_first': False, 'cmake_force_configure': False, 'cmake_target': None, 'cmake_target_skip_unavailable': False, 'install_base': '/home/sto-technology/pro/ros2_pro/town_ws/install', 'merge_install': True, 'path': '/home/sto-technology/pro/ros2_pro/town_ws/src/village_li', 'symlink_install': True, 'test_result_base': None}
[0.165s] Level 5:colcon.colcon_core.verb:set package 'village_wang' build argument 'cmake_args' from command line to '['-DCMAKE_BUILD_TYPE=RelWithDebInfo', '-DCMAKE_EXPORT_COMPILE_COMMANDS=On', '-Wall', '-Wextra', '-Wpedantic']'
[0.165s] Level 5:colcon.colcon_core.verb:set package 'village_wang' build argument 'cmake_target' from command line to 'None'
[0.165s] Level 5:colcon.colcon_core.verb:set package 'village_wang' build argument 'cmake_target_skip_unavailable' from command line to 'False'
[0.165s] Level 5:colcon.colcon_core.verb:set package 'village_wang' build argument 'cmake_clean_cache' from command line to 'False'
[0.165s] Level 5:colcon.colcon_core.verb:set package 'village_wang' build argument 'cmake_clean_first' from command line to 'False'
[0.165s] Level 5:colcon.colcon_core.verb:set package 'village_wang' build argument 'cmake_force_configure' from command line to 'False'
[0.165s] Level 5:colcon.colcon_core.verb:set package 'village_wang' build argument 'ament_cmake_args' from command line to 'None'
[0.165s] Level 5:colcon.colcon_core.verb:set package 'village_wang' build argument 'catkin_cmake_args' from command line to 'None'
[0.165s] Level 5:colcon.colcon_core.verb:set package 'village_wang' build argument 'catkin_skip_building_tests' from command line to 'False'
[0.165s] DEBUG:colcon.colcon_core.verb:Building package 'village_wang' with the following arguments: {'ament_cmake_args': None, 'build_base': '/home/sto-technology/pro/ros2_pro/town_ws/build/village_wang', 'catkin_cmake_args': None, 'catkin_skip_building_tests': False, 'cmake_args': ['-DCMAKE_BUILD_TYPE=RelWithDebInfo', '-DCMAKE_EXPORT_COMPILE_COMMANDS=On', '-Wall', '-Wextra', '-Wpedantic'], 'cmake_clean_cache': False, 'cmake_clean_first': False, 'cmake_force_configure': False, 'cmake_target': None, 'cmake_target_skip_unavailable': False, 'install_base': '/home/sto-technology/pro/ros2_pro/town_ws/install', 'merge_install': True, 'path': '/home/sto-technology/pro/ros2_pro/town_ws/src/village_wang', 'symlink_install': True, 'test_result_base': None}
[0.168s] INFO:colcon.colcon_core.executor:Executing jobs using 'parallel' executor
[0.170s] DEBUG:colcon.colcon_parallel_executor.executor.parallel:run_until_complete
[0.170s] INFO:colcon.colcon_ros.task.ament_cmake.build:Building ROS package in '/home/sto-technology/pro/ros2_pro/town_ws/src/urdf01' with build type 'ament_cmake'
[0.170s] INFO:colcon.colcon_cmake.task.cmake.build:Building CMake package in '/home/sto-technology/pro/ros2_pro/town_ws/src/urdf01'
[0.173s] INFO:colcon.colcon_core.plugin_system:Skipping extension 'colcon_core.shell.bat': Not used on non-Windows systems
[0.173s] INFO:colcon.colcon_core.shell:Skip shell extension 'powershell' for command environment: Not usable outside of PowerShell
[0.173s] DEBUG:colcon.colcon_core.shell:Skip shell extension 'dsv' for command environment
[0.177s] INFO:colcon.colcon_ros.task.ament_python.build:Building ROS package in '/home/sto-technology/pro/ros2_pro/town_ws/src/vilige_zhang' with build type 'ament_python'
[0.178s] Level 1:colcon.colcon_core.shell:create_environment_hook('vilige_zhang', 'ament_prefix_path')
[0.179s] INFO:colcon.colcon_core.shell:Creating environment hook '/home/sto-technology/pro/ros2_pro/town_ws/install/share/vilige_zhang/hook/ament_prefix_path.ps1'
[0.180s] INFO:colcon.colcon_core.shell:Creating environment descriptor '/home/sto-technology/pro/ros2_pro/town_ws/install/share/vilige_zhang/hook/ament_prefix_path.dsv'
[0.181s] INFO:colcon.colcon_core.shell:Creating environment hook '/home/sto-technology/pro/ros2_pro/town_ws/install/share/vilige_zhang/hook/ament_prefix_path.sh'
[0.182s] INFO:colcon.colcon_core.shell:Skip shell extension 'powershell' for command environment: Not usable outside of PowerShell
[0.182s] DEBUG:colcon.colcon_core.shell:Skip shell extension 'dsv' for command environment
[0.186s] INFO:colcon.colcon_ros.task.ament_cmake.build:Building ROS package in '/home/sto-technology/pro/ros2_pro/town_ws/village_interface' with build type 'ament_cmake'
[0.187s] INFO:colcon.colcon_cmake.task.cmake.build:Building CMake package in '/home/sto-technology/pro/ros2_pro/town_ws/village_interface'
[0.188s] INFO:colcon.colcon_core.shell:Skip shell extension 'powershell' for command environment: Not usable outside of PowerShell
[0.188s] DEBUG:colcon.colcon_core.shell:Skip shell extension 'dsv' for command environment
[0.192s] INFO:colcon.colcon_ros.task.ament_python.build:Building ROS package in '/home/sto-technology/pro/ros2_pro/town_ws/src/village_li' with build type 'ament_python'
[0.193s] Level 1:colcon.colcon_core.shell:create_environment_hook('village_li', 'ament_prefix_path')
[0.194s] INFO:colcon.colcon_core.shell:Creating environment hook '/home/sto-technology/pro/ros2_pro/town_ws/install/share/village_li/hook/ament_prefix_path.ps1'
[0.195s] INFO:colcon.colcon_core.shell:Creating environment descriptor '/home/sto-technology/pro/ros2_pro/town_ws/install/share/village_li/hook/ament_prefix_path.dsv'
[0.195s] INFO:colcon.colcon_core.shell:Creating environment hook '/home/sto-technology/pro/ros2_pro/town_ws/install/share/village_li/hook/ament_prefix_path.sh'
[0.196s] INFO:colcon.colcon_core.shell:Skip shell extension 'powershell' for command environment: Not usable outside of PowerShell
[0.196s] DEBUG:colcon.colcon_core.shell:Skip shell extension 'dsv' for command environment
[0.200s] INFO:colcon.colcon_ros.task.ament_cmake.build:Building ROS package in '/home/sto-technology/pro/ros2_pro/town_ws/src/village_wang' with build type 'ament_cmake'
[0.201s] INFO:colcon.colcon_cmake.task.cmake.build:Building CMake package in '/home/sto-technology/pro/ros2_pro/town_ws/src/village_wang'
[0.202s] INFO:colcon.colcon_core.shell:Skip shell extension 'powershell' for command environment: Not usable outside of PowerShell
[0.202s] DEBUG:colcon.colcon_core.shell:Skip shell extension 'dsv' for command environment
[0.211s] DEBUG:colcon.colcon_core.event_handler.log_command:Invoking command in '/home/sto-technology/pro/ros2_pro/town_ws/build/urdf01': CMAKE_PREFIX_PATH=/opt/ros/foxy /usr/bin/cmake --build /home/sto-technology/pro/ros2_pro/town_ws/build/urdf01 -- -j8 -l8
[0.420s] INFO:colcon.colcon_core.task.python.build:Building Python package in '/home/sto-technology/pro/ros2_pro/town_ws/src/vilige_zhang'
[0.421s] INFO:colcon.colcon_core.shell:Skip shell extension 'powershell' for command environment: Not usable outside of PowerShell
[0.421s] DEBUG:colcon.colcon_core.shell:Skip shell extension 'dsv' for command environment
[0.431s] DEBUG:colcon.colcon_core.event_handler.log_command:Invoking command in '/home/sto-technology/pro/ros2_pro/town_ws/build/village_interface': CMAKE_PREFIX_PATH=/opt/ros/foxy /usr/bin/cmake --build /home/sto-technology/pro/ros2_pro/town_ws/build/village_interface -- -j8 -l8
[0.669s] INFO:colcon.colcon_core.task.python.build:Building Python package in '/home/sto-technology/pro/ros2_pro/town_ws/src/village_li'
[0.670s] INFO:colcon.colcon_core.shell:Skip shell extension 'powershell' for command environment: Not usable outside of PowerShell
[0.670s] DEBUG:colcon.colcon_core.shell:Skip shell extension 'dsv' for command environment
[0.677s] DEBUG:colcon.colcon_core.event_handler.log_command:Invoking command in '/home/sto-technology/pro/ros2_pro/town_ws/build/village_wang': CMAKE_PREFIX_PATH=/opt/ros/foxy /usr/bin/cmake --build /home/sto-technology/pro/ros2_pro/town_ws/build/village_wang -- -j8 -l8
[0.687s] DEBUG:colcon.colcon_core.event_handler.log_command:Invoked command in '/home/sto-technology/pro/ros2_pro/town_ws/build/urdf01' returned '0': CMAKE_PREFIX_PATH=/opt/ros/foxy /usr/bin/cmake --build /home/sto-technology/pro/ros2_pro/town_ws/build/urdf01 -- -j8 -l8
[0.688s] DEBUG:colcon.colcon_core.event_handler.log_command:Invoked command in '/home/sto-technology/pro/ros2_pro/town_ws/build/village_interface' returned '0': CMAKE_PREFIX_PATH=/opt/ros/foxy /usr/bin/cmake --build /home/sto-technology/pro/ros2_pro/town_ws/build/village_interface -- -j8 -l8
[0.726s] DEBUG:colcon.colcon_core.event_handler.log_command:Invoking command in '/home/sto-technology/pro/ros2_pro/town_ws/build/urdf01': CMAKE_PREFIX_PATH=/opt/ros/foxy /usr/bin/cmake --install /home/sto-technology/pro/ros2_pro/town_ws/build/urdf01
[0.739s] DEBUG:colcon.colcon_core.event_handler.log_command:Invoked command in '/home/sto-technology/pro/ros2_pro/town_ws/build/urdf01' returned '1': CMAKE_PREFIX_PATH=/opt/ros/foxy /usr/bin/cmake --install /home/sto-technology/pro/ros2_pro/town_ws/build/urdf01
[0.760s] Level 1:colcon.colcon_core.environment:create_environment_scripts_only(urdf01)
[0.764s] Level 1:colcon.colcon_core.environment:checking '/home/sto-technology/pro/ros2_pro/town_ws/install' for CMake module files
[0.765s] Level 1:colcon.colcon_core.environment:checking '/home/sto-technology/pro/ros2_pro/town_ws/install' for CMake config files
[0.766s] Level 1:colcon.colcon_core.shell:create_environment_hook('urdf01', 'cmake_prefix_path')
[0.766s] INFO:colcon.colcon_core.shell:Creating environment hook '/home/sto-technology/pro/ros2_pro/town_ws/install/share/urdf01/hook/cmake_prefix_path.ps1'
[0.767s] INFO:colcon.colcon_core.shell:Creating environment descriptor '/home/sto-technology/pro/ros2_pro/town_ws/install/share/urdf01/hook/cmake_prefix_path.dsv'
[0.767s] INFO:colcon.colcon_core.shell:Creating environment hook '/home/sto-technology/pro/ros2_pro/town_ws/install/share/urdf01/hook/cmake_prefix_path.sh'
[0.768s] Level 1:colcon.colcon_core.environment:checking '/home/sto-technology/pro/ros2_pro/town_ws/install/lib'
[0.768s] Level 1:colcon.colcon_core.shell:create_environment_hook('urdf01', 'ld_library_path_lib')
[0.769s] INFO:colcon.colcon_core.shell:Creating environment hook '/home/sto-technology/pro/ros2_pro/town_ws/install/share/urdf01/hook/ld_library_path_lib.ps1'
[0.769s] INFO:colcon.colcon_core.shell:Creating environment descriptor '/home/sto-technology/pro/ros2_pro/town_ws/install/share/urdf01/hook/ld_library_path_lib.dsv'
[0.770s] INFO:colcon.colcon_core.shell:Creating environment hook '/home/sto-technology/pro/ros2_pro/town_ws/install/share/urdf01/hook/ld_library_path_lib.sh'
[0.770s] Level 1:colcon.colcon_core.environment:checking '/home/sto-technology/pro/ros2_pro/town_ws/install/bin'
[0.770s] Level 1:colcon.colcon_core.environment:checking '/home/sto-technology/pro/ros2_pro/town_ws/install/lib/pkgconfig/urdf01.pc'
[0.770s] Level 1:colcon.colcon_core.environment:checking '/home/sto-technology/pro/ros2_pro/town_ws/install/lib/python3.8/site-packages'
[0.770s] Level 1:colcon.colcon_core.shell:create_environment_hook('urdf01', 'pythonpath')
[0.771s] INFO:colcon.colcon_core.shell:Creating environment hook '/home/sto-technology/pro/ros2_pro/town_ws/install/share/urdf01/hook/pythonpath.ps1'
[0.772s] INFO:colcon.colcon_core.shell:Creating environment descriptor '/home/sto-technology/pro/ros2_pro/town_ws/install/share/urdf01/hook/pythonpath.dsv'
[0.772s] INFO:colcon.colcon_core.shell:Creating environment hook '/home/sto-technology/pro/ros2_pro/town_ws/install/share/urdf01/hook/pythonpath.sh'
[0.774s] INFO:colcon.colcon_core.shell:Creating package script '/home/sto-technology/pro/ros2_pro/town_ws/install/share/urdf01/package.ps1'
[0.775s] INFO:colcon.colcon_core.shell:Creating package descriptor '/home/sto-technology/pro/ros2_pro/town_ws/install/share/urdf01/package.dsv'
[0.776s] INFO:colcon.colcon_core.shell:Creating package script '/home/sto-technology/pro/ros2_pro/town_ws/install/share/urdf01/package.sh'
[0.777s] INFO:colcon.colcon_core.shell:Creating package script '/home/sto-technology/pro/ros2_pro/town_ws/install/share/urdf01/package.bash'
[0.779s] INFO:colcon.colcon_core.shell:Creating package script '/home/sto-technology/pro/ros2_pro/town_ws/install/share/urdf01/package.zsh'
[0.780s] Level 1:colcon.colcon_core.environment:create_file_with_runtime_dependencies(/home/sto-technology/pro/ros2_pro/town_ws/install/share/colcon-core/packages/urdf01)
[1.101s] DEBUG:colcon.colcon_parallel_executor.executor.parallel:closing loop
[1.102s] DEBUG:colcon.colcon_parallel_executor.executor.parallel:loop closed
[1.102s] DEBUG:colcon.colcon_parallel_executor.executor.parallel:run_until_complete finished with '1'
[1.102s] DEBUG:colcon.colcon_core.event_reactor:joining thread
[1.114s] INFO:colcon.colcon_core.plugin_system:Skipping extension 'colcon_notification.desktop_notification.terminal_notifier': Not used on non-Darwin systems
[1.114s] INFO:colcon.colcon_core.plugin_system:Skipping extension 'colcon_notification.desktop_notification.win32': Not used on non-Windows systems
[1.115s] INFO:colcon.colcon_notification.desktop_notification:Sending desktop notification using 'notify2'
[1.144s] DEBUG:colcon.colcon_core.event_reactor:joined thread
[1.146s] INFO:colcon.colcon_core.shell:Creating prefix script '/home/sto-technology/pro/ros2_pro/town_ws/install/local_setup.ps1'
[1.149s] INFO:colcon.colcon_core.shell:Creating prefix util module '/home/sto-technology/pro/ros2_pro/town_ws/install/_local_setup_util_ps1.py'
[1.152s] INFO:colcon.colcon_core.shell:Creating prefix chain script '/home/sto-technology/pro/ros2_pro/town_ws/install/setup.ps1'
[1.155s] INFO:colcon.colcon_core.shell:Creating prefix script '/home/sto-technology/pro/ros2_pro/town_ws/install/local_setup.sh'
[1.156s] INFO:colcon.colcon_core.shell:Creating prefix util module '/home/sto-technology/pro/ros2_pro/town_ws/install/_local_setup_util_sh.py'
[1.156s] INFO:colcon.colcon_core.shell:Creating prefix chain script '/home/sto-technology/pro/ros2_pro/town_ws/install/setup.sh'
[1.158s] INFO:colcon.colcon_core.shell:Creating prefix script '/home/sto-technology/pro/ros2_pro/town_ws/install/local_setup.bash'
[1.158s] INFO:colcon.colcon_core.shell:Creating prefix chain script '/home/sto-technology/pro/ros2_pro/town_ws/install/setup.bash'
[1.160s] INFO:colcon.colcon_core.shell:Creating prefix script '/home/sto-technology/pro/ros2_pro/town_ws/install/local_setup.zsh'
[1.161s] INFO:colcon.colcon_core.shell:Creating prefix chain script '/home/sto-technology/pro/ros2_pro/town_ws/install/setup.zsh'
